['p_NiNi_phi0', 'p_NiNi_gamma', 'p_NiNi_r0', 'd_Ni_rho0', 'd_Ni_beta', 'd_Ni_r0', 'e_Ni_F0']
['Ni_fcc.E_coh', 'Ni_fcc.a0', 'Ni_fcc.c11', 'Ni_fcc.c12', 'Ni_fcc.c44', 'Ni_fcc.B', 'Ni_fcc.G', 'Ni_fcc.vac', 'Ni_fcc.100s', 'Ni_fcc.110s', 'Ni_fcc.111s', 'Ni_fcc.isf', 'E_Ni_fcc_hcp', 'E_Ni_fcc_bcc', 'E_Ni_fcc_sc', 'E_Ni_fcc_dia']
['Ni_fcc.E_coh.err', 'Ni_fcc.a0.err', 'Ni_fcc.c11.err', 'Ni_fcc.c12.err', 'Ni_fcc.c44.err', 'Ni_fcc.B.err', 'Ni_fcc.G.err', 'Ni_fcc.vac.err', 'Ni_fcc.100s.err', 'Ni_fcc.110s.err', 'Ni_fcc.111s.err', 'Ni_fcc.isf.err', 'E_Ni_fcc_hcp.err', 'E_Ni_fcc_bcc.err', 'E_Ni_fcc_sc.err', 'E_Ni_fcc_dia.err']
['p_NiNi_phi0', 'p_NiNi_gamma', 'p_NiNi_r0', 'd_Ni_rho0', 'd_Ni_beta', 'd_Ni_r0', 'e_Ni_F0']
['Ni_fcc.E_coh', 'Ni_fcc.a0', 'Ni_fcc.c11', 'Ni_fcc.c12', 'Ni_fcc.c44', 'Ni_fcc.B', 'Ni_fcc.G', 'Ni_fcc.vac', 'Ni_fcc.100s', 'Ni_fcc.110s', 'Ni_fcc.111s', 'Ni_fcc.isf', 'E_Ni_fcc_hcp', 'E_Ni_fcc_bcc', 'E_Ni_fcc_sc', 'E_Ni_fcc_dia']
['Ni_fcc.E_coh.err', 'Ni_fcc.a0.err', 'Ni_fcc.c11.err', 'Ni_fcc.c12.err', 'Ni_fcc.c44.err', 'Ni_fcc.B.err', 'Ni_fcc.G.err', 'Ni_fcc.vac.err', 'Ni_fcc.100s.err', 'Ni_fcc.110s.err', 'Ni_fcc.111s.err', 'Ni_fcc.isf.err', 'E_Ni_fcc_hcp.err', 'E_Ni_fcc_bcc.err', 'E_Ni_fcc_sc.err', 'E_Ni_fcc_dia.err']
['p_NiNi_phi0', 'p_NiNi_gamma', 'p_NiNi_r0', 'd_Ni_rho0', 'd_Ni_beta', 'd_Ni_r0', 'e_Ni_F0']
['Ni_fcc.E_coh', 'Ni_fcc.a0', 'Ni_fcc.c11', 'Ni_fcc.c12', 'Ni_fcc.c44', 'Ni_fcc.B', 'Ni_fcc.G', 'Ni_fcc.vac', 'Ni_fcc.100s', 'Ni_fcc.110s', 'Ni_fcc.111s', 'Ni_fcc.isf', 'E_Ni_fcc_hcp', 'E_Ni_fcc_bcc', 'E_Ni_fcc_sc', 'E_Ni_fcc_dia']
['Ni_fcc.E_coh.err', 'Ni_fcc.a0.err', 'Ni_fcc.c11.err', 'Ni_fcc.c12.err', 'Ni_fcc.c44.err', 'Ni_fcc.B.err', 'Ni_fcc.G.err', 'Ni_fcc.vac.err', 'Ni_fcc.100s.err', 'Ni_fcc.110s.err', 'Ni_fcc.111s.err', 'Ni_fcc.isf.err', 'E_Ni_fcc_hcp.err', 'E_Ni_fcc_bcc.err', 'E_Ni_fcc_sc.err', 'E_Ni_fcc_dia.err']
['p_NiNi_phi0', 'p_NiNi_gamma', 'p_NiNi_r0', 'd_Ni_rho0', 'd_Ni_beta', 'd_Ni_r0', 'e_Ni_F0']
['Ni_fcc.E_coh', 'Ni_fcc.a0', 'Ni_fcc.c11', 'Ni_fcc.c12', 'Ni_fcc.c44', 'Ni_fcc.B', 'Ni_fcc.G', 'Ni_fcc.vac', 'Ni_fcc.100s', 'Ni_fcc.110s', 'Ni_fcc.111s', 'Ni_fcc.isf', 'E_Ni_fcc_hcp', 'E_Ni_fcc_bcc', 'E_Ni_fcc_sc', 'E_Ni_fcc_dia']
['Ni_fcc.E_coh.err', 'Ni_fcc.a0.err', 'Ni_fcc.c11.err', 'Ni_fcc.c12.err', 'Ni_fcc.c44.err', 'Ni_fcc.B.err', 'Ni_fcc.G.err', 'Ni_fcc.vac.err', 'Ni_fcc.100s.err', 'Ni_fcc.110s.err', 'Ni_fcc.111s.err', 'Ni_fcc.isf.err', 'E_Ni_fcc_hcp.err', 'E_Ni_fcc_bcc.err', 'E_Ni_fcc_sc.err', 'E_Ni_fcc_dia.err']
--------------------------------------------------------------------------------
                         MPI COMMUNICATION INFORMATION                          
--------------------------------------------------------------------------------
mpi_size=8
--------------------------------------------------------------------------------
                             GENERATED RANDOM SEEDS                             
--------------------------------------------------------------------------------

rv_seed=351905185

  rank     iter      seed   
-------- -------- ----------
   0        0     1573936474
   0        1     1852686419
   0        2      667992208
   0        3      177413248
   0        4     1638950722
   0        5     1837267035
   0        6     1797376119
   0        7     1005322993
   0        8      775970491
   0        9     1829017231
   0        10    1633255236
   0        11    1129300205
   0        12     507733611
   0        13    1016021672
   0        14      95877475
   0        15     211269041
   0        16     344848069
   0        17    1982640368
   0        18    1325234010
   0        19    1759049094
   1        0      820895413
   1        1     2098701161
   1        2     1982130665
   1        3      676683056
   1        4     1468423331
   1        5     1463808461
   1        6     1550884999
   1        7      938709803
   1        8      741275267
   1        9      199094750
   1        10     680377143
   1        11    1087160499
   1        12    2140422007
   1        13     371475164
   1        14    1005335046
   1        15    1594163797
   1        16    2120081265
   1        17     122926978
   1        18     232549226
   1        19    1324202544
   2        0     1400886195
   2        1     1638022476
   2        2     1799488712
   2        3     1611187807
   2        4     1483595730
   2        5     1667485151
   2        6      977944083
   2        7     1807912668
   2        8     1642681242
   2        9      591257488
   2        10     145648761
   2        11    1025838919
   2        12     278496747
   2        13     193448557
   2        14     300261186
   2        15     341438230
   2        16     112442921
   2        17    1524579979
   2        18    1605848199
   2        19    1071565944
   3        0     1407133239
   3        1      913118726
   3        2      961814507
   3        3      757737670
   3        4      981594360
   3        5      242577074
   3        6      617192471
   3        7      277603924
   3        8      988474830
   3        9      348706639
   3        10    1039099411
   3        11     934617459
   3        12    1092874260
   3        13    1520672458
   3        14     874989703
   3        15    1135323657
   3        16     940240036
   3        17    1615279139
   3        18     159431995
   3        19    1652226110
   4        0     1531612454
   4        1     1955275648
   4        2      837180723
   4        3     1863642244
   4        4      716579645
   4        5     1812097238
   4        6     1441955082
   4        7       71513112
   4        8     2137206441
   4        9     1580498541
   4        10    2075776722
   4        11    1763957603
['p_NiNi_phi0', 'p_NiNi_gamma', 'p_NiNi_r0', 'd_Ni_rho0', 'd_Ni_beta', 'd_Ni_r0', 'e_Ni_F0']
['Ni_fcc.E_coh', 'Ni_fcc.a0', 'Ni_fcc.c11', 'Ni_fcc.c12', 'Ni_fcc.c44', 'Ni_fcc.B', 'Ni_fcc.G', 'Ni_fcc.vac', 'Ni_fcc.100s', 'Ni_fcc.110s', 'Ni_fcc.111s', 'Ni_fcc.isf', 'E_Ni_fcc_hcp', 'E_Ni_fcc_bcc', 'E_Ni_fcc_sc', 'E_Ni_fcc_dia']
['Ni_fcc.E_coh.err', 'Ni_fcc.a0.err', 'Ni_fcc.c11.err', 'Ni_fcc.c12.err', 'Ni_fcc.c44.err', 'Ni_fcc.B.err', 'Ni_fcc.G.err', 'Ni_fcc.vac.err', 'Ni_fcc.100s.err', 'Ni_fcc.110s.err', 'Ni_fcc.111s.err', 'Ni_fcc.isf.err', 'E_Ni_fcc_hcp.err', 'E_Ni_fcc_bcc.err', 'E_Ni_fcc_sc.err', 'E_Ni_fcc_dia.err']
['p_NiNi_phi0', 'p_NiNi_gamma', 'p_NiNi_r0', 'd_Ni_rho0', 'd_Ni_beta', 'd_Ni_r0', 'e_Ni_F0']
['Ni_fcc.E_coh', 'Ni_fcc.a0', 'Ni_fcc.c11', 'Ni_fcc.c12', 'Ni_fcc.c44', 'Ni_fcc.B', 'Ni_fcc.G', 'Ni_fcc.vac', 'Ni_fcc.100s', 'Ni_fcc.110s', 'Ni_fcc.111s', 'Ni_fcc.isf', 'E_Ni_fcc_hcp', 'E_Ni_fcc_bcc', 'E_Ni_fcc_sc', 'E_Ni_fcc_dia']
['Ni_fcc.E_coh.err', 'Ni_fcc.a0.err', 'Ni_fcc.c11.err', 'Ni_fcc.c12.err', 'Ni_fcc.c44.err', 'Ni_fcc.B.err', 'Ni_fcc.G.err', 'Ni_fcc.vac.err', 'Ni_fcc.100s.err', 'Ni_fcc.110s.err', 'Ni_fcc.111s.err', 'Ni_fcc.isf.err', 'E_Ni_fcc_hcp.err', 'E_Ni_fcc_bcc.err', 'E_Ni_fcc_sc.err', 'E_Ni_fcc_dia.err']
['p_NiNi_phi0', 'p_NiNi_gamma', 'p_NiNi_r0', 'd_Ni_rho0', 'd_Ni_beta', 'd_Ni_r0', 'e_Ni_F0']
['Ni_fcc.E_coh', 'Ni_fcc.a0', 'Ni_fcc.c11', 'Ni_fcc.c12', 'Ni_fcc.c44', 'Ni_fcc.B', 'Ni_fcc.G', 'Ni_fcc.vac', 'Ni_fcc.100s', 'Ni_fcc.110s', 'Ni_fcc.111s', 'Ni_fcc.isf', 'E_Ni_fcc_hcp', 'E_Ni_fcc_bcc', 'E_Ni_fcc_sc', 'E_Ni_fcc_dia']
['Ni_fcc.E_coh.err', 'Ni_fcc.a0.err', 'Ni_fcc.c11.err', 'Ni_fcc.c12.err', 'Ni_fcc.c44.err', 'Ni_fcc.B.err', 'Ni_fcc.G.err', 'Ni_fcc.vac.err', 'Ni_fcc.100s.err', 'Ni_fcc.110s.err', 'Ni_fcc.111s.err', 'Ni_fcc.isf.err', 'E_Ni_fcc_hcp.err', 'E_Ni_fcc_bcc.err', 'E_Ni_fcc_sc.err', 'E_Ni_fcc_dia.err']
   4        12     270761426
   4        13     111462270
   4        14    1822768489
   4        15    1993801388
   4        16    1630507355
   4        17     523081108
   4        18    1760034537
   4        19    2069780731
   5        0      958333110
   5        1      938827257
   5        2       88922661
   5        3     1044015917
   5        4     1538459741
   5        5       29342496
   5        6     1368900196
   5        7      893478831
   5        8     1829310809
   5        9     1594662534
   5        10     407230550
   5        11     600643632
   5        12     235340521
   5        13    1299051455
   5        14    1164000299
   5        15      90383679
   5        16    1798073844
   5        17    1809174760
   5        18     776773162
   5        19     419726705
   6        0      769855739
   6        1     1477135672
   6        2      458981557
   6        3      858288501
   6        4     1395696158
   6        5      226387394
   6        6      119675828
   6        7     1173144114
   6        8     1749494190
   6        9     1754523969
   6        10    1288169731
   6        11     544581244
   6        12    1346060481
   6        13    1336833409
   6        14     856359451
   6        15    1502125564
   6        16    1187698666
   6        17      48234773
   6        18     347040176
   6        19     526291481
   7        0     1384783900
   7        1     1193783542
   7        2     1599679750
   7        3     1347446518
   7        4      482316196
   7        5     1350330723
   7        6     1243349878
   7        7     1636711831
   7        8     1350246244
   7        9     1909817629
   7        10     315627744
   7        11     245577850
   7        12     565549031
   7        13     678736891
   7        14      85665519
   7        15    2059963360
   7        16    1829872072
   7        17     772384570
   7        18     781403755
   7        19     522199387
['p_NiNi_phi0', 'p_NiNi_gamma', 'p_NiNi_r0', 'd_Ni_rho0', 'd_Ni_beta', 'd_Ni_r0', 'e_Ni_F0']
['Ni_fcc.E_coh', 'Ni_fcc.a0', 'Ni_fcc.c11', 'Ni_fcc.c12', 'Ni_fcc.c44', 'Ni_fcc.B', 'Ni_fcc.G', 'Ni_fcc.vac', 'Ni_fcc.100s', 'Ni_fcc.110s', 'Ni_fcc.111s', 'Ni_fcc.isf', 'E_Ni_fcc_hcp', 'E_Ni_fcc_bcc', 'E_Ni_fcc_sc', 'E_Ni_fcc_dia']
['Ni_fcc.E_coh.err', 'Ni_fcc.a0.err', 'Ni_fcc.c11.err', 'Ni_fcc.c12.err', 'Ni_fcc.c44.err', 'Ni_fcc.B.err', 'Ni_fcc.G.err', 'Ni_fcc.vac.err', 'Ni_fcc.100s.err', 'Ni_fcc.110s.err', 'Ni_fcc.111s.err', 'Ni_fcc.isf.err', 'E_Ni_fcc_hcp.err', 'E_Ni_fcc_bcc.err', 'E_Ni_fcc_sc.err', 'E_Ni_fcc_dia.err']
--------------------------------------------------------------------------------
BEGIN ITERATION 1/20                                                            
--------------------------------------------------------------------------------
--------------------------------------------------------------------------------
_mc_sample_type=from_file
_mc_sample_type=from_file
_mc_sample_type=from_file
_mc_sample_type=from_file
_mc_sample_type=from_file
_mc_sample_type=from_file
_mc_sample_type=from_file
_mc_sample_type=from_file
rank 6 simulations complete
rank 5 simulations complete
rank 3 simulations complete
rank 1 simulations complete
rank 2 simulations complete
rank 4 simulations complete
rank 7 simulations complete
rank 0 simulations complete
ALL SIMULATIONS COMPLETE FOR ALL RANKS
merging files...
Looking for previous kde file
    data/pyposmat.kde.0.out
analyzing results...
--------------------------------------------------------------------------------
BEGIN ITERATION 2/20                                                            
--------------------------------------------------------------------------------
--------------------------------------------------------------------------------
_mc_sample_type=kde
_mc_sample_type=kde
_mc_sample_type=kde
_mc_sample_type=kde
_mc_sample_type=kde
_mc_sample_type=kde
_mc_sample_type=kde
_mc_sample_type=kde
