/home/sullberg/repos/pypospack/examples/Ni__eam__glj_rose_Mishin_2004/pareto_optimization_3.5NN
c7a-s32.ufhpc
Thu May  2 16:32:51 EDT 2019
PYTHONPATH=/home/sullberg/repos/pypospack:
python=/home/sullberg/anaconda3/bin/python
PATH=/apps/compilers/intel/2016/compilers_and_libraries/0.109/linux/mpi/intel64/bin:/apps/compilers/gcc/5.2.0/bin:/apps/compilers/intel/2016/compilers_and_libraries/0.109/linux/bin/intel64:/apps/compilers/intel/2016/debugger/gdb/intel64/bin:/home/sullberg/anaconda3/bin:/opt/slurm/bin:/usr/lib64/qt-3.3/bin:/usr/local/bin:/usr/bin:/usr/local/sbin:/usr/sbin:/bin:/opt/dell/srvadmin/bin:/home/sullberg/bin
start_time:Thu May  2 16:32:53 EDT 2019
   3      170404334
R3:10 samples completed in 468.2361s. Avg_time = 46.8236. n_errors = 5
R3:20 samples completed in 999.0741s. Avg_time = 49.9537. n_errors = 9
R3:30 samples completed in 1513.0791s. Avg_time = 50.4360. n_errors = 11
R3:40 samples completed in 2053.0793s. Avg_time = 51.3270. n_errors = 15
R3:50 samples completed in 2548.1089s. Avg_time = 50.9622. n_errors = 19
   47     882529844
R47:10 samples completed in 595.4385s. Avg_time = 59.5438. n_errors = 4
R47:20 samples completed in 1201.2831s. Avg_time = 60.0642. n_errors = 8
R47:30 samples completed in 1814.0153s. Avg_time = 60.4672. n_errors = 12
R47:40 samples completed in 2387.7920s. Avg_time = 59.6948. n_errors = 15
R47:50 samples completed in 2986.4893s. Avg_time = 59.7298. n_errors = 16
R47:60 samples completed in 3570.4371s. Avg_time = 59.5073. n_errors = 21
R47:70 samples completed in 4138.7643s. Avg_time = 59.1252. n_errors = 28
R47:80 samples completed in 4723.6539s. Avg_time = 59.0457. n_errors = 33
R47:90 samples completed in 5317.4516s. Avg_time = 59.0828. n_errors = 39
   22    1980765330
R22:10 samples completed in 648.8238s. Avg_time = 64.8824. n_errors = 5
R22:20 samples completed in 1260.2623s. Avg_time = 63.0131. n_errors = 10
R22:30 samples completed in 1855.1096s. Avg_time = 61.8370. n_errors = 13
R22:40 samples completed in 2436.1727s. Avg_time = 60.9043. n_errors = 18
R22:50 samples completed in 3024.0184s. Avg_time = 60.4804. n_errors = 21
R22:60 samples completed in 3632.7769s. Avg_time = 60.5463. n_errors = 24
R22:70 samples completed in 4212.0600s. Avg_time = 60.1723. n_errors = 30
R22:80 samples completed in 4736.1778s. Avg_time = 59.2022. n_errors = 35
R22:90 samples completed in 5301.2479s. Avg_time = 58.9028. n_errors = 41
R22:100 samples completed in 5916.6838s. Avg_time = 59.1668. n_errors = 47
R22:110 samples completed in 6477.3489s. Avg_time = 58.8850. n_errors = 55
R22:120 samples completed in 7112.6010s. Avg_time = 59.2717. n_errors = 59
R22:130 samples completed in 7657.4327s. Avg_time = 58.9033. n_errors = 66
R22:140 samples completed in 8233.9588s. Avg_time = 58.8140. n_errors = 70
