/home/sullberg/repos/pypospack/examples/Al__eam__born_exp_fs/pareto_optimization_3.5NN
c35a-s27.ufhpc
Mon Oct 15 21:11:40 EDT 2018
PYTHONPATH=/home/sullberg/repos/pypospack:
PYTHON_BIN=/home/sullberg/anaconda3/bin/python
python=/home/sullberg/anaconda3/bin/python
PATH=/apps/mpi/intel/2018.1.163/openmpi/3.0.0/bin:/apps/compilers/gcc/5.2.0/bin:/apps/compilers/intel/2018/1.163/compilers_and_libraries/linux/bin/intel64:/apps/compilers/intel/2018/1.163/debugger/gdb/intel64/bin:/home/sullberg/anaconda3/bin:/opt/slurm/bin:/usr/lib64/qt-3.3/bin:/usr/local/bin:/usr/bin:/usr/local/sbin:/usr/sbin:/bin:/opt/dell/srvadmin/bin:/home/sullberg/bin
start_time:Mon Oct 15 21:11:42 EDT 2018
rank7:10 samples completed in 26.3213s. Avg_time = 2.6321. n_errors = 0
rank7:20 samples completed in 52.9102s. Avg_time = 2.6455. n_errors = 0
rank7:30 samples completed in 79.9582s. Avg_time = 2.6653. n_errors = 0
rank7:40 samples completed in 108.3368s. Avg_time = 2.7084. n_errors = 0
rank7:50 samples completed in 135.9699s. Avg_time = 2.7194. n_errors = 0
rank7:60 samples completed in 163.6821s. Avg_time = 2.7280. n_errors = 0
rank7:70 samples completed in 190.5450s. Avg_time = 2.7221. n_errors = 0
rank7:80 samples completed in 218.6534s. Avg_time = 2.7332. n_errors = 0
rank7:90 samples completed in 245.5372s. Avg_time = 2.7282. n_errors = 0
rank7:100 samples completed in 272.9121s. Avg_time = 2.7291. n_errors = 0
Chiu1999_h:0.39667968749999993
rank1:10 samples completed in 24.7319s. Avg_time = 2.4732. n_errors = 0
rank1:20 samples completed in 50.5145s. Avg_time = 2.5257. n_errors = 0
rank1:30 samples completed in 76.9386s. Avg_time = 2.5646. n_errors = 0
rank1:40 samples completed in 105.7581s. Avg_time = 2.6440. n_errors = 0
rank1:50 samples completed in 133.7005s. Avg_time = 2.6740. n_errors = 0
rank1:60 samples completed in 161.2123s. Avg_time = 2.6869. n_errors = 0
rank1:70 samples completed in 188.2110s. Avg_time = 2.6887. n_errors = 0
rank1:80 samples completed in 215.3832s. Avg_time = 2.6923. n_errors = 0
rank1:90 samples completed in 241.6415s. Avg_time = 2.6849. n_errors = 0
rank1:100 samples completed in 269.2368s. Avg_time = 2.6924. n_errors = 0
Chiu1999_h:0.39667968749999993
rank6:10 samples completed in 25.9212s. Avg_time = 2.5921. n_errors = 0
rank6:20 samples completed in 52.0346s. Avg_time = 2.6017. n_errors = 0
rank6:30 samples completed in 78.9856s. Avg_time = 2.6329. n_errors = 0
rank6:40 samples completed in 106.8495s. Avg_time = 2.6712. n_errors = 0
rank6:50 samples completed in 134.3295s. Avg_time = 2.6866. n_errors = 0
rank6:60 samples completed in 162.4538s. Avg_time = 2.7076. n_errors = 0
rank6:70 samples completed in 188.9261s. Avg_time = 2.6989. n_errors = 0
rank6:80 samples completed in 216.3446s. Avg_time = 2.7043. n_errors = 0
rank6:90 samples completed in 242.7482s. Avg_time = 2.6972. n_errors = 0
rank6:100 samples completed in 270.1907s. Avg_time = 2.7019. n_errors = 0
Chiu1999_h:0.39667968749999993
rank4:10 samples completed in 25.8390s. Avg_time = 2.5839. n_errors = 0
rank4:20 samples completed in 52.1610s. Avg_time = 2.6080. n_errors = 0
rank4:30 samples completed in 79.1890s. Avg_time = 2.6396. n_errors = 0
rank4:40 samples completed in 107.1894s. Avg_time = 2.6797. n_errors = 0
rank4:50 samples completed in 134.8099s. Avg_time = 2.6962. n_errors = 0
rank4:60 samples completed in 162.7426s. Avg_time = 2.7124. n_errors = 0
rank4:70 samples completed in 190.2935s. Avg_time = 2.7185. n_errors = 0
rank4:80 samples completed in 218.1037s. Avg_time = 2.7263. n_errors = 0
rank4:90 samples completed in 244.7815s. Avg_time = 2.7198. n_errors = 0
rank4:100 samples completed in 273.0642s. Avg_time = 2.7306. n_errors = 0
Chiu1999_h:0.39667968749999993
rank2:10 samples completed in 25.3076s. Avg_time = 2.5308. n_errors = 0
rank2:20 samples completed in 51.8683s. Avg_time = 2.5934. n_errors = 0
rank2:30 samples completed in 78.7703s. Avg_time = 2.6257. n_errors = 0
rank2:40 samples completed in 106.9498s. Avg_time = 2.6737. n_errors = 0
rank2:50 samples completed in 134.5674s. Avg_time = 2.6913. n_errors = 0
rank2:60 samples completed in 162.5973s. Avg_time = 2.7100. n_errors = 0
rank2:70 samples completed in 189.2531s. Avg_time = 2.7036. n_errors = 0
rank2:80 samples completed in 216.4430s. Avg_time = 2.7055. n_errors = 0
rank2:90 samples completed in 242.9316s. Avg_time = 2.6992. n_errors = 0
rank2:100 samples completed in 270.5323s. Avg_time = 2.7053. n_errors = 0
Chiu1999_h:0.39667968749999993
rank5:10 samples completed in 25.1517s. Avg_time = 2.5152. n_errors = 0
rank5:20 samples completed in 50.6247s. Avg_time = 2.5312. n_errors = 0
rank5:30 samples completed in 77.8712s. Avg_time = 2.5957. n_errors = 0
rank5:40 samples completed in 106.6617s. Avg_time = 2.6665. n_errors = 0
rank5:50 samples completed in 134.5330s. Avg_time = 2.6907. n_errors = 0
rank5:60 samples completed in 162.6558s. Avg_time = 2.7109. n_errors = 0
rank5:70 samples completed in 189.3479s. Avg_time = 2.7050. n_errors = 0
rank5:80 samples completed in 216.5554s. Avg_time = 2.7069. n_errors = 0
rank5:90 samples completed in 243.0346s. Avg_time = 2.7004. n_errors = 0
rank5:100 samples completed in 270.7118s. Avg_time = 2.7071. n_errors = 0
Chiu1999_h:0.39667968749999993
--------------------------------------------------------------------------------
                               STRUCTURE DATABASE                               
--------------------------------------------------------------------------------
structure_directory:structure_db

        name               filename      
-------------------- --------------------
Ni_fcc               Ni_fcc_100_unit.gga.relaxed.vasp
Ni_bcc               Ni_bcc_100_unit.gga.relaxed.vasp
Ni_sc                Ni_sc_100_unit.gga.relaxed.vasp
Ni_hcp               Ni_hcp_ortho.vasp   
Ni_dia               Ni_dia_100_unit.gga.relaxed.vasp
Ni_fcc_100_unit      Ni_fcc_100_unit.gga.relaxed.vasp
Ni_fcc_110_unit      Ni_fcc_110_unit.gga.relaxed.vasp
Ni_fcc_111_unit      Ni_fcc_111_unit.gga.relaxed.vasp
Ni_fcc_100_s         Ni_fcc_100_surf.vasp
Ni_fcc_110_s         Ni_fcc_110_surf.vasp
Ni_fcc_111_s         Ni_fcc_111_surf.vasp
Ni_fcc_isf           Ni_fcc_isf.vasp     
Ni_fcc_esf           Ni_fcc_esf.vasp     
Ni_fcc_vac           Ni_fcc_sc_333_vac.vasp
Ni_fcc_o_int         Ni_fcc_sc_333_o_int.vasp
Ni_fcc_i_int         Ni_fcc_sc_333_t_int.vasp
--------------------------------------------------------------------------------
                             SAMPLING CONFIGURATION                             
--------------------------------------------------------------------------------
iteration  n_samples     sampling_type    
---------- ---------- --------------------
    0        10000         from_file      
    1        10000            kde         
    2        10000            kde         
    3        10000            kde         
    4        10000            kde         
    5        10000            kde         
    6        10000            kde         
    7        10000            kde         
    8        10000            kde         
    9        10000            kde         
    10       10000            kde         
    11       10000            kde         
    12       10000            kde         
    13       10000            kde         
    14       10000            kde         
    15       10000            kde         
    16       10000            kde         
    17       10000            kde         
    18       10000            kde         
    19       10000            kde         
--------------------------------------------------------------------------------
INITIAL PARAMETER DISTRIBUTION                                                  
--------------------------------------------------------------------------------
    p_NiNi_phi0         free     uniform      0.05       4.0    
    p_NiNi_gamma        free     uniform      2.0        7.0    
     p_NiNi_r0          free     uniform      1.0        5.0    
     d_Ni_rho0          free     uniform      1.0        4.0    
     d_Ni_beta          free     uniform      2.0        7.0    
      d_Ni_r0           free     uniform      1.0        5.0    
      e_Ni_F0           free     uniform      -5.0      -0.05   
rank0:10 samples completed in 25.7299s. Avg_time = 2.5730. n_errors = 0
rank0:20 samples completed in 51.8186s. Avg_time = 2.5909. n_errors = 0
rank0:30 samples completed in 78.9616s. Avg_time = 2.6321. n_errors = 0
rank0:40 samples completed in 106.9863s. Avg_time = 2.6747. n_errors = 0
rank0:50 samples completed in 134.6712s. Avg_time = 2.6934. n_errors = 0
rank0:60 samples completed in 162.5313s. Avg_time = 2.7089. n_errors = 0
rank0:70 samples completed in 190.1840s. Avg_time = 2.7169. n_errors = 0
rank0:80 samples completed in 217.9957s. Avg_time = 2.7249. n_errors = 0
rank0:90 samples completed in 244.3529s. Avg_time = 2.7150. n_errors = 0
rank0:100 samples completed in 271.7078s. Avg_time = 2.7171. n_errors = 0
0 1250 from_file
 Ni_fcc.E_coh.abserr  <  2                1562       1622         60
    Ni_fcc.a0.abserr  <  3.52             1562       1562          0
   Ni_fcc.c11.abserr  <  261.0            1558       1562          4
   Ni_fcc.c12.abserr  <  151.0            1557       1558          1
   Ni_fcc.c44.abserr  <  132.0            1557       1557          0
     Ni_fcc.B.abserr  <  261.0            1557       1557          0
     Ni_fcc.G.abserr  <  151.0            1557       1557          0
          Ni_fcc.vac  <  151.0            1557       1557          0
         Ni_fcc.110s  <  0.148            1482       1557         75
         Ni_fcc.100s  <  0.151            1482       1482          0
         Ni_fcc.111s  <  0.125            1476       1482          6
   Ni_fcc.isf.abserr  <  0.0145           1039       1476        437
        E_Ni_fcc_bcc  >  0.0              1039       1039          0
         E_Ni_fcc_sc  >  0.0              1039       1039          0
        E_Ni_fcc_hcp  >  0.0              1035       1039          4
        E_Ni_fcc_dia  >  0.0              1001       1035         34
after qoi_constraints: 1001 remainings
after filter_by__d_zerror: 950 remainings
	total_idx 950 > chunk_sz 500
	running final pareto calculation on 460 points.
after select_pareto_only: 460 remainings
--------------------------------------------------------------------------------
                               STRUCTURE DATABASE                               
--------------------------------------------------------------------------------
structure_directory:structure_db

        name               filename      
-------------------- --------------------
Ni_fcc               Ni_fcc_100_unit.gga.relaxed.vasp
Ni_bcc               Ni_bcc_100_unit.gga.relaxed.vasp
Ni_sc                Ni_sc_100_unit.gga.relaxed.vasp
Ni_hcp               Ni_hcp_ortho.vasp   
Ni_dia               Ni_dia_100_unit.gga.relaxed.vasp
Ni_fcc_100_unit      Ni_fcc_100_unit.gga.relaxed.vasp
Ni_fcc_110_unit      Ni_fcc_110_unit.gga.relaxed.vasp
Ni_fcc_111_unit      Ni_fcc_111_unit.gga.relaxed.vasp
Ni_fcc_100_s         Ni_fcc_100_surf.vasp
Ni_fcc_110_s         Ni_fcc_110_surf.vasp
Ni_fcc_111_s         Ni_fcc_111_surf.vasp
Ni_fcc_isf           Ni_fcc_isf.vasp     
Ni_fcc_esf           Ni_fcc_esf.vasp     
Ni_fcc_vac           Ni_fcc_sc_333_vac.vasp
Ni_fcc_o_int         Ni_fcc_sc_333_o_int.vasp
Ni_fcc_i_int         Ni_fcc_sc_333_t_int.vasp
--------------------------------------------------------------------------------
                             SAMPLING CONFIGURATION                             
--------------------------------------------------------------------------------
iteration  n_samples     sampling_type    
---------- ---------- --------------------
    0        10000         from_file      
    1        10000            kde         
    2        10000            kde         
    3        10000            kde         
    4        10000            kde         
    5        10000            kde         
    6        10000            kde         
    7        10000            kde         
    8        10000            kde         
    9        10000            kde         
    10       10000            kde         
    11       10000            kde         
    12       10000            kde         
    13       10000            kde         
    14       10000            kde         
    15       10000            kde         
    16       10000            kde         
    17       10000            kde         
    18       10000            kde         
    19       10000            kde         
Chiu1999_h:0.39667968749999993
rank3:10 samples completed in 25.2895s. Avg_time = 2.5290. n_errors = 0
rank3:20 samples completed in 50.6237s. Avg_time = 2.5312. n_errors = 0
rank3:30 samples completed in 77.7318s. Avg_time = 2.5911. n_errors = 0
rank3:40 samples completed in 105.7575s. Avg_time = 2.6439. n_errors = 0
rank3:50 samples completed in 133.5976s. Avg_time = 2.6720. n_errors = 0
rank3:60 samples completed in 161.2114s. Avg_time = 2.6869. n_errors = 0
rank3:70 samples completed in 188.6399s. Avg_time = 2.6949. n_errors = 0
rank3:80 samples completed in 217.0036s. Avg_time = 2.7125. n_errors = 0
rank3:90 samples completed in 244.3594s. Avg_time = 2.7151. n_errors = 0
rank3:100 samples completed in 271.8101s. Avg_time = 2.7181. n_errors = 0
Chiu1999_h:0.39667968749999993
end_time:Mon Oct 15 21:16:35 EDT 2018
