--------------------------------------------------------------------------
A process has executed an operation involving a call to the
"fork()" system call to create a child process.  Open MPI is currently
operating in a condition that could result in memory corruption or
other system errors; your job may hang, crash, or produce silent
data corruption.  The use of fork() (or system() or other calls that
create child processes) is strongly discouraged.

The process that invoked fork was:

  Local host:          [[54737,12752],1] (PID 32585)

If you are *absolutely sure* that your application will successfully
and correctly survive a call to fork(), you may disable this warning
by setting the mpi_warn_on_fork MCA parameter to 0.
--------------------------------------------------------------------------
--------------------------------------------------------------------------
A process has executed an operation involving a call to the
"fork()" system call to create a child process.  Open MPI is currently
operating in a condition that could result in memory corruption or
other system errors; your job may hang, crash, or produce silent
data corruption.  The use of fork() (or system() or other calls that
create child processes) is strongly discouraged.

The process that invoked fork was:

  Local host:          [[54737,12752],3] (PID 32587)

If you are *absolutely sure* that your application will successfully
and correctly survive a call to fork(), you may disable this warning
by setting the mpi_warn_on_fork MCA parameter to 0.
--------------------------------------------------------------------------
--------------------------------------------------------------------------
A process has executed an operation involving a call to the
"fork()" system call to create a child process.  Open MPI is currently
operating in a condition that could result in memory corruption or
other system errors; your job may hang, crash, or produce silent
data corruption.  The use of fork() (or system() or other calls that
create child processes) is strongly discouraged.

The process that invoked fork was:

  Local host:          [[54737,12752],5] (PID 32589)

If you are *absolutely sure* that your application will successfully
and correctly survive a call to fork(), you may disable this warning
by setting the mpi_warn_on_fork MCA parameter to 0.
--------------------------------------------------------------------------
--------------------------------------------------------------------------
A process has executed an operation involving a call to the
"fork()" system call to create a child process.  Open MPI is currently
operating in a condition that could result in memory corruption or
other system errors; your job may hang, crash, or produce silent
data corruption.  The use of fork() (or system() or other calls that
create child processes) is strongly discouraged.

The process that invoked fork was:

  Local host:          [[54737,12752],4] (PID 32588)

If you are *absolutely sure* that your application will successfully
and correctly survive a call to fork(), you may disable this warning
by setting the mpi_warn_on_fork MCA parameter to 0.
--------------------------------------------------------------------------
--------------------------------------------------------------------------
A process has executed an operation involving a call to the
"fork()" system call to create a child process.  Open MPI is currently
operating in a condition that could result in memory corruption or
other system errors; your job may hang, crash, or produce silent
data corruption.  The use of fork() (or system() or other calls that
create child processes) is strongly discouraged.

The process that invoked fork was:

  Local host:          [[54737,12752],2] (PID 32586)

If you are *absolutely sure* that your application will successfully
and correctly survive a call to fork(), you may disable this warning
by setting the mpi_warn_on_fork MCA parameter to 0.
--------------------------------------------------------------------------
--------------------------------------------------------------------------
A process has executed an operation involving a call to the
"fork()" system call to create a child process.  Open MPI is currently
operating in a condition that could result in memory corruption or
other system errors; your job may hang, crash, or produce silent
data corruption.  The use of fork() (or system() or other calls that
create child processes) is strongly discouraged.

The process that invoked fork was:

  Local host:          [[54737,12752],0] (PID 32584)

If you are *absolutely sure* that your application will successfully
and correctly survive a call to fork(), you may disable this warning
by setting the mpi_warn_on_fork MCA parameter to 0.
--------------------------------------------------------------------------
--------------------------------------------------------------------------
A process has executed an operation involving a call to the
"fork()" system call to create a child process.  Open MPI is currently
operating in a condition that could result in memory corruption or
other system errors; your job may hang, crash, or produce silent
data corruption.  The use of fork() (or system() or other calls that
create child processes) is strongly discouraged.

The process that invoked fork was:

  Local host:          [[54737,12752],6] (PID 32590)

If you are *absolutely sure* that your application will successfully
and correctly survive a call to fork(), you may disable this warning
by setting the mpi_warn_on_fork MCA parameter to 0.
--------------------------------------------------------------------------
--------------------------------------------------------------------------
A process has executed an operation involving a call to the
"fork()" system call to create a child process.  Open MPI is currently
operating in a condition that could result in memory corruption or
other system errors; your job may hang, crash, or produce silent
data corruption.  The use of fork() (or system() or other calls that
create child processes) is strongly discouraged.

The process that invoked fork was:

  Local host:          [[54737,12752],7] (PID 32591)

If you are *absolutely sure* that your application will successfully
and correctly survive a call to fork(), you may disable this warning
by setting the mpi_warn_on_fork MCA parameter to 0.
--------------------------------------------------------------------------
Traceback (most recent call last):
  File "mc_iterative_sampler.py", line 19, in <module>
    pyposmat_app.run_all()
  File "/home/sullberg/repos/pypospack/pypospack/pyposmat/engines/mc_sampler_iterate.py", line 100, in run_all
    self.run_simulations(i)
  File "/home/sullberg/repos/pypospack/pypospack/pyposmat/engines/mc_sampler_iterate.py", line 206, in run_simulations
    filename=_filename_in)
  File "/home/sullberg/repos/pypospack/pypospack/pyposmat/engines/mc_sampler.py", line 98, in run_simulations
    self.run_kde_sampling(n_samples=_n_samples,filename_in=filename)
  File "/home/sullberg/repos/pypospack/pypospack/pyposmat/engines/mc_sampler.py", line 255, in run_kde_sampling
    error_names=self.error_names)
  File "/home/sullberg/repos/pypospack/pypospack/pyposmat/data/datafile.py", line 91, in write_header_section
    _header_str = ",".join(self.names) + "\n"
TypeError: can only join an iterable
Traceback (most recent call last):
  File "mc_iterative_sampler.py", line 19, in <module>
    pyposmat_app.run_all()
  File "/home/sullberg/repos/pypospack/pypospack/pyposmat/engines/mc_sampler_iterate.py", line 100, in run_all
    self.run_simulations(i)
  File "/home/sullberg/repos/pypospack/pypospack/pyposmat/engines/mc_sampler_iterate.py", line 206, in run_simulations
    filename=_filename_in)
  File "/home/sullberg/repos/pypospack/pypospack/pyposmat/engines/mc_sampler.py", line 98, in run_simulations
    self.run_kde_sampling(n_samples=_n_samples,filename_in=filename)
  File "/home/sullberg/repos/pypospack/pypospack/pyposmat/engines/mc_sampler.py", line 255, in run_kde_sampling
    error_names=self.error_names)
  File "/home/sullberg/repos/pypospack/pypospack/pyposmat/data/datafile.py", line 91, in write_header_section
    _header_str = ",".join(self.names) + "\n"
TypeError: can only join an iterable
Traceback (most recent call last):
  File "mc_iterative_sampler.py", line 19, in <module>
    pyposmat_app.run_all()
  File "/home/sullberg/repos/pypospack/pypospack/pyposmat/engines/mc_sampler_iterate.py", line 100, in run_all
    self.run_simulations(i)
  File "/home/sullberg/repos/pypospack/pypospack/pyposmat/engines/mc_sampler_iterate.py", line 206, in run_simulations
    filename=_filename_in)
  File "/home/sullberg/repos/pypospack/pypospack/pyposmat/engines/mc_sampler.py", line 98, in run_simulations
    self.run_kde_sampling(n_samples=_n_samples,filename_in=filename)
  File "/home/sullberg/repos/pypospack/pypospack/pyposmat/engines/mc_sampler.py", line 255, in run_kde_sampling
    error_names=self.error_names)
  File "/home/sullberg/repos/pypospack/pypospack/pyposmat/data/datafile.py", line 91, in write_header_section
    _header_str = ",".join(self.names) + "\n"
TypeError: can only join an iterable
Traceback (most recent call last):
  File "mc_iterative_sampler.py", line 19, in <module>
    pyposmat_app.run_all()
  File "/home/sullberg/repos/pypospack/pypospack/pyposmat/engines/mc_sampler_iterate.py", line 100, in run_all
    self.run_simulations(i)
  File "/home/sullberg/repos/pypospack/pypospack/pyposmat/engines/mc_sampler_iterate.py", line 206, in run_simulations
    filename=_filename_in)
  File "/home/sullberg/repos/pypospack/pypospack/pyposmat/engines/mc_sampler.py", line 98, in run_simulations
    self.run_kde_sampling(n_samples=_n_samples,filename_in=filename)
  File "/home/sullberg/repos/pypospack/pypospack/pyposmat/engines/mc_sampler.py", line 255, in run_kde_sampling
    error_names=self.error_names)
  File "/home/sullberg/repos/pypospack/pypospack/pyposmat/data/datafile.py", line 91, in write_header_section
    _header_str = ",".join(self.names) + "\n"
TypeError: can only join an iterable
Traceback (most recent call last):
  File "mc_iterative_sampler.py", line 19, in <module>
    pyposmat_app.run_all()
  File "/home/sullberg/repos/pypospack/pypospack/pyposmat/engines/mc_sampler_iterate.py", line 100, in run_all
    self.run_simulations(i)
  File "/home/sullberg/repos/pypospack/pypospack/pyposmat/engines/mc_sampler_iterate.py", line 206, in run_simulations
    filename=_filename_in)
  File "/home/sullberg/repos/pypospack/pypospack/pyposmat/engines/mc_sampler.py", line 98, in run_simulations
    self.run_kde_sampling(n_samples=_n_samples,filename_in=filename)
  File "/home/sullberg/repos/pypospack/pypospack/pyposmat/engines/mc_sampler.py", line 255, in run_kde_sampling
    error_names=self.error_names)
  File "/home/sullberg/repos/pypospack/pypospack/pyposmat/data/datafile.py", line 91, in write_header_section
    _header_str = ",".join(self.names) + "\n"
TypeError: can only join an iterable
Traceback (most recent call last):
  File "mc_iterative_sampler.py", line 19, in <module>
    pyposmat_app.run_all()
  File "/home/sullberg/repos/pypospack/pypospack/pyposmat/engines/mc_sampler_iterate.py", line 100, in run_all
    self.run_simulations(i)
  File "/home/sullberg/repos/pypospack/pypospack/pyposmat/engines/mc_sampler_iterate.py", line 206, in run_simulations
    filename=_filename_in)
  File "/home/sullberg/repos/pypospack/pypospack/pyposmat/engines/mc_sampler.py", line 98, in run_simulations
    self.run_kde_sampling(n_samples=_n_samples,filename_in=filename)
  File "/home/sullberg/repos/pypospack/pypospack/pyposmat/engines/mc_sampler.py", line 255, in run_kde_sampling
    error_names=self.error_names)
  File "/home/sullberg/repos/pypospack/pypospack/pyposmat/data/datafile.py", line 91, in write_header_section
    _header_str = ",".join(self.names) + "\n"
TypeError: can only join an iterable
Traceback (most recent call last):
  File "mc_iterative_sampler.py", line 19, in <module>
    pyposmat_app.run_all()
  File "/home/sullberg/repos/pypospack/pypospack/pyposmat/engines/mc_sampler_iterate.py", line 100, in run_all
    self.run_simulations(i)
  File "/home/sullberg/repos/pypospack/pypospack/pyposmat/engines/mc_sampler_iterate.py", line 206, in run_simulations
    filename=_filename_in)
  File "/home/sullberg/repos/pypospack/pypospack/pyposmat/engines/mc_sampler.py", line 98, in run_simulations
    self.run_kde_sampling(n_samples=_n_samples,filename_in=filename)
  File "/home/sullberg/repos/pypospack/pypospack/pyposmat/engines/mc_sampler.py", line 255, in run_kde_sampling
    error_names=self.error_names)
  File "/home/sullberg/repos/pypospack/pypospack/pyposmat/data/datafile.py", line 91, in write_header_section
    _header_str = ",".join(self.names) + "\n"
TypeError: can only join an iterable
Traceback (most recent call last):
  File "mc_iterative_sampler.py", line 19, in <module>
    pyposmat_app.run_all()
  File "/home/sullberg/repos/pypospack/pypospack/pyposmat/engines/mc_sampler_iterate.py", line 100, in run_all
    self.run_simulations(i)
  File "/home/sullberg/repos/pypospack/pypospack/pyposmat/engines/mc_sampler_iterate.py", line 206, in run_simulations
    filename=_filename_in)
  File "/home/sullberg/repos/pypospack/pypospack/pyposmat/engines/mc_sampler.py", line 98, in run_simulations
    self.run_kde_sampling(n_samples=_n_samples,filename_in=filename)
  File "/home/sullberg/repos/pypospack/pypospack/pyposmat/engines/mc_sampler.py", line 255, in run_kde_sampling
    error_names=self.error_names)
  File "/home/sullberg/repos/pypospack/pypospack/pyposmat/data/datafile.py", line 91, in write_header_section
    _header_str = ",".join(self.names) + "\n"
TypeError: can only join an iterable
srun: error: c35a-s27: tasks 0-7: Exited with exit code 1
