attempted to create data directory, directory already exists.
	data_directory:/home/sullberg/repos/pypospack/examples/Ni__eam__born_exp_fs/pareto_optimization_3.5NN/data
starting at simulation: 0
================================================================================
                              Begin Iteration 1/1                               
================================================================================
--------------------------------------------------------------------------------
                             GENERATED RANDOM SEEDS                             
--------------------------------------------------------------------------------
global_seed:1185348125
seeds_for_this_iteration:
  rank     seed  
-------- --------
   24    1569731328
   0      576628421
   3      182055561
   2     2050010261
   30    1326802484
   7     1250767277
   58    1520449310
   51     322581292
   42     520785103
   59     988440592
   11     248875204
   53     924832603
   31    1821433339
   15    1495166271
   47     763802533
   36     326794974
   33    2125758795
   1     2013508429
   5     1309908986
   10     167288964
   40     253086023
   48    1361188216
   25     607991438
   16     957218263
   28     321438062
   26     246845390
   46     130441062
   49     370551256
sampling_type=from_file
--------------------------------------------------------------------------------
                               STRUCTURE DATABASE                               
--------------------------------------------------------------------------------
structure_directory:/home/sullberg/repos/pypospack/examples/Ni__eam__born_exp_fs/pareto_optimization_3.5NN/structure_db

        name               filename      
-------------------- --------------------
Ni_fcc               Ni_fcc_100_unit.gga.relaxed.vasp
Ni_bcc               Ni_bcc_100_unit.gga.relaxed.vasp
Ni_sc                Ni_sc_100_unit.gga.relaxed.vasp
Ni_hcp               Ni_hcp_ortho.vasp   
Ni_dia               Ni_dia_100_unit.gga.relaxed.vasp
Ni_fcc_100_unit      Ni_fcc_100_unit.gga.relaxed.vasp
Ni_fcc_110_unit      Ni_fcc_110_unit.gga.relaxed.vasp
Ni_fcc_111_unit      Ni_fcc_111_unit.gga.relaxed.vasp
Ni_fcc_100_s         Ni_fcc_100_surf.vasp
Ni_fcc_110_s         Ni_fcc_110_surf.vasp
Ni_fcc_111_s         Ni_fcc_111_surf.vasp
Ni_fcc_isf           Ni_fcc_isf.vasp     
Ni_fcc_esf           Ni_fcc_esf.vasp     
Ni_fcc_vac           Ni_fcc_sc_333_vac.vasp
Ni_fcc_o_int         Ni_fcc_sc_333_o_int.vasp
Ni_fcc_i_int         Ni_fcc_sc_333_t_int.vasp
--------------------------------------------------------------------------------
INITIAL PARAMETER DISTRIBUTION                                                  
--------------------------------------------------------------------------------
--------------------------------------------------------------------------------
--------------------------------------------------------------------------------
                                 file sampling                                  
--------------------------------------------------------------------------------
filename_in:/home/sullberg/repos/pypospack/examples/Ni__eam__born_exp_fs/pareto_optimization_3.5NN/data/no_hcp_no_isf/pyposmat.kde.20.out
R9:10 samples completed in 3.000616s, Avg_time=0.300062. n_errors=0
R19:20 samples completed in 3.059748s, Avg_time=0.152987. n_errors=0
R49:50 samples completed in 3.415560s, Avg_time=0.068311. n_errors=0
R29:30 samples completed in 3.775800s, Avg_time=0.125860. n_errors=0
R59:60 samples completed in 3.779735s, Avg_time=0.062996. n_errors=0
R39:40 samples completed in 4.194044s, Avg_time=0.104851. n_errors=0
R15:80 samples completed in 6.172699s, Avg_time=0.077159. n_errors=0
R25:90 samples completed in 6.762542s, Avg_time=0.075139. n_errors=0
R45:110 samples completed in 7.426132s, Avg_time=0.067510. n_errors=0
R55:120 samples completed in 7.416722s, Avg_time=0.061806. n_errors=0
R5:70 samples completed in 7.417796s, Avg_time=0.105969. n_errors=0
R35:100 samples completed in 7.420514s, Avg_time=0.074205. n_errors=0
R31:160 samples completed in 8.821098s, Avg_time=0.055132. n_errors=0
R41:170 samples completed in 9.077149s, Avg_time=0.053395. n_errors=0
R1:130 samples completed in 9.074010s, Avg_time=0.069800. n_errors=0
R21:150 samples completed in 9.636208s, Avg_time=0.064241. n_errors=0
R51:180 samples completed in 11.853448s, Avg_time=0.065852. n_errors=0
R61:190 samples completed in 11.843469s, Avg_time=0.062334. n_errors=0
R11:140 samples completed in 12.023872s, Avg_time=0.085885. n_errors=0
R7:200 samples completed in 12.469576s, Avg_time=0.062348. n_errors=0
R27:220 samples completed in 12.726389s, Avg_time=0.057847. n_errors=0
R37:230 samples completed in 13.487674s, Avg_time=0.058642. n_errors=0
R13:270 samples completed in 16.013879s, Avg_time=0.059311. n_errors=0
R33:290 samples completed in 16.130265s, Avg_time=0.055622. n_errors=0
R3:260 samples completed in 16.133414s, Avg_time=0.062052. n_errors=0
R17:210 samples completed in 16.326798s, Avg_time=0.077747. n_errors=0
R57:250 samples completed in 16.485901s, Avg_time=0.065944. n_errors=0
R43:300 samples completed in 16.493917s, Avg_time=0.054980. n_errors=0
R19:340 samples completed in 18.417429s, Avg_time=0.054169. n_errors=0
R9:330 samples completed in 18.760592s, Avg_time=0.056850. n_errors=0
R47:240 samples completed in 19.769030s, Avg_time=0.082371. n_errors=0
R53:310 samples completed in 20.273564s, Avg_time=0.065399. n_errors=0
R49:370 samples completed in 20.648089s, Avg_time=0.055806. n_errors=0
R23:280 samples completed in 20.730817s, Avg_time=0.074039. n_errors=0
R63:320 samples completed in 20.736554s, Avg_time=0.064802. n_errors=0
R15:400 samples completed in 22.027385s, Avg_time=0.055068. n_errors=0
R25:410 samples completed in 23.578493s, Avg_time=0.057509. n_errors=0
R59:380 samples completed in 24.365746s, Avg_time=0.064120. n_errors=0
R29:350 samples completed in 24.362412s, Avg_time=0.069607. n_errors=0
R1:450 samples completed in 24.807875s, Avg_time=0.055129. n_errors=0
R41:490 samples completed in 25.008272s, Avg_time=0.051037. n_errors=0
R39:360 samples completed in 26.139102s, Avg_time=0.072609. n_errors=0
R21:470 samples completed in 26.549967s, Avg_time=0.056489. n_errors=0
R7:520 samples completed in 27.543449s, Avg_time=0.052968. n_errors=0
R27:540 samples completed in 28.416004s, Avg_time=0.052622. n_errors=0
R55:440 samples completed in 28.539742s, Avg_time=0.064863. n_errors=0
R45:430 samples completed in 28.864713s, Avg_time=0.067127. n_errors=0
R37:550 samples completed in 29.240704s, Avg_time=0.053165. n_errors=0
R5:390 samples completed in 31.098040s, Avg_time=0.079739. n_errors=0
R33:610 samples completed in 31.262498s, Avg_time=0.051250. n_errors=0
R3:580 samples completed in 31.255800s, Avg_time=0.053889. n_errors=0
R13:590 samples completed in 31.499983s, Avg_time=0.053390. n_errors=0
R35:420 samples completed in 33.034955s, Avg_time=0.078655. n_errors=0
R61:510 samples completed in 33.531835s, Avg_time=0.065749. n_errors=0
R11:460 samples completed in 33.533788s, Avg_time=0.072900. n_errors=0
R19:660 samples completed in 34.409534s, Avg_time=0.052136. n_errors=0
R9:650 samples completed in 34.446050s, Avg_time=0.052994. n_errors=0
R51:500 samples completed in 35.652249s, Avg_time=0.071304. n_errors=0
R57:570 samples completed in 37.564937s, Avg_time=0.065903. n_errors=0
R15:720 samples completed in 37.721708s, Avg_time=0.052391. n_errors=0
R17:530 samples completed in 37.911796s, Avg_time=0.071532. n_errors=0
R25:730 samples completed in 40.141664s, Avg_time=0.054989. n_errors=0
R31:800 samples completed in 40.147578s, Avg_time=0.050184. n_errors=0
R1:770 samples completed in 40.287132s, Avg_time=0.052321. n_errors=0
R41:810 samples completed in 40.892803s, Avg_time=0.050485. n_errors=0
R53:630 samples completed in 42.111018s, Avg_time=0.066843. n_errors=0
R21:790 samples completed in 42.830997s, Avg_time=0.054216. n_errors=0
R47:560 samples completed in 42.901143s, Avg_time=0.076609. n_errors=0
R7:840 samples completed in 43.479705s, Avg_time=0.051762. n_errors=0
R27:860 samples completed in 44.134607s, Avg_time=0.051319. n_errors=0
R63:640 samples completed in 44.622569s, Avg_time=0.069723. n_errors=0
R37:870 samples completed in 45.666485s, Avg_time=0.052490. n_errors=0
R29:670 samples completed in 46.319319s, Avg_time=0.069133. n_errors=0
R59:700 samples completed in 46.342393s, Avg_time=0.066203. n_errors=0
R33:930 samples completed in 46.990405s, Avg_time=0.050527. n_errors=0
R3:900 samples completed in 46.984979s, Avg_time=0.052206. n_errors=0
R13:910 samples completed in 47.948762s, Avg_time=0.052691. n_errors=0
R39:680 samples completed in 48.269556s, Avg_time=0.070985. n_errors=0
R43:940 samples completed in 49.222719s, Avg_time=0.052365. n_errors=0
R19:980 samples completed in 49.423993s, Avg_time=0.050433. n_errors=0
R9:970 samples completed in 49.706189s, Avg_time=0.051243. n_errors=0
R45:750 samples completed in 50.200172s, Avg_time=0.066934. n_errors=0
R55:760 samples completed in 50.187241s, Avg_time=0.066036. n_errors=0
R5:710 samples completed in 52.836996s, Avg_time=0.074418. n_errors=0
R15:1040 samples completed in 53.260336s, Avg_time=0.051212. n_errors=0
R35:740 samples completed in 53.563076s, Avg_time=0.072383. n_errors=0
R49:1010 samples completed in 53.976888s, Avg_time=0.053442. n_errors=0
R11:780 samples completed in 54.544198s, Avg_time=0.069928. n_errors=0
R61:830 samples completed in 54.724201s, Avg_time=0.065933. n_errors=0
R31:1120 samples completed in 55.127866s, Avg_time=0.049221. n_errors=0
R25:1050 samples completed in 56.012770s, Avg_time=0.053345. n_errors=0
R1:1090 samples completed in 56.015544s, Avg_time=0.051390. n_errors=0
R51:820 samples completed in 57.048198s, Avg_time=0.069571. n_errors=0
R41:1130 samples completed in 57.468379s, Avg_time=0.050857. n_errors=0
R21:1110 samples completed in 58.304710s, Avg_time=0.052527. n_errors=0
R17:850 samples completed in 58.869466s, Avg_time=0.069258. n_errors=0
R57:890 samples completed in 58.866471s, Avg_time=0.066142. n_errors=0
R7:1160 samples completed in 59.193515s, Avg_time=0.051029. n_errors=0
R27:1180 samples completed in 59.510469s, Avg_time=0.050433. n_errors=0
R37:1190 samples completed in 61.217689s, Avg_time=0.051443. n_errors=0
R33:1250 samples completed in 62.273097s, Avg_time=0.049818. n_errors=0
R3:1220 samples completed in 62.324250s, Avg_time=0.051085. n_errors=0
R53:950 samples completed in 63.123341s, Avg_time=0.066446. n_errors=0
R13:1230 samples completed in 63.589981s, Avg_time=0.051699. n_errors=0
R47:880 samples completed in 64.592779s, Avg_time=0.073401. n_errors=0
R19:1300 samples completed in 65.013587s, Avg_time=0.050010. n_errors=0
R9:1290 samples completed in 65.202748s, Avg_time=0.050545. n_errors=0
R43:1260 samples completed in 65.675043s, Avg_time=0.052123. n_errors=0
R23:920 samples completed in 65.682855s, Avg_time=0.071394. n_errors=0
R63:960 samples completed in 65.681662s, Avg_time=0.068418. n_errors=0
R59:1020 samples completed in 67.161397s, Avg_time=0.065845. n_errors=0
R29:990 samples completed in 67.381850s, Avg_time=0.068062. n_errors=0
R15:1360 samples completed in 68.688851s, Avg_time=0.050507. n_errors=0
R49:1330 samples completed in 70.210782s, Avg_time=0.052790. n_errors=0
R31:1440 samples completed in 71.355497s, Avg_time=0.049552. n_errors=0
R39:1000 samples completed in 72.008016s, Avg_time=0.072008. n_errors=0
R45:1070 samples completed in 72.309191s, Avg_time=0.067579. n_errors=0
R55:1080 samples completed in 72.296245s, Avg_time=0.066941. n_errors=0
R25:1370 samples completed in 72.445282s, Avg_time=0.052880. n_errors=0
R41:1450 samples completed in 72.866140s, Avg_time=0.050253. n_errors=0
R21:1430 samples completed in 73.639157s, Avg_time=0.051496. n_errors=0
R27:1500 samples completed in 74.626565s, Avg_time=0.049751. n_errors=0
R5:1030 samples completed in 74.921313s, Avg_time=0.072739. n_errors=0
R35:1060 samples completed in 75.863548s, Avg_time=0.071569. n_errors=0
R11:1100 samples completed in 76.442802s, Avg_time=0.069493. n_errors=0
R3:1540 samples completed in 76.826416s, Avg_time=0.049887. n_errors=0
R61:1150 samples completed in 76.848167s, Avg_time=0.066824. n_errors=0
R33:1570 samples completed in 77.051082s, Avg_time=0.049077. n_errors=0
R37:1510 samples completed in 77.194870s, Avg_time=0.051122. n_errors=0
R13:1550 samples completed in 78.972268s, Avg_time=0.050950. n_errors=0
R51:1140 samples completed in 79.359914s, Avg_time=0.069614. n_errors=0
R9:1610 samples completed in 80.133204s, Avg_time=0.049772. n_errors=0
R19:1620 samples completed in 80.344275s, Avg_time=0.049595. n_errors=0
R57:1210 samples completed in 80.770342s, Avg_time=0.066752. n_errors=0
R17:1170 samples completed in 81.561344s, Avg_time=0.069711. n_errors=0
R43:1580 samples completed in 81.711635s, Avg_time=0.051716. n_errors=0
R15:1680 samples completed in 85.294933s, Avg_time=0.050771. n_errors=0
R53:1270 samples completed in 85.413074s, Avg_time=0.067254. n_errors=0
R49:1650 samples completed in 86.760397s, Avg_time=0.052582. n_errors=0
R31:1760 samples completed in 86.955827s, Avg_time=0.049407. n_errors=0
R1:1730 samples completed in 87.887150s, Avg_time=0.050802. n_errors=0
R47:1200 samples completed in 88.105692s, Avg_time=0.073421. n_errors=0
R23:1240 samples completed in 88.487386s, Avg_time=0.071361. n_errors=0
R63:1280 samples completed in 88.486159s, Avg_time=0.069130. n_errors=0
R25:1690 samples completed in 88.593846s, Avg_time=0.052422. n_errors=0
R59:1340 samples completed in 89.189308s, Avg_time=0.066559. n_errors=0
R7:1800 samples completed in 90.022886s, Avg_time=0.050013. n_errors=0
R21:1750 samples completed in 90.070726s, Avg_time=0.051469. n_errors=0
R29:1310 samples completed in 90.478864s, Avg_time=0.069068. n_errors=0
R27:1820 samples completed in 92.018481s, Avg_time=0.050560. n_errors=0
R3:1860 samples completed in 93.459853s, Avg_time=0.050247. n_errors=0
R33:1890 samples completed in 93.524168s, Avg_time=0.049484. n_errors=0
R37:1830 samples completed in 94.537162s, Avg_time=0.051660. n_errors=0
R13:1870 samples completed in 95.185441s, Avg_time=0.050901. n_errors=0
R45:1390 samples completed in 95.240106s, Avg_time=0.068518. n_errors=0
R39:1320 samples completed in 95.470885s, Avg_time=0.072326. n_errors=0
R55:1400 samples completed in 95.767695s, Avg_time=0.068405. n_errors=0
R19:1940 samples completed in 96.692974s, Avg_time=0.049842. n_errors=0
R9:1930 samples completed in 96.915653s, Avg_time=0.050215. n_errors=0
R35:1380 samples completed in 97.758103s, Avg_time=0.070839. n_errors=0
R5:1350 samples completed in 98.047411s, Avg_time=0.072628. n_errors=0
R43:1900 samples completed in 98.523579s, Avg_time=0.051855. n_errors=0
R11:1420 samples completed in 99.941092s, Avg_time=0.070381. n_errors=0
R15:2000 samples completed in 102.032387s, Avg_time=0.051016. n_errors=0
R61:1470 samples completed in 102.530420s, Avg_time=0.069749. n_errors=0
R51:1460 samples completed in 102.553382s, Avg_time=0.070242. n_errors=0
R31:2080 samples completed in 103.072410s, Avg_time=0.049554. n_errors=0
R49:1970 samples completed in 103.534919s, Avg_time=0.052556. n_errors=0
R1:2050 samples completed in 104.459893s, Avg_time=0.050956. n_errors=0
R41:2090 samples completed in 104.674951s, Avg_time=0.050084. n_errors=0
R25:2010 samples completed in 104.701184s, Avg_time=0.052090. n_errors=0
R57:1530 samples completed in 105.017536s, Avg_time=0.068639. n_errors=0
R7:2120 samples completed in 106.353698s, Avg_time=0.050167. n_errors=0
R21:2070 samples completed in 107.081176s, Avg_time=0.051730. n_errors=0
R17:1490 samples completed in 107.963518s, Avg_time=0.072459. n_errors=0
R27:2140 samples completed in 109.323195s, Avg_time=0.051086. n_errors=0
R33:2210 samples completed in 110.295242s, Avg_time=0.049907. n_errors=0
R3:2180 samples completed in 110.289721s, Avg_time=0.050592. n_errors=0
R53:1590 samples completed in 110.554860s, Avg_time=0.069531. n_errors=0
R13:2190 samples completed in 111.878853s, Avg_time=0.051086. n_errors=0
R37:2150 samples completed in 112.006179s, Avg_time=0.052096. n_errors=0
R23:1560 samples completed in 112.368806s, Avg_time=0.072031. n_errors=0
R63:1600 samples completed in 112.559552s, Avg_time=0.070350. n_errors=0
R47:1520 samples completed in 112.757438s, Avg_time=0.074183. n_errors=0
R19:2260 samples completed in 113.205142s, Avg_time=0.050091. n_errors=0
R43:2220 samples completed in 114.826972s, Avg_time=0.051724. n_errors=0
R29:1630 samples completed in 115.018709s, Avg_time=0.070564. n_errors=0
R15:2320 samples completed in 117.678767s, Avg_time=0.050724. n_errors=0
R39:1640 samples completed in 118.891496s, Avg_time=0.072495. n_errors=0
R45:1710 samples completed in 119.289853s, Avg_time=0.069760. n_errors=0
R55:1720 samples completed in 119.277023s, Avg_time=0.069347. n_errors=0
R31:2400 samples completed in 119.864080s, Avg_time=0.049943. n_errors=0
R35:1700 samples completed in 121.049363s, Avg_time=0.071206. n_errors=0
R5:1670 samples completed in 121.051836s, Avg_time=0.072486. n_errors=0
R41:2410 samples completed in 121.226606s, Avg_time=0.050301. n_errors=0
R49:2290 samples completed in 121.312108s, Avg_time=0.052975. n_errors=0
R25:2330 samples completed in 121.397827s, Avg_time=0.052102. n_errors=0
R1:2370 samples completed in 121.400526s, Avg_time=0.051224. n_errors=0
R11:1740 samples completed in 123.302384s, Avg_time=0.070863. n_errors=0
R7:2440 samples completed in 123.307295s, Avg_time=0.050536. n_errors=0
R21:2390 samples completed in 123.500270s, Avg_time=0.051674. n_errors=0
R33:2530 samples completed in 125.421283s, Avg_time=0.049574. n_errors=0
R27:2460 samples completed in 125.418382s, Avg_time=0.050983. n_errors=0
R3:2500 samples completed in 125.414597s, Avg_time=0.050166. n_errors=0
R61:1790 samples completed in 125.482149s, Avg_time=0.070102. n_errors=0
R51:1780 samples completed in 125.430899s, Avg_time=0.070467. n_errors=0
R57:1850 samples completed in 127.901346s, Avg_time=0.069136. n_errors=0
R13:2510 samples completed in 128.228986s, Avg_time=0.051087. n_errors=0
R37:2470 samples completed in 128.947362s, Avg_time=0.052205. n_errors=0
R9:2570 samples completed in 128.948051s, Avg_time=0.050174. n_errors=0
R17:1810 samples completed in 129.878424s, Avg_time=0.071756. n_errors=0
R43:2540 samples completed in 131.389246s, Avg_time=0.051728. n_errors=0
R53:1910 samples completed in 131.949411s, Avg_time=0.069083. n_errors=0
R15:2640 samples completed in 133.179771s, Avg_time=0.050447. n_errors=0
R63:1920 samples completed in 133.790917s, Avg_time=0.069683. n_errors=0
R23:1880 samples completed in 134.013392s, Avg_time=0.071284. n_errors=0
R59:1980 samples completed in 134.169110s, Avg_time=0.067762. n_errors=0
R47:1840 samples completed in 134.478053s, Avg_time=0.073086. n_errors=0
R31:2720 samples completed in 136.330809s, Avg_time=0.050122. n_errors=0
R29:1950 samples completed in 136.493163s, Avg_time=0.069996. n_errors=0
R41:2730 samples completed in 137.757549s, Avg_time=0.050461. n_errors=0
R1:2690 samples completed in 137.787362s, Avg_time=0.051222. n_errors=0
R25:2650 samples completed in 137.854672s, Avg_time=0.052021. n_errors=0
R49:2610 samples completed in 137.900798s, Avg_time=0.052836. n_errors=0
R7:2760 samples completed in 139.288565s, Avg_time=0.050467. n_errors=0
R21:2710 samples completed in 139.413462s, Avg_time=0.051444. n_errors=0
R55:2040 samples completed in 140.386864s, Avg_time=0.068817. n_errors=0
R45:2030 samples completed in 140.399865s, Avg_time=0.069162. n_errors=0
R27:2780 samples completed in 140.779406s, Avg_time=0.050640. n_errors=0
R33:2850 samples completed in 140.983703s, Avg_time=0.049468. n_errors=0
R3:2820 samples completed in 141.096538s, Avg_time=0.050034. n_errors=0
R39:1960 samples completed in 141.371927s, Avg_time=0.072129. n_errors=0
R5:1990 samples completed in 142.758395s, Avg_time=0.071738. n_errors=0
R35:2020 samples completed in 142.868509s, Avg_time=0.070727. n_errors=0
R13:2830 samples completed in 144.483117s, Avg_time=0.051054. n_errors=0
R11:2060 samples completed in 144.501876s, Avg_time=0.070147. n_errors=0
R9:2890 samples completed in 144.598943s, Avg_time=0.050034. n_errors=0
R37:2790 samples completed in 145.927922s, Avg_time=0.052304. n_errors=0
R19:2900 samples completed in 146.787416s, Avg_time=0.050616. n_errors=0
R51:2100 samples completed in 147.260430s, Avg_time=0.070124. n_errors=0
R43:2860 samples completed in 147.445285s, Avg_time=0.051554. n_errors=0
R61:2110 samples completed in 147.557772s, Avg_time=0.069933. n_errors=0
R15:2960 samples completed in 148.920035s, Avg_time=0.050311. n_errors=0
R57:2170 samples completed in 149.664938s, Avg_time=0.068970. n_errors=0
R17:2130 samples completed in 150.901650s, Avg_time=0.070846. n_errors=0
R31:3040 samples completed in 151.919035s, Avg_time=0.049973. n_errors=0
R41:3050 samples completed in 152.775743s, Avg_time=0.050090. n_errors=0
R1:3010 samples completed in 152.908735s, Avg_time=0.050800. n_errors=0
R25:2970 samples completed in 153.277140s, Avg_time=0.051608. n_errors=0
R53:2230 samples completed in 153.929970s, Avg_time=0.069027. n_errors=0
R21:3030 samples completed in 155.226642s, Avg_time=0.051230. n_errors=0
R7:3080 samples completed in 155.540398s, Avg_time=0.050500. n_errors=0
R49:2930 samples completed in 155.579654s, Avg_time=0.053099. n_errors=0
R23:2200 samples completed in 155.619529s, Avg_time=0.070736. n_errors=0
R59:2300 samples completed in 155.817245s, Avg_time=0.067747. n_errors=0
R27:3100 samples completed in 155.861661s, Avg_time=0.050278. n_errors=0
R63:2240 samples completed in 156.002263s, Avg_time=0.069644. n_errors=0
R33:3170 samples completed in 156.986975s, Avg_time=0.049523. n_errors=0
R3:3140 samples completed in 157.233244s, Avg_time=0.050074. n_errors=0
R29:2270 samples completed in 157.320688s, Avg_time=0.069304. n_errors=0
R47:2160 samples completed in 157.493901s, Avg_time=0.072914. n_errors=0
R9:3210 samples completed in 160.130470s, Avg_time=0.049885. n_errors=0
R13:3150 samples completed in 160.256683s, Avg_time=0.050875. n_errors=0
R19:3220 samples completed in 162.312371s, Avg_time=0.050408. n_errors=0
R55:2360 samples completed in 163.273990s, Avg_time=0.069184. n_errors=0
R45:2350 samples completed in 163.322004s, Avg_time=0.069499. n_errors=0
R37:3110 samples completed in 163.550990s, Avg_time=0.052589. n_errors=0
R43:3180 samples completed in 163.559434s, Avg_time=0.051434. n_errors=0
R5:2310 samples completed in 165.521064s, Avg_time=0.071654. n_errors=0
R15:3280 samples completed in 165.760142s, Avg_time=0.050537. n_errors=0
R39:2280 samples completed in 166.020022s, Avg_time=0.072816. n_errors=0
R35:2340 samples completed in 166.714152s, Avg_time=0.071245. n_errors=0
R11:2380 samples completed in 167.626306s, Avg_time=0.070431. n_errors=0
R31:3360 samples completed in 167.902862s, Avg_time=0.049971. n_errors=0
R41:3370 samples completed in 168.433657s, Avg_time=0.049980. n_errors=0
R1:3330 samples completed in 168.633520s, Avg_time=0.050641. n_errors=0
R51:2420 samples completed in 169.639904s, Avg_time=0.070099. n_errors=0
R61:2430 samples completed in 170.065902s, Avg_time=0.069986. n_errors=0
R25:3290 samples completed in 170.482184s, Avg_time=0.051818. n_errors=0
R7:3400 samples completed in 171.431142s, Avg_time=0.050421. n_errors=0

R57:2490 samples completed in 171.940515s, Avg_time=0.069052. n_errors=0
R27:3420 samples completed in 172.410076s, Avg_time=0.050412. n_errors=0
R3:3460 samples completed in 172.703007s, Avg_time=0.049914. n_errors=0
R33:3490 samples completed in 172.824379s, Avg_time=0.049520. n_errors=0
R49:3250 samples completed in 172.852160s, Avg_time=0.053185. n_errors=0
R17:2450 samples completed in 173.890209s, Avg_time=0.070976. n_errors=0
R9:3530 samples completed in 175.292893s, Avg_time=0.049658. n_errors=0
R53:2550 samples completed in 176.330601s, Avg_time=0.069149. n_errors=0
R13:3470 samples completed in 176.692718s, Avg_time=0.050920. n_errors=0
R19:3540 samples completed in 177.634153s, Avg_time=0.050179. n_errors=0
R23:2520 samples completed in 177.904355s, Avg_time=0.070597. n_errors=0
R63:2560 samples completed in 178.099831s, Avg_time=0.069570. n_errors=0
R59:2620 samples completed in 178.135766s, Avg_time=0.067991. n_errors=0
R43:3500 samples completed in 179.374660s, Avg_time=0.051250. n_errors=0
R37:3430 samples completed in 180.334572s, Avg_time=0.052576. n_errors=0
R29:2590 samples completed in 180.356560s, Avg_time=0.069636. n_errors=0
R15:3600 samples completed in 181.925804s, Avg_time=0.050535. n_errors=0
R47:2480 samples completed in 183.486836s, Avg_time=0.073987. n_errors=0
R31:3680 samples completed in 183.687993s, Avg_time=0.049915. n_errors=0
R41:3690 samples completed in 184.080001s, Avg_time=0.049886. n_errors=0
R1:3650 samples completed in 184.130331s, Avg_time=0.050447. n_errors=0
R55:2680 samples completed in 184.702017s, Avg_time=0.068919. n_errors=0
R45:2670 samples completed in 185.151367s, Avg_time=0.069345. n_errors=0
R21:3670 samples completed in 186.102117s, Avg_time=0.050709. n_errors=0
R25:3610 samples completed in 186.559603s, Avg_time=0.051679. n_errors=0
R7:3720 samples completed in 186.566698s, Avg_time=0.050152. n_errors=0
R27:3740 samples completed in 187.133044s, Avg_time=0.050036. n_errors=0
R3:3780 samples completed in 187.244264s, Avg_time=0.049536. n_errors=0
R5:2630 samples completed in 187.323984s, Avg_time=0.071226. n_errors=0
R33:3810 samples completed in 187.685309s, Avg_time=0.049261. n_errors=0
R35:2660 samples completed in 189.262867s, Avg_time=0.071151. n_errors=0
R11:2700 samples completed in 189.264835s, Avg_time=0.070098. n_errors=0
R39:2600 samples completed in 189.899217s, Avg_time=0.073038. n_errors=0
R9:3850 samples completed in 190.130334s, Avg_time=0.049385. n_errors=0
R49:3570 samples completed in 190.348985s, Avg_time=0.053319. n_errors=0
R51:2740 samples completed in 191.422884s, Avg_time=0.069862. n_errors=0
R13:3790 samples completed in 192.106865s, Avg_time=0.050688. n_errors=0
R19:3860 samples completed in 192.176567s, Avg_time=0.049787. n_errors=0
R61:2750 samples completed in 192.577683s, Avg_time=0.070028. n_errors=0
R57:2810 samples completed in 193.362791s, Avg_time=0.068812. n_errors=0
R43:3820 samples completed in 193.381837s, Avg_time=0.050624. n_errors=0
R17:2770 samples completed in 195.662249s, Avg_time=0.070636. n_errors=0
R37:3750 samples completed in 196.834358s, Avg_time=0.052489. n_errors=0
R53:2870 samples completed in 197.296810s, Avg_time=0.068745. n_errors=0
R59:2940 samples completed in 199.814264s, Avg_time=0.067964. n_errors=0
R23:2840 samples completed in 199.851202s, Avg_time=0.070370. n_errors=0
R63:2880 samples completed in 199.948642s, Avg_time=0.069427. n_errors=0
R29:2910 samples completed in 201.060080s, Avg_time=0.069093. n_errors=0
R45:2990 samples completed in 205.345208s, Avg_time=0.068677. n_errors=0
R47:2800 samples completed in 205.642562s, Avg_time=0.073444. n_errors=0
R55:3000 samples completed in 205.765255s, Avg_time=0.068588. n_errors=0
R5:2950 samples completed in 208.004413s, Avg_time=0.070510. n_errors=0
R35:2980 samples completed in 210.131146s, Avg_time=0.070514. n_errors=0
R11:3020 samples completed in 210.220522s, Avg_time=0.069609. n_errors=0
R39:2920 samples completed in 211.807044s, Avg_time=0.072537. n_errors=0
R51:3060 samples completed in 212.117699s, Avg_time=0.069320. n_errors=0
R57:3130 samples completed in 214.103641s, Avg_time=0.068404. n_errors=0
R61:3070 samples completed in 214.321020s, Avg_time=0.069811. n_errors=0
R17:3090 samples completed in 216.523095s, Avg_time=0.070072. n_errors=0
R53:3190 samples completed in 218.500737s, Avg_time=0.068496. n_errors=0
R63:3200 samples completed in 220.489442s, Avg_time=0.068903. n_errors=0
R23:3160 samples completed in 220.562025s, Avg_time=0.069798. n_errors=0
R59:3260 samples completed in 221.011055s, Avg_time=0.067795. n_errors=0
R29:3230 samples completed in 222.777023s, Avg_time=0.068971. n_errors=0
R47:3120 samples completed in 226.112379s, Avg_time=0.072472. n_errors=0
R45:3310 samples completed in 227.197802s, Avg_time=0.068640. n_errors=0
R55:3320 samples completed in 227.289122s, Avg_time=0.068461. n_errors=0
R5:3270 samples completed in 229.723113s, Avg_time=0.070252. n_errors=0
R11:3340 samples completed in 231.031807s, Avg_time=0.069171. n_errors=0
R35:3300 samples completed in 231.202342s, Avg_time=0.070061. n_errors=0
R39:3240 samples completed in 232.671702s, Avg_time=0.071812. n_errors=0
R51:3380 samples completed in 232.868350s, Avg_time=0.068896. n_errors=0
R57:3450 samples completed in 235.287827s, Avg_time=0.068199. n_errors=0
R61:3390 samples completed in 235.592571s, Avg_time=0.069496. n_errors=0
R17:3410 samples completed in 238.168632s, Avg_time=0.069844. n_errors=0
R53:3510 samples completed in 239.536597s, Avg_time=0.068244. n_errors=0
R63:3520 samples completed in 241.785673s, Avg_time=0.068689. n_errors=0
R59:3580 samples completed in 241.968746s, Avg_time=0.067589. n_errors=0
R23:3480 samples completed in 241.965979s, Avg_time=0.069530. n_errors=0
R29:3550 samples completed in 243.897394s, Avg_time=0.068703. n_errors=0
R45:3630 samples completed in 247.345335s, Avg_time=0.068139. n_errors=0
R55:3640 samples completed in 247.789239s, Avg_time=0.068074. n_errors=0
R47:3440 samples completed in 248.352575s, Avg_time=0.072196. n_errors=0
R5:3590 samples completed in 249.951342s, Avg_time=0.069624. n_errors=0
R35:3620 samples completed in 251.209621s, Avg_time=0.069395. n_errors=0
R11:3660 samples completed in 251.587472s, Avg_time=0.068740. n_errors=0
R51:3700 samples completed in 253.707775s, Avg_time=0.068570. n_errors=0
R39:3560 samples completed in 254.230244s, Avg_time=0.071413. n_errors=0
R57:3770 samples completed in 255.695360s, Avg_time=0.067824. n_errors=0
R61:3710 samples completed in 255.698744s, Avg_time=0.068921. n_errors=0
R17:3730 samples completed in 259.371576s, Avg_time=0.069537. n_errors=0
R53:3830 samples completed in 259.654783s, Avg_time=0.067795. n_errors=0
R23:3800 samples completed in 260.792372s, Avg_time=0.068630. n_errors=0
R63:3840 samples completed in 260.920557s, Avg_time=0.067948. n_errors=0
R47:3760 samples completed in 268.876686s, Avg_time=0.071510. n_errors=0
ALL SIMULATIONS COMPLETE FOR ALL RANKS
MERGING FILES
from_file
ANALYZE RESULTS
--------------------------------------------------------------------------------
                             Descriptive Statistics                             
--------------------------------------------------------------------------------

     qoi_names       qoi_target     mean         std    
Ni_fcc.E_coh         -4.4500e+00 -4.0060e+00 +7.2231e-01
Ni_fcc.a0            +3.5200e+00 +3.4661e+00 +5.4900e-02
Ni_fcc.c11           +2.6100e+02 +3.0348e+02 +5.6926e+01
Ni_fcc.c12           +1.5100e+02 +2.0387e+02 +3.9486e+01
Ni_fcc.c44           +1.3200e+02 +1.2859e+02 +2.2964e+01
Ni_fcc.B             +1.8800e+02 +2.3707e+02 +4.4859e+01
Ni_fcc.G             +1.0100e+02 +4.9803e+01 +1.0985e+01
Ni_fcc.vac           +1.6000e+00 +1.3921e+00 +1.9718e-01
Ni_fcc.100s          +1.4780e-01 +8.9941e-02 +1.4201e-02
Ni_fcc.110s          +1.2550e-01 +9.9448e-02 +1.5700e-02
Ni_fcc.111s          +1.5140e-01 +7.9547e-02 +1.3032e-02
Ni_fcc.isf           +8.8600e-03 -1.5967e-04 +2.2510e-04
E_Ni_fcc_hcp         +2.0000e-02 -3.6388e-04 +3.1510e-03
E_Ni_fcc_bcc         +1.3000e-01 +7.1949e-02 +2.4066e-02
E_Ni_fcc_dia         +1.8000e+00 +1.0829e+00 +4.2350e-01

--------------------------------------------------------------------------------
                             qoi filtering summary                              
--------------------------------------------------------------------------------
filter_by_qoi_constraints                                                       
-------------------------
short_description    n_survived pct_survived
Ni_fcc.E_coh.abserr < 2       3866  100.0000%
Ni_fcc.a0.abserr < 3.52       3866  100.0000%
Ni_fcc.c11.abserr < 261.0       3866  100.0000%
Ni_fcc.c12.abserr < 151.0       3866  100.0000%
Ni_fcc.c44.abserr < 132.0       3866  100.0000%
Ni_fcc.B.abserr < 261.0       3866  100.0000%
Ni_fcc.G.abserr < 151.0       3866  100.0000%
Ni_fcc.vac < 151.0         3866  100.0000%
Ni_fcc.110s < 0.1255       3866  100.0000%
Ni_fcc.100s < 0.1478       3866  100.0000%
Ni_fcc.111s < 0.1514       3866  100.0000%
Ni_fcc.isf.abserr < 0.00886        641   16.5804%
E_Ni_fcc_bcc > 0.0         3866  100.0000%
E_Ni_fcc_hcp > 0.0          632   16.3476%
E_Ni_fcc_dia > 0.0         3866  100.0000%
n_potentials_start=3866
n_potentials_final=631
pct_potentials_final=0.16321779617175375

--------------------------------------------------------------------------------
filter_by_pareto_membership                                                     
---------------------------
n_potentials_start:3866
n_potentials_final:2000
pct_potentials_final:0.5173305742369374

--------------------------------------------------------------------------------
filter_by_cost_function                                                         
-----------------------
loss_function_type:abs_error
cost_function_type:weighted_sum
      qoi_name       qoi_weight
-------------------- ----------
    Ni_fcc.E_coh     1.1606e-03
     Ni_fcc.a0       1.4673e-03
     Ni_fcc.c11      1.9788e-05
     Ni_fcc.c12      3.4204e-05
     Ni_fcc.c44      3.9127e-05
      Ni_fcc.B       2.7472e-05
      Ni_fcc.G       5.1136e-05
     Ni_fcc.vac      3.2280e-03
    Ni_fcc.100s      3.4944e-02
    Ni_fcc.110s      4.1153e-02
    Ni_fcc.111s      3.4113e-02
     Ni_fcc.isf      5.8293e-01
    E_Ni_fcc_hcp     2.5824e-01
    E_Ni_fcc_bcc     3.9729e-02
    E_Ni_fcc_dia     2.8693e-03
pct_to_keep:0.95
n_potentials_min:500
n_potentials_max:10000
n_potentials_start:3866
n_potentials_final:3672

--------------------------------------------------------------------------------
final analysis
--------------
n_potentials_start:3866
n_potentials_final:324
pct_to_keep:0.08380755302638386

--------------------------------------------------------------------------------
JOBCOMPLETE
