['p_NiNi_phi0', 'p_NiNi_gamma', 'p_NiNi_r0 = r0', 'd_Ni_rho0', 'd_Ni_beta', 'd_Ni_r0', 'e_Ni_ecoh', 'e_Ni_B', 'e_Ni_a0']
['Ni_fcc.E_coh', 'Ni_fcc.a0', 'Ni_fcc.c11', 'Ni_fcc.c12', 'Ni_fcc.c44', 'Ni_fcc.B', 'Ni_fcc.G', 'Ni_fcc.vac', 'Ni_fcc.100s', 'Ni_fcc.110s', 'Ni_fcc.111s', 'Ni_fcc.isf', 'E_Ni_fcc_hcp', 'E_Ni_fcc_bcc', 'E_Ni_fcc_sc', 'E_Ni_fcc_dia']
['Ni_fcc.E_coh.err', 'Ni_fcc.a0.err', 'Ni_fcc.c11.err', 'Ni_fcc.c12.err', 'Ni_fcc.c44.err', 'Ni_fcc.B.err', 'Ni_fcc.G.err', 'Ni_fcc.vac.err', 'Ni_fcc.100s.err', 'Ni_fcc.110s.err', 'Ni_fcc.111s.err', 'Ni_fcc.isf.err', 'E_Ni_fcc_hcp.err', 'E_Ni_fcc_bcc.err', 'E_Ni_fcc_sc.err', 'E_Ni_fcc_dia.err']
--------------------------------------------------------------------------------
                         MPI COMMUNICATION INFORMATION                          
--------------------------------------------------------------------------------
mpi_size=1
--------------------------------------------------------------------------------
                             GENERATED RANDOM SEEDS                             
--------------------------------------------------------------------------------

rv_seed=1958847917

  rank     iter      seed   
-------- -------- ----------
   0        0     1404855178
   0        1      908964759
   0        2      402487976
   0        3     1831408808
   0        4     2067042360
   0        5     1837717290
   0        6      100175987
   0        7     1004363561
   0        8      395334585
   0        9     2138982432
   0        10     202484448
   0        11    1851223126
   0        12     494520606
   0        13    1217656926
   0        14    1212258445
   0        15    1188041464
   0        16    1037627593
   0        17    1378354346
   0        18      60393941
   0        19    1740475731
--------------------------------------------------------------------------------
BEGIN ITERATION 1/20                                                            
--------------------------------------------------------------------------------
--------------------------------------------------------------------------------
_mc_sample_type=from_file
['p_NiNi_phi0', 'p_NiNi_gamma', 'p_NiNi_r0 = r0', 'd_Ni_rho0', 'd_Ni_beta', 'd_Ni_r0', 'e_Ni_ecoh', 'e_Ni_B', 'e_Ni_a0']
['Ni_fcc.E_coh', 'Ni_fcc.a0', 'Ni_fcc.c11', 'Ni_fcc.c12', 'Ni_fcc.c44', 'Ni_fcc.B', 'Ni_fcc.G', 'Ni_fcc.vac', 'Ni_fcc.100s', 'Ni_fcc.110s', 'Ni_fcc.111s', 'Ni_fcc.isf', 'E_Ni_fcc_hcp', 'E_Ni_fcc_bcc', 'E_Ni_fcc_sc', 'E_Ni_fcc_dia']
['Ni_fcc.E_coh.err', 'Ni_fcc.a0.err', 'Ni_fcc.c11.err', 'Ni_fcc.c12.err', 'Ni_fcc.c44.err', 'Ni_fcc.B.err', 'Ni_fcc.G.err', 'Ni_fcc.vac.err', 'Ni_fcc.100s.err', 'Ni_fcc.110s.err', 'Ni_fcc.111s.err', 'Ni_fcc.isf.err', 'E_Ni_fcc_hcp.err', 'E_Ni_fcc_bcc.err', 'E_Ni_fcc_sc.err', 'E_Ni_fcc_dia.err']
--------------------------------------------------------------------------------
                         MPI COMMUNICATION INFORMATION                          
--------------------------------------------------------------------------------
mpi_size=1
--------------------------------------------------------------------------------
                             GENERATED RANDOM SEEDS                             
--------------------------------------------------------------------------------

rv_seed=1935789543

  rank     iter      seed   
-------- -------- ----------
   0        0      962274536
   0        1      791345122
   0        2      422577637
   0        3     1150592548
   0        4     1265987317
   0        5      712307321
   0        6      547115881
   0        7      615516721
   0        8      137906357
   0        9      711969356
   0        10     295244862
   0        11    1537810682
   0        12     461202917
   0        13     433557358
   0        14    1918988842
   0        15    1097099501
   0        16     547418423
   0        17    1798437526
   0        18     386887188
   0        19    1701068860
--------------------------------------------------------------------------------
BEGIN ITERATION 1/20                                                            
--------------------------------------------------------------------------------
--------------------------------------------------------------------------------
_mc_sample_type=parametric
['p_NiNi_phi0', 'p_NiNi_gamma', 'p_NiNi_r0 = r0', 'd_Ni_rho0', 'd_Ni_beta', 'd_Ni_r0', 'e_Ni_ecoh', 'e_Ni_B', 'e_Ni_a0']
['Ni_fcc.E_coh', 'Ni_fcc.a0', 'Ni_fcc.c11', 'Ni_fcc.c12', 'Ni_fcc.c44', 'Ni_fcc.B', 'Ni_fcc.G', 'Ni_fcc.vac', 'Ni_fcc.100s', 'Ni_fcc.110s', 'Ni_fcc.111s', 'Ni_fcc.isf', 'E_Ni_fcc_hcp', 'E_Ni_fcc_bcc', 'E_Ni_fcc_sc', 'E_Ni_fcc_dia']
['Ni_fcc.E_coh.err', 'Ni_fcc.a0.err', 'Ni_fcc.c11.err', 'Ni_fcc.c12.err', 'Ni_fcc.c44.err', 'Ni_fcc.B.err', 'Ni_fcc.G.err', 'Ni_fcc.vac.err', 'Ni_fcc.100s.err', 'Ni_fcc.110s.err', 'Ni_fcc.111s.err', 'Ni_fcc.isf.err', 'E_Ni_fcc_hcp.err', 'E_Ni_fcc_bcc.err', 'E_Ni_fcc_sc.err', 'E_Ni_fcc_dia.err']
--------------------------------------------------------------------------------
                         MPI COMMUNICATION INFORMATION                          
--------------------------------------------------------------------------------
mpi_size=1
--------------------------------------------------------------------------------
                             GENERATED RANDOM SEEDS                             
--------------------------------------------------------------------------------

rv_seed=83815115

  rank     iter      seed   
-------- -------- ----------
   0        0        2221493
   0        1        7004928
   0        2      405269072
   0        3     1441374387
   0        4      280398463
   0        5        2976190
   0        6     1456772610
   0        7     1207507711
   0        8     1904718519
   0        9      821309290
   0        10    1173663414
   0        11    1986062934
   0        12    1336186015
   0        13    1145045362
   0        14    1737498080
   0        15     741492219
   0        16     373791571
   0        17     771344343
   0        18    1983765788
   0        19    1375571190
--------------------------------------------------------------------------------
BEGIN ITERATION 1/20                                                            
--------------------------------------------------------------------------------
--------------------------------------------------------------------------------
_mc_sample_type=parametric
['p_NiNi_phi0', 'p_NiNi_gamma', 'p_NiNi_r0', 'd_Ni_rho0', 'd_Ni_beta', 'd_Ni_r0', 'e_Ni_ecoh', 'e_Ni_B', 'e_Ni_a0']
['Ni_fcc.E_coh', 'Ni_fcc.a0', 'Ni_fcc.c11', 'Ni_fcc.c12', 'Ni_fcc.c44', 'Ni_fcc.B', 'Ni_fcc.G', 'Ni_fcc.vac', 'Ni_fcc.100s', 'Ni_fcc.110s', 'Ni_fcc.111s', 'Ni_fcc.isf', 'E_Ni_fcc_hcp', 'E_Ni_fcc_bcc', 'E_Ni_fcc_sc', 'E_Ni_fcc_dia']
['Ni_fcc.E_coh.err', 'Ni_fcc.a0.err', 'Ni_fcc.c11.err', 'Ni_fcc.c12.err', 'Ni_fcc.c44.err', 'Ni_fcc.B.err', 'Ni_fcc.G.err', 'Ni_fcc.vac.err', 'Ni_fcc.100s.err', 'Ni_fcc.110s.err', 'Ni_fcc.111s.err', 'Ni_fcc.isf.err', 'E_Ni_fcc_hcp.err', 'E_Ni_fcc_bcc.err', 'E_Ni_fcc_sc.err', 'E_Ni_fcc_dia.err']
--------------------------------------------------------------------------------
                         MPI COMMUNICATION INFORMATION                          
--------------------------------------------------------------------------------
mpi_size=1
--------------------------------------------------------------------------------
                             GENERATED RANDOM SEEDS                             
--------------------------------------------------------------------------------

rv_seed=1287593013

  rank     iter      seed   
-------- -------- ----------
   0        0      688723981
   0        1      591890557
   0        2       37400210
   0        3     2117770993
   0        4     2069450558
   0        5     1147336838
   0        6      570164206
   0        7     1709210627
   0        8       26513231
   0        9      802331652
   0        10     917513594
   0        11    1071946322
   0        12      20431857
   0        13     303062458
   0        14    1395997673
   0        15    1164195231
   0        16    1558540160
   0        17     417997503
   0        18     106636127
   0        19    1283322999
--------------------------------------------------------------------------------
BEGIN ITERATION 1/20                                                            
--------------------------------------------------------------------------------
--------------------------------------------------------------------------------
_mc_sample_type=parametric
['p_NiNi_phi0', 'p_NiNi_gamma', 'p_NiNi_r0', 'd_Ni_rho0', 'd_Ni_beta', 'd_Ni_r0', 'e_Ni_latticetype', 'e_Ni_ecoh', 'e_Ni_B', 'e_Ni_a0']
['Ni_fcc.E_coh', 'Ni_fcc.a0', 'Ni_fcc.c11', 'Ni_fcc.c12', 'Ni_fcc.c44', 'Ni_fcc.B', 'Ni_fcc.G', 'Ni_fcc.vac', 'Ni_fcc.100s', 'Ni_fcc.110s', 'Ni_fcc.111s', 'Ni_fcc.isf', 'E_Ni_fcc_hcp', 'E_Ni_fcc_bcc', 'E_Ni_fcc_sc', 'E_Ni_fcc_dia']
['Ni_fcc.E_coh.err', 'Ni_fcc.a0.err', 'Ni_fcc.c11.err', 'Ni_fcc.c12.err', 'Ni_fcc.c44.err', 'Ni_fcc.B.err', 'Ni_fcc.G.err', 'Ni_fcc.vac.err', 'Ni_fcc.100s.err', 'Ni_fcc.110s.err', 'Ni_fcc.111s.err', 'Ni_fcc.isf.err', 'E_Ni_fcc_hcp.err', 'E_Ni_fcc_bcc.err', 'E_Ni_fcc_sc.err', 'E_Ni_fcc_dia.err']
--------------------------------------------------------------------------------
                         MPI COMMUNICATION INFORMATION                          
--------------------------------------------------------------------------------
mpi_size=1
--------------------------------------------------------------------------------
                             GENERATED RANDOM SEEDS                             
--------------------------------------------------------------------------------

rv_seed=1277720958

  rank     iter      seed   
-------- -------- ----------
   0        0       95485349
   0        1      113509514
   0        2      434229811
   0        3      174112034
   0        4      524657630
   0        5      432173210
   0        6      640555092
   0        7      503488423
   0        8      842003092
   0        9     2064399527
   0        10     779946652
   0        11    1745763233
   0        12     206511192
   0        13    1448506257
   0        14     786533701
   0        15    1764936240
   0        16    1422886345
   0        17     883023393
   0        18    2000538728
   0        19    1697771066
--------------------------------------------------------------------------------
BEGIN ITERATION 1/20                                                            
--------------------------------------------------------------------------------
--------------------------------------------------------------------------------
_mc_sample_type=parametric
['p_NiNi_phi0', 'p_NiNi_gamma', 'p_NiNi_r0', 'd_Ni_rho0', 'd_Ni_beta', 'd_Ni_r0', 'e_Ni_latticetype', 'e_Ni_ecoh', 'e_Ni_B', 'e_Ni_a0']
['Ni_fcc.E_coh', 'Ni_fcc.a0', 'Ni_fcc.c11', 'Ni_fcc.c12', 'Ni_fcc.c44', 'Ni_fcc.B', 'Ni_fcc.G', 'Ni_fcc.vac', 'Ni_fcc.100s', 'Ni_fcc.110s', 'Ni_fcc.111s', 'Ni_fcc.isf', 'E_Ni_fcc_hcp', 'E_Ni_fcc_bcc', 'E_Ni_fcc_sc', 'E_Ni_fcc_dia']
['Ni_fcc.E_coh.err', 'Ni_fcc.a0.err', 'Ni_fcc.c11.err', 'Ni_fcc.c12.err', 'Ni_fcc.c44.err', 'Ni_fcc.B.err', 'Ni_fcc.G.err', 'Ni_fcc.vac.err', 'Ni_fcc.100s.err', 'Ni_fcc.110s.err', 'Ni_fcc.111s.err', 'Ni_fcc.isf.err', 'E_Ni_fcc_hcp.err', 'E_Ni_fcc_bcc.err', 'E_Ni_fcc_sc.err', 'E_Ni_fcc_dia.err']
--------------------------------------------------------------------------------
                         MPI COMMUNICATION INFORMATION                          
--------------------------------------------------------------------------------
mpi_size=1
--------------------------------------------------------------------------------
                             GENERATED RANDOM SEEDS                             
--------------------------------------------------------------------------------

rv_seed=1630452484

  rank     iter      seed   
-------- -------- ----------
   0        0      224013009
   0        1     1631972974
   0        2     1413239275
   0        3     1233939644
   0        4     2146354456
   0        5      903851297
   0        6      760486400
   0        7      502074352
   0        8     1356567086
   0        9     1614906648
   0        10    1471450985
   0        11    1176524636
   0        12     496957108
   0        13     536835355
   0        14     367406804
   0        15    1983053124
   0        16      56761456
   0        17    2038113251
   0        18    1909653125
   0        19    2009814045
--------------------------------------------------------------------------------
BEGIN ITERATION 1/20                                                            
--------------------------------------------------------------------------------
--------------------------------------------------------------------------------
_mc_sample_type=parametric
['p_NiNi_phi0', 'p_NiNi_gamma', 'p_NiNi_r0', 'd_Ni_rho0', 'd_Ni_beta', 'd_Ni_r0', 'e_Ni_latticetype', 'e_Ni_ecoh', 'e_Ni_B', 'e_Ni_a0']
['Ni_fcc.E_coh', 'Ni_fcc.a0', 'Ni_fcc.c11', 'Ni_fcc.c12', 'Ni_fcc.c44', 'Ni_fcc.B', 'Ni_fcc.G', 'Ni_fcc.vac', 'Ni_fcc.100s', 'Ni_fcc.110s', 'Ni_fcc.111s', 'Ni_fcc.isf', 'E_Ni_fcc_hcp', 'E_Ni_fcc_bcc', 'E_Ni_fcc_sc', 'E_Ni_fcc_dia']
['Ni_fcc.E_coh.err', 'Ni_fcc.a0.err', 'Ni_fcc.c11.err', 'Ni_fcc.c12.err', 'Ni_fcc.c44.err', 'Ni_fcc.B.err', 'Ni_fcc.G.err', 'Ni_fcc.vac.err', 'Ni_fcc.100s.err', 'Ni_fcc.110s.err', 'Ni_fcc.111s.err', 'Ni_fcc.isf.err', 'E_Ni_fcc_hcp.err', 'E_Ni_fcc_bcc.err', 'E_Ni_fcc_sc.err', 'E_Ni_fcc_dia.err']
--------------------------------------------------------------------------------
                         MPI COMMUNICATION INFORMATION                          
--------------------------------------------------------------------------------
mpi_size=1
--------------------------------------------------------------------------------
                             GENERATED RANDOM SEEDS                             
--------------------------------------------------------------------------------

rv_seed=1075274931

  rank     iter      seed   
-------- -------- ----------
   0        0      219585546
   0        1     1612857946
   0        2      597046325
   0        3     1297233070
   0        4     2028188131
   0        5     1908089823
   0        6      390881727
   0        7     2032873907
   0        8      456406656
   0        9     1958952493
   0        10    1849583133
   0        11    1873725656
   0        12     857218607
   0        13    1159069331
   0        14    1417121310
   0        15    1144824982
   0        16     871077509
   0        17     187038830
   0        18     109167536
   0        19    1741354365
--------------------------------------------------------------------------------
BEGIN ITERATION 1/20                                                            
--------------------------------------------------------------------------------
--------------------------------------------------------------------------------
_mc_sample_type=parametric
['p_NiNi_phi0', 'p_NiNi_gamma', 'p_NiNi_r0', 'd_Ni_rho0', 'd_Ni_beta', 'd_Ni_r0', 'e_Ni_latticetype', 'e_Ni_ecoh', 'e_Ni_B', 'e_Ni_a0']
['Ni_fcc.E_coh', 'Ni_fcc.a0', 'Ni_fcc.c11', 'Ni_fcc.c12', 'Ni_fcc.c44', 'Ni_fcc.B', 'Ni_fcc.G', 'Ni_fcc.vac', 'Ni_fcc.100s', 'Ni_fcc.110s', 'Ni_fcc.111s', 'Ni_fcc.isf', 'E_Ni_fcc_hcp', 'E_Ni_fcc_bcc', 'E_Ni_fcc_sc', 'E_Ni_fcc_dia']
['Ni_fcc.E_coh.err', 'Ni_fcc.a0.err', 'Ni_fcc.c11.err', 'Ni_fcc.c12.err', 'Ni_fcc.c44.err', 'Ni_fcc.B.err', 'Ni_fcc.G.err', 'Ni_fcc.vac.err', 'Ni_fcc.100s.err', 'Ni_fcc.110s.err', 'Ni_fcc.111s.err', 'Ni_fcc.isf.err', 'E_Ni_fcc_hcp.err', 'E_Ni_fcc_bcc.err', 'E_Ni_fcc_sc.err', 'E_Ni_fcc_dia.err']
--------------------------------------------------------------------------------
                         MPI COMMUNICATION INFORMATION                          
--------------------------------------------------------------------------------
mpi_size=1
--------------------------------------------------------------------------------
                             GENERATED RANDOM SEEDS                             
--------------------------------------------------------------------------------

rv_seed=802451546

  rank     iter      seed   
-------- -------- ----------
   0        0     1079005742
   0        1      736323672
   0        2      649576877
   0        3        7943067
   0        4     1989035999
   0        5     1109658441
   0        6      866435174
   0        7      696723039
   0        8     1411577215
   0        9     1159174513
   0        10     913331399
   0        11     499235690
   0        12     108130847
   0        13     551557818
   0        14     659643915
   0        15    1281730068
   0        16     199518125
   0        17    1857129747
   0        18     554176703
   0        19     162134352
--------------------------------------------------------------------------------
BEGIN ITERATION 1/20                                                            
--------------------------------------------------------------------------------
--------------------------------------------------------------------------------
_mc_sample_type=parametric
['p_NiNi_phi0', 'p_NiNi_gamma', 'p_NiNi_r0', 'd_Ni_rho0', 'd_Ni_beta', 'd_Ni_r0', 'e_Ni_latticetype', 'e_Ni_ecoh', 'e_Ni_B', 'e_Ni_a0']
['Ni_fcc.E_coh', 'Ni_fcc.a0', 'Ni_fcc.c11', 'Ni_fcc.c12', 'Ni_fcc.c44', 'Ni_fcc.B', 'Ni_fcc.G', 'Ni_fcc.vac', 'Ni_fcc.100s', 'Ni_fcc.110s', 'Ni_fcc.111s', 'Ni_fcc.isf', 'E_Ni_fcc_hcp', 'E_Ni_fcc_bcc', 'E_Ni_fcc_sc', 'E_Ni_fcc_dia']
['Ni_fcc.E_coh.err', 'Ni_fcc.a0.err', 'Ni_fcc.c11.err', 'Ni_fcc.c12.err', 'Ni_fcc.c44.err', 'Ni_fcc.B.err', 'Ni_fcc.G.err', 'Ni_fcc.vac.err', 'Ni_fcc.100s.err', 'Ni_fcc.110s.err', 'Ni_fcc.111s.err', 'Ni_fcc.isf.err', 'E_Ni_fcc_hcp.err', 'E_Ni_fcc_bcc.err', 'E_Ni_fcc_sc.err', 'E_Ni_fcc_dia.err']
--------------------------------------------------------------------------------
                         MPI COMMUNICATION INFORMATION                          
--------------------------------------------------------------------------------
mpi_size=1
--------------------------------------------------------------------------------
                             GENERATED RANDOM SEEDS                             
--------------------------------------------------------------------------------

rv_seed=1216301964

  rank     iter      seed   
-------- -------- ----------
   0        0     1882580464
   0        1      177555273
   0        2     1361829166
   0        3     1409882655
   0        4     1226827770
   0        5      852996777
   0        6      861169561
   0        7      138186148
   0        8     1854105348
   0        9     1199681926
   0        10     193064727
   0        11    1954750944
   0        12    1905978315
   0        13     809349363
   0        14     366448746
   0        15     581488587
   0        16     365563453
   0        17    1778847654
   0        18    1603840191
   0        19     528996310
--------------------------------------------------------------------------------
BEGIN ITERATION 1/20                                                            
--------------------------------------------------------------------------------
--------------------------------------------------------------------------------
_mc_sample_type=parametric
