sim_id,p_NiNi_phi0,p_NiNi_gamma,p_NiNi_r0,d_Ni_rho0,d_Ni_beta,d_Ni_r0,e_Ni_latticetype,e_Ni_ecoh,e_Ni_B,e_Ni_a0,Ni_fcc.E_coh,Ni_fcc.a0,Ni_fcc.E_coh.err,Ni_fcc.a0.err
sim_id,param,param,param,param,param,param,param,param,param,param,qoi,qoi,err,err
0,1.68423385282,5.53894158873,2.489015869776647,1.72204911726,6.16967284049,2.489015869776647,fcc,-4.45,188.0,3.52,-3818258.921709675,2.35228096456939,-3818254.4717096747,-1.16771903543061
1,2.08426323529,6.27040368661,2.489015869776647,3.01242879853,6.49862247549,2.489015869776647,fcc,-4.45,188.0,3.52,-6360596.228025825,3.05448094215215,-6360591.778025825,-0.4655190578478501
2,1.28791508335,3.29130532405,2.489015869776647,1.4245767657,6.38180958048,2.489015869776647,fcc,-4.45,188.0,3.52,-822732.7070336175,2.09140412190035,-822728.2570336176,-1.42859587809965
4,2.96385868545,2.68295106529,2.489015869776647,3.58344296961,2.17861994484,2.489015869776647,fcc,-4.45,188.0,3.52,-4.448866367259675,3.51965458151994,0.0011336327403252966,-0.00034541848006020004
5,0.639389195285,6.22214794644,2.489015869776647,2.54206582421,3.51941646023,2.489015869776647,fcc,-4.45,188.0,3.52,-4.45263127330785,3.51822948163833,-0.0026312733078501793,-0.0017705183616700815
6,2.44137934534,2.33846276688,2.489015869776647,3.77902172144,3.58251542344,2.489015869776647,fcc,-4.45,188.0,3.52,-7316.58030701,4.1288197845025,-7312.13030701,0.6088197845025003
8,3.07169326725,6.20262162637,2.489015869776647,3.33683715546,3.96516411255,2.489015869776647,fcc,-4.45,188.0,3.52,-4.46781835210085,3.51816270858838,-0.01781835210084992,-0.0018372914116198125
9,2.88282008757,6.23172727589,2.489015869776647,2.48218817499,6.25670691023,2.489015869776647,fcc,-4.45,188.0,3.52,-4.772593499353675,9.13377112568107,-0.3225934993536752,5.613771125681071
10,1.26979180306,2.46273419769,2.489015869776647,3.72076658488,5.41162851324,2.489015869776647,fcc,-4.45,188.0,3.52,-68700.3947467615,2.24711005853259,-68695.94474676151,-1.27288994146741
11,1.44841102799,5.92800151491,2.489015869776647,1.72269843302,3.8846043704,2.489015869776647,fcc,-4.45,188.0,3.52,-4.4573617061507,3.51824110403716,-0.007361706150700087,-0.001758895962840068
14,2.89774235126,5.20429635312,2.489015869776647,2.53576708674,4.79084508751,2.489015869776647,fcc,-4.45,188.0,3.52,-4.476992994804375,3.52115290698736,-0.02699299480437478,0.0011529069873601472
15,2.00589334762,4.9308654152,2.489015869776647,2.13251804144,5.03543191701,2.489015869776647,fcc,-4.45,188.0,3.52,-21954.45121755,2.56587066483467,-21950.001217549998,-0.9541293351653302
16,0.894350204078,6.20115530869,2.489015869776647,2.68055554228,2.86346549217,2.489015869776647,fcc,-4.45,188.0,3.52,-4.4524902148212,3.51810797103213,-0.002490214821199821,-0.0018920289678701074
17,3.53626308989,5.45215840832,2.489015869776647,3.7207616429,2.2259271334,2.489015869776647,fcc,-4.45,188.0,3.52,-4.457207554490075,3.51800600834548,-0.007207554490074486,-0.0019939916545199665
18,0.491257919605,4.46890951159,2.489015869776647,3.79695707653,3.83837687432,2.489015869776647,fcc,-4.45,188.0,3.52,-4.451508139847925,3.51929163471397,-0.0015081398479246388,-0.0007083652860297995
19,1.19792581502,5.39914666023,2.489015869776647,1.47027741855,2.49981176743,2.489015869776647,fcc,-4.45,188.0,3.52,-4.45229677941885,3.51811115136859,-0.0022967794188497592,-0.001888848631410145
20,0.875207732838,2.07448654038,2.489015869776647,2.60672847581,5.05600814451,2.489015869776647,fcc,-4.45,188.0,3.52,-2736.5895782555,7.43032935460681,-2732.1395782555,3.91032935460681
22,1.25974608914,4.95870786228,2.489015869776647,3.7893795246,2.50993869936,2.489015869776647,fcc,-4.45,188.0,3.52,-4.4519559004804,3.51937649245249,-0.0019559004804001745,-0.0006235075475098384
23,0.708747903038,4.35262158523,2.489015869776647,3.60193257353,4.60310066497,2.489015869776647,fcc,-4.45,188.0,3.52,-5.276038701610325,9.70547783241362,-0.826038701610325,6.185477832413621
24,0.62386134495,3.19588305098,2.489015869776647,2.19050699485,2.96388525283,2.489015869776647,fcc,-4.45,188.0,3.52,-4.4501275183837,3.51920181206815,-0.00012751838369950974,-0.0007981879318501583
26,3.60773521588,5.08396035442,2.489015869776647,3.37858773095,5.73664089802,2.489015869776647,fcc,-4.45,188.0,3.52,-2870538.688994425,2.93957200573368,-2870534.2389944247,-0.5804279942663202
27,3.69261356152,2.42563362704,2.489015869776647,3.46081675416,6.60502673488,2.489015869776647,fcc,-4.45,188.0,3.52,-1712126.1797276074,0.910255632929198,-1712121.7297276075,-2.6097443670708023
28,3.69152097544,5.85772059108,2.489015869776647,1.05417093169,4.75160463842,2.489015869776647,fcc,-4.45,188.0,3.52,-4.488481783358975,3.51972620661398,-0.03848178335897501,-0.0002737933860199604
29,2.82992406584,4.84102790488,2.489015869776647,2.35986991691,4.36900562398,2.489015869776647,fcc,-4.45,188.0,3.52,-4.4663860260808,3.52102249720584,-0.01638602608079953,0.0010224972058399118
30,0.901958102,2.703693549,2.489015869776647,2.53913251227,2.6979144395,2.489015869776647,fcc,-4.45,188.0,3.52,-4.449650001867925,3.51932516916496,0.0003499981320755907,-0.0006748308350399412
31,0.612563991728,5.21097735076,2.489015869776647,2.13776996964,5.22667925264,2.489015869776647,fcc,-4.45,188.0,3.52,-4.485987062344975,5.88613669359075,-0.03598706234497495,2.3661366935907497
32,2.04569169214,4.72050059208,2.489015869776647,2.46986154548,3.94887220729,2.489015869776647,fcc,-4.45,188.0,3.52,-4.457695400670275,3.5197317216264,-0.0076954006702747435,-0.00026827837359988393
33,1.5210340587,6.12860223119,2.489015869776647,2.52370934947,5.85026011279,2.489015869776647,fcc,-4.45,188.0,3.52,-4.492364468174725,3.52070268436264,-0.042364468174724834,0.0007026843626398716
35,3.97295868672,6.60502760495,2.489015869776647,2.3368597076,6.84435350128,2.489015869776647,fcc,-4.45,188.0,3.52,-30017270.1736015,1.87169051057762,-30017265.7236015,-1.64830948942238
36,2.49349873905,4.26713269634,2.489015869776647,3.3930914076,6.12712848234,2.489015869776647,fcc,-4.45,188.0,3.52,-2812493.814530425,2.37786522678499,-2812489.3645304246,-1.1421347732150102
37,1.06701098996,3.35575756526,2.489015869776647,1.42632749728,3.48126586762,2.489015869776647,fcc,-4.45,188.0,3.52,-5.1433233269342,5.63576211138532,-0.6933233269342001,2.11576211138532
39,3.37938629766,5.83717248861,2.489015869776647,3.22746753917,6.17270190038,2.489015869776647,fcc,-4.45,188.0,3.52,-6139260.880042675,3.41360962378563,-6139256.430042675,-0.10639037621437009
43,1.35843958361,3.15298160038,2.489015869776647,3.78358153416,2.56203501178,2.489015869776647,fcc,-4.45,188.0,3.52,-4.44999618817155,3.51946997621866,3.811828450217547e-06,-0.0005300237813399278
46,0.907480134439,2.02009841638,2.489015869776647,3.61198554721,6.92459033218,2.489015869776647,fcc,-4.45,188.0,3.52,-33127.5089253025,3.74697294809893,-33123.0589253025,0.22697294809892998
48,0.733162755117,2.1502902817,2.489015869776647,1.6453433023,3.73958121817,2.489015869776647,fcc,-4.45,188.0,3.52,-9.693075072502,11.1972468763028,-5.243075072501999,7.677246876302801
49,0.0761459127505,3.05973809738,2.489015869776647,2.84318093556,3.37515907881,2.489015869776647,fcc,-4.45,188.0,3.52,-4.549156926595475,10.7831548549575,-0.09915692659547481,7.2631548549575005
50,1.94391975563,5.73145974228,2.489015869776647,1.66684959993,2.20884829255,2.489015869776647,fcc,-4.45,188.0,3.52,-4.4544396811432,3.51802150455963,-0.004439681143200147,-0.0019784954403698762
51,1.05738549202,2.6304526886,2.489015869776647,2.44887421163,3.88438454643,2.489015869776647,fcc,-4.45,188.0,3.52,-4759.998511408475,4.11052652755696,-4755.548511408475,0.59052652755696
52,0.274144408087,5.491981899,2.489015869776647,1.07891161424,6.03624563183,2.489015869776647,fcc,-4.45,188.0,3.52,-4.962681769861125,5.31759790631679,-0.5126817698611248,1.7975979063167897
53,2.50857368486,6.30987341152,2.489015869776647,3.5933287657,2.11276480415,2.489015869776647,fcc,-4.45,188.0,3.52,-4.457177948054275,3.51666262796786,-0.00717794805427463,-0.003337372032139907
54,2.05620436541,2.13460664181,2.489015869776647,1.06805493956,6.05611051925,2.489015869776647,fcc,-4.45,188.0,3.52,-255728.606701365,1.79966861896652,-255724.156701365,-1.72033138103348
55,0.694954540155,6.01648559643,2.489015869776647,1.4263888842,6.63034068917,2.489015869776647,fcc,-4.45,188.0,3.52,-4768770.965960475,3.52055895652451,-4768766.5159604745,0.0005589565245101014
56,0.402399365733,6.52102647219,2.489015869776647,3.32716279574,5.40351166209,2.489015869776647,fcc,-4.45,188.0,3.52,-4.4582442677881,3.51924214086879,-0.008244267788099613,-0.0007578591312098482
57,1.87960639794,6.61490585365,2.489015869776647,2.91154119003,5.59888310969,2.489015869776647,fcc,-4.45,188.0,3.52,-4.496071964765025,3.51731127135424,-0.04607196476502473,-0.0026887286457601967
58,3.35444479331,6.70972678724,2.489015869776647,1.59933954572,3.97911754246,2.489015869776647,fcc,-4.45,188.0,3.52,-4.471982452792825,3.51676061866546,-0.021982452792824958,-0.003239381334540159
59,0.294827389421,4.733676136,2.489015869776647,3.90520637831,2.847564212,2.489015869776647,fcc,-4.45,188.0,3.52,-4.45044480324525,3.51914476205988,-0.00044480324524975856,-0.0008552379401201016
60,0.454843459317,5.89671807176,2.489015869776647,3.81271493315,4.76976068103,2.489015869776647,fcc,-4.45,188.0,3.52,-4.454854062977825,3.51934808827439,-0.004854062977824647,-0.000651911725610077
61,2.94093214474,4.61970949551,2.489015869776647,2.44362514239,4.56648245992,2.489015869776647,fcc,-4.45,188.0,3.52,-4.469154346691875,3.52159181692644,-0.019154346691874657,0.0015918169264401705
63,1.64038645775,5.81996507121,2.489015869776647,3.80405405823,3.48806124545,2.489015869776647,fcc,-4.45,188.0,3.52,-4.4559086509547,3.5194397860678,-0.0059086509546997235,-0.000560213932200071
64,2.77149857213,3.19722935548,2.489015869776647,3.31520144567,2.24693606224,2.489015869776647,fcc,-4.45,188.0,3.52,-4.4501929226206,3.51954620288545,-0.00019292262059966703,-0.0004537971145501807
65,3.83663013383,5.37268552795,2.489015869776647,2.02541013598,2.37222873299,2.489015869776647,fcc,-4.45,188.0,3.52,-4.457321429674225,3.51800950475728,-0.007321429674225222,-0.0019904952427198808
66,0.7945521334,4.04442550422,2.489015869776647,3.2801129013,3.17648923164,2.489015869776647,fcc,-4.45,188.0,3.52,-4.4509735927477,3.51936114992551,-0.0009735927476999251,-0.0006388500744898273
67,0.36611632744,2.63270315338,2.489015869776647,1.28046094805,4.09570326991,2.489015869776647,fcc,-4.45,188.0,3.52,-6.294576459972075,5.65548949851422,-1.8445764599720746,2.1354894985142203
68,1.20259435482,4.17135827733,2.489015869776647,1.7546364128,2.36002232228,2.489015869776647,fcc,-4.45,188.0,3.52,-4.451081283076375,3.51938361326778,-0.0010812830763748948,-0.0006163867322199756
70,0.926222831602,2.79497992864,2.489015869776647,1.57349937802,2.00694199039,2.489015869776647,fcc,-4.45,188.0,3.52,-4.44982485931845,3.51927699238763,0.00017514068155044527,-0.0007230076123700968
71,1.52856951009,5.04060174507,2.489015869776647,2.60734680499,2.95390242301,2.489015869776647,fcc,-4.45,188.0,3.52,-4.452870451471225,3.51941872373376,-0.0028704514712245555,-0.0005812762662400495
73,1.30196970832,3.89698186084,2.489015869776647,1.48618703718,4.31913634424,2.489015869776647,fcc,-4.45,188.0,3.52,-22353.722078076076,3.87519743150548,-22349.272078076076,0.3551974315054798
74,1.4969133413,6.31727423817,2.489015869776647,3.55462077276,5.92161150876,2.489015869776647,fcc,-4.45,188.0,3.52,-4.49573488924995,3.52013263969927,-0.04573488924994962,0.00013263969926979868
75,3.04709619643,4.27078045123,2.489015869776647,2.40859747049,2.15991171968,2.489015869776647,fcc,-4.45,188.0,3.52,-4.453256883538675,3.51945894435457,-0.003256883538674593,-0.0005410556454301663
76,3.33059809449,6.45611424573,2.489015869776647,1.2930776273,4.92035087526,2.489015869776647,fcc,-4.45,188.0,3.52,-4.495036619691225,3.51706310999567,-0.04503661969122508,-0.0029368900043298396
77,3.59746056581,4.77046400879,2.489015869776647,1.51076440129,3.39304019147,2.489015869776647,fcc,-4.45,188.0,3.52,-4.458265382552275,3.52082865608873,-0.008265382552274936,0.00082865608872984
