sim_id,p_NiNi_phi0,p_NiNi_gamma,p_NiNi_r0,d_Ni_rho0,d_Ni_beta,d_Ni_r0,e_Ni_latticetype,e_Ni_ecoh,e_Ni_B,e_Ni_a0,Ni_fcc.E_coh,Ni_fcc.a0,Ni_fcc.E_coh.err,Ni_fcc.a0.err
sim_id,param,param,param,param,param,param,param,param,param,param,qoi,qoi,err,err
1,3.66175133884,5.19010693141,2.489015869776647,2.96897686796,5.16508605526,2.489015869776647,fcc,-4.45,188.0,3.52,-4.49721622543,3.5229216861601,-0.0472162254299997,0.0029216861601000232
2,2.1320590774,5.8351015411,2.489015869776647,1.79341277687,2.68088108928,2.489015869776647,fcc,-4.45,188.0,3.52,-4.4549738343758,3.51805336159369,-0.0049738343758001236,-0.0019466384063098197
3,1.23849204617,3.26650228479,2.489015869776647,2.72961067039,6.78938765526,2.489015869776647,fcc,-4.45,188.0,3.52,-1460734.0703481776,0.875936051486776,-1460729.6203481776,-2.644063948513224
4,3.54368043226,4.65979216963,2.489015869776647,1.21488544113,3.08797261863,2.489015869776647,fcc,-4.45,188.0,3.52,-4.4560018739517,3.51954923775297,-0.006001873951699821,-0.00045076224703022305
5,0.140562650413,5.88824252902,2.489015869776647,1.20896045417,2.53024510068,2.489015869776647,fcc,-4.45,188.0,3.52,-4.450325676182525,3.51843145817775,-0.00032567618252521413,-0.0015685418222499692
6,3.77015326492,6.014586899,2.489015869776647,3.49878315022,5.47240192412,2.489015869776647,fcc,-4.45,188.0,3.52,-4.524798593741275,3.52021366203804,-0.07479859374127518,0.00021366203803996342
9,3.95519614962,4.65034410956,2.489015869776647,3.1197470828,2.68776904389,2.489015869776647,fcc,-4.45,188.0,3.52,-4.455311944276925,3.51949635482291,-0.00531194427692494,-0.0005036451770901174
10,1.72355475512,5.01078916265,2.489015869776647,3.98107493815,4.2063275001,2.489015869776647,fcc,-4.45,188.0,3.52,-4.4590350234779,3.51972090926845,-0.009035023477899529,-0.00027909073155019115
12,0.12449437656,2.65557745491,2.489015869776647,2.69477288681,4.07458449621,2.489015869776647,fcc,-4.45,188.0,3.52,-4.935555902303125,10.6633349481236,-0.4855559023031244,7.1433349481236
13,3.22815163167,5.7482498721,2.489015869776647,2.25471661804,2.51599992719,2.489015869776647,fcc,-4.45,188.0,3.52,-4.457129355397125,3.51802063929322,-0.0071293553971250034,-0.0019793607067799535
14,0.76134464424,3.23587546413,2.489015869776647,2.86542839764,4.0982475362,2.489015869776647,fcc,-4.45,188.0,3.52,-2141.1264771180977,3.92671104325749,-2136.676477118098,0.4067110432574901
16,2.96909117793,5.92721151752,2.489015869776647,2.95578131756,6.42669235084,2.489015869776647,fcc,-4.45,188.0,3.52,-12204181.2189161,2.63264620724813,-12204176.7689161,-0.88735379275187
17,3.04928311785,4.90030524172,2.489015869776647,2.9085452513,2.57470055317,2.489015869776647,fcc,-4.45,188.0,3.52,-4.4546196031056,3.51944809557805,-0.004619603105600056,-0.0005519044219499669
18,3.431484699,5.82567728063,2.489015869776647,3.88666047129,5.63319591561,2.489015869776647,fcc,-4.45,188.0,3.52,-4.525320378483875,3.52218018375427,-0.07532037848387496,0.002180183754270093
19,0.124926968945,3.83647102338,2.489015869776647,1.49261212576,6.26332508163,2.489015869776647,fcc,-4.45,188.0,3.52,-5.040299029904725,5.83215884655761,-0.5902990299047248,2.3121588465576104
20,0.908161691143,6.98770628066,2.489015869776647,3.80875964508,5.94619062844,2.489015869776647,fcc,-4.45,188.0,3.52,-4.48155079034125,3.51826593942307,-0.031550790341249524,-0.001734060576930041
21,3.80878105369,6.89030804286,2.489015869776647,1.55202520697,5.61490860997,2.489015869776647,fcc,-4.45,188.0,3.52,-4.54904375416165,3.51405578357201,-0.09904375416164957,-0.0059442164279901455
22,2.57321872046,2.00789591546,2.489015869776647,1.24563262484,6.98536709771,2.489015869776647,fcc,-4.45,188.0,3.52,-1204697.2685987875,1.44167769126094,-1204692.8185987875,-2.07832230873906
23,1.1101572807,6.60255065339,2.489015869776647,2.97448099709,2.55367005452,2.489015869776647,fcc,-4.45,188.0,3.52,-4.453237438559775,3.51803386624429,-0.0032374385597746524,-0.0019661337557099756
24,0.827448618857,4.168794875,2.489015869776647,3.8827138677,3.10460670522,2.489015869776647,fcc,-4.45,188.0,3.52,-4.45103901409795,3.51937035665916,-0.0010390140979499307,-0.000629643340840147
26,3.6170411797,6.47275715468,2.489015869776647,2.49307537607,2.03169939641,2.489015869776647,fcc,-4.45,188.0,3.52,-4.46124291720625,3.5152367732226,-0.011242917206249814,-0.0047632267774000425
27,1.28365168964,6.52439255856,2.489015869776647,2.09569997817,2.66401495628,2.489015869776647,fcc,-4.45,188.0,3.52,-4.4537166436865,3.51803856376515,-0.003716643686499488,-0.0019614362348501224
28,1.92674776917,4.40910680802,2.489015869776647,2.17513645031,3.10508660712,2.489015869776647,fcc,-4.45,188.0,3.52,-4.452856484665725,3.51952271447275,-0.0028564846657248566,-0.00047728552724990436
29,2.91323337261,3.82956794353,2.489015869776647,1.40658768234,2.33509090685,2.489015869776647,fcc,-4.45,188.0,3.52,-4.45177578388075,3.51950378924362,-0.0017757838807499482,-0.0004962107563799556
30,2.6894345675,2.09987235417,2.489015869776647,3.73595229126,3.55561238239,2.489015869776647,fcc,-4.45,188.0,3.52,-6763.116121981225,4.02484744119112,-6758.666121981225,0.5048474411911203
31,0.885103934082,3.21911428916,2.489015869776647,3.46004885288,4.98249020238,2.489015869776647,fcc,-4.45,188.0,3.52,-48061.27120645925,2.78696383487114,-48056.82120645925,-0.7330361651288602
33,3.7568473138,4.80101770033,2.489015869776647,1.40610898614,3.01383645141,2.489015869776647,fcc,-4.45,188.0,3.52,-4.4565078630648,3.51951275829298,-0.006507863064800112,-0.0004872417070198587
34,0.289648048385,2.08035522212,2.489015869776647,2.07744132803,3.96563210206,2.489015869776647,fcc,-4.45,188.0,3.52,-5.903043501673325,5.6666505058519,-1.4530435016733252,2.1466505058518996
36,2.47909050662,4.99340306629,2.489015869776647,2.13966541252,3.59933054364,2.489015869776647,fcc,-4.45,188.0,3.52,-4.4574672598829,3.51956813248507,-0.007467259882900201,-0.0004318675149299622
37,1.10316916251,2.08508945334,2.489015869776647,1.2774322696,2.28335838452,2.489015869776647,fcc,-4.45,188.0,3.52,-6.013443328785175,5.40918123582484,-1.5634433287851746,1.8891812358248399
38,0.445767318539,4.16774450659,2.489015869776647,2.56220872139,6.99472823117,2.489015869776647,fcc,-4.45,188.0,3.52,-1468261.49293629,3.5563584676615,-1468257.0429362901,0.03635846766150008
39,2.36879844595,2.99028112171,2.489015869776647,1.96392977885,2.98120844859,2.489015869776647,fcc,-4.45,188.0,3.52,-4.450053376907175,3.5203110647409,-5.337690717510668e-05,0.0003110647409001466
41,1.01554176052,2.38661468551,2.489015869776647,3.6732298355,5.12556334182,2.489015869776647,fcc,-4.45,188.0,3.52,-26484.049315816,2.80552731079983,-26479.599315815998,-0.71447268920017
42,2.7520586192,4.19368761724,2.489015869776647,1.38685000356,4.03017254627,2.489015869776647,fcc,-4.45,188.0,3.52,-4.45916337788705,3.52101661767147,-0.009163377887049684,0.0010166176714698771
43,3.3653377965,2.10536665169,2.489015869776647,3.43055820949,3.8088059107,2.489015869776647,fcc,-4.45,188.0,3.52,-14111.042123864276,3.60685336705484,-14106.592123864275,0.08685336705483993
44,1.1007268343,6.09282169402,2.489015869776647,2.57597546165,2.15716590133,2.489015869776647,fcc,-4.45,188.0,3.52,-4.452893626097975,3.51801828749966,-0.002893626097974611,-0.0019817125003398495
45,1.83746480023,5.13969309745,2.489015869776647,1.69918823956,4.5930255207,2.489015869776647,fcc,-4.45,188.0,3.52,-4.464132652801775,3.51983639704673,-0.014132652801774448,-0.00016360295327011443
46,1.32929379189,2.53067299835,2.489015869776647,3.51834579337,5.03531645028,2.489015869776647,fcc,-4.45,188.0,3.52,-44820.89709618775,2.51366303793555,-44816.44709618775,-1.00633696206445
47,2.26761925699,5.23717275131,2.489015869776647,1.06256546955,5.66917338125,2.489015869776647,fcc,-4.45,188.0,3.52,-1335316.2274728,3.20067433228864,-1335311.7774728,-0.31932566771136006
49,3.17926236368,6.4502868791,2.489015869776647,3.60955334222,3.71039931811,2.489015869776647,fcc,-4.45,188.0,3.52,-4.46596998940175,3.51810023952889,-0.015969989401749984,-0.001899760471109957
50,0.136149164334,4.83419448528,2.489015869776647,3.12270492026,4.68005397187,2.489015869776647,fcc,-4.45,188.0,3.52,-4.45104423098875,3.51920733639818,-0.0010442309887501722,-0.000792663601819843
52,2.1879872463,6.36345829617,2.489015869776647,2.05079235972,5.74157131386,2.489015869776647,fcc,-4.45,188.0,3.52,-4.507929300828925,3.51939468453591,-0.057929300828925,-0.0006053154640901504
53,2.73072279607,6.06379339565,2.489015869776647,2.55641683768,6.25210776485,2.489015869776647,fcc,-4.45,188.0,3.52,-3870467.300411625,3.54397475353605,-3870462.8504116246,0.023974753536049942
54,1.2816434892,5.27160862077,2.489015869776647,1.86171915394,4.36672837616,2.489015869776647,fcc,-4.45,188.0,3.52,-4.4583389409933,3.5195972239628,-0.00833894099329946,-0.00040277603720006994
55,1.2834561248,3.22130529343,2.489015869776647,1.39051039682,3.36466309473,2.489015869776647,fcc,-4.45,188.0,3.52,-5.513755278122225,5.60710952799162,-1.0637552781222253,2.0871095279916196
56,3.09035191176,5.36096198721,2.489015869776647,2.17050188022,2.79191701074,2.489015869776647,fcc,-4.45,188.0,3.52,-4.4562007120189,3.51944502678494,-0.006200712018899601,-0.0005549732150598174
57,1.94632100493,6.24182699216,2.489015869776647,3.15636349525,4.0536274129,2.489015869776647,fcc,-4.45,188.0,3.52,-4.4622434803068,3.51820999702871,-0.012243480306799448,-0.0017900029712900611
58,3.81208875481,5.48533375082,2.489015869776647,3.6086035399,2.12278751072,2.489015869776647,fcc,-4.45,188.0,3.52,-4.4581797862752,3.51668986234737,-0.008179786275199774,-0.0033101376526301074
59,1.2157577537,4.63509292677,2.489015869776647,3.97177429938,4.69953867433,2.489015869776647,fcc,-4.45,188.0,3.52,-4.749272246395525,9.80173311933666,-0.29927224639552463,6.281733119336661
60,2.23918227085,6.34665404198,2.489015869776647,3.66015790236,4.23671839883,2.489015869776647,fcc,-4.45,188.0,3.52,-4.4667538955572,3.51816351340358,-0.016753895557199527,-0.001836486596419995
61,1.60371354682,2.51486744054,2.489015869776647,3.99986415617,4.95014903927,2.489015869776647,fcc,-4.45,188.0,3.52,-50716.776599577,2.46264395474927,-50712.326599577005,-1.0573560452507302
63,0.616428215474,6.18835144236,2.489015869776647,2.69500416784,3.94490199783,2.489015869776647,fcc,-4.45,188.0,3.52,-4.453504186718,3.51830480596127,-0.00350418671799968,-0.0016951940387301967
64,3.79430644639,6.64993456481,2.489015869776647,2.97937861041,3.34284290338,2.489015869776647,fcc,-4.45,188.0,3.52,-4.465406581912325,3.51669151576469,-0.015406581912325024,-0.0033084842353101607
65,2.74253919567,5.06419997783,2.489015869776647,3.24710262461,4.23611276971,2.489015869776647,fcc,-4.45,188.0,3.52,-4.46500259539915,3.51976788853368,-0.015002595399149499,-0.00023211146632018398
66,1.37250651179,3.1696405036,2.489015869776647,3.68461402097,4.28937269725,2.489015869776647,fcc,-4.45,188.0,3.52,-23030.4185102549,4.03324484797234,-23025.9685102549,0.5132448479723402
67,2.84719147398,6.75957168913,2.489015869776647,3.74143017991,5.73959201882,2.489015869776647,fcc,-4.45,188.0,3.52,-4.530387024971825,3.51678221290583,-0.0803870249718246,-0.003217787094170088
68,3.38888564395,6.4551547458,2.489015869776647,1.17799957074,3.57161486254,2.489015869776647,fcc,-4.45,188.0,3.52,-4.46536466849045,3.51808020850911,-0.015364668490449596,-0.0019197914908901659
69,2.36141487854,4.42457502504,2.489015869776647,2.12612618208,4.30456341318,2.489015869776647,fcc,-4.45,188.0,3.52,-4.461276228076775,3.52096315984705,-0.011276228076774863,0.0009631598470498659
70,2.45297380794,3.11607348766,2.489015869776647,3.62292013377,2.92165458549,2.489015869776647,fcc,-4.45,188.0,3.52,-4.4502525577093,3.52045804690034,-0.00025255770929977217,0.0004580469003401255
71,2.31229898927,5.57470798913,2.489015869776647,3.32525587756,4.80485420398,2.489015869776647,fcc,-4.45,188.0,3.52,-4.47374257709925,3.51986049444424,-0.02374257709924965,-0.00013950555575981127
72,1.08394579761,6.87921608158,2.489015869776647,2.17954674074,6.46675479507,2.489015869776647,fcc,-4.45,188.0,3.52,-4.5071885685351,3.51996663168367,-0.057188568535099904,-3.336831633005133e-05
73,1.07683839802,3.47598435789,2.489015869776647,3.64545679672,2.25416229013,2.489015869776647,fcc,-4.45,188.0,3.52,-4.45034336485855,3.51935996571036,-0.00034336485854957743,-0.0006400342896402123
75,0.62002825446,2.54955048546,2.489015869776647,2.80795572435,5.75948701453,2.489015869776647,fcc,-4.45,188.0,3.52,-8394.591435296375,7.05814418893458,-8390.141435296375,3.5381441889345804
76,1.24493739317,6.59359723948,2.489015869776647,2.16123604805,3.09988530321,2.489015869776647,fcc,-4.45,188.0,3.52,-4.4543177613617,3.51807110218481,-0.004317761361700256,-0.0019288978151901226
77,1.86135756969,2.6098384388,2.489015869776647,3.59790028866,2.3981090939,2.489015869776647,fcc,-4.45,188.0,3.52,-4.449065464939475,3.51965820953058,0.000934535060524766,-0.0003417904694198448
