sim_id,p_NiNi_phi0,p_NiNi_gamma,p_NiNi_r0,d_Ni_rho0,d_Ni_beta,d_Ni_r0,e_Ni_latticetype,e_Ni_ecoh,e_Ni_B,e_Ni_a0,Ni_fcc.E_coh,Ni_fcc.a0,Ni_fcc.E_coh.err,Ni_fcc.a0.err
sim_id,param,param,param,param,param,param,param,param,param,param,qoi,qoi,err,err
0,0.690858623765,5.25408637167,2.489015869776647,2.87191087824,3.11389574736,2.489015869776647,fcc,-4.45,188.0,3.52,-4.451569828517975,3.51933124712301,-0.001569828517975047,-0.0006687528769901974
3,0.177803490653,5.51757919186,2.489015869776647,3.20915128328,3.0563105061,2.489015869776647,fcc,-4.45,188.0,3.52,-4.45043093867155,3.51910380384427,-0.0004309386715499741,-0.0008961961557298892
4,1.09013723223,3.91099341892,2.489015869776647,1.49185565469,2.33907508347,2.489015869776647,fcc,-4.45,188.0,3.52,-4.4507397134683,3.51936318158404,-0.0007397134682998185,-0.0006368184159599721
5,1.0417403008,2.95718845348,2.489015869776647,1.90601051043,3.18617943407,2.489015869776647,fcc,-4.45,188.0,3.52,-5.9288103224812,5.5854912694115,-1.4788103224812001,2.0654912694115004
6,0.852427157464,2.23524834698,2.489015869776647,1.65218137219,4.41620137488,2.489015869776647,fcc,-4.45,188.0,3.52,-1475.7218728481125,7.62183157090854,-1471.2718728481125,4.101831570908541
7,0.599593600689,2.53615053036,2.489015869776647,1.40179361725,6.95078260308,2.489015869776647,fcc,-4.45,188.0,3.52,-38162.12686300275,6.7264682967823,-38157.67686300275,3.2064682967822997
9,0.23106166903,2.56080476357,2.489015869776647,3.82591736095,2.0753627594,2.489015869776647,fcc,-4.45,188.0,3.52,-4.449895136542025,3.5189366085472,0.0001048634579747798,-0.0010633914528002109
11,0.305359177089,6.5782781599,2.489015869776647,3.75082675207,3.00467217324,2.489015869776647,fcc,-4.45,188.0,3.52,-4.45100467799255,3.51824415318156,-0.001004677992550107,-0.0017558468184399878
12,0.324033011613,4.44421618181,2.489015869776647,2.64185068251,2.82655668922,2.489015869776647,fcc,-4.45,188.0,3.52,-4.450402349727525,3.51913830631586,-0.00040234972752450915,-0.0008616936841399081
14,2.0616561685,2.86254573204,2.489015869776647,2.97541340616,3.99614137338,2.489015869776647,fcc,-4.45,188.0,3.52,-17943.709306530523,3.85676517216776,-17939.259306530523,0.3367651721677598
15,2.59825346915,6.77731930759,2.489015869776647,2.39942988348,4.04023819033,2.489015869776647,fcc,-4.45,188.0,3.52,-4.46811457048345,3.51681143324551,-0.018114570483449555,-0.0031885667544901963
17,0.899679343247,4.78153843688,2.489015869776647,1.72914213616,2.55896089502,2.489015869776647,fcc,-4.45,188.0,3.52,-4.451269442471175,3.51933570063653,-0.0012694424711749974,-0.0006642993634700112
19,1.32280558279,3.73877936106,2.489015869776647,2.41663550841,3.82593182744,2.489015869776647,fcc,-4.45,188.0,3.52,-4.997604724905825,5.78633165980405,-0.5476047249058249,2.26633165980405
20,3.94871903708,4.82003538867,2.489015869776647,2.49185852078,4.34090737785,2.489015869776647,fcc,-4.45,188.0,3.52,-4.4721501531773,3.52115629025439,-0.02215015317730007,0.0011562902543897913
21,1.61164468613,5.86691432013,2.489015869776647,1.38057143545,6.72473841709,2.489015869776647,fcc,-4.45,188.0,3.52,-14382954.18998065,2.48265034605569,-14382949.739980651,-1.0373496539443101
22,1.10019806386,2.24467601068,2.489015869776647,3.28894911881,4.80127384064,2.489015869776647,fcc,-4.45,188.0,3.52,-15221.843869001475,2.98206246028802,-15217.393869001475,-0.5379375397119799
23,2.93248888285,5.3395093115,2.489015869776647,1.47391715077,3.29968594189,2.489015869776647,fcc,-4.45,188.0,3.52,-4.45785064360375,3.51949094526508,-0.007850643603750207,-0.0005090547349198005
26,2.73127283684,3.7994092389,2.489015869776647,2.34715000125,2.27404142057,2.489015869776647,fcc,-4.45,188.0,3.52,-4.4516414134528,3.51949171710998,-0.0016414134528002222,-0.0005082828900198066
27,3.02900111203,6.23466094261,2.489015869776647,3.02902727189,6.05807100252,2.489015869776647,fcc,-4.45,188.0,3.52,-4.552353565951125,3.52215855517849,-0.10235356595112499,0.0021585551784899515
28,3.75744554704,5.52864648076,2.489015869776647,3.36879736764,3.50147339087,2.489015869776647,fcc,-4.45,188.0,3.52,-4.46252229063795,3.51950623873033,-0.012522290637949851,-0.0004937612696700455
29,2.48712390941,6.17024484753,2.489015869776647,1.20221356473,3.03534933995,2.489015869776647,fcc,-4.45,188.0,3.52,-4.45741463597495,3.51805884305919,-0.007414635974949846,-0.001941156940810096
30,3.94568573125,3.38329589367,2.489015869776647,3.70208724206,4.19654521438,2.489015869776647,fcc,-4.45,188.0,3.52,-69527.32176686476,3.94649142703649,-69522.87176686476,0.4264914270364901
31,2.719744418,6.15857305458,2.489015869776647,2.70943000082,2.2015037882,2.489015869776647,fcc,-4.45,188.0,3.52,-4.457207056212725,3.51665740150369,-0.007207056212724439,-0.003342598496309801
32,2.15986932485,4.72242862602,2.489015869776647,1.13970481791,4.65473224156,2.489015869776647,fcc,-4.45,188.0,3.52,-4.465711464563725,3.52104279562285,-0.015711464563724853,0.0010427956228498125
34,1.42987977187,2.83336828616,2.489015869776647,2.50207765894,2.04056209621,2.489015869776647,fcc,-4.45,188.0,3.52,-4.449752723947975,3.51945058061308,0.000247276052025569,-0.0005494193869202135
35,1.5305944161,5.63267552524,2.489015869776647,3.53425601046,4.52013382813,2.489015869776647,fcc,-4.45,188.0,3.52,-4.4624436606913,3.51964884363591,-0.012443660691300096,-0.0003511563640898885
36,1.62499148968,2.36858574522,2.489015869776647,3.81941780988,2.20418222155,2.489015869776647,fcc,-4.45,188.0,3.52,-4.44888928525775,3.51950724786298,0.0011107147422499963,-0.0004927521370201582
37,1.13574516657,2.75088218996,2.489015869776647,1.54676499752,2.790674632,2.489015869776647,fcc,-4.45,188.0,3.52,-4.7021468595977,11.0854714911124,-0.25214685959769945,7.565471491112401
38,3.80617564904,6.28026850131,2.489015869776647,3.61210631673,3.11775947806,2.489015869776647,fcc,-4.45,188.0,3.52,-4.462244967884775,3.51804100222175,-0.012244967884774915,-0.001958997778249927
41,3.1337717397,5.86411205429,2.489015869776647,1.90762687285,5.27191214938,2.489015869776647,fcc,-4.45,188.0,3.52,-4.500979229318875,3.52007438262204,-0.050979229318874886,7.438262203995905e-05
42,0.989546424409,4.39404986082,2.489015869776647,3.18702795209,4.15584063394,2.489015869776647,fcc,-4.45,188.0,3.52,-4.454039538150275,3.51967533617971,-0.004039538150275135,-0.00032466382028983887
43,2.63919706177,5.05837927174,2.489015869776647,1.7776011274,2.03660510376,2.489015869776647,fcc,-4.45,188.0,3.52,-4.454910560521425,3.51801580232135,-0.0049105605214245784,-0.0019841976786501014
45,0.914164459091,6.18209747091,2.489015869776647,2.23732111854,2.66680299015,2.489015869776647,fcc,-4.45,188.0,3.52,-4.452388195550175,3.51808775603813,-0.0023881955501749985,-0.0019122439618701748
46,0.880934665377,2.12463144691,2.489015869776647,1.49504340321,6.17044888259,2.489015869776647,fcc,-4.45,188.0,3.52,-15402.274854173575,6.62039538614561,-15397.824854173574,3.10039538614561
47,3.48430743108,5.56862295376,2.489015869776647,3.47834621559,3.91975831764,2.489015869776647,fcc,-4.45,188.0,3.52,-4.46660541981565,3.51955162062573,-0.016605419815650002,-0.0004483793742702247
48,2.5619596027,5.98242320842,2.489015869776647,2.06507853406,3.53428213163,2.489015869776647,fcc,-4.45,188.0,3.52,-4.460006562059675,3.51812826859249,-0.010006562059674984,-0.0018717314075100688
49,1.4725485671,2.61483139263,2.489015869776647,3.43559372509,3.72179807509,2.489015869776647,fcc,-4.45,188.0,3.52,-5703.288926512875,4.29327331333065,-5698.838926512875,0.7732733133306504
50,1.7739853448,5.71708309785,2.489015869776647,1.6467558817,4.4912987529,2.489015869776647,fcc,-4.45,188.0,3.52,-4.464342470279075,3.51965252388674,-0.014342470279074426,-0.0003474761132600257
51,1.30260150556,5.82672082504,2.489015869776647,1.25371119919,4.4875518174,2.489015869776647,fcc,-4.45,188.0,3.52,-4.4607583741092,3.5195941532408,-0.010758374109199664,-0.00040584675919985713
52,1.19036829329,2.62889881629,2.489015869776647,2.31691905165,6.81384375774,2.489015869776647,fcc,-4.45,188.0,3.52,-643322.576685235,1.4165235904741,-643318.1266852351,-2.1034764095259
53,1.27939939514,3.10865694602,2.489015869776647,2.03999654423,3.21859770062,2.489015869776647,fcc,-4.45,188.0,3.52,-5.23717124975545,5.65857376910287,-0.7871712497554499,2.13857376910287
54,0.302344971637,6.00471377231,2.489015869776647,2.66132109433,3.94477367078,2.489015869776647,fcc,-4.45,188.0,3.52,-4.451644598518175,3.51843169413074,-0.001644598518175222,-0.0015683058692599339
55,3.67747318528,5.6905206087,2.489015869776647,3.80028861414,2.21211940303,2.489015869776647,fcc,-4.45,188.0,3.52,-4.458267591302425,3.51666855589017,-0.008267591302424826,-0.003331444109829995
56,0.192942825854,5.57106998746,2.489015869776647,2.67489386831,4.89591864965,2.489015869776647,fcc,-4.45,188.0,3.52,-4.452141152648625,3.51930393550206,-0.002141152648625244,-0.0006960644979399078
58,1.55729428055,2.03934016236,2.489015869776647,2.15285927985,5.91517740023,2.489015869776647,fcc,-4.45,188.0,3.52,-116388.624644251,1.97781047968651,-116384.174644251,-1.54218952031349
60,0.561564011699,6.08169360622,2.489015869776647,1.03448568716,2.16872982324,2.489015869776647,fcc,-4.45,188.0,3.52,-4.451464045160825,3.51811086581605,-0.0014640451608247673,-0.001889134183949981
61,1.37787220648,3.27954153303,2.489015869776647,3.80968961046,4.53128755238,2.489015869776647,fcc,-4.45,188.0,3.52,-40166.7365584195,3.22829149696983,-40162.2865584195,-0.2917085030301698
63,2.56128006141,4.09317874459,2.489015869776647,1.00823648583,3.09259967323,2.489015869776647,fcc,-4.45,188.0,3.52,-4.45300306763865,3.51960988716704,-0.003003067638649881,-0.00039011283296019883
64,2.38307327868,4.90080618918,2.489015869776647,1.8469756863,3.76185824301,2.489015869776647,fcc,-4.45,188.0,3.52,-4.458031212421525,3.51962513862129,-0.008031212421524714,-0.0003748613787100119
65,2.14940392275,4.48352153335,2.489015869776647,1.14959517773,2.54480743794,2.489015869776647,fcc,-4.45,188.0,3.52,-4.452491182652525,3.51945002036225,-0.0024911826525251257,-0.0005499796377499422
68,2.37394054327,2.20083757628,2.489015869776647,2.73227998393,3.5157936022,2.489015869776647,fcc,-4.45,188.0,3.52,-5707.5818239872,4.21077586166477,-5703.1318239872,0.6907758616647697
69,1.05290297303,6.15398286138,2.489015869776647,1.5540411716,3.1499720421,2.489015869776647,fcc,-4.45,188.0,3.52,-4.453325347343275,3.51813045071425,-0.0033253473432743874,-0.001869549285749894
70,3.66691272596,2.82703483532,2.489015869776647,1.98875039022,4.63934311088,2.489015869776647,fcc,-4.45,188.0,3.52,-111051.8896472165,2.87767172520794,-111047.43964721651,-0.6423282747920602
71,0.861170939113,3.30491679322,2.489015869776647,2.7291346818,3.42506395377,2.489015869776647,fcc,-4.45,188.0,3.52,-4.964791089472025,10.5457990997184,-0.5147910894720251,7.0257990997184
73,1.75245345197,6.42995975634,2.489015869776647,1.22438227437,2.61772089478,2.489015869776647,fcc,-4.45,188.0,3.52,-4.4548925732216,3.51672202565456,-0.004892573221599861,-0.0032779743454400823
74,2.95349988074,6.54375005435,2.489015869776647,1.82512517137,4.09550436109,2.489015869776647,fcc,-4.45,188.0,3.52,-4.4705180181745,3.51679694574044,-0.020518018174500163,-0.003203054259560023
76,1.33829763877,5.12928782294,2.489015869776647,1.09063750147,2.21284301587,2.489015869776647,fcc,-4.45,188.0,3.52,-4.45237207705835,3.51808695631352,-0.002372077058350186,-0.0019130436864798206
77,1.67508105973,6.71238285025,2.489015869776647,2.12992196692,5.74706386793,2.489015869776647,fcc,-4.45,188.0,3.52,-4.497217102548125,3.5182047493514,-0.0472171025481245,-0.0017952506486000885
