sim_id,p_NiNi_phi0,p_NiNi_gamma,p_NiNi_r0,d_Ni_rho0,d_Ni_beta,d_Ni_r0,e_Ni_latticetype,e_Ni_ecoh,e_Ni_B,e_Ni_a0,Ni_fcc.E_coh,Ni_fcc.a0,Ni_fcc.E_coh.err,Ni_fcc.a0.err
sim_id,param,param,param,param,param,param,param,param,param,param,qoi,qoi,err,err
1,3.19794134451,3.04144598652,2.489015869776647,1.47933516009,2.04751635612,2.489015869776647,fcc,-4.45,188.0,3.52,-4.4500703737169,3.51954044948893,-7.03737169001073e-05,-0.00045955051106982836
3,1.62040243321,3.63893862483,2.489015869776647,1.98986535049,2.21959522737,2.489015869776647,fcc,-4.45,188.0,3.52,-4.450776412419775,3.51943559238141,-0.0007764124197748856,-0.0005644076185902236
5,3.0749877031,4.2064988182,2.489015869776647,2.39081388597,4.3912500688,2.489015869776647,fcc,-4.45,188.0,3.52,-39860.98364846375,1.75919875794168,-39856.53364846375,-1.7608012420583201
6,2.76468416153,4.89896992577,2.489015869776647,1.96522974436,2.39240503921,2.489015869776647,fcc,-4.45,188.0,3.52,-4.454171203376325,3.51943814171253,-0.004171203376325039,-0.0005618582874697964
7,1.48702444156,2.83976275357,2.489015869776647,2.54893161845,6.69876626638,2.489015869776647,fcc,-4.45,188.0,3.52,-971131.4556261325,1.808729392186,-971127.0056261326,-1.711270607814
9,2.51021345936,3.59250437468,2.489015869776647,2.69971427355,4.19247386638,2.489015869776647,fcc,-4.45,188.0,3.52,-40994.18015422975,4.1297875083548,-40989.73015422975,0.6097875083548003
10,1.67143780841,3.6922649178,2.489015869776647,2.76416149439,4.26389926953,2.489015869776647,fcc,-4.45,188.0,3.52,-30134.253042037,4.11456191411089,-30129.803042036998,0.5945619141108902
11,2.31344398982,6.43652548717,2.489015869776647,1.51998787696,4.10284932352,2.489015869776647,fcc,-4.45,188.0,3.52,-4.465801431081825,3.51687295822769,-0.01580143108182508,-0.0031270417723101573
12,1.53628882099,5.14958824784,2.489015869776647,3.17366658449,3.17633369128,2.489015869776647,fcc,-4.45,188.0,3.52,-4.45349329846445,3.51944020023726,-0.003493298464450234,-0.0005597997627400098
15,0.891336439967,3.82615696858,2.489015869776647,3.9765603342,2.31582793177,2.489015869776647,fcc,-4.45,188.0,3.52,-4.450543813754175,3.51930998431441,-0.0005438137541746713,-0.0006900156855902395
16,0.783620275671,3.61283354087,2.489015869776647,2.48640889795,3.44096407339,2.489015869776647,fcc,-4.45,188.0,3.52,-4.450917685271875,3.51938610415203,-0.0009176852718750794,-0.000613895847970003
17,1.35316297372,4.54010095153,2.489015869776647,3.05411278456,4.32203094842,2.489015869776647,fcc,-4.45,188.0,3.52,-4.45682600140665,3.51991351256292,-0.0068260014066501284,-8.648743708006279e-05
18,3.84946456787,2.73937231491,2.489015869776647,2.17331735937,4.08615016294,2.489015869776647,fcc,-4.45,188.0,3.52,-41407.58915299325,3.77461635512158,-41403.13915299325,0.2546163551215801
19,3.64727244812,3.91959128016,2.489015869776647,1.34886612517,3.24343713541,2.489015869776647,fcc,-4.45,188.0,3.52,-4.454362943549675,3.52088597201854,-0.004362943549675258,0.0008859720185401265
21,1.43477423992,6.81320014722,2.489015869776647,2.23483571722,6.19737885335,2.489015869776647,fcc,-4.45,188.0,3.52,-4.509835410395675,3.51902466116045,-0.059835410395674415,-0.0009753388395501439
22,2.65276659783,6.7362447939,2.489015869776647,3.0606886254,3.27615831719,2.489015869776647,fcc,-4.45,188.0,3.52,-4.4605462504159,3.51803789573541,-0.010546250415900182,-0.001962104264590092
23,2.15879473076,4.13953111291,2.489015869776647,3.76709751526,4.21547286328,2.489015869776647,fcc,-4.45,188.0,3.52,-5.293042720282525,5.56808361064263,-0.8430427202825248,2.0480836106426303
24,0.965826775492,4.270866425,2.489015869776647,3.18548881499,3.39448766931,2.489015869776647,fcc,-4.45,188.0,3.52,-4.451725007037,3.51945255088028,-0.0017250070369998483,-0.0005474491197201559
27,1.90174031238,2.08087761592,2.489015869776647,2.54437650211,4.38450434001,2.489015869776647,fcc,-4.45,188.0,3.52,-16717.070547123923,3.00461544738366,-16712.620547123923,-0.5153845526163399
28,2.26819460528,2.47222421588,2.489015869776647,1.38177821418,6.66813698313,2.489015869776647,fcc,-4.45,188.0,3.52,-1067836.624683395,1.24634023932729,-1067832.174683395,-2.27365976067271
29,0.596835076067,3.28146666831,2.489015869776647,3.95387355923,4.82735338623,2.489015869776647,fcc,-4.45,188.0,3.52,-20605.9504439188,4.05228938564572,-20601.500443918798,0.5322893856457198
31,0.128713463481,2.42437527209,2.489015869776647,1.06288061133,3.66537251902,2.489015869776647,fcc,-4.45,188.0,3.52,-4.9334350477286,5.63853317071306,-0.4834350477285998,2.1185331707130604
32,2.84008954768,5.91595282054,2.489015869776647,1.72857121665,2.15006274479,2.489015869776647,fcc,-4.45,188.0,3.52,-4.457066172823,3.51667628050829,-0.007066172822999484,-0.0033237194917101753
33,0.727093557138,3.38468399656,2.489015869776647,1.56227199501,6.25866794907,2.489015869776647,fcc,-4.45,188.0,3.52,-351636.98574815,1.98389444596829,-351632.53574814997,-1.5361055540317101
34,2.98646565366,2.66996032876,2.489015869776647,1.11784983524,3.3330970073,2.489015869776647,fcc,-4.45,188.0,3.52,-5849.853459921775,4.59272848055353,-5845.403459921775,1.0727284805535295
35,1.67597547803,6.06656620449,2.489015869776647,3.58898123341,3.84081345255,2.489015869776647,fcc,-4.45,188.0,3.52,-4.458508368765225,3.51820821061093,-0.008508368765224539,-0.0017917893890699865
36,3.94408844344,3.82113005053,2.489015869776647,2.87683741763,3.14149375004,2.489015869776647,fcc,-4.45,188.0,3.52,-4.453833910825575,3.52091229802202,-0.0038339108255751597,0.000912298022019975
38,0.319009492944,6.34067975346,2.489015869776647,2.53686359742,3.67991720795,2.489015869776647,fcc,-4.45,188.0,3.52,-4.451524074907325,3.51834225241182,-0.0015240749073246462,-0.0016577475881800474
39,0.18428291111,2.40384477548,2.489015869776647,1.98692808938,6.37797222776,2.489015869776647,fcc,-4.45,188.0,3.52,-5.49365349991195,5.8081058731996,-1.04365349991195,2.2881058731996
40,1.59150180066,2.86914874564,2.489015869776647,1.83283364014,4.26408397309,2.489015869776647,fcc,-4.45,188.0,3.52,-21805.593072525324,4.24694640998977,-21801.143072525323,0.7269464099897696
41,2.20742103493,6.62200927955,2.489015869776647,3.36573318276,6.70394279337,2.489015869776647,fcc,-4.45,188.0,3.52,-1320301.6310667875,4.75641936145029,-1320297.1810667876,1.2364193614502903
42,1.04683204367,2.69382212867,2.489015869776647,3.74253864412,2.27088124187,2.489015869776647,fcc,-4.45,188.0,3.52,-4.44957756553265,3.51934608256479,0.0004224344673504632,-0.0006539174352098165
43,2.7558305394,6.12898521,2.489015869776647,2.10779022275,3.654120416,2.489015869776647,fcc,-4.45,188.0,3.52,-4.46226147789005,3.51812523394791,-0.012261477890049832,-0.0018747660520901377
45,3.04528516218,2.20577092234,2.489015869776647,3.53032446302,3.28452457704,2.489015869776647,fcc,-4.45,188.0,3.52,-4969.8142691124,4.54402459727118,-4965.3642691124005,1.0240245972711803
46,2.50485273528,5.48648268538,2.489015869776647,2.27019916082,3.09003985318,2.489015869776647,fcc,-4.45,188.0,3.52,-4.4561363922639,3.51945152185914,-0.00613639226390017,-0.0005484781408600092
48,0.944234195094,2.30617621533,2.489015869776647,3.66511642266,6.89415549248,2.489015869776647,fcc,-4.45,188.0,3.52,-264586.6752044975,2.28345461569713,-264582.22520449746,-1.23654538430287
49,1.82821100432,2.10779383114,2.489015869776647,3.53153121123,6.88608770087,2.489015869776647,fcc,-4.45,188.0,3.52,-702708.0506646025,1.73837460406279,-702703.6006646026,-1.78162539593721
51,2.42103716522,5.70810764704,2.489015869776647,1.30354327548,5.61061787381,2.489015869776647,fcc,-4.45,188.0,3.52,-4.5009733253627,3.52184321307049,-0.050973325362699384,0.0018432130704901795
52,3.77240633844,4.31288686192,2.489015869776647,3.39691177279,4.62279643004,2.489015869776647,fcc,-4.45,188.0,3.52,-139277.290227733,3.64995466551906,-139272.840227733,0.12995466551906
55,1.83006695925,5.72939432295,2.489015869776647,3.33405727572,6.67152371817,2.489015869776647,fcc,-4.45,188.0,3.52,-14013761.179459525,2.48103364650297,-14013756.729459526,-1.0389663534970301
56,3.30657798877,2.87854590521,2.489015869776647,1.26978857584,3.14611443787,2.489015869776647,fcc,-4.45,188.0,3.52,-2489.90923572321,4.65946904858756,-2485.45923572321,1.1394690485875603
57,1.75676336662,6.12887061867,2.489015869776647,1.34799691706,4.54853773193,2.489015869776647,fcc,-4.45,188.0,3.52,-4.46630488412135,3.51833673084234,-0.016304884121350227,-0.001663269157659908
60,1.46589020378,3.97705149544,2.489015869776647,3.09252640424,4.2715411068,2.489015869776647,fcc,-4.45,188.0,3.52,-17726.7978894274,4.14438583116568,-17722.347889427398,0.62438583116568
62,2.22097862512,6.21370022464,2.489015869776647,2.09001821019,4.83280535522,2.489015869776647,fcc,-4.45,188.0,3.52,-4.4766517436034,3.51843704915464,-0.026651743603399503,-0.0015629508453600671
63,3.99957936634,5.71615316235,2.489015869776647,3.90020670775,2.6432945413,2.489015869776647,fcc,-4.45,188.0,3.52,-4.458855170626875,3.51671423553772,-0.008855170626874909,-0.0032857644622801274
64,1.52104778228,4.54380304671,2.489015869776647,3.93352037127,2.77056200955,2.489015869776647,fcc,-4.45,188.0,3.52,-4.45196881463595,3.51945880159112,-0.001968814635949556,-0.0005411984088801169
65,3.43098919494,3.43093150557,2.489015869776647,3.990200329,2.22107032915,2.489015869776647,fcc,-4.45,188.0,3.52,-4.45100230352495,3.51953624227224,-0.001002303524949788,-0.0004637577277599725
66,1.16126267032,4.51028994027,2.489015869776647,2.47841478112,5.70532163309,2.489015869776647,fcc,-4.45,188.0,3.52,-693243.394797365,2.55886185947579,-693238.944797365,-0.9611381405242101
67,0.923937420684,2.30703175768,2.489015869776647,1.31630295094,2.80998711693,2.489015869776647,fcc,-4.45,188.0,3.52,-7.642657602820025,11.339002775153,-3.1926576028200246,7.819002775153001
69,1.04128114668,2.78460746963,2.489015869776647,1.09809261119,3.78038801895,2.489015869776647,fcc,-4.45,188.0,3.52,-4134.132416426425,4.37520964557285,-4129.682416426425,0.8552096455728502
70,2.99913529384,6.24975216959,2.489015869776647,1.38393773063,5.08622153034,2.489015869776647,fcc,-4.45,188.0,3.52,-4.494863985199525,3.51861817251479,-0.04486398519952495,-0.0013818274852099854
71,2.91537956355,6.87316897361,2.489015869776647,2.14529320445,5.64054051617,2.489015869776647,fcc,-4.45,188.0,3.52,-4.52720469660675,3.51604659031365,-0.07720469660675011,-0.003953409686349829
72,2.70085677381,2.19315876956,2.489015869776647,1.87984412414,4.43838273018,2.489015869776647,fcc,-4.45,188.0,3.52,-32880.07892935025,2.78187637238946,-32875.628929350256,-0.7381236276105398
73,1.28094910071,2.51523084825,2.489015869776647,2.32684155952,6.65222365578,2.489015869776647,fcc,-4.45,188.0,3.52,-485980.5572496375,1.83129731758075,-485976.1072496375,-1.68870268241925
74,2.82857953185,2.10043623908,2.489015869776647,3.27075877031,6.27169912985,2.489015869776647,fcc,-4.45,188.0,3.52,-528237.33322068,1.36399521349396,-528232.88322068,-2.15600478650604
75,0.831152671486,2.11558751465,2.489015869776647,3.70598665671,4.86868482123,2.489015869776647,fcc,-4.45,188.0,3.52,-1940.066662262365,4.08118546497225,-1935.616662262365,0.5611854649722496
76,2.40838640414,5.82018140831,2.489015869776647,3.9588810999,5.2418912509,2.489015869776647,fcc,-4.45,188.0,3.52,-4.4878633216216,3.5201280155452,-0.03786332162160022,0.0001280155451999221
77,1.19044129154,5.49058515721,2.489015869776647,3.62695249401,4.0285745131,2.489015869776647,fcc,-4.45,188.0,3.52,-4.456098161696125,3.51946607424897,-0.006098161696124649,-0.0005339257510299511
