attempted to create data directory, directory already exists.
	data_directory:/Users/eugeneragasa/repos/pypospack/examples/Si__sw/reference_potentials/data
starting at simulation: 0
================================================================================
                              Begin Iteration 1/1                               
================================================================================
--------------------------------------------------------------------------------
                             GENERATED RANDOM SEEDS                             
--------------------------------------------------------------------------------
global_seed:1975133478
seeds_for_this_iteration:
  rank     seed  
-------- --------
   0      273215633
sampling_type=from_file
attempted to create data directory, directory already exists.
	data_directory:/Users/eugeneragasa/repos/pypospack/examples/Si__sw/reference_potentials/data
starting at simulation: 0
================================================================================
                              Begin Iteration 1/1                               
================================================================================
--------------------------------------------------------------------------------
                             GENERATED RANDOM SEEDS                             
--------------------------------------------------------------------------------
global_seed:1555135654
seeds_for_this_iteration:
  rank     seed  
-------- --------
   0     1222469262
sampling_type=from_file
attempted to create data directory, directory already exists.
	data_directory:/Users/eugeneragasa/repos/pypospack/examples/Si__sw/reference_potentials/data
starting at simulation: 0
================================================================================
                              Begin Iteration 1/1                               
================================================================================
--------------------------------------------------------------------------------
                             GENERATED RANDOM SEEDS                             
--------------------------------------------------------------------------------
global_seed:1725007121
seeds_for_this_iteration:
  rank     seed  
-------- --------
   0      550699138
sampling_type=from_file
attempted to create data directory, directory already exists.
	data_directory:/Users/eugeneragasa/repos/pypospack/examples/Si__sw/reference_potentials/data
starting at simulation: 0
================================================================================
                              Begin Iteration 1/1                               
================================================================================
--------------------------------------------------------------------------------
                             GENERATED RANDOM SEEDS                             
--------------------------------------------------------------------------------
global_seed:1195618032
seeds_for_this_iteration:
  rank     seed  
-------- --------
   0      198857397
sampling_type=from_file
--------------------------------------------------------------------------------
                               STRUCTURE DATABASE                               
--------------------------------------------------------------------------------
structure_directory:/Users/eugeneragasa/repos/pypospack/data/Si__structure_db

        name               filename      
-------------------- --------------------
Si_dia               Si_dia_unit.vasp    
Si_vac               Si_dia_333_vac.vasp 
--------------------------------------------------------------------------------
INITIAL PARAMETER DISTRIBUTION                                                  
--------------------------------------------------------------------------------
--------------------------------------------------------------------------------
--------------------------------------------------------------------------------
                                 file sampling                                  
--------------------------------------------------------------------------------
filename_in:/Users/eugeneragasa/repos/pypospack/examples/Si__sw/reference_potentials/data/pyposmat.reference.in
ALL SIMULATIONS COMPLETE FOR ALL RANKS
MERGING FILES
attempted to create data directory, directory already exists.
	data_directory:/Users/eugeneragasa/repos/pypospack/examples/Si__sw/reference_potentials/data
starting at simulation: 0
================================================================================
                              Begin Iteration 1/1                               
================================================================================
--------------------------------------------------------------------------------
                             GENERATED RANDOM SEEDS                             
--------------------------------------------------------------------------------
global_seed:1344306012
seeds_for_this_iteration:
  rank     seed  
-------- --------
   0      979746170
sampling_type=from_file
--------------------------------------------------------------------------------
                               STRUCTURE DATABASE                               
--------------------------------------------------------------------------------
structure_directory:/Users/eugeneragasa/repos/pypospack/data/Si__structure_db

        name               filename      
-------------------- --------------------
Si_dia               Si_dia_unit.vasp    
Si_vac               Si_dia_333_vac.vasp 
--------------------------------------------------------------------------------
INITIAL PARAMETER DISTRIBUTION                                                  
--------------------------------------------------------------------------------
--------------------------------------------------------------------------------
--------------------------------------------------------------------------------
                                 file sampling                                  
--------------------------------------------------------------------------------
filename_in:/Users/eugeneragasa/repos/pypospack/examples/Si__sw/reference_potentials/data/pyposmat.reference.in
ALL SIMULATIONS COMPLETE FOR ALL RANKS
MERGING FILES
no bad parameters file at /Users/eugeneragasa/repos/pypospack/examples/Si__sw/reference_potentials/rank_0/pyposmat.badparameters.out
attempted to create data directory, directory already exists.
	data_directory:/Users/eugeneragasa/repos/pypospack/examples/Si__sw/reference_potentials/data
starting at simulation: 0
================================================================================
                              Begin Iteration 1/1                               
================================================================================
--------------------------------------------------------------------------------
                             GENERATED RANDOM SEEDS                             
--------------------------------------------------------------------------------
global_seed:1338495098
seeds_for_this_iteration:
  rank     seed  
-------- --------
   0      986927625
sampling_type=from_file
--------------------------------------------------------------------------------
                               STRUCTURE DATABASE                               
--------------------------------------------------------------------------------
structure_directory:/Users/eugeneragasa/repos/pypospack/data/Si__structure_db

        name               filename      
-------------------- --------------------
Si_dia               Si_dia_unit.vasp    
Si_vac               Si_dia_333_vac.vasp 
--------------------------------------------------------------------------------
INITIAL PARAMETER DISTRIBUTION                                                  
--------------------------------------------------------------------------------
--------------------------------------------------------------------------------
--------------------------------------------------------------------------------
                                 file sampling                                  
--------------------------------------------------------------------------------
filename_in:/Users/eugeneragasa/repos/pypospack/examples/Si__sw/reference_potentials/data/pyposmat.reference.in
ALL SIMULATIONS COMPLETE FOR ALL RANKS
MERGING FILES
no bad parameters file at /Users/eugeneragasa/repos/pypospack/examples/Si__sw/reference_potentials/rank_0/pyposmat.badparameters.out
ANALYZE RESULTS
--------------------------------------------------------------------------------
                         Results Descriptive Statistics                         
--------------------------------------------------------------------------------

     qoi_names       qoi_target     mean         std    
Si_dia.E_coh         -4.6300e+00 -4.0879e+00 +7.0074e-01
Si_dia.a0            +5.4300e+00 +5.4309e+00 +2.1523e-07
Si_dia.c11           +1.6600e+02 +1.4768e+02 +1.2129e+01
Si_dia.c12           +6.4000e+01 +6.8327e+01 +1.7181e+01
Si_dia.c44           +8.0000e+01 +5.7407e+01 +1.0179e+00
Si_dia.B             +9.9000e+01 +9.4779e+01 +1.5464e+01
Si_dia.vac           +3.6000e+00 +4.0879e+00 +7.0074e-01

--------------------------------------------------------------------------------
                             qoi filtering summary                              
--------------------------------------------------------------------------------
filter_by_qoi_constraints                                                       
-------------------------
short_description    n_survived pct_survived
Si_dia.c11 > 0.0              3  100.0000%
Si_dia.c12 > 0.0              3  100.0000%
Si_dia.c44 > 0.0              3  100.0000%
n_potentials_start=3
n_potentials_final=3
pct_potentials_final=1.0

--------------------------------------------------------------------------------
filter_by_pareto_membership                                                     
---------------------------
n_potentials_start:3
n_potentials_final:3
pct_potentials_final:1.0

--------------------------------------------------------------------------------
filter_by_cost_function                                                         
-----------------------
loss_function_type:abs_error
cost_function_type:weighted_sum
      qoi_name       qoi_weight
-------------------- ----------
    Si_dia.E_coh     2.9907e-01
     Si_dia.a0       2.5501e-01
     Si_dia.c11      8.3416e-03
     Si_dia.c12      2.1636e-02
     Si_dia.c44      1.7309e-02
      Si_dia.B       1.3987e-02
     Si_dia.vac      3.8464e-01
pct_to_keep:0.95
n_potentials_min:500
n_potentials_max:10000
n_potentials_start:3
n_potentials_final:3

--------------------------------------------------------------------------------
final analysis
--------------
n_potentials_start:3
n_potentials_final:3
pct_to_keep:1.0

--------------------------------------------------------------------------------
                           Kde Descriptive Statistics                           
--------------------------------------------------------------------------------

     qoi_names       qoi_target     mean         std    
Si_dia.E_coh         -4.6300e+00 -4.0879e+00 +7.0074e-01
Si_dia.a0            +5.4300e+00 +5.4309e+00 +2.1523e-07
Si_dia.c11           +1.6600e+02 +1.4768e+02 +1.2129e+01
Si_dia.c12           +6.4000e+01 +6.8327e+01 +1.7181e+01
Si_dia.c44           +8.0000e+01 +5.7407e+01 +1.0179e+00
Si_dia.B             +9.9000e+01 +9.4779e+01 +1.5464e+01
Si_dia.vac           +3.6000e+00 +4.0879e+00 +7.0074e-01

--------------------------------------------------------------------------------
JOBCOMPLETE
attempted to create data directory, directory already exists.
	data_directory:/Users/eugeneragasa/repos/pypospack/examples/Si__sw/reference_potentials/data
iteration 0: is complete
starting at simulation: 1
--------------------------------------------------------------------------------
JOBCOMPLETE
attempted to create data directory, directory already exists.
	data_directory:/Users/eugeneragasa/repos/pypospack/examples/Si__sw/reference_potentials/data
iteration 0: is complete
starting at simulation: 1
--------------------------------------------------------------------------------
JOBCOMPLETE
attempted to create data directory, directory already exists.
	data_directory:/Users/eugeneragasa/repos/pypospack/examples/Si__sw/reference_potentials/data
starting at simulation: 0
================================================================================
                              Begin Iteration 1/1                               
================================================================================
--------------------------------------------------------------------------------
                             GENERATED RANDOM SEEDS                             
--------------------------------------------------------------------------------
global_seed:1207227479
seeds_for_this_iteration:
  rank     seed  
-------- --------
   0     2048999580
sampling_type=from_file
--------------------------------------------------------------------------------
                               STRUCTURE DATABASE                               
--------------------------------------------------------------------------------
structure_directory:/Users/eugeneragasa/repos/pypospack/data/Si__structure_db

        name               filename      
-------------------- --------------------
Si_dia               Si_dia_unit.vasp    
Si_vac               Si_dia_333_vac.vasp 
--------------------------------------------------------------------------------
INITIAL PARAMETER DISTRIBUTION                                                  
--------------------------------------------------------------------------------
--------------------------------------------------------------------------------
--------------------------------------------------------------------------------
                                 file sampling                                  
--------------------------------------------------------------------------------
filename_in:/Users/eugeneragasa/repos/pypospack/examples/Si__sw/reference_potentials/data/pyposmat.reference.in
ALL SIMULATIONS COMPLETE FOR ALL RANKS
MERGING FILES
attempted to create data directory, directory already exists.
	data_directory:/Users/eugeneragasa/repos/pypospack/examples/Si__sw/reference_potentials/data
starting at simulation: 0
================================================================================
                              Begin Iteration 1/1                               
================================================================================
--------------------------------------------------------------------------------
                             GENERATED RANDOM SEEDS                             
--------------------------------------------------------------------------------
global_seed:13003700
seeds_for_this_iteration:
  rank     seed  
-------- --------
   0     1500415245
sampling_type=from_file
--------------------------------------------------------------------------------
                               STRUCTURE DATABASE                               
--------------------------------------------------------------------------------
structure_directory:/Users/eugeneragasa/repos/pypospack/data/Si__structure_db

        name               filename      
-------------------- --------------------
Si_dia               Si_dia_unit.vasp    
Si_vac               Si_dia_333_vac.vasp 
--------------------------------------------------------------------------------
INITIAL PARAMETER DISTRIBUTION                                                  
--------------------------------------------------------------------------------
--------------------------------------------------------------------------------
--------------------------------------------------------------------------------
                                 file sampling                                  
--------------------------------------------------------------------------------
filename_in:/Users/eugeneragasa/repos/pypospack/examples/Si__sw/reference_potentials/data/pyposmat.reference.in
ALL SIMULATIONS COMPLETE FOR ALL RANKS
MERGING FILES
no bad parameters file at /Users/eugeneragasa/repos/pypospack/examples/Si__sw/reference_potentials/rank_0/pyposmat.badparameters.out
ANALYZE RESULTS
--------------------------------------------------------------------------------
                         Results Descriptive Statistics                         
--------------------------------------------------------------------------------

     qoi_names       qoi_target     mean         std    
Si_dia.E_coh         -4.6300e+00 -4.0879e+00 +7.0074e-01
Si_dia.a0            +5.4300e+00 +5.4309e+00 +2.1523e-07
Si_dia.c11           +1.6600e+02 +1.4768e+02 +1.2129e+01
Si_dia.c12           +6.4000e+01 +6.8327e+01 +1.7181e+01
Si_dia.c44           +8.0000e+01 +5.7407e+01 +1.0179e+00
Si_dia.B             +9.9000e+01 +9.4779e+01 +1.5464e+01
Si_dia.vac           +3.6000e+00 +4.0879e+00 +7.0074e-01

--------------------------------------------------------------------------------
                             qoi filtering summary                              
--------------------------------------------------------------------------------
filter_by_qoi_constraints                                                       
-------------------------
short_description    n_survived pct_survived
Si_dia.c11 > 0.0              3  100.0000%
Si_dia.c12 > 0.0              3  100.0000%
Si_dia.c44 > 0.0              3  100.0000%
n_potentials_start=3
n_potentials_final=3
pct_potentials_final=1.0

--------------------------------------------------------------------------------
filter_by_pareto_membership                                                     
---------------------------
n_potentials_start:3
n_potentials_final:3
pct_potentials_final:1.0

--------------------------------------------------------------------------------
filter_by_cost_function                                                         
-----------------------
loss_function_type:abs_error
cost_function_type:weighted_sum
      qoi_name       qoi_weight
-------------------- ----------
    Si_dia.E_coh     2.9907e-01
     Si_dia.a0       2.5501e-01
     Si_dia.c11      8.3416e-03
     Si_dia.c12      2.1636e-02
     Si_dia.c44      1.7309e-02
      Si_dia.B       1.3987e-02
     Si_dia.vac      3.8464e-01
pct_to_keep:0.95
n_potentials_min:500
n_potentials_max:10000
n_potentials_start:3
n_potentials_final:3

--------------------------------------------------------------------------------
final analysis
--------------
n_potentials_start:3
n_potentials_final:3
pct_to_keep:1.0

--------------------------------------------------------------------------------
                           Kde Descriptive Statistics                           
--------------------------------------------------------------------------------

     qoi_names       qoi_target     mean         std    
Si_dia.E_coh         -4.6300e+00 -4.0879e+00 +7.0074e-01
Si_dia.a0            +5.4300e+00 +5.4309e+00 +2.1523e-07
Si_dia.c11           +1.6600e+02 +1.4768e+02 +1.2129e+01
Si_dia.c12           +6.4000e+01 +6.8327e+01 +1.7181e+01
Si_dia.c44           +8.0000e+01 +5.7407e+01 +1.0179e+00
Si_dia.B             +9.9000e+01 +9.4779e+01 +1.5464e+01
Si_dia.vac           +3.6000e+00 +4.0879e+00 +7.0074e-01

--------------------------------------------------------------------------------
JOBCOMPLETE
