attempted to create data directory, directory already exists.
attempted to create data directory, directory already exists.
attempted to create data directory, directory already exists.
attempted to create data directory, directory already exists.
attempted to create data directory, directory already exists.
attempted to create data directory, directory already exists.
attempted to create data directory, directory already exists.
	data_directory:/home/sullberg/repos/pypospack/examples/Ni__ea	data_directory:/home/sullberg/repos/pypospackattempted to create data directory, directory already exists.
	data_directory:/home/sullberg/repos/pypospack/examples/Ni__eam__born_exp_fs/pareto_optimization_3.5NN/data
attempted to create data directory, directory already exists.
	data_directory:/home/sullberg/repos/pypospack/examples/Ni__eaattempted to create data directory, directory already exists.
m__born_exp_fs/pareto_optimization_3.5NN/data
already exists.
attempted to create data directory, directory already exists.
attempted to create data directory, directory already exists.
m__born_exp_fs/pareto_optimization_3.5NN/data
attempted to create data directory, directory already exists.
	data_directory:/home/sullberg/repos/pypospackattempted to create data directory, directory already exists.
	data_directory:/home/sullberg/repos/pypospack/examples/Ni__eam__born_exp_fs/pareto_optimization_3.5NN/data
	data_directory:/home/sullberg/repos/pypospack/examples/Ni__eam__born_exp_fs/pareto_optimization_3.5NN/data
attempted to create data directory, directory already exists.
	data_directory:/home/sullberg/repos/pypospack/examples/Ni__eam__born_exp_fs/pareto_optimization_3.5NN/data
attempted to create data directory, directory already exists.
attempted to create data directory, directory already exists.
m__born_exp_fs/pareto_optimization_3.5NN/data
	data_directory:/home/sullberg/repos/pypospack/examples/Ni__eam__born_exp_fs/pareto_optimization_3.5NN/data
attempted to create data directory, directory already exists.
attempted to create data directory, directory already exists.
attempted to create data directory, directory already exists.
	data_directory:/home/sullberg/repos/pypospack/examples/Ni__eam__born_exp_fs/pareto_optimization_3.5NN/data
attempted to create data directory, directory already exists.
m__born_exp_fs/pareto_optimization_3.5NN/data
==================================
                              Begin Iteration 1/20                              
================================================================================
attempted to create data directory, directory already exists.
m__born_exp_fs/pareto_optimization_3.5NN/data
attempted to create data directory, directory already exists.
m__born_exp_fs/pareto_optimization_3.5NN/data
	data_directory:/home/sullberg/repos/pypospack/examples/Ni__eam__born_exp_fs/pareto_optimization_3.5NN/data
/examples/Ni__eam__born_exp_fs/pareto_optimization_3.5NN/data
	data_directory:/home/sullberg/repos/pypospack/examples/Ni__eam__born_exp_fs/pareto_optimization_3.5NN/data
attempted to create data directory, directory already exists.
	data_directory:/home/sullberg/repos/pypospack/examples/Ni__eam__born_exp_fs/pareto_optimization_3.5NN/data
attempted to create data directory, directory already exists.
attempted to create data directory, directory attempted to cre	data_directory:/home/sullberg/repos/pypospack/examples/Ni__eam__born_exp_fs/pareto_optimization_3.5NN/data
attempted to create data directory, directory already exists.
attempted to create data directory, directory already exists.
m__born_exp_fs/pareto_optimization_3.5NN/data
	data_directory:/home/sullberg/repos/pypospack/examples/Ni__eam__born_exp_fs/pareto_optimization_3.5NN/data
attempted to create data directory, directory already exists.
	data_directory:/home/sullberg/repos/pypospack/examples/Ni__eam__born_exp_fs/pareto_optimization_3.5NN/data
attempted to create data directory, directory already exists.
m__born_exp_fs/pareto_optimization_3.5NN/data
attempted to create data directory, directory already exists.
m__born_exp_fs/pareto_optimization_3.5NN/data
attempted to create data directory, directory already exists.
attempted to create data directory, directory already exists.
	data_directory:/home/sullberg/repos/pypospack/examples/Ni__eam__born_exp_fs/pareto_optimization_3.5NN/data
attempted to create data directory, directory already exists.
m__born_exp_fs/pareto_optimization_3.5NN/data
attempted to create data directory, directory already exists.
m__born_exp_fs/pareto_optimization_3.5NN/data
attempted to create data directory, directory already exists.
	data_directory:/home/sullberg/repos/pypospackattempted to create data directory, directory already exists.
attempted to create data directory, directory already exists.
	data_directory:/home/sullberg/repos/pypospack/examples/Ni__eam__born_exp_fs/pareto_optimization_3.5NN/data
	data_directory:/home/sullberg/repos/pypospack/examples/Ni__eam__born_exp_fs/pareto_optimization_3.5NN/data
attempted to create data directory, directory already exists.
m__born_exp_fs/pareto_optimization_3.5NN/data
	data_directory:/home/sullberg/repos/pypospack/examples/Ni__ea	data_directory:/home/sullberg/repos/pypospack/examples/Ni__eam__born_exp_fs/pareto_optimization_3.5NN/data
attempted to create data directory, directory already exists.
m__born_exp_fs/pareto_optimization_3.5NN/data
attempted to create data directory, directory already exists.
m__born_exp_fs/pareto_optimization_3.5NN/data
	data_directory:/home/sullberg/repos/pypospack/examples/Ni__eam__born_exp_fs/pareto_optimization_3.5NN/data
attempted to create data directory, directory already exists.
m__born_exp_fs/pareto_optimization_3.5NN/data
attempted to create data directory, directory already exists.
m__born_exp_fs/pareto_optimization_3.5NN/data
attempted to create data directory, directory already exists.
attempted to create data directory, directory already exists.
m__born_exp_fs/pareto_optimization_3.5NN/data
attempted to create data directory, directory already exists.
m__born_exp_fs/pareto_optimization_3.5NN/data
attempted to create data directory, directory already exists.
m__born_exp_fs/pareto_optimization_3.5NN/data
attempted to create data directory, directory already exists.
m__born_exp_fs/pareto_optimization_3.5NN/data
	data_directory:/home/sullberg/repos/pypospack/examples/Ni__eam__born_exp_fs/pareto_optimization_3.5NN/data
attempted to create data directory, directory already exists.
m__born_exp_fs/pareto_optimization_3.5NN/data
/examples/Ni__eam__born_exp_fs/pareto_optimization_3.5NN/data
attempted to create data directory, directory already exists.
m__born_exp_fs/pareto_optimization_3.5NN/data
	data_directory:/home/sullberg/repos/pypospack/examples/Ni__eam__born_exp_fs/pareto_optimization_3.5NN/data
	data_directory:/home/sullberg/repos/pypospack/examples/Ni__eam__born_exp_fs/pareto_optimization_3.5NN/data
/examples/Ni__eam__born_exp_fs/pareto_optimization_3.5NN/data
	data_directory:/home/sullberg/repos/pypospack/examples/Ni__eam__born_exp_fs/pareto_optimization_3.5NN/data
attempted to create data directory, directory already exists.
attempted to create data directory, directory already exists.
m__born_exp_fs/pareto_optimization_3.5NN/data
attempted to create data directory, directory already exists.
m__born_exp_fs/pareto_optimization_3.5NN/data
	data_directory:/home/sullberg/repos/pypospack/examples/Ni__eam__born_exp_fs/pareto_optimization_3.5NN/data
/examples/Ni__eam__born_exp_fs/pareto_optimization_3.5NN/data
	data_directory:/home/sullberg/repos/pypospack/examples/Ni__eam__born_exp_fs/pareto_optimization_3.5NN/data
	data_directory:/home/sullberg/repos/pypospack/examples/Ni__eam__born_exp_fs/pareto_optimization_3.5NN/data
attempted to create data directory, directory already exists.
m__born_exp_fs/pareto_optimization_3.5NN/data
attempted to create data directory, directory already exists.
m__born_exp_fs/pareto_optimization_3.5NN/data
	data_directory:/home/sullberg/repos/pypospack/examples/Ni__eam__born_exp_fs/pareto_optimization_3.5NN/data
	data_directory:/home/sullberg/repos/pypospack/examples/Ni__eam__born_exp_fs/pareto_optimization_3.5NN/data
attempted to create data directory, directory already exists.
m__born_exp_fs/pareto_optimization_3.5NN/data
	data_directory:/home/sullberg/repos/pypospack/examples/Ni__eam__born_exp_fs/pareto_optimization_3.5NN/data
	data_directory:/home/sullberg/repos/pypospack/examples/Ni__eam__born_exp_fs/pareto_optimization_3.5NN/data
attempted to create data directory, directory already exists.
m__born_exp_fs/pareto_optimization_3.5NN/data
/examples/Ni__eam__born_exp_fs/pareto_optimization_3.5NN/data
	data_directory:/home/sullberg/repos/pypospack/examples/Ni__eam__born_exp_fs/pareto_optimization_3.5NN/data
attempted to create data directory, directory already exists.
m__born_exp_fs/pareto_optimization_3.5NN/data
	data_directory:/home/sullberg/repos/pypospack/examples/Ni__eam__born_exp_fs/pareto_optimization_3.5NN/data
--------------------------------------------------------------------------------
                             GENERATED RANDOM SEEDS                             
--------------------------------------------------------------------------------
global_seed:691081495
seeds_for_this_iteration:
  rank     seed  
-------- --------
   0      247274237
   48     327851923
   16    2092362195
   8      216932316
  107    2091807774
   89    1761468278
   40     291040821
   67    1353643961
   74    1673403445
  105    1369992305
   25     624933788
   54     914073358
   34    2119036577
  118     938414999
   96    1610673328
   11     497590771
   22    1282374520
   31    1237819958
  109    1709037219
   6      733774082
   65     546026523
   49    1731366875
   64     915802191
   44    1347875620
   46    1264868555
   76    2014313141
   23     604184994
   93    1901264734
   21     454798146
   97    1748570231
   60    1463202772
  110     765253600
   99     241850938
   81    1725300006
   75     199089017
  120    1919530959
  111     880608942
   43    1583376319
   68    2012758002
   39    1624965059
   73    1679420864
   35    1737011075
   4      338101222
   95     601373693
   45    1721054867
   83    1162503475
   3      611890955
   51     585736464
sampling_type=from_file
--------------------------------------------------------------------------------
                               STRUCTURE DATABASE                               
--------------------------------------------------------------------------------
structure_directory:/home/sullberg/repos/pypospack/examples/Ni__eam__born_exp_fs/pareto_optimization_3.5NN/structure_db

        name               filename      
-------------------- --------------------
Ni_fcc               Ni_fcc_100_unit.gga.relaxed.vasp
Ni_bcc               Ni_bcc_100_unit.gga.relaxed.vasp
Ni_sc                Ni_sc_100_unit.gga.relaxed.vasp
Ni_hcp               Ni_hcp_ortho.vasp   
Ni_dia               Ni_dia_100_unit.gga.relaxed.vasp
Ni_fcc_100_unit      Ni_fcc_100_unit.gga.relaxed.vasp
Ni_fcc_110_unit      Ni_fcc_110_unit.gga.relaxed.vasp
Ni_fcc_111_unit      Ni_fcc_111_unit.gga.relaxed.vasp
Ni_fcc_100_s         Ni_fcc_100_surf.vasp
Ni_fcc_110_s         Ni_fcc_110_surf.vasp
Ni_fcc_111_s         Ni_fcc_111_surf.vasp
Ni_fcc_isf           Ni_fcc_isf.vasp     
Ni_fcc_esf           Ni_fcc_esf.vasp     
Ni_fcc_vac           Ni_fcc_sc_333_vac.vasp
Ni_fcc_o_int         Ni_fcc_sc_333_o_int.vasp
Ni_fcc_i_int         Ni_fcc_sc_333_t_int.vasp
--------------------------------------------------------------------------------
INITIAL PARAMETER DISTRIBUTION                                                  
--------------------------------------------------------------------------------
--------------------------------------------------------------------------------
--------------------------------------------------------------------------------
                                 file sampling                                  
--------------------------------------------------------------------------------
filename_in:/home/sullberg/repos/pypospack/examples/Ni__eam__born_exp_fs/pareto_optimization_3.5NN/data/pyposmat.kde.0.out
R69:70 samples completed in 4.384907s, Avg_time=0.062642. n_errors=0
R29:30 samples completed in 4.595410s, Avg_time=0.153180. n_errors=0
R79:80 samples completed in 4.623478s, Avg_time=0.057793. n_errors=0
R39:40 samples completed in 4.763452s, Avg_time=0.119086. n_errors=0
R9:10 samples completed in 4.790057s, Avg_time=0.479006. n_errors=0
R49:50 samples completed in 4.863921s, Avg_time=0.097278. n_errors=0
R89:90 samples completed in 4.885958s, Avg_time=0.054288. n_errors=0
R99:100 samples completed in 5.301033s, Avg_time=0.053010. n_errors=0
R19:20 samples completed in 5.347886s, Avg_time=0.267394. n_errors=0
R59:60 samples completed in 5.362288s, Avg_time=0.089371. n_errors=0
ALL SIMULATIONS COMPLETE FOR ALL RANKS
MERGING FILES
from_file
ANALYZE RESULTS
================================================================================
                              Begin Iteration 2/20                              
================================================================================
--------------------------------------------------------------------------------
                             GENERATED RANDOM SEEDS                             
--------------------------------------------------------------------------------
global_seed:691081495
seeds_for_this_iteration:
  rank     seed  
-------- --------
   0     1209035866
   68     404366722
   4     1989290282
   69    1231293406
   25     851520696
  101     532135976
   15     277789879
   80    1588798913
  112       1781588
   99    1587636264
  114    1457531551
  105    1812535799
  127     685573608
   60     659751770
  107    1028293026
  109     518762109
   1     1118696611
   38    2110990700
   74    1761230755
  117    1437060030
  120    1538549064
   46     814745722
   22     777495830
   27     220094945
  118    1850555986
   64    1520673561
   31     649796390
   23     797123815
   33    1605720202
  126    1896768792
   19    1791527228
   76     523565453
   61     316140232
   82     630158783
   18    1040364128
   35      88521840
   52     157467599
   41    1776841710
   77    1161451051
  122    1223086895
   8      153552486
   98    1068680202
   10      42831271
   29    1314210465
  103     451802618
sampling_type=kde
--------------------------------------------------------------------------------
                               STRUCTURE DATABASE                               
--------------------------------------------------------------------------------
structure_directory:/home/sullberg/repos/pypospack/examples/Ni__eam__born_exp_fs/pareto_optimization_3.5NN/structure_db

        name               filename      
-------------------- --------------------
Ni_fcc               Ni_fcc_100_unit.gga.relaxed.vasp
Ni_bcc               Ni_bcc_100_unit.gga.relaxed.vasp
Ni_sc                Ni_sc_100_unit.gga.relaxed.vasp
Ni_hcp               Ni_hcp_ortho.vasp   
Ni_dia               Ni_dia_100_unit.gga.relaxed.vasp
Ni_fcc_100_unit      Ni_fcc_100_unit.gga.relaxed.vasp
Ni_fcc_110_unit      Ni_fcc_110_unit.gga.relaxed.vasp
Ni_fcc_111_unit      Ni_fcc_111_unit.gga.relaxed.vasp
Ni_fcc_100_s         Ni_fcc_100_surf.vasp
Ni_fcc_110_s         Ni_fcc_110_surf.vasp
Ni_fcc_111_s         Ni_fcc_111_surf.vasp
Ni_fcc_isf           Ni_fcc_isf.vasp     
Ni_fcc_esf           Ni_fcc_esf.vasp     
Ni_fcc_vac           Ni_fcc_sc_333_vac.vasp
Ni_fcc_o_int         Ni_fcc_sc_333_o_int.vasp
Ni_fcc_i_int         Ni_fcc_sc_333_t_int.vasp
--------------------------------------------------------------------------------
R0: Starting iteration N=1
R0: Attemping n_samples=10000 with sampling_type=kde
R0: Using file:/home/sullberg/repos/pypospack/examples/Ni__eam__born_exp_fs/pareto_optimization_3.5NN/data/pyposmat.kde.1.out
determining kde bandwidth...
determining kde bandwidth...
determining kde bandwidth...
determining kde bandwidth...
determining kde bandwidth...
determining kde bandwidth...
determining kde bandwidth...
determining kde bandwidth...
determining kde bandwidth...
determining kde bandwidth...
determining kde bandwidth...
determining kde bandwidth...
determining kde bandwidth...
determining kde bandwidth...
determining kde bandwidth...
determining kde bandwidth...
determining kde bandwidth...
determining kde bandwidth...
determining kde bandwidth...
determining kde bandwidth...
determining kde bandwidth...
determining kde bandwidth...
determining kde bandwidth...
determining kde bandwidth...
determining kde bandwidth...
determining kde bandwidth...
determining kde bandwidth...
determining kde bandwidth...
determining kde bandwidth...
determining kde bandwidth...
determining kde bandwidth...
determining kde bandwidth...
determining kde bandwidth...
determining kde bandwidth...
determining kde bandwidth...
determining kde bandwidth...
determining kde bandwidth...
determining kde bandwidth...
determining kde bandwidth...
determining kde bandwidth...
determining kde bandwidth...
determining kde bandwidth...
determining kde bandwidth...
determining kde bandwidth...
determining kde bandwidth...
determining kde bandwidth...
determining kde bandwidth...
determining kde bandwidth...
determining kde bandwidth...
determining kde bandwidth...
