--------------------------------------------------------------------------
A process has executed an operation involving a call to the
"fork()" system call to create a child process.  Open MPI is currently
operating in a condition that could result in memory corruption or
other system errors; your job may hang, crash, or produce silent
data corruption.  The use of fork() (or system() or other calls that
create child processes) is strongly discouraged.

The process that invoked fork was:

  Local host:          [[19702,0],54] (PID 24713)

If you are *absolutely sure* that your application will successfully
and correctly survive a call to fork(), you may disable this warning
by setting the mpi_warn_on_fork MCA parameter to 0.
--------------------------------------------------------------------------
--------------------------------------------------------------------------
A process has executed an operation involving a call to the
"fork()" system call to create a child process.  Open MPI is currently
operating in a condition that could result in memory corruption or
other system errors; your job may hang, crash, or produce silent
data corruption.  The use of fork() (or system() or other calls that
create child processes) is strongly discouraged.

The process that invoked fork was:

  Local host:          [[19702,0],40] (PID 31847)

If you are *absolutely sure* that your application will successfully
and correctly survive a call to fork(), you may disable this warning
by setting the mpi_warn_on_fork MCA parameter to 0.
--------------------------------------------------------------------------
--------------------------------------------------------------------------
A process has executed an operation involving a call to the
"fork()" system call to create a child process.  Open MPI is currently
operating in a condition that could result in memory corruption or
other system errors; your job may hang, crash, or produce silent
data corruption.  The use of fork() (or system() or other calls that
create child processes) is strongly discouraged.

The process that invoked fork was:

  Local host:          [[19702,0],49] (PID 24711)

If you are *absolutely sure* that your application will successfully
and correctly survive a call to fork(), you may disable this warning
by setting the mpi_warn_on_fork MCA parameter to 0.
--------------------------------------------------------------------------
--------------------------------------------------------------------------
A process has executed an operation involving a call to the
"fork()" system call to create a child process.  Open MPI is currently
operating in a condition that could result in memory corruption or
other system errors; your job may hang, crash, or produce silent
data corruption.  The use of fork() (or system() or other calls that
create child processes) is strongly discouraged.

The process that invoked fork was:

  Local host:          [[19702,0],56] (PID 24714)

If you are *absolutely sure* that your application will successfully
and correctly survive a call to fork(), you may disable this warning
by setting the mpi_warn_on_fork MCA parameter to 0.
--------------------------------------------------------------------------
--------------------------------------------------------------------------
A process has executed an operation involving a call to the
"fork()" system call to create a child process.  Open MPI is currently
operating in a condition that could result in memory corruption or
other system errors; your job may hang, crash, or produce silent
data corruption.  The use of fork() (or system() or other calls that
create child processes) is strongly discouraged.

The process that invoked fork was:

  Local host:          [[19702,0],42] (PID 24709)

If you are *absolutely sure* that your application will successfully
and correctly survive a call to fork(), you may disable this warning
by setting the mpi_warn_on_fork MCA parameter to 0.
--------------------------------------------------------------------------
--------------------------------------------------------------------------
A process has executed an operation involving a call to the
"fork()" system call to create a child process.  Open MPI is currently
operating in a condition that could result in memory corruption or
other system errors; your job may hang, crash, or produce silent
data corruption.  The use of fork() (or system() or other calls that
create child processes) is strongly discouraged.

The process that invoked fork was:

  Local host:          [[19702,0],18] (PID 24703)

If you are *absolutely sure* that your application will successfully
and correctly survive a call to fork(), you may disable this warning
by setting the mpi_warn_on_fork MCA parameter to 0.
--------------------------------------------------------------------------
--------------------------------------------------------------------------
A process has executed an operation involving a call to the
"fork()" system call to create a child process.  Open MPI is currently
operating in a condition that could result in memory corruption or
other system errors; your job may hang, crash, or produce silent
data corruption.  The use of fork() (or system() or other calls that
create child processes) is strongly discouraged.

The process that invoked fork was:

  Local host:          [[19702,0],32] (PID 31845)

If you are *absolutely sure* that your application will successfully
and correctly survive a call to fork(), you may disable this warning
by setting the mpi_warn_on_fork MCA parameter to 0.
--------------------------------------------------------------------------
--------------------------------------------------------------------------
A process has executed an operation involving a call to the
"fork()" system call to create a child process.  Open MPI is currently
operating in a condition that could result in memory corruption or
other system errors; your job may hang, crash, or produce silent
data corruption.  The use of fork() (or system() or other calls that
create child processes) is strongly discouraged.

The process that invoked fork was:

  Local host:          [[19702,0],27] (PID 29962)

If you are *absolutely sure* that your application will successfully
and correctly survive a call to fork(), you may disable this warning
by setting the mpi_warn_on_fork MCA parameter to 0.
--------------------------------------------------------------------------
--------------------------------------------------------------------------
A process has executed an operation involving a call to the
"fork()" system call to create a child process.  Open MPI is currently
operating in a condition that could result in memory corruption or
other system errors; your job may hang, crash, or produce silent
data corruption.  The use of fork() (or system() or other calls that
create child processes) is strongly discouraged.

The process that invoked fork was:

  Local host:          [[19702,0],34] (PID 24707)

If you are *absolutely sure* that your application will successfully
and correctly survive a call to fork(), you may disable this warning
by setting the mpi_warn_on_fork MCA parameter to 0.
--------------------------------------------------------------------------
--------------------------------------------------------------------------
A process has executed an operation involving a call to the
"fork()" system call to create a child process.  Open MPI is currently
operating in a condition that could result in memory corruption or
other system errors; your job may hang, crash, or produce silent
data corruption.  The use of fork() (or system() or other calls that
create child processes) is strongly discouraged.

The process that invoked fork was:

  Local host:          [[19702,0],26] (PID 24705)

If you are *absolutely sure* that your application will successfully
and correctly survive a call to fork(), you may disable this warning
by setting the mpi_warn_on_fork MCA parameter to 0.
--------------------------------------------------------------------------
--------------------------------------------------------------------------
A process has executed an operation involving a call to the
"fork()" system call to create a child process.  Open MPI is currently
operating in a condition that could result in memory corruption or
other system errors; your job may hang, crash, or produce silent
data corruption.  The use of fork() (or system() or other calls that
create child processes) is strongly discouraged.

The process that invoked fork was:

  Local host:          [[19702,0],58] (PID 7820)

If you are *absolutely sure* that your application will successfully
and correctly survive a call to fork(), you may disable this warning
by setting the mpi_warn_on_fork MCA parameter to 0.
--------------------------------------------------------------------------
--------------------------------------------------------------------------
A process has executed an operation involving a call to the
"fork()" system call to create a child process.  Open MPI is currently
operating in a condition that could result in memory corruption or
other system errors; your job may hang, crash, or produce silent
data corruption.  The use of fork() (or system() or other calls that
create child processes) is strongly discouraged.

The process that invoked fork was:

  Local host:          [[19702,0],60] (PID 7822)

If you are *absolutely sure* that your application will successfully
and correctly survive a call to fork(), you may disable this warning
by setting the mpi_warn_on_fork MCA parameter to 0.
--------------------------------------------------------------------------
--------------------------------------------------------------------------
A process has executed an operation involving a call to the
"fork()" system call to create a child process.  Open MPI is currently
operating in a condition that could result in memory corruption or
other system errors; your job may hang, crash, or produce silent
data corruption.  The use of fork() (or system() or other calls that
create child processes) is strongly discouraged.

The process that invoked fork was:

  Local host:          [[19702,0],55] (PID 7818)

If you are *absolutely sure* that your application will successfully
and correctly survive a call to fork(), you may disable this warning
by setting the mpi_warn_on_fork MCA parameter to 0.
--------------------------------------------------------------------------
--------------------------------------------------------------------------
A process has executed an operation involving a call to the
"fork()" system call to create a child process.  Open MPI is currently
operating in a condition that could result in memory corruption or
other system errors; your job may hang, crash, or produce silent
data corruption.  The use of fork() (or system() or other calls that
create child processes) is strongly discouraged.

The process that invoked fork was:

  Local host:          [[19702,0],50] (PID 31850)

If you are *absolutely sure* that your application will successfully
and correctly survive a call to fork(), you may disable this warning
by setting the mpi_warn_on_fork MCA parameter to 0.
--------------------------------------------------------------------------
--------------------------------------------------------------------------
A process has executed an operation involving a call to the
"fork()" system call to create a child process.  Open MPI is currently
operating in a condition that could result in memory corruption or
other system errors; your job may hang, crash, or produce silent
data corruption.  The use of fork() (or system() or other calls that
create child processes) is strongly discouraged.

The process that invoked fork was:

  Local host:          [[19702,0],19] (PID 29960)

If you are *absolutely sure* that your application will successfully
and correctly survive a call to fork(), you may disable this warning
by setting the mpi_warn_on_fork MCA parameter to 0.
--------------------------------------------------------------------------
--------------------------------------------------------------------------
A process has executed an operation involving a call to the
"fork()" system call to create a child process.  Open MPI is currently
operating in a condition that could result in memory corruption or
other system errors; your job may hang, crash, or produce silent
data corruption.  The use of fork() (or system() or other calls that
create child processes) is strongly discouraged.

The process that invoked fork was:

  Local host:          [[19702,0],8] (PID 24701)

If you are *absolutely sure* that your application will successfully
and correctly survive a call to fork(), you may disable this warning
by setting the mpi_warn_on_fork MCA parameter to 0.
--------------------------------------------------------------------------
--------------------------------------------------------------------------
A process has executed an operation involving a call to the
"fork()" system call to create a child process.  Open MPI is currently
operating in a condition that could result in memory corruption or
other system errors; your job may hang, crash, or produce silent
data corruption.  The use of fork() (or system() or other calls that
create child processes) is strongly discouraged.

The process that invoked fork was:

  Local host:          [[19702,0],22] (PID 24704)

If you are *absolutely sure* that your application will successfully
and correctly survive a call to fork(), you may disable this warning
by setting the mpi_warn_on_fork MCA parameter to 0.
--------------------------------------------------------------------------
--------------------------------------------------------------------------
A process has executed an operation involving a call to the
"fork()" system call to create a child process.  Open MPI is currently
operating in a condition that could result in memory corruption or
other system errors; your job may hang, crash, or produce silent
data corruption.  The use of fork() (or system() or other calls that
create child processes) is strongly discouraged.

The process that invoked fork was:

  Local host:          [[19702,0],63] (PID 7825)

If you are *absolutely sure* that your application will successfully
and correctly survive a call to fork(), you may disable this warning
by setting the mpi_warn_on_fork MCA parameter to 0.
--------------------------------------------------------------------------
--------------------------------------------------------------------------
A process has executed an operation involving a call to the
"fork()" system call to create a child process.  Open MPI is currently
operating in a condition that could result in memory corruption or
other system errors; your job may hang, crash, or produce silent
data corruption.  The use of fork() (or system() or other calls that
create child processes) is strongly discouraged.

The process that invoked fork was:

  Local host:          [[19702,0],59] (PID 7821)

If you are *absolutely sure* that your application will successfully
and correctly survive a call to fork(), you may disable this warning
by setting the mpi_warn_on_fork MCA parameter to 0.
--------------------------------------------------------------------------
--------------------------------------------------------------------------
A process has executed an operation involving a call to the
"fork()" system call to create a child process.  Open MPI is currently
operating in a condition that could result in memory corruption or
other system errors; your job may hang, crash, or produce silent
data corruption.  The use of fork() (or system() or other calls that
create child processes) is strongly discouraged.

The process that invoked fork was:

  Local host:          [[19702,0],46] (PID 24710)

If you are *absolutely sure* that your application will successfully
and correctly survive a call to fork(), you may disable this warning
by setting the mpi_warn_on_fork MCA parameter to 0.
--------------------------------------------------------------------------
--------------------------------------------------------------------------
A process has executed an operation involving a call to the
"fork()" system call to create a child process.  Open MPI is currently
operating in a condition that could result in memory corruption or
other system errors; your job may hang, crash, or produce silent
data corruption.  The use of fork() (or system() or other calls that
create child processes) is strongly discouraged.

The process that invoked fork was:

  Local host:          [[19702,0],38] (PID 24708)

If you are *absolutely sure* that your application will successfully
and correctly survive a call to fork(), you may disable this warning
by setting the mpi_warn_on_fork MCA parameter to 0.
--------------------------------------------------------------------------
--------------------------------------------------------------------------
A process has executed an operation involving a call to the
"fork()" system call to create a child process.  Open MPI is currently
operating in a condition that could result in memory corruption or
other system errors; your job may hang, crash, or produce silent
data corruption.  The use of fork() (or system() or other calls that
create child processes) is strongly discouraged.

The process that invoked fork was:

  Local host:          [[19702,0],13] (PID 24702)

If you are *absolutely sure* that your application will successfully
and correctly survive a call to fork(), you may disable this warning
by setting the mpi_warn_on_fork MCA parameter to 0.
--------------------------------------------------------------------------
--------------------------------------------------------------------------
A process has executed an operation involving a call to the
"fork()" system call to create a child process.  Open MPI is currently
operating in a condition that could result in memory corruption or
other system errors; your job may hang, crash, or produce silent
data corruption.  The use of fork() (or system() or other calls that
create child processes) is strongly discouraged.

The process that invoked fork was:

  Local host:          [[19702,0],30] (PID 24706)

If you are *absolutely sure* that your application will successfully
and correctly survive a call to fork(), you may disable this warning
by setting the mpi_warn_on_fork MCA parameter to 0.
--------------------------------------------------------------------------
--------------------------------------------------------------------------
A process has executed an operation involving a call to the
"fork()" system call to create a child process.  Open MPI is currently
operating in a condition that could result in memory corruption or
other system errors; your job may hang, crash, or produce silent
data corruption.  The use of fork() (or system() or other calls that
create child processes) is strongly discouraged.

The process that invoked fork was:

  Local host:          [[19702,0],4] (PID 18173)

If you are *absolutely sure* that your application will successfully
and correctly survive a call to fork(), you may disable this warning
by setting the mpi_warn_on_fork MCA parameter to 0.
--------------------------------------------------------------------------
--------------------------------------------------------------------------
A process has executed an operation involving a call to the
"fork()" system call to create a child process.  Open MPI is currently
operating in a condition that could result in memory corruption or
other system errors; your job may hang, crash, or produce silent
data corruption.  The use of fork() (or system() or other calls that
create child processes) is strongly discouraged.

The process that invoked fork was:

  Local host:          [[19702,0],47] (PID 31849)

If you are *absolutely sure* that your application will successfully
and correctly survive a call to fork(), you may disable this warning
by setting the mpi_warn_on_fork MCA parameter to 0.
--------------------------------------------------------------------------
--------------------------------------------------------------------------
A process has executed an operation involving a call to the
"fork()" system call to create a child process.  Open MPI is currently
operating in a condition that could result in memory corruption or
other system errors; your job may hang, crash, or produce silent
data corruption.  The use of fork() (or system() or other calls that
create child processes) is strongly discouraged.

The process that invoked fork was:

  Local host:          [[19702,0],52] (PID 24712)

If you are *absolutely sure* that your application will successfully
and correctly survive a call to fork(), you may disable this warning
by setting the mpi_warn_on_fork MCA parameter to 0.
--------------------------------------------------------------------------
--------------------------------------------------------------------------
A process has executed an operation involving a call to the
"fork()" system call to create a child process.  Open MPI is currently
operating in a condition that could result in memory corruption or
other system errors; your job may hang, crash, or produce silent
data corruption.  The use of fork() (or system() or other calls that
create child processes) is strongly discouraged.

The process that invoked fork was:

  Local host:          [[19702,0],3] (PID 24700)

If you are *absolutely sure* that your application will successfully
and correctly survive a call to fork(), you may disable this warning
by setting the mpi_warn_on_fork MCA parameter to 0.
--------------------------------------------------------------------------
--------------------------------------------------------------------------
A process has executed an operation involving a call to the
"fork()" system call to create a child process.  Open MPI is currently
operating in a condition that could result in memory corruption or
other system errors; your job may hang, crash, or produce silent
data corruption.  The use of fork() (or system() or other calls that
create child processes) is strongly discouraged.

The process that invoked fork was:

  Local host:          [[19702,0],16] (PID 31841)

If you are *absolutely sure* that your application will successfully
and correctly survive a call to fork(), you may disable this warning
by setting the mpi_warn_on_fork MCA parameter to 0.
--------------------------------------------------------------------------
--------------------------------------------------------------------------
A process has executed an operation involving a call to the
"fork()" system call to create a child process.  Open MPI is currently
operating in a condition that could result in memory corruption or
other system errors; your job may hang, crash, or produce silent
data corruption.  The use of fork() (or system() or other calls that
create child processes) is strongly discouraged.

The process that invoked fork was:

  Local host:          [[19702,0],37] (PID 7812)

If you are *absolutely sure* that your application will successfully
and correctly survive a call to fork(), you may disable this warning
by setting the mpi_warn_on_fork MCA parameter to 0.
--------------------------------------------------------------------------
--------------------------------------------------------------------------
A process has executed an operation involving a call to the
"fork()" system call to create a child process.  Open MPI is currently
operating in a condition that could result in memory corruption or
other system errors; your job may hang, crash, or produce silent
data corruption.  The use of fork() (or system() or other calls that
create child processes) is strongly discouraged.

The process that invoked fork was:

  Local host:          [[19702,0],29] (PID 7810)

If you are *absolutely sure* that your application will successfully
and correctly survive a call to fork(), you may disable this warning
by setting the mpi_warn_on_fork MCA parameter to 0.
--------------------------------------------------------------------------
--------------------------------------------------------------------------
A process has executed an operation involving a call to the
"fork()" system call to create a child process.  Open MPI is currently
operating in a condition that could result in memory corruption or
other system errors; your job may hang, crash, or produce silent
data corruption.  The use of fork() (or system() or other calls that
create child processes) is strongly discouraged.

The process that invoked fork was:

  Local host:          [[19702,0],35] (PID 29964)

If you are *absolutely sure* that your application will successfully
and correctly survive a call to fork(), you may disable this warning
by setting the mpi_warn_on_fork MCA parameter to 0.
--------------------------------------------------------------------------
--------------------------------------------------------------------------
A process has executed an operation involving a call to the
"fork()" system call to create a child process.  Open MPI is currently
operating in a condition that could result in memory corruption or
other system errors; your job may hang, crash, or produce silent
data corruption.  The use of fork() (or system() or other calls that
create child processes) is strongly discouraged.

The process that invoked fork was:

  Local host:          [[19702,0],61] (PID 7823)

If you are *absolutely sure* that your application will successfully
and correctly survive a call to fork(), you may disable this warning
by setting the mpi_warn_on_fork MCA parameter to 0.
--------------------------------------------------------------------------
--------------------------------------------------------------------------
A process has executed an operation involving a call to the
"fork()" system call to create a child process.  Open MPI is currently
operating in a condition that could result in memory corruption or
other system errors; your job may hang, crash, or produce silent
data corruption.  The use of fork() (or system() or other calls that
create child processes) is strongly discouraged.

The process that invoked fork was:

  Local host:          [[19702,0],62] (PID 7824)

If you are *absolutely sure* that your application will successfully
and correctly survive a call to fork(), you may disable this warning
by setting the mpi_warn_on_fork MCA parameter to 0.
--------------------------------------------------------------------------
--------------------------------------------------------------------------
A process has executed an operation involving a call to the
"fork()" system call to create a child process.  Open MPI is currently
operating in a condition that could result in memory corruption or
other system errors; your job may hang, crash, or produce silent
data corruption.  The use of fork() (or system() or other calls that
create child processes) is strongly discouraged.

The process that invoked fork was:

  Local host:          [[19702,0],24] (PID 31843)

If you are *absolutely sure* that your application will successfully
and correctly survive a call to fork(), you may disable this warning
by setting the mpi_warn_on_fork MCA parameter to 0.
--------------------------------------------------------------------------
--------------------------------------------------------------------------
A process has executed an operation involving a call to the
"fork()" system call to create a child process.  Open MPI is currently
operating in a condition that could result in memory corruption or
other system errors; your job may hang, crash, or produce silent
data corruption.  The use of fork() (or system() or other calls that
create child processes) is strongly discouraged.

The process that invoked fork was:

  Local host:          [[19702,0],45] (PID 7814)

If you are *absolutely sure* that your application will successfully
and correctly survive a call to fork(), you may disable this warning
by setting the mpi_warn_on_fork MCA parameter to 0.
--------------------------------------------------------------------------
--------------------------------------------------------------------------
A process has executed an operation involving a call to the
"fork()" system call to create a child process.  Open MPI is currently
operating in a condition that could result in memory corruption or
other system errors; your job may hang, crash, or produce silent
data corruption.  The use of fork() (or system() or other calls that
create child processes) is strongly discouraged.

The process that invoked fork was:

  Local host:          [[19702,0],21] (PID 7808)

If you are *absolutely sure* that your application will successfully
and correctly survive a call to fork(), you may disable this warning
by setting the mpi_warn_on_fork MCA parameter to 0.
--------------------------------------------------------------------------
--------------------------------------------------------------------------
A process has executed an operation involving a call to the
"fork()" system call to create a child process.  Open MPI is currently
operating in a condition that could result in memory corruption or
other system errors; your job may hang, crash, or produce silent
data corruption.  The use of fork() (or system() or other calls that
create child processes) is strongly discouraged.

The process that invoked fork was:

  Local host:          [[19702,0],23] (PID 29961)

If you are *absolutely sure* that your application will successfully
and correctly survive a call to fork(), you may disable this warning
by setting the mpi_warn_on_fork MCA parameter to 0.
--------------------------------------------------------------------------
--------------------------------------------------------------------------
A process has executed an operation involving a call to the
"fork()" system call to create a child process.  Open MPI is currently
operating in a condition that could result in memory corruption or
other system errors; your job may hang, crash, or produce silent
data corruption.  The use of fork() (or system() or other calls that
create child processes) is strongly discouraged.

The process that invoked fork was:

  Local host:          [[19702,0],10] (PID 29958)

If you are *absolutely sure* that your application will successfully
and correctly survive a call to fork(), you may disable this warning
by setting the mpi_warn_on_fork MCA parameter to 0.
--------------------------------------------------------------------------
--------------------------------------------------------------------------
A process has executed an operation involving a call to the
"fork()" system call to create a child process.  Open MPI is currently
operating in a condition that could result in memory corruption or
other system errors; your job may hang, crash, or produce silent
data corruption.  The use of fork() (or system() or other calls that
create child processes) is strongly discouraged.

The process that invoked fork was:

  Local host:          [[19702,0],39] (PID 29965)

If you are *absolutely sure* that your application will successfully
and correctly survive a call to fork(), you may disable this warning
by setting the mpi_warn_on_fork MCA parameter to 0.
--------------------------------------------------------------------------
--------------------------------------------------------------------------
A process has executed an operation involving a call to the
"fork()" system call to create a child process.  Open MPI is currently
operating in a condition that could result in memory corruption or
other system errors; your job may hang, crash, or produce silent
data corruption.  The use of fork() (or system() or other calls that
create child processes) is strongly discouraged.

The process that invoked fork was:

  Local host:          [[19702,0],6] (PID 31839)

If you are *absolutely sure* that your application will successfully
and correctly survive a call to fork(), you may disable this warning
by setting the mpi_warn_on_fork MCA parameter to 0.
--------------------------------------------------------------------------
--------------------------------------------------------------------------
A process has executed an operation involving a call to the
"fork()" system call to create a child process.  Open MPI is currently
operating in a condition that could result in memory corruption or
other system errors; your job may hang, crash, or produce silent
data corruption.  The use of fork() (or system() or other calls that
create child processes) is strongly discouraged.

The process that invoked fork was:

  Local host:          [[19702,0],9] (PID 18174)

If you are *absolutely sure* that your application will successfully
and correctly survive a call to fork(), you may disable this warning
by setting the mpi_warn_on_fork MCA parameter to 0.
--------------------------------------------------------------------------
--------------------------------------------------------------------------
A process has executed an operation involving a call to the
"fork()" system call to create a child process.  Open MPI is currently
operating in a condition that could result in memory corruption or
other system errors; your job may hang, crash, or produce silent
data corruption.  The use of fork() (or system() or other calls that
create child processes) is strongly discouraged.

The process that invoked fork was:

  Local host:          [[19702,0],2] (PID 7804)

If you are *absolutely sure* that your application will successfully
and correctly survive a call to fork(), you may disable this warning
by setting the mpi_warn_on_fork MCA parameter to 0.
--------------------------------------------------------------------------
--------------------------------------------------------------------------
A process has executed an operation involving a call to the
"fork()" system call to create a child process.  Open MPI is currently
operating in a condition that could result in memory corruption or
other system errors; your job may hang, crash, or produce silent
data corruption.  The use of fork() (or system() or other calls that
create child processes) is strongly discouraged.

The process that invoked fork was:

  Local host:          [[19702,0],51] (PID 7816)

If you are *absolutely sure* that your application will successfully
and correctly survive a call to fork(), you may disable this warning
by setting the mpi_warn_on_fork MCA parameter to 0.
--------------------------------------------------------------------------
--------------------------------------------------------------------------
A process has executed an operation involving a call to the
"fork()" system call to create a child process.  Open MPI is currently
operating in a condition that could result in memory corruption or
other system errors; your job may hang, crash, or produce silent
data corruption.  The use of fork() (or system() or other calls that
create child processes) is strongly discouraged.

The process that invoked fork was:

  Local host:          [[19702,0],15] (PID 29959)

If you are *absolutely sure* that your application will successfully
and correctly survive a call to fork(), you may disable this warning
by setting the mpi_warn_on_fork MCA parameter to 0.
--------------------------------------------------------------------------
--------------------------------------------------------------------------
A process has executed an operation involving a call to the
"fork()" system call to create a child process.  Open MPI is currently
operating in a condition that could result in memory corruption or
other system errors; your job may hang, crash, or produce silent
data corruption.  The use of fork() (or system() or other calls that
create child processes) is strongly discouraged.

The process that invoked fork was:

  Local host:          [[19702,0],20] (PID 31842)

If you are *absolutely sure* that your application will successfully
and correctly survive a call to fork(), you may disable this warning
by setting the mpi_warn_on_fork MCA parameter to 0.
--------------------------------------------------------------------------
--------------------------------------------------------------------------
A process has executed an operation involving a call to the
"fork()" system call to create a child process.  Open MPI is currently
operating in a condition that could result in memory corruption or
other system errors; your job may hang, crash, or produce silent
data corruption.  The use of fork() (or system() or other calls that
create child processes) is strongly discouraged.

The process that invoked fork was:

  Local host:          [[19702,0],14] (PID 18175)

If you are *absolutely sure* that your application will successfully
and correctly survive a call to fork(), you may disable this warning
by setting the mpi_warn_on_fork MCA parameter to 0.
--------------------------------------------------------------------------
--------------------------------------------------------------------------
A process has executed an operation involving a call to the
"fork()" system call to create a child process.  Open MPI is currently
operating in a condition that could result in memory corruption or
other system errors; your job may hang, crash, or produce silent
data corruption.  The use of fork() (or system() or other calls that
create child processes) is strongly discouraged.

The process that invoked fork was:

  Local host:          [[19702,0],12] (PID 7806)

If you are *absolutely sure* that your application will successfully
and correctly survive a call to fork(), you may disable this warning
by setting the mpi_warn_on_fork MCA parameter to 0.
--------------------------------------------------------------------------
--------------------------------------------------------------------------
A process has executed an operation involving a call to the
"fork()" system call to create a child process.  Open MPI is currently
operating in a condition that could result in memory corruption or
other system errors; your job may hang, crash, or produce silent
data corruption.  The use of fork() (or system() or other calls that
create child processes) is strongly discouraged.

The process that invoked fork was:

  Local host:          [[19702,0],33] (PID 7811)

If you are *absolutely sure* that your application will successfully
and correctly survive a call to fork(), you may disable this warning
by setting the mpi_warn_on_fork MCA parameter to 0.
--------------------------------------------------------------------------
--------------------------------------------------------------------------
A process has executed an operation involving a call to the
"fork()" system call to create a child process.  Open MPI is currently
operating in a condition that could result in memory corruption or
other system errors; your job may hang, crash, or produce silent
data corruption.  The use of fork() (or system() or other calls that
create child processes) is strongly discouraged.

The process that invoked fork was:

  Local host:          [[19702,0],11] (PID 31840)

If you are *absolutely sure* that your application will successfully
and correctly survive a call to fork(), you may disable this warning
by setting the mpi_warn_on_fork MCA parameter to 0.
--------------------------------------------------------------------------
--------------------------------------------------------------------------
A process has executed an operation involving a call to the
"fork()" system call to create a child process.  Open MPI is currently
operating in a condition that could result in memory corruption or
other system errors; your job may hang, crash, or produce silent
data corruption.  The use of fork() (or system() or other calls that
create child processes) is strongly discouraged.

The process that invoked fork was:

  Local host:          [[19702,0],43] (PID 29966)

If you are *absolutely sure* that your application will successfully
and correctly survive a call to fork(), you may disable this warning
by setting the mpi_warn_on_fork MCA parameter to 0.
--------------------------------------------------------------------------
--------------------------------------------------------------------------
A process has executed an operation involving a call to the
"fork()" system call to create a child process.  Open MPI is currently
operating in a condition that could result in memory corruption or
other system errors; your job may hang, crash, or produce silent
data corruption.  The use of fork() (or system() or other calls that
create child processes) is strongly discouraged.

The process that invoked fork was:

  Local host:          [[19702,0],1] (PID 31838)

If you are *absolutely sure* that your application will successfully
and correctly survive a call to fork(), you may disable this warning
by setting the mpi_warn_on_fork MCA parameter to 0.
--------------------------------------------------------------------------
--------------------------------------------------------------------------
A process has executed an operation involving a call to the
"fork()" system call to create a child process.  Open MPI is currently
operating in a condition that could result in memory corruption or
other system errors; your job may hang, crash, or produce silent
data corruption.  The use of fork() (or system() or other calls that
create child processes) is strongly discouraged.

The process that invoked fork was:

  Local host:          [[19702,0],53] (PID 7817)

If you are *absolutely sure* that your application will successfully
and correctly survive a call to fork(), you may disable this warning
by setting the mpi_warn_on_fork MCA parameter to 0.
--------------------------------------------------------------------------
--------------------------------------------------------------------------
A process has executed an operation involving a call to the
"fork()" system call to create a child process.  Open MPI is currently
operating in a condition that could result in memory corruption or
other system errors; your job may hang, crash, or produce silent
data corruption.  The use of fork() (or system() or other calls that
create child processes) is strongly discouraged.

The process that invoked fork was:

  Local host:          [[19702,0],25] (PID 7809)

If you are *absolutely sure* that your application will successfully
and correctly survive a call to fork(), you may disable this warning
by setting the mpi_warn_on_fork MCA parameter to 0.
--------------------------------------------------------------------------
--------------------------------------------------------------------------
A process has executed an operation involving a call to the
"fork()" system call to create a child process.  Open MPI is currently
operating in a condition that could result in memory corruption or
other system errors; your job may hang, crash, or produce silent
data corruption.  The use of fork() (or system() or other calls that
create child processes) is strongly discouraged.

The process that invoked fork was:

  Local host:          [[19702,0],31] (PID 29963)

If you are *absolutely sure* that your application will successfully
and correctly survive a call to fork(), you may disable this warning
by setting the mpi_warn_on_fork MCA parameter to 0.
--------------------------------------------------------------------------
--------------------------------------------------------------------------
A process has executed an operation involving a call to the
"fork()" system call to create a child process.  Open MPI is currently
operating in a condition that could result in memory corruption or
other system errors; your job may hang, crash, or produce silent
data corruption.  The use of fork() (or system() or other calls that
create child processes) is strongly discouraged.

The process that invoked fork was:

  Local host:          [[19702,0],36] (PID 31846)

If you are *absolutely sure* that your application will successfully
and correctly survive a call to fork(), you may disable this warning
by setting the mpi_warn_on_fork MCA parameter to 0.
--------------------------------------------------------------------------
--------------------------------------------------------------------------
A process has executed an operation involving a call to the
"fork()" system call to create a child process.  Open MPI is currently
operating in a condition that could result in memory corruption or
other system errors; your job may hang, crash, or produce silent
data corruption.  The use of fork() (or system() or other calls that
create child processes) is strongly discouraged.

The process that invoked fork was:

  Local host:          [[19702,0],57] (PID 7819)

If you are *absolutely sure* that your application will successfully
and correctly survive a call to fork(), you may disable this warning
by setting the mpi_warn_on_fork MCA parameter to 0.
--------------------------------------------------------------------------
--------------------------------------------------------------------------
A process has executed an operation involving a call to the
"fork()" system call to create a child process.  Open MPI is currently
operating in a condition that could result in memory corruption or
other system errors; your job may hang, crash, or produce silent
data corruption.  The use of fork() (or system() or other calls that
create child processes) is strongly discouraged.

The process that invoked fork was:

  Local host:          [[19702,0],48] (PID 7815)

If you are *absolutely sure* that your application will successfully
and correctly survive a call to fork(), you may disable this warning
by setting the mpi_warn_on_fork MCA parameter to 0.
--------------------------------------------------------------------------
--------------------------------------------------------------------------
A process has executed an operation involving a call to the
"fork()" system call to create a child process.  Open MPI is currently
operating in a condition that could result in memory corruption or
other system errors; your job may hang, crash, or produce silent
data corruption.  The use of fork() (or system() or other calls that
create child processes) is strongly discouraged.

The process that invoked fork was:

  Local host:          [[19702,0],44] (PID 31848)

If you are *absolutely sure* that your application will successfully
and correctly survive a call to fork(), you may disable this warning
by setting the mpi_warn_on_fork MCA parameter to 0.
--------------------------------------------------------------------------
--------------------------------------------------------------------------
A process has executed an operation involving a call to the
"fork()" system call to create a child process.  Open MPI is currently
operating in a condition that could result in memory corruption or
other system errors; your job may hang, crash, or produce silent
data corruption.  The use of fork() (or system() or other calls that
create child processes) is strongly discouraged.

The process that invoked fork was:

  Local host:          [[19702,0],5] (PID 29957)

If you are *absolutely sure* that your application will successfully
and correctly survive a call to fork(), you may disable this warning
by setting the mpi_warn_on_fork MCA parameter to 0.
--------------------------------------------------------------------------
--------------------------------------------------------------------------
A process has executed an operation involving a call to the
"fork()" system call to create a child process.  Open MPI is currently
operating in a condition that could result in memory corruption or
other system errors; your job may hang, crash, or produce silent
data corruption.  The use of fork() (or system() or other calls that
create child processes) is strongly discouraged.

The process that invoked fork was:

  Local host:          [[19702,0],28] (PID 31844)

If you are *absolutely sure* that your application will successfully
and correctly survive a call to fork(), you may disable this warning
by setting the mpi_warn_on_fork MCA parameter to 0.
--------------------------------------------------------------------------
--------------------------------------------------------------------------
A process has executed an operation involving a call to the
"fork()" system call to create a child process.  Open MPI is currently
operating in a condition that could result in memory corruption or
other system errors; your job may hang, crash, or produce silent
data corruption.  The use of fork() (or system() or other calls that
create child processes) is strongly discouraged.

The process that invoked fork was:

  Local host:          [[19702,0],41] (PID 7813)

If you are *absolutely sure* that your application will successfully
and correctly survive a call to fork(), you may disable this warning
by setting the mpi_warn_on_fork MCA parameter to 0.
--------------------------------------------------------------------------
--------------------------------------------------------------------------
A process has executed an operation involving a call to the
"fork()" system call to create a child process.  Open MPI is currently
operating in a condition that could result in memory corruption or
other system errors; your job may hang, crash, or produce silent
data corruption.  The use of fork() (or system() or other calls that
create child processes) is strongly discouraged.

The process that invoked fork was:

  Local host:          [[19702,0],17] (PID 7807)

If you are *absolutely sure* that your application will successfully
and correctly survive a call to fork(), you may disable this warning
by setting the mpi_warn_on_fork MCA parameter to 0.
--------------------------------------------------------------------------
--------------------------------------------------------------------------
A process has executed an operation involving a call to the
"fork()" system call to create a child process.  Open MPI is currently
operating in a condition that could result in memory corruption or
other system errors; your job may hang, crash, or produce silent
data corruption.  The use of fork() (or system() or other calls that
create child processes) is strongly discouraged.

The process that invoked fork was:

  Local host:          [[19702,0],0] (PID 29956)

If you are *absolutely sure* that your application will successfully
and correctly survive a call to fork(), you may disable this warning
by setting the mpi_warn_on_fork MCA parameter to 0.
--------------------------------------------------------------------------
--------------------------------------------------------------------------
A process has executed an operation involving a call to the
"fork()" system call to create a child process.  Open MPI is currently
operating in a condition that could result in memory corruption or
other system errors; your job may hang, crash, or produce silent
data corruption.  The use of fork() (or system() or other calls that
create child processes) is strongly discouraged.

The process that invoked fork was:

  Local host:          [[19702,0],7] (PID 7805)

If you are *absolutely sure* that your application will successfully
and correctly survive a call to fork(), you may disable this warning
by setting the mpi_warn_on_fork MCA parameter to 0.
--------------------------------------------------------------------------
slurmstepd: error: *** STEP 32394486.0 ON c21a-s4 CANCELLED AT 2019-02-22T06:08:40 DUE TO TIME LIMIT ***
srun: Job step aborted: Waiting up to 32 seconds for job step to finish.
slurmstepd: error: *** JOB 32394486 ON c21a-s4 CANCELLED AT 2019-02-22T06:08:40 DUE TO TIME LIMIT ***
