['p_NiNi_phi0', 'p_NiNi_gamma', 'p_NiNi_r0', 'd_Ni_rho0', 'd_Ni_beta', 'd_Ni_r0', 'e_Ni_ecoh', 'e_Ni_latticetype', 'e_Ni_B', 'e_Ni_a0']
['Ni_fcc.E_coh', 'Ni_fcc.a0', 'Ni_fcc.c11', 'Ni_fcc.c12', 'Ni_fcc.c44', 'Ni_fcc.B', 'Ni_fcc.G', 'Ni_fcc.vac', 'Ni_fcc.100s', 'Ni_fcc.110s', 'Ni_fcc.111s', 'Ni_fcc.isf', 'E_Ni_fcc_hcp', 'E_Ni_fcc_bcc', 'E_Ni_fcc_sc', 'E_Ni_fcc_dia']
['Ni_fcc.E_coh.err', 'Ni_fcc.a0.err', 'Ni_fcc.c11.err', 'Ni_fcc.c12.err', 'Ni_fcc.c44.err', 'Ni_fcc.B.err', 'Ni_fcc.G.err', 'Ni_fcc.vac.err', 'Ni_fcc.100s.err', 'Ni_fcc.110s.err', 'Ni_fcc.111s.err', 'Ni_fcc.isf.err', 'E_Ni_fcc_hcp.err', 'E_Ni_fcc_bcc.err', 'E_Ni_fcc_sc.err', 'E_Ni_fcc_dia.err']
--------------------------------------------------------------------------------
                         MPI COMMUNICATION INFORMATION                          
--------------------------------------------------------------------------------
mpi_size=1
--------------------------------------------------------------------------------
                             GENERATED RANDOM SEEDS                             
--------------------------------------------------------------------------------

rv_seed=1880351698

  rank     iter      seed   
-------- -------- ----------
   0        0     1362220890
   0        1     1013680486
   0        2     1563660042
   0        3      750839957
   0        4     1556369477
   0        5     1896470552
   0        6      762627157
   0        7      951865436
   0        8      399075638
   0        9     1288803911
--------------------------------------------------------------------------------
BEGIN ITERATION 1/10                                                            
--------------------------------------------------------------------------------
--------------------------------------------------------------------------------
_mc_sample_type=parametric
['p_NiNi_phi0', 'p_NiNi_gamma', 'p_NiNi_r0', 'd_Ni_rho0', 'd_Ni_beta', 'd_Ni_r0', 'e_Ni_ecoh', 'e_Ni_latticetype', 'e_Ni_B', 'e_Ni_a0']
['Ni_fcc.E_coh', 'Ni_fcc.a0', 'Ni_fcc.c11', 'Ni_fcc.c12', 'Ni_fcc.c44', 'Ni_fcc.B', 'Ni_fcc.G', 'Ni_fcc.vac', 'Ni_fcc.100s', 'Ni_fcc.110s', 'Ni_fcc.111s', 'Ni_fcc.isf', 'E_Ni_fcc_hcp', 'E_Ni_fcc_bcc', 'E_Ni_fcc_sc', 'E_Ni_fcc_dia']
['Ni_fcc.E_coh.err', 'Ni_fcc.a0.err', 'Ni_fcc.c11.err', 'Ni_fcc.c12.err', 'Ni_fcc.c44.err', 'Ni_fcc.B.err', 'Ni_fcc.G.err', 'Ni_fcc.vac.err', 'Ni_fcc.100s.err', 'Ni_fcc.110s.err', 'Ni_fcc.111s.err', 'Ni_fcc.isf.err', 'E_Ni_fcc_hcp.err', 'E_Ni_fcc_bcc.err', 'E_Ni_fcc_sc.err', 'E_Ni_fcc_dia.err']
--------------------------------------------------------------------------------
                         MPI COMMUNICATION INFORMATION                          
--------------------------------------------------------------------------------
mpi_size=1
--------------------------------------------------------------------------------
                             GENERATED RANDOM SEEDS                             
--------------------------------------------------------------------------------

rv_seed=571874450

  rank     iter      seed   
-------- -------- ----------
   0        0      375768530
   0        1      921701937
   0        2      382694267
   0        3       68181842
   0        4     2068668899
   0        5      234876797
   0        6       91353136
   0        7     1822568594
   0        8     1067427503
   0        9      106627915
--------------------------------------------------------------------------------
BEGIN ITERATION 1/10                                                            
--------------------------------------------------------------------------------
--------------------------------------------------------------------------------
_mc_sample_type=parametric
['p_NiNi_phi0', 'p_NiNi_gamma', 'p_NiNi_r0', 'd_Ni_rho0', 'd_Ni_beta', 'd_Ni_r0', 'e_Ni_ecoh', 'e_Ni_latticetype', 'e_Ni_B', 'e_Ni_a0']
['Ni_fcc.E_coh', 'Ni_fcc.a0', 'Ni_fcc.c11', 'Ni_fcc.c12', 'Ni_fcc.c44', 'Ni_fcc.B', 'Ni_fcc.G', 'Ni_fcc.vac', 'Ni_fcc.100s', 'Ni_fcc.110s', 'Ni_fcc.111s', 'Ni_fcc.isf', 'E_Ni_fcc_hcp', 'E_Ni_fcc_bcc', 'E_Ni_fcc_sc', 'E_Ni_fcc_dia']
['Ni_fcc.E_coh.err', 'Ni_fcc.a0.err', 'Ni_fcc.c11.err', 'Ni_fcc.c12.err', 'Ni_fcc.c44.err', 'Ni_fcc.B.err', 'Ni_fcc.G.err', 'Ni_fcc.vac.err', 'Ni_fcc.100s.err', 'Ni_fcc.110s.err', 'Ni_fcc.111s.err', 'Ni_fcc.isf.err', 'E_Ni_fcc_hcp.err', 'E_Ni_fcc_bcc.err', 'E_Ni_fcc_sc.err', 'E_Ni_fcc_dia.err']
--------------------------------------------------------------------------------
                         MPI COMMUNICATION INFORMATION                          
--------------------------------------------------------------------------------
mpi_size=1
--------------------------------------------------------------------------------
                             GENERATED RANDOM SEEDS                             
--------------------------------------------------------------------------------

rv_seed=1942135632

  rank     iter      seed   
-------- -------- ----------
   0        0     1353132314
   0        1     1595465650
   0        2     2080515849
   0        3     1758485016
   0        4       43620317
   0        5     1320455895
   0        6      254046882
   0        7     2066176909
   0        8     1168999693
   0        9     1187694532
--------------------------------------------------------------------------------
BEGIN ITERATION 1/10                                                            
--------------------------------------------------------------------------------
--------------------------------------------------------------------------------
_mc_sample_type=parametric
['p_NiNi_phi0', 'p_NiNi_gamma', 'p_NiNi_r0', 'd_Ni_rho0', 'd_Ni_beta', 'd_Ni_r0', 'e_Ni_ecoh', 'e_Ni_latticetype', 'e_Ni_B', 'e_Ni_a0']
['Ni_fcc.E_coh', 'Ni_fcc.a0', 'Ni_fcc.c11', 'Ni_fcc.c12', 'Ni_fcc.c44', 'Ni_fcc.B', 'Ni_fcc.G', 'Ni_fcc.vac', 'Ni_fcc.100s', 'Ni_fcc.110s', 'Ni_fcc.111s', 'Ni_fcc.isf', 'E_Ni_fcc_hcp', 'E_Ni_fcc_bcc', 'E_Ni_fcc_sc', 'E_Ni_fcc_dia']
['Ni_fcc.E_coh.err', 'Ni_fcc.a0.err', 'Ni_fcc.c11.err', 'Ni_fcc.c12.err', 'Ni_fcc.c44.err', 'Ni_fcc.B.err', 'Ni_fcc.G.err', 'Ni_fcc.vac.err', 'Ni_fcc.100s.err', 'Ni_fcc.110s.err', 'Ni_fcc.111s.err', 'Ni_fcc.isf.err', 'E_Ni_fcc_hcp.err', 'E_Ni_fcc_bcc.err', 'E_Ni_fcc_sc.err', 'E_Ni_fcc_dia.err']
--------------------------------------------------------------------------------
                         MPI COMMUNICATION INFORMATION                          
--------------------------------------------------------------------------------
mpi_size=1
--------------------------------------------------------------------------------
                             GENERATED RANDOM SEEDS                             
--------------------------------------------------------------------------------

rv_seed=1496860908

  rank     iter      seed   
-------- -------- ----------
   0        0      552341961
   0        1     1076324564
   0        2     1202248284
   0        3      927663862
   0        4         142673
   0        5      571087387
   0        6      468350547
   0        7      815858825
   0        8     2143209498
   0        9      516927429
--------------------------------------------------------------------------------
BEGIN ITERATION 1/10                                                            
--------------------------------------------------------------------------------
--------------------------------------------------------------------------------
_mc_sample_type=parametric
['p_NiNi_phi0', 'p_NiNi_gamma', 'p_NiNi_r0', 'd_Ni_rho0', 'd_Ni_beta', 'd_Ni_r0', 'e_Ni_ecoh', 'e_Ni_latticetype', 'e_Ni_B', 'e_Ni_a0']
['Ni_fcc.E_coh', 'Ni_fcc.a0', 'Ni_fcc.c11', 'Ni_fcc.c12', 'Ni_fcc.c44', 'Ni_fcc.B', 'Ni_fcc.G', 'Ni_fcc.vac', 'Ni_fcc.100s', 'Ni_fcc.110s', 'Ni_fcc.111s', 'Ni_fcc.isf', 'E_Ni_fcc_hcp', 'E_Ni_fcc_bcc', 'E_Ni_fcc_sc', 'E_Ni_fcc_dia']
['Ni_fcc.E_coh.err', 'Ni_fcc.a0.err', 'Ni_fcc.c11.err', 'Ni_fcc.c12.err', 'Ni_fcc.c44.err', 'Ni_fcc.B.err', 'Ni_fcc.G.err', 'Ni_fcc.vac.err', 'Ni_fcc.100s.err', 'Ni_fcc.110s.err', 'Ni_fcc.111s.err', 'Ni_fcc.isf.err', 'E_Ni_fcc_hcp.err', 'E_Ni_fcc_bcc.err', 'E_Ni_fcc_sc.err', 'E_Ni_fcc_dia.err']
--------------------------------------------------------------------------------
                         MPI COMMUNICATION INFORMATION                          
--------------------------------------------------------------------------------
mpi_size=1
--------------------------------------------------------------------------------
                             GENERATED RANDOM SEEDS                             
--------------------------------------------------------------------------------

rv_seed=1292905967

  rank     iter      seed   
-------- -------- ----------
   0        0     2048739778
   0        1     1779314882
   0        2      469396363
   0        3     1590176851
   0        4     1905804517
   0        5     2034606352
   0        6      179035476
   0        7     2100326023
   0        8     1643040158
   0        9     1837502526
--------------------------------------------------------------------------------
BEGIN ITERATION 1/10                                                            
--------------------------------------------------------------------------------
--------------------------------------------------------------------------------
_mc_sample_type=parametric
['p_NiNi_phi0', 'p_NiNi_gamma', 'p_NiNi_r0', 'd_Ni_rho0', 'd_Ni_beta', 'd_Ni_r0', 'e_Ni_ecoh', 'e_Ni_latticetype', 'e_Ni_B', 'e_Ni_a0']
['Ni_fcc.E_coh', 'Ni_fcc.a0', 'Ni_fcc.c11', 'Ni_fcc.c12', 'Ni_fcc.c44', 'Ni_fcc.B', 'Ni_fcc.G', 'Ni_fcc.vac', 'Ni_fcc.100s', 'Ni_fcc.110s', 'Ni_fcc.111s', 'Ni_fcc.isf', 'E_Ni_fcc_hcp', 'E_Ni_fcc_bcc', 'E_Ni_fcc_sc', 'E_Ni_fcc_dia']
['Ni_fcc.E_coh.err', 'Ni_fcc.a0.err', 'Ni_fcc.c11.err', 'Ni_fcc.c12.err', 'Ni_fcc.c44.err', 'Ni_fcc.B.err', 'Ni_fcc.G.err', 'Ni_fcc.vac.err', 'Ni_fcc.100s.err', 'Ni_fcc.110s.err', 'Ni_fcc.111s.err', 'Ni_fcc.isf.err', 'E_Ni_fcc_hcp.err', 'E_Ni_fcc_bcc.err', 'E_Ni_fcc_sc.err', 'E_Ni_fcc_dia.err']
--------------------------------------------------------------------------------
                         MPI COMMUNICATION INFORMATION                          
--------------------------------------------------------------------------------
mpi_size=1
--------------------------------------------------------------------------------
                             GENERATED RANDOM SEEDS                             
--------------------------------------------------------------------------------

rv_seed=1985307081

  rank     iter      seed   
-------- -------- ----------
   0        0     1106701860
   0        1     1873828045
   0        2      416603021
   0        3      223379341
   0        4     2063287438
   0        5     1102377722
   0        6      274497946
   0        7     1555532607
   0        8      841374042
   0        9     2032190225
--------------------------------------------------------------------------------
BEGIN ITERATION 1/10                                                            
--------------------------------------------------------------------------------
--------------------------------------------------------------------------------
_mc_sample_type=parametric
['p_NiNi_phi0', 'p_NiNi_gamma', 'p_NiNi_r0', 'd_Ni_rho0', 'd_Ni_beta', 'd_Ni_r0', 'e_Ni_ecoh', 'e_Ni_latticetype', 'e_Ni_B', 'e_Ni_a0']
['Ni_fcc.E_coh', 'Ni_fcc.a0', 'Ni_fcc.c11', 'Ni_fcc.c12', 'Ni_fcc.c44', 'Ni_fcc.B', 'Ni_fcc.G', 'Ni_fcc.vac', 'Ni_fcc.100s', 'Ni_fcc.110s', 'Ni_fcc.111s', 'Ni_fcc.isf', 'E_Ni_fcc_hcp', 'E_Ni_fcc_bcc', 'E_Ni_fcc_sc', 'E_Ni_fcc_dia']
['Ni_fcc.E_coh.err', 'Ni_fcc.a0.err', 'Ni_fcc.c11.err', 'Ni_fcc.c12.err', 'Ni_fcc.c44.err', 'Ni_fcc.B.err', 'Ni_fcc.G.err', 'Ni_fcc.vac.err', 'Ni_fcc.100s.err', 'Ni_fcc.110s.err', 'Ni_fcc.111s.err', 'Ni_fcc.isf.err', 'E_Ni_fcc_hcp.err', 'E_Ni_fcc_bcc.err', 'E_Ni_fcc_sc.err', 'E_Ni_fcc_dia.err']
--------------------------------------------------------------------------------
                         MPI COMMUNICATION INFORMATION                          
--------------------------------------------------------------------------------
mpi_size=1
--------------------------------------------------------------------------------
                             GENERATED RANDOM SEEDS                             
--------------------------------------------------------------------------------

rv_seed=122305724

  rank     iter      seed   
-------- -------- ----------
   0        0      503565398
   0        1     1714402942
   0        2     1739380101
   0        3      357247992
   0        4     2108313029
   0        5     1449889929
   0        6     2038442236
   0        7      115987965
   0        8     2117176544
   0        9     1297150710
--------------------------------------------------------------------------------
BEGIN ITERATION 1/10                                                            
--------------------------------------------------------------------------------
--------------------------------------------------------------------------------
_mc_sample_type=parametric
['p_NiNi_phi0', 'p_NiNi_gamma', 'p_NiNi_r0', 'd_Ni_rho0', 'd_Ni_beta', 'd_Ni_r0', 'e_Ni_latticetype', 'e_Ni_ecoh', 'e_Ni_B', 'e_Ni_a0']
['Ni_fcc.E_coh', 'Ni_fcc.a0']
['Ni_fcc.E_coh.err', 'Ni_fcc.a0.err']
--------------------------------------------------------------------------------
                         MPI COMMUNICATION INFORMATION                          
--------------------------------------------------------------------------------
mpi_size=1
--------------------------------------------------------------------------------
                             GENERATED RANDOM SEEDS                             
--------------------------------------------------------------------------------

rv_seed=1504035811

  rank     iter      seed   
-------- -------- ----------
   0        0      386474748
   0        1      228794489
   0        2      598085872
   0        3     1624504455
   0        4      597235107
   0        5     1299876846
   0        6      997186209
   0        7      406918489
   0        8      310270177
   0        9     1657707760
   0        10    1799275159
   0        11     463043026
   0        12     268801166
   0        13     232314718
   0        14    1054504318
   0        15     428502198
   0        16    1513614552
   0        17     371019240
   0        18      95826882
   0        19    1813883156
--------------------------------------------------------------------------------
BEGIN ITERATION 1/20                                                            
--------------------------------------------------------------------------------
--------------------------------------------------------------------------------
_mc_sample_type=parametric
['p_NiNi_phi0', 'p_NiNi_gamma', 'p_NiNi_r0', 'd_Ni_rho0', 'd_Ni_beta', 'd_Ni_r0', 'e_Ni_latticetype', 'e_Ni_ecoh', 'e_Ni_B', 'e_Ni_a0']
['Ni_fcc.E_coh', 'Ni_fcc.a0']
['Ni_fcc.E_coh.err', 'Ni_fcc.a0.err']
--------------------------------------------------------------------------------
                         MPI COMMUNICATION INFORMATION                          
--------------------------------------------------------------------------------
mpi_size=1
--------------------------------------------------------------------------------
                             GENERATED RANDOM SEEDS                             
--------------------------------------------------------------------------------

rv_seed=242736479

  rank     iter      seed   
-------- -------- ----------
   0        0     1112972875
   0        1      550900287
   0        2     1762824029
   0        3     1385514881
   0        4      553903093
   0        5       32003893
   0        6     1953204393
   0        7      921238529
   0        8     1924021582
   0        9     1875646798
   0        10     459945448
   0        11     157146358
   0        12    2125147540
   0        13    1797213511
   0        14    1946670675
   0        15    1038849133
   0        16     403146047
   0        17     510517507
   0        18    1026346880
   0        19     850811477
--------------------------------------------------------------------------------
BEGIN ITERATION 1/20                                                            
--------------------------------------------------------------------------------
--------------------------------------------------------------------------------
_mc_sample_type=parametric
['p_NiNi_phi0', 'p_NiNi_gamma', 'p_NiNi_r0', 'd_Ni_rho0', 'd_Ni_beta', 'd_Ni_r0', 'e_Ni_latticetype', 'e_Ni_ecoh', 'e_Ni_B', 'e_Ni_a0']
['Ni_fcc.E_coh', 'Ni_fcc.a0']
['Ni_fcc.E_coh.err', 'Ni_fcc.a0.err']
--------------------------------------------------------------------------------
                         MPI COMMUNICATION INFORMATION                          
--------------------------------------------------------------------------------
mpi_size=1
--------------------------------------------------------------------------------
                             GENERATED RANDOM SEEDS                             
--------------------------------------------------------------------------------

rv_seed=845293320

  rank     iter      seed   
-------- -------- ----------
   0        0      891310123
   0        1      405225313
   0        2       47627199
   0        3      548454320
   0        4     2003694616
   0        5     1694554193
   0        6      658669530
   0        7      847267447
   0        8      173605073
   0        9      936145368
   0        10    1656156359
   0        11    1773768618
   0        12    2059736242
   0        13     200701007
   0        14      85733636
   0        15     190923062
   0        16    1411221005
   0        17    1082459174
   0        18     937107757
   0        19    1726629338
--------------------------------------------------------------------------------
BEGIN ITERATION 1/20                                                            
--------------------------------------------------------------------------------
--------------------------------------------------------------------------------
_mc_sample_type=parametric
['p_NiNi_phi0', 'p_NiNi_gamma', 'p_NiNi_r0', 'd_Ni_rho0', 'd_Ni_beta', 'd_Ni_r0', 'e_Ni_latticetype', 'e_Ni_ecoh', 'e_Ni_B', 'e_Ni_a0']
['Ni_fcc.E_coh', 'Ni_fcc.a0']
['Ni_fcc.E_coh.err', 'Ni_fcc.a0.err']
--------------------------------------------------------------------------------
                         MPI COMMUNICATION INFORMATION                          
--------------------------------------------------------------------------------
mpi_size=1
--------------------------------------------------------------------------------
                             GENERATED RANDOM SEEDS                             
--------------------------------------------------------------------------------

rv_seed=1324151481

  rank     iter      seed   
-------- -------- ----------
   0        0      749537794
   0        1     2007140391
   0        2     1671069518
   0        3      634561678
   0        4      673365445
   0        5     1525939988
   0        6     2136578166
   0        7     1360187414
   0        8     2095247237
   0        9     1684650496
   0        10    1963294112
   0        11    1319535373
   0        12    1433423667
   0        13    1998082162
   0        14     190129258
   0        15    1683463501
   0        16    1624279506
   0        17     353439162
   0        18     407545677
   0        19    1263596467
--------------------------------------------------------------------------------
BEGIN ITERATION 1/20                                                            
--------------------------------------------------------------------------------
--------------------------------------------------------------------------------
_mc_sample_type=parametric
['p_NiNi_phi0', 'p_NiNi_gamma', 'p_NiNi_r0', 'd_Ni_rho0', 'd_Ni_beta', 'd_Ni_r0', 'e_Ni_latticetype', 'e_Ni_ecoh', 'e_Ni_B', 'e_Ni_a0']
['Ni_fcc.E_coh', 'Ni_fcc.a0']
['Ni_fcc.E_coh.err', 'Ni_fcc.a0.err']
--------------------------------------------------------------------------------
                         MPI COMMUNICATION INFORMATION                          
--------------------------------------------------------------------------------
mpi_size=1
--------------------------------------------------------------------------------
                             GENERATED RANDOM SEEDS                             
--------------------------------------------------------------------------------

rv_seed=1289784383

  rank     iter      seed   
-------- -------- ----------
   0        0      216175570
   0        1      998691997
   0        2     1391494781
   0        3      911393661
   0        4     1399358861
   0        5     1973783835
   0        6     2100541998
   0        7      455883120
   0        8     1422215336
   0        9     2042845731
   0        10     137969199
   0        11    1218835835
   0        12     361371006
   0        13    1493706349
   0        14     287218952
   0        15      90673693
   0        16    1140328083
   0        17     384401027
   0        18    1976586773
   0        19     383192485
--------------------------------------------------------------------------------
BEGIN ITERATION 1/20                                                            
--------------------------------------------------------------------------------
--------------------------------------------------------------------------------
_mc_sample_type=parametric
['p_NiNi_phi0', 'p_NiNi_gamma', 'p_NiNi_r0', 'd_Ni_rho0', 'd_Ni_beta', 'd_Ni_r0', 'e_Ni_latticetype', 'e_Ni_ecoh', 'e_Ni_B', 'e_Ni_a0']
['Ni_fcc.E_coh', 'Ni_fcc.a0']
['Ni_fcc.E_coh.err', 'Ni_fcc.a0.err']
--------------------------------------------------------------------------------
                         MPI COMMUNICATION INFORMATION                          
--------------------------------------------------------------------------------
mpi_size=1
--------------------------------------------------------------------------------
                             GENERATED RANDOM SEEDS                             
--------------------------------------------------------------------------------

rv_seed=1722681684

  rank     iter      seed   
-------- -------- ----------
   0        0     1798360334
   0        1     1670009481
   0        2      525521865
   0        3     1075332988
   0        4      403977856
   0        5     1422656626
   0        6     1808053955
   0        7     1994363798
   0        8      429603430
   0        9     1620422635
   0        10    1246149811
   0        11    2025743273
   0        12     920311732
   0        13    1463516367
   0        14     416621750
   0        15     687056860
   0        16     774408248
   0        17     823055342
   0        18    1368479740
   0        19    1216654616
--------------------------------------------------------------------------------
BEGIN ITERATION 1/20                                                            
--------------------------------------------------------------------------------
--------------------------------------------------------------------------------
_mc_sample_type=parametric
['p_NiNi_phi0', 'p_NiNi_gamma', 'p_NiNi_r0', 'd_Ni_rho0', 'd_Ni_beta', 'd_Ni_r0', 'e_Ni_latticetype', 'e_Ni_ecoh', 'e_Ni_B', 'e_Ni_a0']
['Ni_fcc.E_coh', 'Ni_fcc.a0']
['Ni_fcc.E_coh.err', 'Ni_fcc.a0.err']
--------------------------------------------------------------------------------
                         MPI COMMUNICATION INFORMATION                          
--------------------------------------------------------------------------------
mpi_size=1
--------------------------------------------------------------------------------
                             GENERATED RANDOM SEEDS                             
--------------------------------------------------------------------------------

rv_seed=228556920

  rank     iter      seed   
-------- -------- ----------
   0        0      772552284
   0        1     1634543094
   0        2      777744524
   0        3     1957473126
   0        4      667899950
   0        5        2107784
   0        6     1338139398
   0        7      659066006
   0        8     1414964491
   0        9     1358129674
   0        10    1224245682
   0        11     821929450
   0        12    1959490993
   0        13    1957413591
   0        14      44280922
   0        15    2070794516
   0        16    1162062001
   0        17    1018863498
   0        18    1502064965
   0        19    1657859846
--------------------------------------------------------------------------------
BEGIN ITERATION 1/20                                                            
--------------------------------------------------------------------------------
--------------------------------------------------------------------------------
_mc_sample_type=parametric
['p_NiNi_phi0', 'p_NiNi_gamma', 'p_NiNi_r0', 'd_Ni_rho0', 'd_Ni_beta', 'd_Ni_r0', 'e_Ni_latticetype', 'e_Ni_ecoh', 'e_Ni_B', 'e_Ni_a0']
['Ni_fcc.E_coh', 'Ni_fcc.a0']
['Ni_fcc.E_coh.err', 'Ni_fcc.a0.err']
--------------------------------------------------------------------------------
                         MPI COMMUNICATION INFORMATION                          
--------------------------------------------------------------------------------
mpi_size=1
--------------------------------------------------------------------------------
                             GENERATED RANDOM SEEDS                             
--------------------------------------------------------------------------------

rv_seed=1268085382

  rank     iter      seed   
-------- -------- ----------
   0        0     1283991890
   0        1      765334809
   0        2      733283703
   0        3     1426436400
   0        4      270801725
   0        5     1018626084
   0        6     2142091384
   0        7      461516692
   0        8     1197432828
   0        9      757871923
   0        10     855421517
   0        11    1207840638
   0        12    1696168867
   0        13      70199933
   0        14    1622965596
   0        15     834451943
   0        16     642311186
   0        17    1157299227
   0        18    1996169305
   0        19    1639379768
--------------------------------------------------------------------------------
BEGIN ITERATION 1/20                                                            
--------------------------------------------------------------------------------
--------------------------------------------------------------------------------
_mc_sample_type=parametric
['p_NiNi_phi0', 'p_NiNi_gamma', 'p_NiNi_r0', 'd_Ni_rho0', 'd_Ni_beta', 'd_Ni_r0', 'e_Ni_latticetype', 'e_Ni_ecoh', 'e_Ni_B', 'e_Ni_a0']
['Ni_fcc.E_coh', 'Ni_fcc.a0']
['Ni_fcc.E_coh.err', 'Ni_fcc.a0.err']
--------------------------------------------------------------------------------
                         MPI COMMUNICATION INFORMATION                          
--------------------------------------------------------------------------------
mpi_size=1
--------------------------------------------------------------------------------
                             GENERATED RANDOM SEEDS                             
--------------------------------------------------------------------------------

rv_seed=1178095407

  rank     iter      seed   
-------- -------- ----------
   0        0      316065772
   0        1     1824913874
   0        2      732619124
   0        3      459327591
   0        4      766237781
   0        5      936211885
   0        6      971659643
   0        7     1669150295
   0        8     1730321436
   0        9     1146526845
   0        10    2127690461
   0        11     566250397
   0        12     875663983
   0        13     403641092
   0        14    1522550536
   0        15    1201098691
   0        16    1260242543
   0        17     365121298
   0        18    1987743161
   0        19     228659514
--------------------------------------------------------------------------------
BEGIN ITERATION 1/20                                                            
--------------------------------------------------------------------------------
--------------------------------------------------------------------------------
_mc_sample_type=parametric
['p_NiNi_phi0', 'p_NiNi_gamma', 'p_NiNi_r0', 'd_Ni_rho0', 'd_Ni_beta', 'd_Ni_r0', 'e_Ni_latticetype', 'e_Ni_ecoh', 'e_Ni_B', 'e_Ni_a0']
['Ni_fcc.E_coh', 'Ni_fcc.a0']
['Ni_fcc.E_coh.err', 'Ni_fcc.a0.err']
--------------------------------------------------------------------------------
                         MPI COMMUNICATION INFORMATION                          
--------------------------------------------------------------------------------
mpi_size=1
--------------------------------------------------------------------------------
                             GENERATED RANDOM SEEDS                             
--------------------------------------------------------------------------------

rv_seed=359877417

  rank     iter      seed   
-------- -------- ----------
   0        0     1805352678
   0        1       63547728
   0        2     1364894260
   0        3      229032393
   0        4      608948944
   0        5      476968757
   0        6      802807767
   0        7      326314793
   0        8      195402728
   0        9      175820571
   0        10    1321833039
   0        11    1657603142
   0        12    1863303742
   0        13    1298286741
   0        14     872453331
   0        15     419907932
   0        16    1459686283
   0        17     442445534
   0        18    1079520699
   0        19     353886659
--------------------------------------------------------------------------------
BEGIN ITERATION 1/20                                                            
--------------------------------------------------------------------------------
--------------------------------------------------------------------------------
_mc_sample_type=parametric
['p_NiNi_phi0', 'p_NiNi_gamma', 'p_NiNi_r0', 'd_Ni_rho0', 'd_Ni_beta', 'd_Ni_r0', 'e_Ni_latticetype', 'e_Ni_ecoh', 'e_Ni_B', 'e_Ni_a0']
['Ni_fcc.E_coh', 'Ni_fcc.a0']
['Ni_fcc.E_coh.err', 'Ni_fcc.a0.err']
--------------------------------------------------------------------------------
                         MPI COMMUNICATION INFORMATION                          
--------------------------------------------------------------------------------
mpi_size=1
--------------------------------------------------------------------------------
                             GENERATED RANDOM SEEDS                             
--------------------------------------------------------------------------------

rv_seed=710646157

  rank     iter      seed   
-------- -------- ----------
   0        0      787858627
   0        1     1577810868
   0        2     1900648546
   0        3      381687068
   0        4     1474245544
   0        5      480403456
   0        6     1815742620
   0        7      502798857
   0        8      526300063
   0        9      918041169
   0        10    1427608098
   0        11    1356099315
   0        12    1561092370
   0        13    1854665627
   0        14     246640829
   0        15    2082854111
   0        16     239495372
   0        17    2116609822
   0        18    1650217913
   0        19    1273855357
--------------------------------------------------------------------------------
BEGIN ITERATION 1/20                                                            
--------------------------------------------------------------------------------
--------------------------------------------------------------------------------
_mc_sample_type=parametric
['p_NiNi_phi0', 'p_NiNi_gamma', 'p_NiNi_r0', 'd_Ni_rho0', 'd_Ni_beta', 'd_Ni_r0', 'e_Ni_latticetype', 'e_Ni_ecoh', 'e_Ni_B', 'e_Ni_a0']
['Ni_fcc.E_coh', 'Ni_fcc.a0']
['Ni_fcc.E_coh.err', 'Ni_fcc.a0.err']
--------------------------------------------------------------------------------
                         MPI COMMUNICATION INFORMATION                          
--------------------------------------------------------------------------------
mpi_size=1
--------------------------------------------------------------------------------
                             GENERATED RANDOM SEEDS                             
--------------------------------------------------------------------------------

rv_seed=624273442

  rank     iter      seed   
-------- -------- ----------
   0        0     1352020187
   0        1      806192787
   0        2     1028781067
   0        3      605609349
   0        4     1182035468
   0        5     1758951253
   0        6     1411030410
   0        7     1248072659
   0        8      775315842
   0        9     1722167092
   0        10    1558013637
   0        11    1989554005
   0        12     572366438
   0        13       4673566
   0        14     826719972
   0        15    1841657078
   0        16     165081639
   0        17    1556556620
   0        18     570416113
   0        19      67302391
--------------------------------------------------------------------------------
BEGIN ITERATION 1/20                                                            
--------------------------------------------------------------------------------
--------------------------------------------------------------------------------
_mc_sample_type=parametric
['p_NiNi_phi0', 'p_NiNi_gamma', 'p_NiNi_r0', 'd_Ni_rho0', 'd_Ni_beta', 'd_Ni_r0', 'e_Ni_latticetype', 'e_Ni_ecoh', 'e_Ni_B', 'e_Ni_a0']
['Ni_fcc.E_coh', 'Ni_fcc.a0']
['Ni_fcc.E_coh.err', 'Ni_fcc.a0.err']
--------------------------------------------------------------------------------
                         MPI COMMUNICATION INFORMATION                          
--------------------------------------------------------------------------------
mpi_size=1
--------------------------------------------------------------------------------
                             GENERATED RANDOM SEEDS                             
--------------------------------------------------------------------------------

rv_seed=200149178

  rank     iter      seed   
-------- -------- ----------
   0        0       98616961
   0        1     1788061352
   0        2     2117254632
   0        3     1264730158
   0        4        2342520
   0        5      545596221
   0        6     1303355441
   0        7     1301425530
   0        8     1591838894
   0        9      719630311
   0        10    1699538260
   0        11     309029819
   0        12    1124119120
   0        13    2138135204
   0        14     599199945
   0        15    1562234216
   0        16    2121573359
   0        17    1433287049
   0        18     666794820
   0        19    1408777330
--------------------------------------------------------------------------------
BEGIN ITERATION 1/20                                                            
--------------------------------------------------------------------------------
--------------------------------------------------------------------------------
_mc_sample_type=parametric
['p_NiNi_phi0', 'p_NiNi_gamma', 'p_NiNi_r0', 'd_Ni_rho0', 'd_Ni_beta', 'd_Ni_r0', 'e_Ni_latticetype', 'e_Ni_ecoh', 'e_Ni_B', 'e_Ni_a0']
['Ni_fcc.E_coh', 'Ni_fcc.a0']
['Ni_fcc.E_coh.err', 'Ni_fcc.a0.err']
--------------------------------------------------------------------------------
                         MPI COMMUNICATION INFORMATION                          
--------------------------------------------------------------------------------
mpi_size=1
--------------------------------------------------------------------------------
                             GENERATED RANDOM SEEDS                             
--------------------------------------------------------------------------------

rv_seed=1871715943

  rank     iter      seed   
-------- -------- ----------
   0        0     1261461193
   0        1      435712228
   0        2     2072184846
   0        3      354385122
   0        4     1788484568
   0        5      594654481
   0        6     1394399897
   0        7      928646496
   0        8     1049778620
   0        9     2028107288
   0        10    1290609562
   0        11    1911186352
   0        12    2117197739
   0        13    1186247164
   0        14     305552197
   0        15     855264533
   0        16     895101820
   0        17     624735530
   0        18     567855418
   0        19     371335615
--------------------------------------------------------------------------------
BEGIN ITERATION 1/20                                                            
--------------------------------------------------------------------------------
--------------------------------------------------------------------------------
_mc_sample_type=parametric
['p_NiNi_phi0', 'p_NiNi_gamma', 'p_NiNi_r0', 'd_Ni_rho0', 'd_Ni_beta', 'd_Ni_r0', 'e_Ni_latticetype', 'e_Ni_ecoh', 'e_Ni_B', 'e_Ni_a0']
['Ni_fcc.E_coh', 'Ni_fcc.a0']
['Ni_fcc.E_coh.err', 'Ni_fcc.a0.err']
--------------------------------------------------------------------------------
                         MPI COMMUNICATION INFORMATION                          
--------------------------------------------------------------------------------
mpi_size=1
--------------------------------------------------------------------------------
                             GENERATED RANDOM SEEDS                             
--------------------------------------------------------------------------------

rv_seed=1924952071

  rank     iter      seed   
-------- -------- ----------
   0        0     1971055565
   0        1     1815987481
   0        2      861788310
   0        3     2043592505
   0        4      480921312
   0        5     1610634052
   0        6     1170810759
   0        7     1173331469
   0        8      240871671
   0        9      514176611
   0        10    1510775652
   0        11    2081751230
   0        12     214613669
   0        13    2014709968
   0        14     827009940
   0        15    2020305895
   0        16    1198587476
   0        17    1208947808
   0        18     977506637
   0        19    1175856637
--------------------------------------------------------------------------------
BEGIN ITERATION 1/20                                                            
--------------------------------------------------------------------------------
--------------------------------------------------------------------------------
_mc_sample_type=parametric
['p_NiNi_phi0', 'p_NiNi_gamma', 'p_NiNi_r0', 'd_Ni_rho0', 'd_Ni_beta', 'd_Ni_r0', 'e_Ni_latticetype', 'e_Ni_ecoh', 'e_Ni_B', 'e_Ni_a0']
['Ni_fcc.E_coh', 'Ni_fcc.a0']
['Ni_fcc.E_coh.err', 'Ni_fcc.a0.err']
--------------------------------------------------------------------------------
                         MPI COMMUNICATION INFORMATION                          
--------------------------------------------------------------------------------
mpi_size=1
--------------------------------------------------------------------------------
                             GENERATED RANDOM SEEDS                             
--------------------------------------------------------------------------------

rv_seed=835212910

  rank     iter      seed   
-------- -------- ----------
   0        0      615596340
   0        1      956021824
   0        2     1497171625
   0        3     1842939489
   0        4      134867625
   0        5      428853988
   0        6      759495290
   0        7      129566537
   0        8     1107572002
   0        9      151814568
   0        10     112429036
   0        11    1213222857
   0        12     469434314
   0        13    1476484323
   0        14     560306796
   0        15     169428915
   0        16     521210740
   0        17     321850560
   0        18    1825739911
   0        19    1445934932
--------------------------------------------------------------------------------
BEGIN ITERATION 1/20                                                            
--------------------------------------------------------------------------------
--------------------------------------------------------------------------------
_mc_sample_type=parametric
['p_NiNi_phi0', 'p_NiNi_gamma', 'p_NiNi_r0', 'd_Ni_rho0', 'd_Ni_beta', 'd_Ni_r0', 'e_Ni_latticetype', 'e_Ni_ecoh', 'e_Ni_B', 'e_Ni_a0']
['Ni_fcc.E_coh', 'Ni_fcc.a0']
['Ni_fcc.E_coh.err', 'Ni_fcc.a0.err']
--------------------------------------------------------------------------------
                         MPI COMMUNICATION INFORMATION                          
--------------------------------------------------------------------------------
mpi_size=1
--------------------------------------------------------------------------------
                             GENERATED RANDOM SEEDS                             
--------------------------------------------------------------------------------

rv_seed=1136114419

  rank     iter      seed   
-------- -------- ----------
   0        0       80345326
   0        1     1913986379
   0        2     1882760829
   0        3      115182954
   0        4     1736438683
   0        5     1681820274
   0        6     1402921691
   0        7     1838929462
   0        8      539969149
   0        9     2058290867
   0        10      90431078
   0        11     271068312
   0        12    1043761344
   0        13    1575520952
   0        14    1284884513
   0        15    1877148835
   0        16    1379624023
   0        17     484057944
   0        18    1402899632
   0        19    2023993011
--------------------------------------------------------------------------------
BEGIN ITERATION 1/20                                                            
--------------------------------------------------------------------------------
--------------------------------------------------------------------------------
_mc_sample_type=parametric
['p_NiNi_phi0', 'p_NiNi_gamma', 'p_NiNi_r0', 'd_Ni_rho0', 'd_Ni_beta', 'd_Ni_r0', 'e_Ni_latticetype', 'e_Ni_ecoh', 'e_Ni_B', 'e_Ni_a0']
['Ni_fcc.E_coh', 'Ni_fcc.a0']
['Ni_fcc.E_coh.err', 'Ni_fcc.a0.err']
--------------------------------------------------------------------------------
                         MPI COMMUNICATION INFORMATION                          
--------------------------------------------------------------------------------
mpi_size=1
--------------------------------------------------------------------------------
                             GENERATED RANDOM SEEDS                             
--------------------------------------------------------------------------------

rv_seed=66389158

  rank     iter      seed   
-------- -------- ----------
   0        0      831555007
   0        1      141189396
   0        2     2097800839
   0        3     1410588307
   0        4      120935993
   0        5     1249340187
   0        6      161197257
   0        7      811905495
   0        8     1965759247
   0        9      609996417
   0        10     471000208
   0        11     625994520
   0        12    1322017979
   0        13    1336059440
   0        14      11497046
   0        15     867206348
   0        16     391210745
   0        17    1748099330
   0        18     131064962
   0        19     977766620
--------------------------------------------------------------------------------
BEGIN ITERATION 1/20                                                            
--------------------------------------------------------------------------------
--------------------------------------------------------------------------------
_mc_sample_type=parametric
['p_NiNi_phi0', 'p_NiNi_gamma', 'p_NiNi_r0', 'd_Ni_rho0', 'd_Ni_beta', 'd_Ni_r0', 'e_Ni_latticetype', 'e_Ni_ecoh', 'e_Ni_B', 'e_Ni_a0']
['Ni_fcc.E_coh', 'Ni_fcc.a0']
['Ni_fcc.E_coh.err', 'Ni_fcc.a0.err']
--------------------------------------------------------------------------------
                         MPI COMMUNICATION INFORMATION                          
--------------------------------------------------------------------------------
mpi_size=1
--------------------------------------------------------------------------------
                             GENERATED RANDOM SEEDS                             
--------------------------------------------------------------------------------

rv_seed=776079518

  rank     iter      seed   
-------- -------- ----------
   0        0     1716134953
   0        1     1286880218
   0        2     1773230536
   0        3      294807978
   0        4     1232214021
   0        5     1110190809
   0        6     1281520608
   0        7      486267356
   0        8     1285972998
   0        9     1229254448
   0        10    1638802887
   0        11    1149966976
   0        12     189477559
   0        13    1289654397
   0        14     164348742
   0        15     867212320
   0        16    2087077472
   0        17    1145609490
   0        18    1512385391
   0        19     885850998
--------------------------------------------------------------------------------
BEGIN ITERATION 1/20                                                            
--------------------------------------------------------------------------------
--------------------------------------------------------------------------------
_mc_sample_type=parametric
['p_NiNi_phi0', 'p_NiNi_gamma', 'p_NiNi_r0', 'd_Ni_rho0', 'd_Ni_beta', 'd_Ni_r0', 'e_Ni_latticetype', 'e_Ni_ecoh', 'e_Ni_B', 'e_Ni_a0']
['Ni_fcc.E_coh', 'Ni_fcc.a0']
['Ni_fcc.E_coh.err', 'Ni_fcc.a0.err']
--------------------------------------------------------------------------------
                         MPI COMMUNICATION INFORMATION                          
--------------------------------------------------------------------------------
mpi_size=1
--------------------------------------------------------------------------------
                             GENERATED RANDOM SEEDS                             
--------------------------------------------------------------------------------

rv_seed=1439180336

  rank     iter      seed   
-------- -------- ----------
   0        0      343772772
   0        1     1310316570
   0        2      720442018
   0        3     1051374511
   0        4      222028924
   0        5     1287967814
   0        6      563475882
   0        7     1120845428
   0        8      800445616
   0        9      765666059
   0        10    1601420505
   0        11       8185571
   0        12     407352207
   0        13     191282988
   0        14    2143253964
   0        15    1911023497
   0        16    1092726133
   0        17       5744360
   0        18     768658296
   0        19    1530457551
--------------------------------------------------------------------------------
BEGIN ITERATION 1/20                                                            
--------------------------------------------------------------------------------
--------------------------------------------------------------------------------
_mc_sample_type=parametric
['p_NiNi_phi0', 'p_NiNi_gamma', 'p_NiNi_r0', 'd_Ni_rho0', 'd_Ni_beta', 'd_Ni_r0', 'e_Ni_latticetype', 'e_Ni_ecoh', 'e_Ni_B', 'e_Ni_a0']
['Ni_fcc.E_coh', 'Ni_fcc.a0']
['Ni_fcc.E_coh.err', 'Ni_fcc.a0.err']
--------------------------------------------------------------------------------
                         MPI COMMUNICATION INFORMATION                          
--------------------------------------------------------------------------------
mpi_size=1
--------------------------------------------------------------------------------
                             GENERATED RANDOM SEEDS                             
--------------------------------------------------------------------------------

rv_seed=1779903999

  rank     iter      seed   
-------- -------- ----------
   0        0      435283422
   0        1      762957907
   0        2     1348701080
   0        3     1876652087
   0        4      446563846
   0        5     1850224162
   0        6      609247848
   0        7      899482160
   0        8      563760394
   0        9     1692698550
   0        10     390050389
   0        11     106645786
   0        12     454032373
   0        13    1872202841
   0        14    1979078473
   0        15    1219950921
   0        16    1096020584
   0        17    1341026249
   0        18     888474201
   0        19      59742889
--------------------------------------------------------------------------------
BEGIN ITERATION 1/20                                                            
--------------------------------------------------------------------------------
--------------------------------------------------------------------------------
_mc_sample_type=parametric
['p_NiNi_phi0', 'p_NiNi_gamma', 'p_NiNi_r0', 'd_Ni_rho0', 'd_Ni_beta', 'd_Ni_r0', 'e_Ni_latticetype', 'e_Ni_ecoh', 'e_Ni_B', 'e_Ni_a0']
['Ni_fcc.E_coh', 'Ni_fcc.a0']
['Ni_fcc.E_coh.err', 'Ni_fcc.a0.err']
--------------------------------------------------------------------------------
                         MPI COMMUNICATION INFORMATION                          
--------------------------------------------------------------------------------
mpi_size=1
--------------------------------------------------------------------------------
                             GENERATED RANDOM SEEDS                             
--------------------------------------------------------------------------------

rv_seed=1692125562

  rank     iter      seed   
-------- -------- ----------
   0        0      220769019
   0        1      530717281
   0        2      576809889
   0        3     2005137384
   0        4     1672648864
   0        5      697233236
   0        6     1133231250
   0        7     1680750248
   0        8      669379425
   0        9      621406259
   0        10    1450132886
   0        11    1340908926
   0        12     501799441
   0        13     147468064
   0        14     215275973
   0        15     692740443
   0        16    1598547463
   0        17    1125218664
   0        18    1215409565
   0        19    2031818465
--------------------------------------------------------------------------------
BEGIN ITERATION 1/20                                                            
--------------------------------------------------------------------------------
--------------------------------------------------------------------------------
_mc_sample_type=parametric
['p_NiNi_phi0', 'p_NiNi_gamma', 'p_NiNi_r0', 'd_Ni_rho0', 'd_Ni_beta', 'd_Ni_r0', 'e_Ni_latticetype', 'e_Ni_ecoh', 'e_Ni_B', 'e_Ni_a0']
['Ni_fcc.E_coh', 'Ni_fcc.a0']
['Ni_fcc.E_coh.err', 'Ni_fcc.a0.err']
--------------------------------------------------------------------------------
                         MPI COMMUNICATION INFORMATION                          
--------------------------------------------------------------------------------
mpi_size=1
--------------------------------------------------------------------------------
                             GENERATED RANDOM SEEDS                             
--------------------------------------------------------------------------------

rv_seed=2056090277

  rank     iter      seed   
-------- -------- ----------
   0        0      497085289
   0        1       99015290
   0        2      543303179
   0        3     1135797451
   0        4      577633902
   0        5     1702304733
   0        6     1293631676
   0        7     1739570508
   0        8     1500493552
   0        9     1150315560
   0        10     303770578
   0        11    2055835593
   0        12    1924155936
   0        13    1156396706
   0        14    2114294288
   0        15    1515564804
   0        16     965648804
   0        17      37098087
   0        18     743381620
   0        19     450082888
--------------------------------------------------------------------------------
BEGIN ITERATION 1/20                                                            
--------------------------------------------------------------------------------
--------------------------------------------------------------------------------
_mc_sample_type=parametric
['p_NiNi_phi0', 'p_NiNi_gamma', 'p_NiNi_r0', 'd_Ni_rho0', 'd_Ni_beta', 'd_Ni_r0', 'e_Ni_latticetype', 'e_Ni_ecoh', 'e_Ni_B', 'e_Ni_a0']
['Ni_fcc.E_coh', 'Ni_fcc.a0']
['Ni_fcc.E_coh.err', 'Ni_fcc.a0.err']
--------------------------------------------------------------------------------
                         MPI COMMUNICATION INFORMATION                          
--------------------------------------------------------------------------------
mpi_size=1
--------------------------------------------------------------------------------
                             GENERATED RANDOM SEEDS                             
--------------------------------------------------------------------------------

rv_seed=445850935

  rank     iter      seed   
-------- -------- ----------
   0        0     1275503968
   0        1       74945018
   0        2     1468250905
   0        3     1251238367
   0        4     1372771223
   0        5     1078970016
   0        6     1694314380
   0        7     1484825187
   0        8      607814718
   0        9      833127126
   0        10    1903695661
   0        11    1533408197
   0        12    1979240495
   0        13     854368263
   0        14     281435757
   0        15    1600943802
   0        16     472446551
   0        17     196336614
   0        18    1999946188
   0        19    1964632680
--------------------------------------------------------------------------------
BEGIN ITERATION 1/20                                                            
--------------------------------------------------------------------------------
--------------------------------------------------------------------------------
_mc_sample_type=parametric
