sim_id,p_NiNi_phi0,p_NiNi_gamma,p_NiNi_r0,d_Ni_rho0,d_Ni_beta,d_Ni_r0,e_Ni_latticetype,e_Ni_ecoh,e_Ni_B,e_Ni_a0,Ni_fcc.E_coh,Ni_fcc.a0,Ni_fcc.E_coh.err,Ni_fcc.a0.err
sim_id,param,param,param,param,param,param,param,param,param,param,qoi,qoi,err,err
1,0.99531775345,5.45339401848,2.489015869776647,3.48142458521,4.45013427777,2.489015869776647,fcc,-4.45,188.0,3.52,-4.45729634181795,3.51959588784773,-0.007296341817950136,-0.00040411215227020847
2,2.99174612889,6.95757397087,2.489015869776647,2.42454108996,6.86604519145,2.489015869776647,fcc,-4.45,188.0,3.52,-4.67315223181385,3.52363604125773,-0.2231522318138497,0.0036360412577298717
3,2.17308099123,5.86109098992,2.489015869776647,3.76937834729,5.51819703654,2.489015869776647,fcc,-4.45,188.0,3.52,-4.493546897606,3.52096066154189,-0.04354689760599939,0.0009606615418897846
4,3.66106930038,4.24302544695,2.489015869776647,1.89889483464,4.18808489241,2.489015869776647,fcc,-4.45,188.0,3.52,-4.464609990784775,3.5220613537085,-0.014609990784775206,0.0020613537085001354
5,0.967148090298,3.9206731901,2.489015869776647,2.20640984331,4.80067062237,2.489015869776647,fcc,-4.45,188.0,3.52,-62984.70362809375,3.74146674319209,-62980.25362809375,0.22146674319209003
6,0.431072492858,3.91412960843,2.489015869776647,2.65049264221,5.24879166695,2.489015869776647,fcc,-4.45,188.0,3.52,-17526.94583449615,3.09321592135526,-17522.49583449615,-0.4267840786447401
7,3.99547374526,5.38901993255,2.489015869776647,3.7816252378,5.75371603683,2.489015869776647,fcc,-4.45,188.0,3.52,-2714568.935430225,2.8316559903419,-2714564.485430225,-0.6883440096580999
9,0.41671914954,4.45935078067,2.489015869776647,3.93106635694,5.27786741888,2.489015869776647,fcc,-4.45,188.0,3.52,-25337.8173909845,6.64760149830936,-25333.3673909845,3.12760149830936
10,0.0928262913661,6.81250948325,2.489015869776647,3.25271613681,6.63767600012,2.489015869776647,fcc,-4.45,188.0,3.52,-4.45559417511465,3.52081417093174,-0.005594175114650213,0.0008141709317399659
12,0.361371494119,4.74711393514,2.489015869776647,1.47126967789,4.34499044306,2.489015869776647,fcc,-4.45,188.0,3.52,-4.4519877990577,3.51931144466442,-0.001987799057699746,-0.0006885553355799878
13,1.53276680304,2.58963558526,2.489015869776647,3.10556755815,6.70498635027,2.489015869776647,fcc,-4.45,188.0,3.52,-759782.72917804,1.49753306748508,-759778.2791780401,-2.02246693251492
14,1.93777495499,3.77988509019,2.489015869776647,2.86372291041,4.66633635185,2.489015869776647,fcc,-4.45,188.0,3.52,-101193.14628597574,3.33698089534541,-101188.69628597575,-0.18301910465459015
15,0.214031186316,4.73784173542,2.489015869776647,2.18113044868,2.73988837303,2.489015869776647,fcc,-4.45,188.0,3.52,-4.450308035816775,3.51906832433006,-0.00030803581677485425,-0.000931675669940013
16,0.818348537236,5.97423363125,2.489015869776647,1.09224340301,2.17994195202,2.489015869776647,fcc,-4.45,188.0,3.52,-4.45205274545185,3.51807464705463,-0.0020527454518495247,-0.0019253529453702178
17,3.45805938943,4.77054839056,2.489015869776647,1.79252263229,3.10516892376,2.489015869776647,fcc,-4.45,188.0,3.52,-4.4562871503852,3.51953583124629,-0.00628715038519978,-0.0004641687537101369
18,2.58252109263,4.227827981,2.489015869776647,1.75411362312,4.44881370863,2.489015869776647,fcc,-4.45,188.0,3.52,-44680.425588608,4.2507516193259,-44675.975588608,0.7307516193259
19,0.955692953527,6.70648514061,2.489015869776647,3.18197899374,3.92831571658,2.489015869776647,fcc,-4.45,188.0,3.52,-4.456009511919225,3.51816620329385,-0.006009511919224941,-0.001833796706149915
20,3.97535318617,2.18030500155,2.489015869776647,3.82090357917,6.70144272592,2.489015869776647,fcc,-4.45,188.0,3.52,-1662224.7492058175,1.20750170567456,-1662220.2992058175,-2.31249829432544
21,2.76288284558,2.87660439824,2.489015869776647,1.53839708941,2.64269883978,2.489015869776647,fcc,-4.45,188.0,3.52,-4.449337967145725,3.5205160849112,0.0006620328542750187,0.0005160849112000321
22,2.74278040036,5.59422823904,2.489015869776647,2.35040799013,3.37959860355,2.489015869776647,fcc,-4.45,188.0,3.52,-4.45850131429095,3.51947419250771,-0.00850131429094958,-0.0005258074922900313
24,2.03023906565,5.49084961863,2.489015869776647,3.02716912817,5.86336408502,2.489015869776647,fcc,-4.45,188.0,3.52,-1790216.3431056824,2.91057658666405,-1790211.8931056825,-0.60942341333595
25,1.84829159135,5.22789375647,2.489015869776647,1.13612995577,3.638728523,2.489015869776647,fcc,-4.45,188.0,3.52,-4.45625287932595,3.51951100199153,-0.006252879325949756,-0.0004889980084699097
26,2.12104623735,4.12163853032,2.489015869776647,3.65807928708,2.3637042524,2.489015869776647,fcc,-4.45,188.0,3.52,-4.451816354569825,3.51946229062976,-0.001816354569824874,-0.0005377093702398916
29,1.03543835028,3.36620300571,2.489015869776647,3.99867749817,2.31412968361,2.489015869776647,fcc,-4.45,188.0,3.52,-4.45020921147275,3.51934189883697,-0.00020921147274943763,-0.0006581011630300004
30,3.14700949222,5.68258546426,2.489015869776647,2.85556303021,4.57260720242,2.489015869776647,fcc,-4.45,188.0,3.52,-4.4770806106006,3.51971938007378,-0.027080610600600075,-0.0002806199262201936
31,1.73361204986,5.17997662735,2.489015869776647,3.01148946425,5.75909575303,2.489015869776647,fcc,-4.45,188.0,3.52,-1393350.0126477126,3.57319524220511,-1393345.5626477126,0.05319524220510985
32,1.96437467699,6.95769441969,2.489015869776647,3.85004782092,2.33910361229,2.489015869776647,fcc,-4.45,188.0,3.52,-4.456345681540875,3.51666675530015,-0.006345681540874892,-0.003333244699850191
33,1.26130755196,4.81745253776,2.489015869776647,3.10712974877,4.1577493882,2.489015869776647,fcc,-4.45,188.0,3.52,-4.4559604813461,3.5196363340386,-0.005960481346099833,-0.00036366596139991714
34,1.64865449211,3.40509931409,2.489015869776647,2.4165586567,2.30262265409,2.489015869776647,fcc,-4.45,188.0,3.52,-4.450396766904075,3.51944322429835,-0.00039676690407475235,-0.0005567757016500252
37,1.36298215973,4.73963676445,2.489015869776647,1.47612424428,4.54195843198,2.489015869776647,fcc,-4.45,188.0,3.52,-4.458979895789725,3.51998820696451,-0.008979895789725134,-1.1793035489926496e-05
39,1.74303592409,4.87142796517,2.489015869776647,3.72403623825,4.22812578498,2.489015869776647,fcc,-4.45,188.0,3.52,-4.458941200944925,3.51976706376338,-0.008941200944924788,-0.00023293623661979623
41,2.1675171353,4.8457014627,2.489015869776647,2.83634237999,4.77312838045,2.489015869776647,fcc,-4.45,188.0,3.52,-4.468156049992425,3.52111129307311,-0.018156049992424705,0.0011112930731100867
42,0.647586679972,6.08066342014,2.489015869776647,1.3167599632,4.00152948754,2.489015869776647,fcc,-4.45,188.0,3.52,-4.453760268287725,3.51836523194943,-0.0037602682877251326,-0.0016347680505699458
46,2.80979276028,6.24050463281,2.489015869776647,3.27428398605,6.14037092067,2.489015869776647,fcc,-4.45,188.0,3.52,-4.55185322263845,3.52263055707744,-0.10185322263845009,0.0026305570774400877
48,1.58466456563,6.02644781193,2.489015869776647,2.35652147209,3.39681473501,2.489015869776647,fcc,-4.45,188.0,3.52,-4.455665240266575,3.51813874959205,-0.005665240266575111,-0.0018612504079498216
50,0.797999931395,3.04767132347,2.489015869776647,1.46219935561,4.42243495431,2.489015869776647,fcc,-4.45,188.0,3.52,-12372.021068636275,3.64272918166191,-12367.571068636275,0.12272918166191005
51,0.940721024237,5.58971469839,2.489015869776647,2.12252222985,3.25750238037,2.489015869776647,fcc,-4.45,188.0,3.52,-4.452665723779925,3.5193759571352,-0.0026657237799252442,-0.0006240428647998897
52,2.49679397816,6.93857854367,2.489015869776647,2.17859001031,4.44514368562,2.489015869776647,fcc,-4.45,188.0,3.52,-4.4748776408412,3.51683201317039,-0.0248776408411997,-0.003167986829609948
53,3.6750281957,4.57849361506,2.489015869776647,3.74595091569,4.46610217344,2.489015869776647,fcc,-4.45,188.0,3.52,-4.471533155678075,3.52231606638331,-0.021533155678074678,0.002316066383309945
54,1.54344367109,5.90856605531,2.489015869776647,2.79919716484,2.45380409584,2.489015869776647,fcc,-4.45,188.0,3.52,-4.453608464487825,3.51803575375863,-0.003608464487824925,-0.001964246241370038
55,2.05786902567,5.19220077617,2.489015869776647,1.94464613089,5.99533953994,2.489015869776647,fcc,-4.45,188.0,3.52,-3055188.586571225,2.57514960422884,-3055184.136571225,-0.94485039577116
56,2.88004552912,2.97591552404,2.489015869776647,2.65800034443,3.4229796652,2.489015869776647,fcc,-4.45,188.0,3.52,-6147.334710327525,4.61995408878413,-6142.884710327525,1.0999540887841301
58,0.769617752993,5.89461787603,2.489015869776647,2.89717006933,3.61382457206,2.489015869776647,fcc,-4.45,188.0,3.52,-4.453117928761775,3.51827340875394,-0.0031179287617746354,-0.0017265912460602273
59,2.7899807934,4.32124798676,2.489015869776647,2.77160886942,3.16959985213,2.489015869776647,fcc,-4.45,188.0,3.52,-4.454139562704,3.51959654734341,-0.004139562704000177,-0.0004034526565899199
60,0.343468229701,5.37019083356,2.489015869776647,3.32286102331,2.50388053759,2.489015869776647,fcc,-4.45,188.0,3.52,-4.450649332062975,3.51832122966058,-0.0006493320629745725,-0.0016787703394198772
62,2.163233194,2.8978388603,2.489015869776647,3.55774491298,5.45902000914,2.489015869776647,fcc,-4.45,188.0,3.52,-245109.6426177015,2.31530274739243,-245105.19261770148,-1.2046972526075699
63,3.1345371581,2.7033131793,2.489015869776647,2.94174434003,2.25342549416,2.489015869776647,fcc,-4.45,188.0,3.52,-4.448782850625,3.52060313214092,0.0012171493749999485,0.0006031321409198931
64,0.866261256735,6.72709634749,2.489015869776647,3.87442595383,2.78564339866,2.489015869776647,fcc,-4.45,188.0,3.52,-4.45273098651885,3.51806629600788,-0.0027309865188493987,-0.001933703992119895
65,1.7771995476,6.92668144437,2.489015869776647,3.29651968245,3.11697096888,2.489015869776647,fcc,-4.45,188.0,3.52,-4.456759879929975,3.51803138292589,-0.0067598799299748435,-0.001968617074110224
66,2.60330224444,3.91835667309,2.489015869776647,1.71300782366,2.09178265324,2.489015869776647,fcc,-4.45,188.0,3.52,-4.4520889168974,3.51948059770421,-0.0020889168973994288,-0.0005194022957901723
67,3.87147597005,3.59616482311,2.489015869776647,3.34961893791,2.34508442779,2.489015869776647,fcc,-4.45,188.0,3.52,-4.451556360478025,3.5195597717262,-0.0015563604780250984,-0.00044022827380008067
68,2.94739074551,2.29607054819,2.489015869776647,1.88802189732,5.38894910206,2.489015869776647,fcc,-4.45,188.0,3.52,-179377.61321102275,2.13081023752687,-179373.16321102274,-1.38918976247313
70,3.30886061371,5.81480850849,2.489015869776647,3.52694065525,5.32729195161,2.489015869776647,fcc,-4.45,188.0,3.52,-4.505885095185575,3.52023257078521,-0.05588509518557494,0.0002325707852097736
71,3.16736727618,6.23024343379,2.489015869776647,3.60821528573,3.82994430668,2.489015869776647,fcc,-4.45,188.0,3.52,-4.466584964339525,3.51813350034897,-0.01658496433952461,-0.0018664996510300291
72,3.05605493715,5.72420204772,2.489015869776647,1.30055768999,4.47509453106,2.489015869776647,fcc,-4.45,188.0,3.52,-4.474406011035225,3.51965457057402,-0.024406011035225106,-0.0003454294259799262
73,3.82587956325,2.48776261835,2.489015869776647,2.18116010877,2.60889731083,2.489015869776647,fcc,-4.45,188.0,3.52,-93.16100551924625,4.6793721170224,-88.71100551924624,1.1593721170223996
76,1.42412191988,3.38172876964,2.489015869776647,3.35618293574,2.37647439764,2.489015869776647,fcc,-4.45,188.0,3.52,-4.450290823377225,3.51944663287829,-0.00029082337722474705,-0.0005533671217099467
77,0.0728462256341,2.54079214373,2.489015869776647,3.65804625259,6.64360811014,2.489015869776647,fcc,-4.45,188.0,3.52,-4.822229399846775,5.8444083847344,-0.37222939984677517,2.3244083847344004
