sim_id,p_NiNi_phi0,p_NiNi_gamma,p_NiNi_r0,d_Ni_rho0,d_Ni_beta,d_Ni_r0,e_Ni_latticetype,e_Ni_ecoh,e_Ni_B,e_Ni_a0,Ni_fcc.E_coh,Ni_fcc.a0,Ni_fcc.E_coh.err,Ni_fcc.a0.err
sim_id,param,param,param,param,param,param,param,param,param,param,qoi,qoi,err,err
0,3.65413935706,5.28631439008,2.489015869776647,1.52188149904,4.31617473693,2.489015869776647,fcc,-4.45,188.0,3.52,-4.472824799387,3.51973401762942,-0.022824799387000105,-0.0002659823705801756
1,1.58657399517,6.75101913878,2.489015869776647,3.75809791555,3.2274817569,2.489015869776647,fcc,-4.45,188.0,3.52,-4.456147712570025,3.51805282816756,-0.006147712570024666,-0.0019471718324401976
3,2.39396681464,6.96267492606,2.489015869776647,2.08549448976,4.8470204184,2.489015869776647,fcc,-4.45,188.0,3.52,-4.4833143298839,3.51564965117206,-0.033314329883899596,-0.004350348827939943
4,1.18341652275,2.10279529641,2.489015869776647,1.34773464039,5.02300812948,2.489015869776647,fcc,-4.45,188.0,3.52,-19811.730477239824,2.82128289628258,-19807.280477239823,-0.6987171037174198
5,3.76645564747,6.39243262706,2.489015869776647,3.90141598591,2.42301441626,2.489015869776647,fcc,-4.45,188.0,3.52,-4.460329683004675,3.51664669418753,-0.010329683004674628,-0.0033533058124701753
6,0.837554748251,4.50526707463,2.489015869776647,1.48027510873,4.52061292434,2.489015869776647,fcc,-4.45,188.0,3.52,-4.498093841690775,5.79149142244936,-0.048093841690774575,2.2714914224493596
7,0.525914672557,2.79511568265,2.489015869776647,1.86455353193,3.75297055123,2.489015869776647,fcc,-4.45,188.0,3.52,-6.897406438499075,10.8192973185682,-2.4474064384990752,7.2992973185682
8,2.82936757293,5.21640511511,2.489015869776647,3.93498525914,4.60427178256,2.489015869776647,fcc,-4.45,188.0,3.52,-4.472413225511775,3.52105983387937,-0.022413225511774826,0.0010598338793701423
9,2.75844019192,6.169146143,2.489015869776647,1.71521451406,5.19188804982,2.489015869776647,fcc,-4.45,188.0,3.52,-4.494435012996625,3.5184126266635,-0.04443501299662511,-0.001587373336500164
10,3.72876403973,6.22394644725,2.489015869776647,3.76085343838,3.85550931807,2.489015869776647,fcc,-4.45,188.0,3.52,-4.4698975068783,3.51812375484324,-0.01989750687829961,-0.0018762451567599925
12,1.34973152144,6.94795455398,2.489015869776647,3.78482310135,3.64816536395,2.489015869776647,fcc,-4.45,188.0,3.52,-4.4572262075326,3.51809421233122,-0.007226207532600171,-0.0019057876687798014
13,2.31220397312,2.75298661932,2.489015869776647,1.05044327694,3.02440366826,2.489015869776647,fcc,-4.45,188.0,3.52,-1079.6455916297825,4.66460826107733,-1075.1955916297825,1.1446082610773298
14,0.065011740112,5.87406967516,2.489015869776647,2.69044566503,3.46664143029,2.489015869776647,fcc,-4.45,188.0,3.52,-4.4502336348287,3.51899073385049,-0.000233634828699536,-0.001009266149509802
15,0.350509198885,4.90382444935,2.489015869776647,1.90576077509,3.42854582258,2.489015869776647,fcc,-4.45,188.0,3.52,-4.450877813450975,3.51921703556492,-0.0008778134509750402,-0.0007829644350798581
16,0.640592770917,3.60125504329,2.489015869776647,1.07446057185,6.75722299122,2.489015869776647,fcc,-4.45,188.0,3.52,-838626.69345815,3.40183996336396,-838622.2434581501,-0.11816003663604002
17,0.462429128498,5.71642067663,2.489015869776647,1.85494517669,4.15452645934,2.489015869776647,fcc,-4.45,188.0,3.52,-4.452797525401375,3.51936805536453,-0.0027975254013750117,-0.0006319446354701164
19,2.29900993543,5.01947299405,2.489015869776647,2.98771382292,6.30381496259,2.489015869776647,fcc,-4.45,188.0,3.52,-6038732.1226032,2.73300922070962,-6038727.6726032,-0.7869907792903801
20,1.33526587776,3.68474896405,2.489015869776647,1.70001085118,4.41157136068,2.489015869776647,fcc,-4.45,188.0,3.52,-34748.18529621575,3.8222698262434,-34743.73529621575,0.3022698262433998
21,0.94366457307,4.65726656412,2.489015869776647,1.42740129049,4.59303387199,2.489015869776647,fcc,-4.45,188.0,3.52,-4.45636209191775,3.5198639568271,-0.006362091917750057,-0.0001360431728998357
22,1.83878209407,2.37451689283,2.489015869776647,1.11065615643,2.21717166417,2.489015869776647,fcc,-4.45,188.0,3.52,-4.448746120127,3.51957556411786,0.0012538798730004075,-0.00042443588213991745
23,2.91323425735,2.1578915601,2.489015869776647,2.46783976595,3.64777891485,2.489015869776647,fcc,-4.45,188.0,3.52,-9215.72984672025,3.9269427735646,-9211.27984672025,0.40694277356459985
24,2.08190874763,2.4612244414,2.489015869776647,1.06277357044,4.76251614693,2.489015869776647,fcc,-4.45,188.0,3.52,-50734.71728918825,3.35790564933862,-50730.267289188254,-0.16209435066138012
25,0.0642052800778,6.71426089202,2.489015869776647,2.85757581111,4.9411499284,2.489015869776647,fcc,-4.45,188.0,3.52,-4.45092416295215,3.51902182894958,-0.0009241629521499206,-0.0009781710504199737
26,2.39978431263,6.64506024903,2.489015869776647,3.58918954122,5.50071650275,2.489015869776647,fcc,-4.45,188.0,3.52,-4.5044717850226,3.51810296631142,-0.054471785022600194,-0.0018970336885799632
27,0.455994589846,3.32895005961,2.489015869776647,3.25060822514,3.77263244644,2.489015869776647,fcc,-4.45,188.0,3.52,-5.38388160257775,5.64507741492664,-0.9338816025777499,2.1250774149266403
30,3.39602725608,2.79112233562,2.489015869776647,2.80688987176,3.52285850521,2.489015869776647,fcc,-4.45,188.0,3.52,-11066.52374710375,4.62449321523949,-11062.07374710375,1.1044932152394904
31,0.685949173943,5.63366969783,2.489015869776647,3.66604335261,2.03410469525,2.489015869776647,fcc,-4.45,188.0,3.52,-4.451621175577175,3.51809319722085,-0.0016211755771751157,-0.0019068027791502296
32,3.78972248444,5.78090702187,2.489015869776647,2.21829885004,2.88650292511,2.489015869776647,fcc,-4.45,188.0,3.52,-4.4592852183873,3.51805452877894,-0.009285218387299565,-0.0019454712210600356
33,3.52185823863,6.43493175967,2.489015869776647,1.01878449299,6.1122455413,2.489015869776647,fcc,-4.45,188.0,3.52,-4.578768815167875,3.52104913179442,-0.12876881516787453,0.0010491317944198997
34,3.88020085875,6.25401370704,2.489015869776647,3.74381631369,2.32403005638,2.489015869776647,fcc,-4.45,188.0,3.52,-4.460310060064575,3.51663392971826,-0.010310060064575133,-0.0033660702817401855
35,0.0842209322879,4.16376357531,2.489015869776647,3.48678563432,6.3112020967,2.489015869776647,fcc,-4.45,188.0,3.52,-4.7918683465214,5.84489493364116,-0.34186834652139986,2.32489493364116
36,0.900911031719,5.23633647198,2.489015869776647,1.50913412944,2.11859685216,2.489015869776647,fcc,-4.45,188.0,3.52,-4.45174194655385,3.51810886901406,-0.001741946553849516,-0.0018911309859399594
37,3.3618453919,4.46682729568,2.489015869776647,3.52362226931,4.53235195847,2.489015869776647,fcc,-4.45,188.0,3.52,-5701.026185383525,8.0496763653004,-5696.576185383526,4.5296763653004
38,0.603192394958,6.98319968505,2.489015869776647,3.84875408697,3.93502449973,2.489015869776647,fcc,-4.45,188.0,3.52,-4.45403152581535,3.51820403410599,-0.0040315258153498235,-0.0017959658940100987
39,0.904850983565,4.47013389266,2.489015869776647,1.75496976808,3.23890469671,2.489015869776647,fcc,-4.45,188.0,3.52,-4.4515610447916,3.51937937300827,-0.001561044791599464,-0.0006206269917301555
41,0.524298184,2.37756038377,2.489015869776647,2.61558468876,6.87672589006,2.489015869776647,fcc,-4.45,188.0,3.52,-9.1374126730911,10.5518645959147,-4.6874126730911,7.031864595914701
42,0.672954954602,5.54024078963,2.489015869776647,3.26397278557,3.25328228526,2.489015869776647,fcc,-4.45,188.0,3.52,-4.451869233459875,3.51932134434134,-0.001869233459874664,-0.0006786556586599879
43,1.0457532061,5.31795952094,2.489015869776647,3.76792396966,6.42825723529,2.489015869776647,fcc,-4.45,188.0,3.52,-3996846.8471115,2.49144453368598,-3996842.3971114997,-1.0285554663140202
45,1.19002879826,4.37039729978,2.489015869776647,1.1662282714,2.93741614875,2.489015869776647,fcc,-4.45,188.0,3.52,-4.451508233185125,3.51942005514965,-0.0015082331851248298,-0.000579944850350067
46,1.13243837214,6.46933043602,2.489015869776647,3.931977332,5.84487803255,2.489015869776647,fcc,-4.45,188.0,3.52,-4.4832801862634,3.51924414730405,-0.03328018626339979,-0.0007558526959501322
49,1.18868628871,2.29070971405,2.489015869776647,3.10420809192,4.84235668695,2.489015869776647,fcc,-4.45,188.0,3.52,-20217.028647476876,2.96536032426296,-20212.578647476876,-0.55463967573704
50,3.58392767917,4.39144931121,2.489015869776647,2.12925526627,3.22288234799,2.489015869776647,fcc,-4.45,188.0,3.52,-4.45583252292435,3.52083084934315,-0.005832522924349881,0.0008308493431501418
54,2.55632979576,2.13528459887,2.489015869776647,2.79970033943,6.85338744366,2.489015869776647,fcc,-4.45,188.0,3.52,-1132216.0454145826,1.41492861147929,-1132211.5954145826,-2.10507138852071
55,0.419710663728,6.22818253424,2.489015869776647,2.05749789848,3.41806682645,2.489015869776647,fcc,-4.45,188.0,3.52,-4.451608295364125,3.51829159219445,-0.0016082953641252118,-0.0017084078055500385
56,1.76540565755,6.38106604451,2.489015869776647,1.74576294852,5.74236271217,2.489015869776647,fcc,-4.45,188.0,3.52,-4.496912071133625,3.51921918111427,-0.046912071133625055,-0.0007808188857301168
57,0.788524856031,2.07077541114,2.489015869776647,3.77954502357,6.03053591443,2.489015869776647,fcc,-4.45,188.0,3.52,-12.633463245626675,10.9477343246161,-8.183463245626676,7.4277343246161
58,3.52336133583,4.87176315524,2.489015869776647,2.18099997907,2.59354430068,2.489015869776647,fcc,-4.45,188.0,3.52,-4.455270482353025,3.51946495732155,-0.005270482353024519,-0.0005350426784498374
59,0.24894983758,6.52924254,2.489015869776647,3.71283198439,5.93487338432,2.489015869776647,fcc,-4.45,188.0,3.52,-4.457967107631775,3.51976482402254,-0.00796710763177444,-0.00023517597746014474
61,2.11350459942,5.55539962433,2.489015869776647,1.05451504482,3.93238394662,2.489015869776647,fcc,-4.45,188.0,3.52,-4.460144231284525,3.51954508915744,-0.01014423128452524,-0.0004549108425599968
62,0.635107661207,6.9947548063,2.489015869776647,1.49886180715,5.21161506008,2.489015869776647,fcc,-4.45,188.0,3.52,-4.462000044489975,3.51830086640294,-0.012000044489974826,-0.0016991335970599764
63,1.41583681348,2.1820276456,2.489015869776647,2.0103209692,4.64166945805,2.489015869776647,fcc,-4.45,188.0,3.52,-17553.788969780577,2.91649744560532,-17549.338969780576,-0.6035025543946801
64,3.39747099432,2.21257838943,2.489015869776647,1.29148321324,2.85223686344,2.489015869776647,fcc,-4.45,188.0,3.52,-2036.0235398814875,4.65266427969038,-2031.5735398814875,1.1326642796903799
65,1.5143541847,5.33948804273,2.489015869776647,1.37098673175,4.48159476949,2.489015869776647,fcc,-4.45,188.0,3.52,-4.46109716423855,3.51968758757544,-0.011097164238550228,-0.0003124124245599269
66,1.22667175138,2.47002718742,2.489015869776647,3.90474529571,2.91669446119,2.489015869776647,fcc,-4.45,188.0,3.52,-136.894325985722,4.65959070498943,-132.444325985722,1.13959070498943
67,1.7773296715,5.52071256765,2.489015869776647,1.6651624901,2.00106749163,2.489015869776647,fcc,-4.45,188.0,3.52,-4.45410112941515,3.51800083393892,-0.004101129415150062,-0.001999166061080082
68,3.97264027352,5.23818452364,2.489015869776647,1.50999580449,4.73938962097,2.489015869776647,fcc,-4.45,188.0,3.52,-4.4856606318215,3.52126429863456,-0.03566063182150003,0.0012642986345601237
70,2.23620109243,4.99509660919,2.489015869776647,2.46390344448,3.00056549972,2.489015869776647,fcc,-4.45,188.0,3.52,-4.454226629759775,3.51946899121023,-0.004226629759775058,-0.0005310087897698601
71,0.937712214573,2.71564735704,2.489015869776647,1.23663965016,2.99028803257,2.489015869776647,fcc,-4.45,188.0,3.52,-6.07874181529785,5.553270287783,-1.6287418152978494,2.0332702877829996
72,2.78102162214,6.33571252245,2.489015869776647,3.18523785916,2.8714567641,2.489015869776647,fcc,-4.45,188.0,3.52,-4.458086778207825,3.51670143225298,-0.008086778207824885,-0.003298567747020087
74,2.96825812673,3.16356492763,2.489015869776647,3.09754712928,3.0372821691,2.489015869776647,fcc,-4.45,188.0,3.52,-4.45069321940625,3.52073481256835,-0.0006932194062496677,0.0007348125683499518
75,3.41458958745,2.50828534662,2.489015869776647,3.60053350489,6.81549423047,2.489015869776647,fcc,-4.45,188.0,3.52,-2290360.850872345,1.06459872107435,-2290356.4008723446,-2.45540127892565
76,1.59092533363,2.24351777559,2.489015869776647,1.23366736326,6.53678008618,2.489015869776647,fcc,-4.45,188.0,3.52,-402860.1054051725,1.81203044945351,-402855.6554051725,-1.70796955054649
77,2.01209169445,2.88873668873,2.489015869776647,3.82152292648,2.02186529816,2.489015869776647,fcc,-4.45,188.0,3.52,-4.4497833362947,3.51949800960928,0.0002166637053004905,-0.0005019903907199641
