sim_id,p_NiNi_phi0,p_NiNi_gamma,p_NiNi_r0,d_Ni_rho0,d_Ni_beta,d_Ni_r0,e_Ni_latticetype,e_Ni_ecoh,e_Ni_B,e_Ni_a0,Ni_fcc.E_coh,Ni_fcc.a0,Ni_fcc.E_coh.err,Ni_fcc.a0.err
sim_id,param,param,param,param,param,param,param,param,param,param,qoi,qoi,err,err
0,2.97592393076,4.95126892537,2.489015869776647,3.2839289048,2.99904165293,2.489015869776647,fcc,-4.45,188.0,3.52,-4.45550402707325,3.51948652266556,-0.0055040270732495955,-0.0005134773344401822
1,2.33091875777,2.36496019885,2.489015869776647,3.75910480791,3.79013720318,2.489015869776647,fcc,-4.45,188.0,3.52,-10385.4309053406,3.80513179039507,-10380.980905340599,0.2851317903950701
3,1.77894644372,4.78207244292,2.489015869776647,1.60763329437,3.68634207958,2.489015869776647,fcc,-4.45,188.0,3.52,-4.45535168116255,3.51958360652031,-0.005351681162549582,-0.00041639347969013585
4,3.18093874401,6.49760092308,2.489015869776647,1.48940705918,5.01746847876,2.489015869776647,fcc,-4.45,188.0,3.52,-4.49700544859585,3.51695028110439,-0.047005448595849764,-0.0030497188956100096
5,0.225556838062,5.05540558092,2.489015869776647,3.18052987112,5.23126826942,2.489015869776647,fcc,-4.45,188.0,3.52,-4.5711803659743,5.8285913057381,-0.1211803659742996,2.3085913057381
6,1.93412474481,6.67404904609,2.489015869776647,2.70716044692,6.63638604548,2.489015869776647,fcc,-4.45,188.0,3.52,-4.56401539189335,3.52291999515283,-0.11401539189334997,0.002919995152829813
7,1.30436641358,6.18332900991,2.489015869776647,3.2458597549,3.88794785881,2.489015869776647,fcc,-4.45,188.0,3.52,-4.457074437972425,3.51822884762347,-0.007074437972424796,-0.0017711523765298054
8,3.51298162509,3.09814580974,2.489015869776647,2.82121156544,4.22857368539,2.489015869776647,fcc,-4.45,188.0,3.52,-59785.4349460275,3.7071397379901,-59780.9849460275,0.18713973799009986
9,2.03478061969,4.32903656187,2.489015869776647,1.65016369484,3.12570705867,2.489015869776647,fcc,-4.45,188.0,3.52,-4.45291678350385,3.51953972106627,-0.002916783503850162,-0.00046027893372979634
11,2.10783802675,6.3795595381,2.489015869776647,2.48352336841,4.6342977689,2.489015869776647,fcc,-4.45,188.0,3.52,-4.472107650631175,3.51829987357053,-0.022107650631174813,-0.0017001264294700391
12,1.8324698545,2.30523108462,2.489015869776647,3.25441537365,3.53388790916,2.489015869776647,fcc,-4.45,188.0,3.52,-4428.39950214415,4.37059688842164,-4423.94950214415,0.8505968884216402
13,2.51553014641,3.17953899371,2.489015869776647,3.74841690586,2.25808720377,2.489015869776647,fcc,-4.45,188.0,3.52,-4.4501248217292,3.51952269313592,-0.00012482172919980883,-0.0004773068640799849
14,2.4844584849,4.58806361504,2.489015869776647,2.241220569,4.36115382947,2.489015869776647,fcc,-4.45,188.0,3.52,-4.463218130259425,3.52097877886753,-0.013218130259424754,0.0009787788675299502
15,1.27896640123,4.60727765005,2.489015869776647,1.90252880911,6.07745503785,2.489015869776647,fcc,-4.45,188.0,3.52,-1647030.11727818,2.45563353421487,-1647025.6672781801,-1.0643664657851302
16,0.715813828334,5.6378210113,2.489015869776647,1.58678945054,4.02607450126,2.489015869776647,fcc,-4.45,188.0,3.52,-4.453803797684075,3.51942286887786,-0.0038037976840747945,-0.0005771311221400843
17,3.54761506879,4.42253233309,2.489015869776647,2.42014891639,3.47830751228,2.489015869776647,fcc,-4.45,188.0,3.52,-4.4574859948509,3.52088380488907,-0.007485994850899402,0.0008838048890700279
18,0.634302643494,6.79018615939,2.489015869776647,2.53155901118,3.17871340314,2.489015869776647,fcc,-4.45,188.0,3.52,-4.452411739148475,3.51812724398046,-0.002411739148475256,-0.0018727560195399562
21,0.488436641743,4.85765700755,2.489015869776647,1.25936883718,5.48803788382,2.489015869776647,fcc,-4.45,188.0,3.52,-56155.39624701,2.78209384274981,-56150.946247010004,-0.7379061572501899
22,2.06141199797,3.76528630116,2.489015869776647,3.51523112519,3.30114070506,2.489015869776647,fcc,-4.45,188.0,3.52,-4.4523070751177,3.51975749749128,-0.002307075117699675,-0.00024250250872004386
23,1.75795239762,3.01333803513,2.489015869776647,3.54826741441,2.91945100733,2.489015869776647,fcc,-4.45,188.0,3.52,-4.45000519666575,3.51979476239662,-5.19666575016231e-06,-0.00020523760337987085
24,3.65354202407,5.00911312739,2.489015869776647,1.06453443445,4.22981754034,2.489015869776647,fcc,-4.45,188.0,3.52,-4.46956474722205,3.52104154596421,-0.019564747222049483,0.0010415459642101332
25,3.26485876648,6.37694046992,2.489015869776647,3.66099186695,6.79104220059,2.489015869776647,fcc,-4.45,188.0,3.52,-30635470.52612675,1.80113741279271,-30635466.07612675,-1.71886258720729
26,1.66422016197,6.07343533619,2.489015869776647,2.6363147984,5.80897180036,2.489015869776647,fcc,-4.45,188.0,3.52,-4.49433349040755,3.52058781724289,-0.04433349040755008,0.0005878172428901429
27,0.661846473478,6.17843721673,2.489015869776647,2.01051900615,3.39644987669,2.489015869776647,fcc,-4.45,188.0,3.52,-4.4524648302386,3.51933567312838,-0.002464830238599447,-0.0006643268716199913
28,1.16177072684,3.66813980057,2.489015869776647,1.68774782495,2.59089468973,2.489015869776647,fcc,-4.45,188.0,3.52,-4.450537964080525,3.51939369308501,-0.0005379640805251995,-0.0006063069149901956
30,1.52712853526,4.83900188667,2.489015869776647,1.77913278234,2.26318267392,2.489015869776647,fcc,-4.45,188.0,3.52,-4.45228950554985,3.51811864936354,-0.0022895055498501904,-0.0018813506364598886
31,1.13826473441,5.57135445323,2.489015869776647,3.16152494339,3.61238262403,2.489015869776647,fcc,-4.45,188.0,3.52,-4.454199062619125,3.51942758227545,-0.004199062619124838,-0.0005724177245500783
32,1.03368417234,5.24039139378,2.489015869776647,1.20184615499,2.34165532556,2.489015869776647,fcc,-4.45,188.0,3.52,-4.451865879431375,3.51812329413139,-0.0018658794313743954,-0.0018767058686099958
33,1.88692721478,3.54171816334,2.489015869776647,2.51599761024,2.37529447412,2.489015869776647,fcc,-4.45,188.0,3.52,-4.45065580698415,3.51948766725574,-0.0006558069841497982,-0.0005123327442602132
34,1.66173740612,2.1530645482,2.489015869776647,2.18780450961,3.02338324904,2.489015869776647,fcc,-4.45,188.0,3.52,-1174.956245866315,4.65266265083544,-1170.5062458663149,1.13266265083544
35,1.90668315166,5.04494303992,2.489015869776647,2.98874538949,2.35015251249,2.489015869776647,fcc,-4.45,188.0,3.52,-4.4531271910142,3.51809101130216,-0.0031271910142001147,-0.0019089886978398418
37,1.96256334473,4.72973578353,2.489015869776647,1.64089972772,2.57241834082,2.489015869776647,fcc,-4.45,188.0,3.52,-4.45269130037375,3.51942925221004,-0.002691300373749428,-0.0005707477899599134
38,3.81958359176,4.26162817018,2.489015869776647,2.70483183986,2.34105853697,2.489015869776647,fcc,-4.45,188.0,3.52,-4.45375085696885,3.51947407650755,-0.003750856968849803,-0.0005259234924501754
40,1.01666424603,5.57406270783,2.489015869776647,1.56029508913,6.22621160343,2.489015869776647,fcc,-4.45,188.0,3.52,-2606051.583375125,3.53399281569253,-2606047.133375125,0.01399281569252997
41,1.02739899144,5.47659275763,2.489015869776647,3.36517158471,5.09787596548,2.489015869776647,fcc,-4.45,188.0,3.52,-4.463301113073125,3.51984357412293,-0.013301113073124426,-0.0001564258770700988
42,3.96821547793,6.64979069739,2.489015869776647,1.51783407289,5.4927205013,2.489015869776647,fcc,-4.45,188.0,3.52,-4.539573873810975,3.51631335003778,-0.08957387381097526,-0.003686649962220123
43,3.80188040416,6.52018453085,2.489015869776647,2.94184916122,2.15620966913,2.489015869776647,fcc,-4.45,188.0,3.52,-4.461408243453675,3.51523440200641,-0.011408243453674416,-0.004765597993590109
44,1.56641456991,2.53118928215,2.489015869776647,1.2691004827,2.37810767703,2.489015869776647,fcc,-4.45,188.0,3.52,-4.4491033898335,3.51955333734781,0.0008966101665004444,-0.0004466626521901773
45,2.16186810921,2.5469875828,2.489015869776647,3.33443030728,5.35126076984,2.489015869776647,fcc,-4.45,188.0,3.52,-146838.3016983865,2.29419450414072,-146833.85169838648,-1.2258054958592801
46,2.39555366797,2.57945125033,2.489015869776647,1.54974597417,3.93422541693,2.489015869776647,fcc,-4.45,188.0,3.52,-16199.683508854,3.69287118786273,-16195.233508853999,0.17287118786273004
47,2.82247679015,5.41183994403,2.489015869776647,3.28211344787,6.29426066792,2.489015869776647,fcc,-4.45,188.0,3.52,-8724431.93774825,2.64095086781815,-8724427.48774825,-0.8790491321818501
49,3.56786913097,6.0198467718,2.489015869776647,1.02493381729,4.12140651014,2.489015869776647,fcc,-4.45,188.0,3.52,-4.472571869292125,3.51823380660937,-0.022571869292124624,-0.0017661933906301108
50,0.388443617856,4.36326311726,2.489015869776647,2.8193086651,3.33200206001,2.489015869776647,fcc,-4.45,188.0,3.52,-4.450687183450975,3.51918364409257,-0.0006871834509745156,-0.0008163559074301219
51,3.84572311919,6.46868072397,2.489015869776647,2.11614381314,2.52444714821,2.489015869776647,fcc,-4.45,188.0,3.52,-4.46078694527175,3.51664339028832,-0.01078694527175017,-0.0033566097116799476
52,0.491384855061,2.40113464711,2.489015869776647,3.48327750102,2.35110482153,2.489015869776647,fcc,-4.45,188.0,3.52,-4.449661570044125,3.5190398628923,0.00033842995587551883,-0.0009601371076999321
53,2.18982165385,5.38681270349,2.489015869776647,2.11599379818,3.44649164198,2.489015869776647,fcc,-4.45,188.0,3.52,-4.456670438818125,3.51948470691733,-0.00667043881812468,-0.0005152930826701763
54,2.43646933004,4.69030782587,2.489015869776647,1.03028353506,3.86374406892,2.489015869776647,fcc,-4.45,188.0,3.52,-4.4583638217272,3.51974649509339,-0.008363821727200182,-0.0002535049066101358
55,2.32532426342,6.80275685428,2.489015869776647,3.11396817016,2.49631279853,2.489015869776647,fcc,-4.45,188.0,3.52,-4.45714992035305,3.51666785598341,-0.007149920353049843,-0.0033321440165900995
56,0.982976352578,3.35467451105,2.489015869776647,1.11806822123,2.26534629435,2.489015869776647,fcc,-4.45,188.0,3.52,-4.45020195054915,3.51933388303539,-0.00020195054915017607,-0.0006661169646098308
57,0.980463610599,6.0515595309,2.489015869776647,2.2733013686,3.3252004752,2.489015869776647,fcc,-4.45,188.0,3.52,-4.453358650734325,3.51817032949162,-0.0033586507343246197,-0.0018296705083802323
58,1.90337304172,6.58323409004,2.489015869776647,2.81069018276,2.98363303042,2.489015869776647,fcc,-4.45,188.0,3.52,-4.45622054146305,3.51803078846547,-0.0062205414630494005,-0.001969211534530224
59,1.24765449783,5.76109139356,2.489015869776647,3.47751982549,2.85021507757,2.489015869776647,fcc,-4.45,188.0,3.52,-4.452988915517225,3.51810878833858,-0.0029889155172249104,-0.0018912116614200336
61,1.32054117256,2.01421317853,2.489015869776647,2.24439547763,4.13206704176,2.489015869776647,fcc,-4.45,188.0,3.52,-5563.9763731559,3.62905828711308,-5559.5263731559,0.10905828711308008
63,1.09101953372,3.73625261324,2.489015869776647,2.44415800788,2.59261386736,2.489015869776647,fcc,-4.45,188.0,3.52,-4.45057092021185,3.51939500680629,-0.0005709202118495682,-0.0006049931937099906
64,2.79222348197,6.34969588609,2.489015869776647,1.26638973807,3.37568213226,2.489015869776647,fcc,-4.45,188.0,3.52,-4.460740105654325,3.51807198581671,-0.010740105654324594,-0.0019280141832900277
65,0.0825632252949,2.74876028909,2.489015869776647,1.24945554566,3.81134129046,2.489015869776647,fcc,-4.45,188.0,3.52,-4.7171903684874,10.6547217528347,-0.26719036848739997,7.1347217528347
66,0.124999442612,3.14222293959,2.489015869776647,2.1580018649,4.76690214748,2.489015869776647,fcc,-4.45,188.0,3.52,-4.949659489843925,5.76382947411593,-0.49965948984392483,2.24382947411593
67,0.274957993207,3.77030660693,2.489015869776647,2.1752220428,3.61709314975,2.489015869776647,fcc,-4.45,188.0,3.52,-4.450459083451825,3.51907263246085,-0.00045908345182521515,-0.0009273675391501257
69,0.970854943851,4.42765573516,2.489015869776647,1.89985123547,5.13878176513,2.489015869776647,fcc,-4.45,188.0,3.52,-156834.05085620226,3.01393448727874,-156829.60085620225,-0.5060655127212601
70,1.97291532179,6.25882401422,2.489015869776647,1.74254236969,3.54208761743,2.489015869776647,fcc,-4.45,188.0,3.52,-4.4583321203397,3.51943116485395,-0.00833212033970021,-0.0005688351460499952
72,0.575678156591,4.73844889723,2.489015869776647,2.54005588133,3.58795414418,2.489015869776647,fcc,-4.45,188.0,3.52,-4.451553094912275,3.51932277409633,-0.0015530949122748439,-0.0006772259036700312
73,1.02764118856,3.59360505714,2.489015869776647,1.23439037696,2.80845691098,2.489015869776647,fcc,-4.45,188.0,3.52,-4.450490215596325,3.51939000108805,-0.0004902155963248944,-0.000609998911949905
75,2.63522853416,6.4509205535,2.489015869776647,2.09316708271,5.05105801683,2.489015869776647,fcc,-4.45,188.0,3.52,-4.489708694570925,3.51813927148358,-0.03970869457092441,-0.0018607285164198295
76,3.6074254382,6.89772410451,2.489015869776647,3.44163717692,4.89539628081,2.489015869776647,fcc,-4.45,188.0,3.52,-4.5016989950702,3.51415054596867,-0.051698995070199594,-0.005849454031329859
77,2.33393342841,4.02929320982,2.489015869776647,3.61287067055,3.96820131765,2.489015869776647,fcc,-4.45,188.0,3.52,-4.4567665447729,3.52078840622849,-0.006766544772899508,0.0007884062284899684
