sim_id,p_NiNi_phi0,p_NiNi_gamma,p_NiNi_r0,d_Ni_rho0,d_Ni_beta,d_Ni_r0,e_Ni_latticetype,e_Ni_ecoh,e_Ni_B,e_Ni_a0,Ni_fcc.E_coh,Ni_fcc.a0,Ni_fcc.E_coh.err,Ni_fcc.a0.err
sim_id,param,param,param,param,param,param,param,param,param,param,qoi,qoi,err,err
0,1.89074883845,6.39881213752,2.489015869776647,3.30572941972,6.32620697362,2.489015869776647,fcc,-4.45,188.0,3.52,-4.532244730474475,3.52215017484118,-0.08224473047447489,0.0021501748411800747
1,0.832672266397,6.32382183185,2.489015869776647,1.91241742738,4.94409942085,2.489015869776647,fcc,-4.45,188.0,3.52,-4.461204603301975,3.51850061137712,-0.011204603301974814,-0.0014993886228800157
2,2.97613979348,3.18934130529,2.489015869776647,3.48782895075,2.76376125159,2.489015869776647,fcc,-4.45,188.0,3.52,-4.45026275465775,3.52069694801693,-0.00026275465774983076,0.000696948016929877
3,1.22844363541,2.74636147695,2.489015869776647,1.90558252014,5.34498044835,2.489015869776647,fcc,-4.45,188.0,3.52,-83366.52630163125,2.28979695869033,-83362.07630163126,-1.2302030413096698
5,0.691822097931,3.97201626592,2.489015869776647,2.2051103425,2.3285200185,2.489015869776647,fcc,-4.45,188.0,3.52,-4.45050747083595,3.5192708427641,-0.0005074708359495972,-0.0007291572359000575
6,2.79834737344,4.65798446928,2.489015869776647,3.58202083572,4.93485615614,2.489015869776647,fcc,-4.45,188.0,3.52,-203061.0211945875,3.54221927100777,-203056.57119458748,0.02221927100776977
7,3.37811170692,5.51407332749,2.489015869776647,1.40661666232,4.12621561315,2.489015869776647,fcc,-4.45,188.0,3.52,-4.46895577010435,3.51963069045675,-0.018955770104350123,-0.00036930954325020693
8,0.471989642643,2.27722407077,2.489015869776647,2.46356409221,2.07578037879,2.489015869776647,fcc,-4.45,188.0,3.52,-4.44966093826665,3.51902952028541,0.00033906173335029877,-0.0009704797145899668
9,0.367551849794,4.19162451546,2.489015869776647,2.00249088205,6.55934637202,2.489015869776647,fcc,-4.45,188.0,3.52,-572895.76825029,3.53420374413391,-572891.31825029,0.01420374413390979
11,2.47029879372,3.85935821635,2.489015869776647,3.99523100084,5.76618445992,2.489015869776647,fcc,-4.45,188.0,3.52,-1094667.00713506,2.88994671641788,-1094662.55713506,-0.6300532835821202
12,3.14660856969,3.07647563576,2.489015869776647,2.57733890794,4.01857034227,2.489015869776647,fcc,-4.45,188.0,3.52,-33839.26669346675,3.7266224128908,-33834.81669346675,0.20662241289080008
13,1.74574844094,3.77032252422,2.489015869776647,1.12051331086,5.78025837085,2.489015869776647,fcc,-4.45,188.0,3.52,-712805.1252959825,2.42962613844871,-712800.6752959825,-1.09037386155129
14,1.3707194666,2.54888761451,2.489015869776647,1.99453378822,5.33592400498,2.489015869776647,fcc,-4.45,188.0,3.52,-76791.30906045725,2.23831110473078,-76786.85906045725,-1.28168889526922
15,3.82624286399,3.78083600977,2.489015869776647,3.79765455993,5.10706023017,2.489015869776647,fcc,-4.45,188.0,3.52,-516323.56122118,2.86242923717737,-516319.11122118,-0.6575707628226302
16,1.00427972008,2.97802757913,2.489015869776647,1.3078361186,5.62849435218,2.489015869776647,fcc,-4.45,188.0,3.52,-127447.45518815075,2.21097540409022,-127443.00518815075,-1.3090245959097802
18,3.16326522792,6.85230187092,2.489015869776647,1.85815004916,6.53778833294,2.489015869776647,fcc,-4.45,188.0,3.52,-4.6263918790522,3.52046916899237,-0.17639187905219966,0.0004691689923701503
19,0.233566716815,3.18864742674,2.489015869776647,3.57077757198,5.4774382449,2.489015869776647,fcc,-4.45,188.0,3.52,-5.738298489797475,10.0378361535355,-1.2882984897974747,6.5178361535355
20,0.879230119425,2.34867261689,2.489015869776647,2.88567885066,4.16089887223,2.489015869776647,fcc,-4.45,188.0,3.52,-3897.112162932175,4.34476559785877,-3892.6621629321753,0.8247655978587702
21,0.486105091083,2.74540717448,2.489015869776647,1.78676120754,5.26161955495,2.489015869776647,fcc,-4.45,188.0,3.52,-8.62502866787145,5.51324207681626,-4.175028667871449,1.99324207681626
23,1.2060798526,5.65528749615,2.489015869776647,1.91690477564,2.24602971291,2.489015869776647,fcc,-4.45,188.0,3.52,-4.452647360816775,3.51805217892634,-0.0026473608167751905,-0.0019478210736600943
25,0.837179690898,2.06119794778,2.489015869776647,2.02810493932,2.17977383692,2.489015869776647,fcc,-4.45,188.0,3.52,-4.822134556333175,5.73335468783559,-0.37213455633317505,2.2133546878355896
26,1.46294782472,6.07520026733,2.489015869776647,2.4435824371,4.90267740343,2.489015869776647,fcc,-4.45,188.0,3.52,-4.468125275275575,3.51846493854218,-0.01812527527557517,-0.0015350614578202304
27,3.14914120187,4.52726486489,2.489015869776647,2.62710194835,4.45183372213,2.489015869776647,fcc,-4.45,188.0,3.52,-4.4679122219364,3.52156943223016,-0.017912221936399852,0.0015694322301600394
28,3.32116172083,2.73691062946,2.489015869776647,1.41509664749,2.05872172698,2.489015869776647,fcc,-4.45,188.0,3.52,-4.44908752690695,3.51960266935652,0.0009124730930505365,-0.0003973306434801316
29,2.44389283778,2.25311829418,2.489015869776647,3.77869625234,6.60427326211,2.489015869776647,fcc,-4.45,188.0,3.52,-841584.78743947,1.39884762638,-841580.33743947,-2.12115237362
30,0.349824147793,6.65923792356,2.489015869776647,1.48763438173,4.56859188557,2.489015869776647,fcc,-4.45,188.0,3.52,-4.4536612106418,3.51846397849144,-0.003661210641800139,-0.001536021508560026
31,0.892245262717,5.32580323779,2.489015869776647,2.1230909597,5.94332911661,2.489015869776647,fcc,-4.45,188.0,3.52,-1102981.227242245,3.53091731545827,-1102976.7772422452,0.010917315458269794
32,0.916063975348,2.00403130219,2.489015869776647,1.71582925304,5.98498034605,2.489015869776647,fcc,-4.45,188.0,3.52,-9255.41895001895,3.96996619471088,-9250.968950018949,0.4499661947108802
33,1.27266034861,6.45274358456,2.489015869776647,1.24575299291,2.1011094506,2.489015869776647,fcc,-4.45,188.0,3.52,-4.453807486562575,3.51798079029553,-0.003807486562575235,-0.002019209704470004
34,0.63464620267,5.76954937028,2.489015869776647,3.71165432867,5.53874648639,2.489015869776647,fcc,-4.45,188.0,3.52,-4.462715909864675,3.52004327533807,-0.01271590986467519,4.327533806991468e-05
35,2.61646327105,5.72890546845,2.489015869776647,3.82982017917,4.89434043731,2.489015869776647,fcc,-4.45,188.0,3.52,-4.47999987260975,3.51987768000698,-0.0299998726097499,-0.0001223199930198149
36,0.580457288315,4.36792289734,2.489015869776647,3.98910932812,5.01014301441,2.489015869776647,fcc,-4.45,188.0,3.52,-19238.107959800323,3.22459178153563,-19233.657959800323,-0.2954082184643698
37,1.26527081912,6.52359749634,2.489015869776647,3.55723543125,6.98288269057,2.489015869776647,fcc,-4.45,188.0,3.52,-19672274.7522864,3.53630200563267,-19672270.3022864,0.016302005632669925
38,0.147406228869,4.31149927987,2.489015869776647,2.51760764815,3.70316596388,2.489015869776647,fcc,-4.45,188.0,3.52,-4.45036832718115,3.51899004765923,-0.00036832718114965246,-0.0010099523407700595
40,0.778110286008,5.62447249585,2.489015869776647,3.18988924933,4.00963994716,2.489015869776647,fcc,-4.45,188.0,3.52,-4.454063114185125,3.51939060557009,-0.004063114185124839,-0.0006093944299099263
41,1.54021750264,5.29474680458,2.489015869776647,3.02330202677,2.05225750712,2.489015869776647,fcc,-4.45,188.0,3.52,-4.4531571953194,3.51803805460977,-0.0031571953193996194,-0.001961945390230202
42,3.88351758365,4.44327515381,2.489015869776647,3.62626250294,4.3824808503,2.489015869776647,fcc,-4.45,188.0,3.52,-4.470135997810425,3.52237503475502,-0.020135997810425188,0.002375034755019989
44,3.62277898898,3.13753480344,2.489015869776647,1.39296281511,3.16566042136,2.489015869776647,fcc,-4.45,188.0,3.52,-5.010155802899325,10.8251570357099,-0.5601558028993248,7.3051570357099
46,3.59918055685,2.8014471856,2.489015869776647,2.54238349368,3.33465885219,2.489015869776647,fcc,-4.45,188.0,3.52,-6952.8369281647,4.61754650553539,-6948.3869281647,1.0975465055353903
47,1.09038832672,2.92781627841,2.489015869776647,1.04403536807,6.87032387313,2.489015869776647,fcc,-4.45,188.0,3.52,-912473.328897085,1.21548175551379,-912468.8788970851,-2.30451824448621
48,3.37297048477,6.72751413298,2.489015869776647,1.47081510489,2.13788817131,2.489015869776647,fcc,-4.45,188.0,3.52,-4.4607802009358,3.51523165980504,-0.01078020093580001,-0.004768340194960086
49,2.39177212083,2.7722448211,2.489015869776647,1.61128152277,4.36190531498,2.489015869776647,fcc,-4.45,188.0,3.52,-40299.097133568,4.08640027703802,-40294.647133568,0.5664002770380203
50,2.72544383246,4.40776978726,2.489015869776647,2.64003599639,4.51903628712,2.489015869776647,fcc,-4.45,188.0,3.52,-8927.530233674624,5.81426870189107,-8923.080233674624,2.29426870189107
51,0.169733484597,3.09831919007,2.489015869776647,3.68647516388,2.0451919612,2.489015869776647,fcc,-4.45,188.0,3.52,-4.4500126057225,3.51894853604257,-1.2605722499614558e-05,-0.0010514639574301654
54,2.38168054935,4.96046423439,2.489015869776647,3.93032540711,4.26342732271,2.489015869776647,fcc,-4.45,188.0,3.52,-4.462960473387325,3.51982699798114,-0.012960473387324534,-0.00017300201885994682
55,1.47977592134,6.68654167283,2.489015869776647,2.73201076201,5.99539272268,2.489015869776647,fcc,-4.45,188.0,3.52,-4.50110433656945,3.51888293764542,-0.051104336569450126,-0.0011170623545799785
56,0.665871816711,3.31708380741,2.489015869776647,1.41463342252,2.59681712514,2.489015869776647,fcc,-4.45,188.0,3.52,-4.450100002795425,3.51923722806531,-0.00010000279542499158,-0.0007627719346898765
57,1.30886006246,6.61489336129,2.489015869776647,2.79801672988,6.6543282359,2.489015869776647,fcc,-4.45,188.0,3.52,-4.659528018669125,8.97338709773495,-0.20952801866912463,5.45338709773495
58,2.41468320968,6.44548950916,2.489015869776647,2.46802643178,6.01499830513,2.489015869776647,fcc,-4.45,188.0,3.52,-4.531512921654875,3.52015892180372,-0.08151292165487511,0.0001589218037199025
59,3.8521159352,4.84268912942,2.489015869776647,1.61737433898,4.83449020499,2.489015869776647,fcc,-4.45,188.0,3.52,-4.48409984926915,3.52279437685616,-0.03409984926914955,0.002794376856159797
60,3.48283038462,5.65154084638,2.489015869776647,1.30722651616,5.58976641344,2.489015869776647,fcc,-4.45,188.0,3.52,-4.5212722529346,3.5230828251363,-0.07127225293459993,0.0030828251362997605
62,3.98490122397,6.2740584508,2.489015869776647,1.08712661185,3.49522992246,2.489015869776647,fcc,-4.45,188.0,3.52,-4.46634137840635,3.51807625183098,-0.016341378406349527,-0.0019237481690201896
63,0.846800893559,3.99696636045,2.489015869776647,2.0957443441,3.93746321513,2.489015869776647,fcc,-4.45,188.0,3.52,-4.452334907345175,3.51956188308476,-0.0023349073451743863,-0.00043811691524009433
66,3.891965826,4.79865054134,2.489015869776647,2.35842329403,5.20771761172,2.489015869776647,fcc,-4.45,188.0,3.52,-725974.7133226775,3.12859160048006,-725970.2633226776,-0.39140839951994
67,3.00633564783,6.63535379015,2.489015869776647,1.61331902294,5.18201593184,2.489015869776647,fcc,-4.45,188.0,3.52,-4.50222673966655,3.51592971427545,-0.05222673966654945,-0.004070285724549816
68,1.08165444449,4.28372283606,2.489015869776647,2.43686662752,2.75009355305,2.489015869776647,fcc,-4.45,188.0,3.52,-4.45114384054155,3.51939314368669,-0.0011438405415500341,-0.0006068563133099225
69,0.450829382188,5.40069164687,2.489015869776647,1.68417436033,3.01946134993,2.489015869776647,fcc,-4.45,188.0,3.52,-4.451024086568425,3.51925774420445,-0.0010240865684245648,-0.0007422557955498732
70,2.36411073546,3.06497112794,2.489015869776647,3.71499468232,2.04060464387,2.489015869776647,fcc,-4.45,188.0,3.52,-4.4501147562957,3.51950081979738,-0.00011475629569979162,-0.0004991802026199643
71,0.783948782194,5.33594383353,2.489015869776647,1.11630798063,3.82889737611,2.489015869776647,fcc,-4.45,188.0,3.52,-4.453231664511,3.51936003943209,-0.0032316645109995434,-0.0006399605679101583
73,1.3462306221,5.93861052813,2.489015869776647,1.9129699152,5.24370900018,2.489015869776647,fcc,-4.45,188.0,3.52,-4.471690506064275,3.51952103324774,-0.021690506064274473,-0.00047896675226022367
74,0.65851692569,3.37387450836,2.489015869776647,2.91841094092,3.57354727665,2.489015869776647,fcc,-4.45,188.0,3.52,-5.088259498409975,5.536488381051,-0.6382594984099752,2.016488381051
75,3.855912926,4.97732562138,2.489015869776647,2.95744086953,4.32514347728,2.489015869776647,fcc,-4.45,188.0,3.52,-4.4723163404696,3.52106028002607,-0.02231634046960007,0.0010602800260701706
77,3.47146905444,5.99818100376,2.489015869776647,2.14325178647,5.99581601277,2.489015869776647,fcc,-4.45,188.0,3.52,-4.5568727720054,3.5239234357662,-0.10687277200540013,0.003923435766199912
