sim_id,p_NiNi_phi0,p_NiNi_gamma,p_NiNi_r0,d_Ni_rho0,d_Ni_beta,d_Ni_r0,e_Ni_latticetype,e_Ni_ecoh,e_Ni_B,e_Ni_a0,Ni_fcc.E_coh,Ni_fcc.a0,Ni_fcc.E_coh.err,Ni_fcc.a0.err
sim_id,param,param,param,param,param,param,param,param,param,param,qoi,qoi,err,err
0,2.90187448519,5.0869425248,2.489015869776647,1.98941965374,5.29634126997,2.489015869776647,fcc,-4.45,188.0,3.52,-417695.5374723725,1.7565016063253,-417691.0874723725,-1.7634983936747
2,0.461511363388,4.66101732379,2.489015869776647,2.87997888177,3.98159182244,2.489015869776647,fcc,-4.45,188.0,3.52,-4.45175218903945,3.51931574619364,-0.0017521890394496253,-0.0006842538063600578
3,0.995478052588,5.31560740806,2.489015869776647,2.48052197172,3.64013562303,2.489015869776647,fcc,-4.45,188.0,3.52,-4.453469448076175,3.51940535341365,-0.003469448076175219,-0.0005946465863502226
4,2.49693519757,3.08057599768,2.489015869776647,2.97402861555,2.19878753218,2.489015869776647,fcc,-4.45,188.0,3.52,-4.4499499612941,3.51954861405799,5.003870590059023e-05,-0.00045138594200988535
5,3.23116159523,6.88607818486,2.489015869776647,3.23293495034,6.77737019355,2.489015869776647,fcc,-4.45,188.0,3.52,-4.671378181168775,3.5234656107676,-0.22137818116877472,0.0034656107675998804
7,2.98700237057,4.04735697182,2.489015869776647,3.14016255241,2.12633116714,2.489015869776647,fcc,-4.45,188.0,3.52,-4.452669971372775,3.5194690590197,-0.0026699713727751373,-0.0005309409802998211
8,2.62554788,4.60322514425,2.489015869776647,2.7912995196,2.30822073289,2.489015869776647,fcc,-4.45,188.0,3.52,-4.453366471942825,3.51944604476248,-0.0033664719428250223,-0.0005539552375202206
11,0.657081663249,6.81543105965,2.489015869776647,3.20062236945,2.79058591789,2.489015869776647,fcc,-4.45,188.0,3.52,-4.452122818661275,3.51808739089922,-0.002122818661274728,-0.0019126091007799495
12,1.59421512167,2.34160832491,2.489015869776647,2.73473123096,4.44347633394,2.489015869776647,fcc,-4.45,188.0,3.52,-18561.5956431215,3.00311701636761,-18557.1456431215,-0.51688298363239
13,3.65225539404,2.14262727531,2.489015869776647,3.65800391326,5.99846928491,2.489015869776647,fcc,-4.45,188.0,3.52,-506573.28384319,1.25434538286209,-506568.83384319,-2.26565461713791
15,0.840916427721,4.05355480241,2.489015869776647,3.30915598727,4.36235826773,2.489015869776647,fcc,-4.45,188.0,3.52,-3455.1730439375,3.40422721819591,-3450.7230439375003,-0.11577278180409012
16,0.742412077293,4.90086416493,2.489015869776647,3.58968742324,4.53395180785,2.489015869776647,fcc,-4.45,188.0,3.52,-4.455080716290675,3.5195995922262,-0.005080716290675191,-0.0004004077738000156
18,1.05368100592,5.23203930622,2.489015869776647,1.78271489811,6.06627198538,2.489015869776647,fcc,-4.45,188.0,3.52,-1799274.867908725,3.5403493638483,-1799270.417908725,0.020349363848299884
20,3.43910266797,3.1807281807,2.489015869776647,3.07326061078,2.79350016877,2.489015869776647,fcc,-4.45,188.0,3.52,-4.450324749906775,3.52081343505661,-0.00032474990677489046,0.0008134350566098014
22,0.857351199745,6.55893989909,2.489015869776647,2.19941785148,5.179323768,2.489015869776647,fcc,-4.45,188.0,3.52,-4.464659367544875,3.51865455410257,-0.014659367544874513,-0.0013454458974297978
23,3.27861318263,3.32491520505,2.489015869776647,1.09673250863,3.56352185645,2.489015869776647,fcc,-4.45,188.0,3.52,-6522.120075162625,4.62770463616636,-6517.670075162625,1.10770463616636
24,2.5641670871,5.82918132515,2.489015869776647,2.77230035402,3.09382545336,2.489015869776647,fcc,-4.45,188.0,3.52,-4.4570924891542,3.51808382013002,-0.00709248915419991,-0.0019161798699798283
25,0.776900261184,4.76973941157,2.489015869776647,1.64329667198,3.0360335611,2.489015869776647,fcc,-4.45,188.0,3.52,-4.451342563986975,3.51934455267003,-0.001342563986974632,-0.000655447329970027
28,0.641884173366,5.95274019666,2.489015869776647,1.31342574217,5.48094104726,2.489015869776647,fcc,-4.45,188.0,3.52,-4.462679371613325,3.51964235009645,-0.012679371613324442,-0.00035764990354980597
29,2.75593673639,6.77521546445,2.489015869776647,1.76737489421,6.81170499875,2.489015869776647,fcc,-4.45,188.0,3.52,-4.97180819348945,5.14169772119091,-0.5218081934894494,1.6216977211909103
30,2.09374768828,6.56774949713,2.489015869776647,2.70232956308,5.43429403039,2.489015869776647,fcc,-4.45,188.0,3.52,-4.494378228724425,3.51754989400958,-0.044378228724425206,-0.0024501059904200595
31,1.23565278146,6.46616016302,2.489015869776647,3.03427030948,6.77855950099,2.489015869776647,fcc,-4.45,188.0,3.52,-9379319.60186075,3.53992422328123,-9379315.151860751,0.019924223281230002
32,2.92112941814,6.58410733158,2.489015869776647,3.34662840572,3.25940206881,2.489015869776647,fcc,-4.45,188.0,3.52,-4.461071480149175,3.51804532009078,-0.011071480149174917,-0.0019546799092200473
33,1.02836846467,2.47107728027,2.489015869776647,2.23659461597,2.85410971805,2.489015869776647,fcc,-4.45,188.0,3.52,-7.270065967364775,5.35903811899368,-2.8200659673647746,1.8390381189936797
37,2.97554495064,2.27346305297,2.489015869776647,1.44071859044,5.26173526317,2.489015869776647,fcc,-4.45,188.0,3.52,-145975.0972720755,2.29949778620736,-145970.6472720755,-1.2205022137926402
38,0.326342577953,3.31948550569,2.489015869776647,3.28627725746,5.37130276995,2.489015869776647,fcc,-4.45,188.0,3.52,-6.633049813600975,5.66338280219432,-2.1830498136009746,2.14338280219432
41,1.72773621827,4.47898201867,2.489015869776647,3.41860332927,4.33164902787,2.489015869776647,fcc,-4.45,188.0,3.52,-4.458621377761,3.52014969201934,-0.008621377761000026,0.00014969201934000864
43,0.583839498156,5.20628703821,2.489015869776647,3.94965257971,5.0467886978,2.489015869776647,fcc,-4.45,188.0,3.52,-4.456807789157575,3.5197700881691,-0.006807789157575073,-0.00022991183090015355
44,3.44113343157,6.02388223104,2.489015869776647,1.87989017965,3.8941690182,2.489015869776647,fcc,-4.45,188.0,3.52,-4.46805548371325,3.51815783169734,-0.018055483713249387,-0.001842168302660152
45,0.868108662792,4.13219312243,2.489015869776647,2.23257732461,3.96966443115,2.489015869776647,fcc,-4.45,188.0,3.52,-4.452638594538525,3.51956681407605,-0.0026385945385252185,-0.0004331859239501412
46,0.341720564302,6.8696051014,2.489015869776647,2.26871354985,3.47496379453,2.489015869776647,fcc,-4.45,188.0,3.52,-4.45159137829205,3.51824827037366,-0.0015913782920495834,-0.0017517296263398485
48,1.03053861613,6.5724572269,2.489015869776647,2.54696726607,5.25634453601,2.489015869776647,fcc,-4.45,188.0,3.52,-4.46883663611445,3.51869035109078,-0.018836636114449412,-0.0013096489092201402
50,2.09914640201,3.92573492556,2.489015869776647,3.23679612888,4.89363159859,2.489015869776647,fcc,-4.45,188.0,3.52,-191166.71039531275,3.16739027606428,-191162.26039531274,-0.35260972393572
52,2.37157038349,5.37859845639,2.489015869776647,2.04202360179,4.22054986025,2.489015869776647,fcc,-4.45,188.0,3.52,-4.463947160549375,3.51961730992622,-0.013947160549374615,-0.00038269007378000097
53,1.21655527648,4.50201736312,2.489015869776647,2.21115372228,2.79567595325,2.489015869776647,fcc,-4.45,188.0,3.52,-4.451549420025075,3.51940882410084,-0.0015494200250749657,-0.0005911758991601346
54,1.70758517922,5.61940037865,2.489015869776647,3.94900776142,3.42568637169,2.489015869776647,fcc,-4.45,188.0,3.52,-4.4555203819477,3.51819411876426,-0.005520381947699882,-0.0018058812357399923
55,0.477396962358,6.71692118146,2.489015869776647,3.8031198411,6.32073808103,2.489015869776647,fcc,-4.45,188.0,3.52,-4.47174260933725,3.52021304751409,-0.021742609337249696,0.00021304751409001454
56,3.44276837646,4.48273885378,2.489015869776647,3.51036773829,5.42162267765,2.489015869776647,fcc,-4.45,188.0,3.52,-1215007.030851415,2.75396745075793,-1215002.580851415,-0.7660325492420701
59,1.49964614655,6.69933580519,2.489015869776647,2.15225644679,2.02729252723,2.489015869776647,fcc,-4.45,188.0,3.52,-4.454951095062825,3.51668323066864,-0.004951095062824429,-0.0033167693313598257
62,0.139855107889,2.55819147337,2.489015869776647,3.72765524593,2.14168419937,2.489015869776647,fcc,-4.45,188.0,3.52,-4.449931846333725,3.51886693109382,6.815366627499486e-05,-0.0011330689061801458
63,0.55581961718,6.83567171866,2.489015869776647,3.37592304483,3.86814713213,2.489015869776647,fcc,-4.45,188.0,3.52,-4.453424984289325,3.51822400134685,-0.003424984289324584,-0.0017759986531498129
64,1.03539243982,6.14991715208,2.489015869776647,1.73258052648,5.03910833072,2.489015869776647,fcc,-4.45,188.0,3.52,-4.464607190744375,3.51871585371955,-0.014607190744374776,-0.001284146280450038
65,0.83150982574,3.07651557368,2.489015869776647,2.84737263622,2.42661298046,2.489015869776647,fcc,-4.45,188.0,3.52,-4.449935386332425,3.51928123461726,6.461366757548603e-05,-0.0007187653827398499
66,0.669774012602,6.5840435252,2.489015869776647,3.42696372565,2.69164729344,2.489015869776647,fcc,-4.45,188.0,3.52,-4.451982134402125,3.51806507090158,-0.001982134402124913,-0.0019349290984198575
67,1.59236876193,2.34352388787,2.489015869776647,1.84367942249,2.91265666894,2.489015869776647,fcc,-4.45,188.0,3.52,-771.5938583620475,4.65370546848999,-767.1438583620475,1.1337054684899903
68,0.813119442617,3.7305177382,2.489015869776647,1.55599646025,2.1040467552,2.489015869776647,fcc,-4.45,188.0,3.52,-4.450506661744125,3.51928431221018,-0.0005066617441249477,-0.0007156877898202296
69,3.20916862747,2.7279710397,2.489015869776647,3.99159306832,3.55332772287,2.489015869776647,fcc,-4.45,188.0,3.52,-11127.567528848975,4.20733731537733,-11123.117528848974,0.6873373153773303
70,0.440109611014,3.78748517919,2.489015869776647,1.93589572126,5.89654806349,2.489015869776647,fcc,-4.45,188.0,3.52,-151468.41955560574,2.74797359879473,-151463.96955560573,-0.7720264012052702
72,2.47204436454,3.33985502991,2.489015869776647,3.84135372244,2.73664542201,2.489015869776647,fcc,-4.45,188.0,3.52,-4.450529259353475,3.5196929862021,-0.0005292593534749201,-0.00030701379789999095
73,2.11835981628,5.44952905039,2.489015869776647,3.85068841885,3.65641201022,2.489015869776647,fcc,-4.45,188.0,3.52,-4.457809118460075,3.5195016678238,-0.007809118460074593,-0.0004983321762002113
74,0.174969288693,4.47710713626,2.489015869776647,3.56424535331,4.86059595822,2.489015869776647,fcc,-4.45,188.0,3.52,-4.663075034302275,5.78647940906133,-0.2130750343022747,2.2664794090613296
75,0.743442644437,5.63797196939,2.489015869776647,1.04572772058,4.53565522716,2.489015869776647,fcc,-4.45,188.0,3.52,-4.456132685852875,3.51949344115551,-0.006132685852874964,-0.0005065588444899127
78,3.50861600395,5.07596909297,2.489015869776647,3.63358955155,3.96996412845,2.489015869776647,fcc,-4.45,188.0,3.52,-4.46514170875265,3.52091215330704,-0.015141708752650196,0.0009121533070399757
