sim_id,p_NiNi_phi0,p_NiNi_gamma,p_NiNi_r0,d_Ni_rho0,d_Ni_beta,d_Ni_r0,e_Ni_latticetype,e_Ni_ecoh,e_Ni_B,e_Ni_a0,Ni_fcc.E_coh,Ni_fcc.a0,Ni_fcc.E_coh.err,Ni_fcc.a0.err
sim_id,param,param,param,param,param,param,param,param,param,param,qoi,qoi,err,err
0,2.95560276161,6.98688436412,2.489015869776647,1.43038759198,3.32988387182,2.489015869776647,fcc,-4.45,188.0,3.52,-4.4628822923709,3.51668490549146,-0.012882292370900217,-0.0033150945085398398
1,0.494339720864,2.56972585662,2.489015869776647,1.75812332584,6.69497889364,2.489015869776647,fcc,-4.45,188.0,3.52,-9.112852531522774,5.6467475415074,-4.662852531522774,2.1267475415074
2,0.317557142134,3.59717874012,2.489015869776647,1.09252542781,2.17644157417,2.489015869776647,fcc,-4.45,188.0,3.52,-4.450145901130375,3.5190761629067,-0.00014590113037460384,-0.0009238370933002393
3,0.666880977275,6.61895039311,2.489015869776647,2.19861712297,3.42455515198,2.489015869776647,fcc,-4.45,188.0,3.52,-4.452833782581,3.51816300304169,-0.0028337825809998662,-0.0018369969583100776
6,1.96491408465,2.64099178659,2.489015869776647,3.3946089726,3.22221235674,2.489015869776647,fcc,-4.45,188.0,3.52,-2472.0904233532974,4.65274085047101,-2467.6404233532976,1.1327408504710097
7,2.15203092555,6.20771356478,2.489015869776647,2.59067220534,4.74946710245,2.489015869776647,fcc,-4.45,188.0,3.52,-4.47404374331385,3.51834797662643,-0.024043743313849397,-0.0016520233735701773
8,3.95967103491,5.01326019024,2.489015869776647,1.26200454949,4.46873336102,2.489015869776647,fcc,-4.45,188.0,3.52,-4.4763659941437,3.52116416319624,-0.0263659941437,0.001164163196239798
9,1.92534295306,5.17447728629,2.489015869776647,3.78784617796,4.80920102016,2.489015869776647,fcc,-4.45,188.0,3.52,-4.468092309845775,3.52001088346608,-0.018092309845775034,1.0883466079913973e-05
10,1.50515873521,3.92592296832,2.489015869776647,1.77323911761,2.50924048532,2.489015869776647,fcc,-4.45,188.0,3.52,-4.451020243114375,3.51943420163751,-0.0010202431143744306,-0.0005657983624898222
11,2.46075284456,2.33882737978,2.489015869776647,3.12256659174,4.12566999131,2.489015869776647,fcc,-4.45,188.0,3.52,-19740.022019649427,3.27137280545391,-19735.572019649426,-0.24862719454608984
12,1.05574142862,4.13082126488,2.489015869776647,1.8071080789,2.54011424431,2.489015869776647,fcc,-4.45,188.0,3.52,-4.4509048551073,3.51937231142684,-0.0009048551072998734,-0.0006276885731599791
13,3.38933288185,2.1580839015,2.489015869776647,2.26733167121,6.08067429593,2.489015869776647,fcc,-4.45,188.0,3.52,-530279.2451425724,1.25454633715275,-530274.7951425725,-2.26545366284725
18,1.58654378362,6.81834776406,2.489015869776647,2.5685631149,2.22672094137,2.489015869776647,fcc,-4.45,188.0,3.52,-4.455046077266025,3.51667987053306,-0.0050460772660247954,-0.003320129466939825
19,1.32067689864,6.76097063035,2.489015869776647,3.24044322764,5.8286576665,2.489015869776647,fcc,-4.45,188.0,3.52,-4.490159894117775,3.5183685712719,-0.04015989411777454,-0.0016314287280998485
20,2.1037721072,5.76864334616,2.489015869776647,3.91409049162,5.85506993611,2.489015869776647,fcc,-4.45,188.0,3.52,-156289.5134412275,5.38215799674887,-156285.06344122748,1.8621579967488704
21,1.8588686719,3.74426532942,2.489015869776647,2.52031838423,2.92911865718,2.489015869776647,fcc,-4.45,188.0,3.52,-4.45129013292615,3.51957574555864,-0.0012901329261501004,-0.0004242544413601834
22,1.45962069871,4.48512902405,2.489015869776647,1.41547620211,4.74364918483,2.489015869776647,fcc,-4.45,188.0,3.52,-55436.9265140775,3.33323959168641,-55432.476514077505,-0.1867604083135901
23,0.453557615584,2.34170646663,2.489015869776647,3.00580386048,2.57054596615,2.489015869776647,fcc,-4.45,188.0,3.52,-5.0456975756404,5.65478661572735,-0.5956975756403997,2.1347866157273496
25,0.729929385837,5.82188626332,2.489015869776647,1.95167579882,5.41058694525,2.489015869776647,fcc,-4.45,188.0,3.52,-4.463249538281875,3.51973640858297,-0.01324953828187514,-0.00026359141702991806
27,1.44846712936,6.09616088895,2.489015869776647,2.76803351457,2.6088581132,2.489015869776647,fcc,-4.45,188.0,3.52,-4.4536449333498,3.51804670437955,-0.0036449333497996506,-0.0019532956204502128
28,0.705367740219,3.34781823655,2.489015869776647,3.66800381964,3.23088815478,2.489015869776647,fcc,-4.45,188.0,3.52,-4.45042482280685,3.51929278219335,-0.0004248228068499671,-0.0007072178066498402
29,0.548859851595,5.82339100419,2.489015869776647,1.91881341859,4.02014179467,2.489015869776647,fcc,-4.45,188.0,3.52,-4.45304163901445,3.51935644358532,-0.0030416390144498706,-0.0006435564146798356
30,0.386498521598,4.4645566067,2.489015869776647,1.10806669817,3.72029966485,2.489015869776647,fcc,-4.45,188.0,3.52,-4.45105363775415,3.51923905176812,-0.0010536377541496833,-0.0007609482318802208
33,3.63317176298,3.41241946779,2.489015869776647,2.5035294996,3.21797353382,2.489015869776647,fcc,-4.45,188.0,3.52,-4.452391821929625,3.52103049095127,-0.00239182192962506,0.0010304909512699467
35,2.00328127909,2.16108129867,2.489015869776647,2.79797085755,2.35225740013,2.489015869776647,fcc,-4.45,188.0,3.52,-7.9566293918519,5.25513034822645,-3.5066293918518996,1.7351303482264497
36,0.797462235216,5.43415944119,2.489015869776647,1.46226210166,2.39062965283,2.489015869776647,fcc,-4.45,188.0,3.52,-4.451557427028975,3.51813991815041,-0.0015574270289748782,-0.0018600818495899674
37,0.555724175605,4.23858347936,2.489015869776647,1.87469231039,5.14109085908,2.489015869776647,fcc,-4.45,188.0,3.52,-75736.50291775024,3.15303358844526,-75732.05291775025,-0.3669664115547402
38,1.80543230253,2.00931868498,2.489015869776647,1.37242749384,3.48314045214,2.489015869776647,fcc,-4.45,188.0,3.52,-3170.2533920085,4.33228840153413,-3165.8033920085004,0.8122884015341296
39,1.73949410588,6.5945838041,2.489015869776647,1.2159837978,5.54183361097,2.489015869776647,fcc,-4.45,188.0,3.52,-4.49051765810665,3.51837579545591,-0.040517658106649534,-0.0016242045440901798
41,2.88563427697,6.99970995276,2.489015869776647,3.05167543125,2.94782252982,2.489015869776647,fcc,-4.45,188.0,3.52,-4.46033612888245,3.51666385132676,-0.010336128882450168,-0.003336148673239947
42,0.426862604013,3.90641183295,2.489015869776647,2.89863496931,6.7407072153,2.489015869776647,fcc,-4.45,188.0,3.52,-667747.232853205,2.07263865099691,-667742.782853205,-1.4473613490030899
43,1.22392700347,3.33249762336,2.489015869776647,3.49033723803,3.45287714475,2.489015869776647,fcc,-4.45,188.0,3.52,-5.2397410361659,5.73704058098259,-0.7897410361658999,2.2170405809825904
44,1.33386329636,3.09012059764,2.489015869776647,3.5490435436,2.41391872584,2.489015869776647,fcc,-4.45,188.0,3.52,-4.44991506716315,3.51943791770155,8.493283684973818e-05,-0.0005620822984502283
45,2.26604198683,6.31685315408,2.489015869776647,3.37454676,5.47106470955,2.489015869776647,fcc,-4.45,188.0,3.52,-4.497425957705625,3.51876183757228,-0.04742595770562463,-0.0012381624277200132
46,3.32350638176,4.68558026453,2.489015869776647,1.52234521728,2.73951949121,2.489015869776647,fcc,-4.45,188.0,3.52,-4.45464891838425,3.51949027119852,-0.004648918384249967,-0.0005097288014801471
47,1.42756524111,2.38043375708,2.489015869776647,2.8366770408,2.07753779307,2.489015869776647,fcc,-4.45,188.0,3.52,-4.449111023688275,3.51943750784493,0.0008889763117254645,-0.0005624921550699824
48,3.84658970814,6.70021934189,2.489015869776647,3.21092178231,4.85715172868,2.489015869776647,fcc,-4.45,188.0,3.52,-4.501584648749325,3.51558382152362,-0.05158464874932456,-0.004416178476379873
49,1.12553547324,5.81867042636,2.489015869776647,1.34082328891,3.79504963585,2.489015869776647,fcc,-4.45,188.0,3.52,-4.4551668918958,3.5193970993471,-0.0051668918957998855,-0.0006029006529000291
52,0.749757543985,2.44304704993,2.489015869776647,2.60690855832,5.88843126598,2.489015869776647,fcc,-4.45,188.0,3.52,-14563.472006264175,3.64752128852731,-14559.022006264175,0.12752128852730982
53,2.63724444497,3.68798642097,2.489015869776647,3.65829040499,2.63757098491,2.489015869776647,fcc,-4.45,188.0,3.52,-4.4512995791556,3.51955500131438,-0.0012995791555994174,-0.00044499868561986844
54,1.41577877518,6.84764784187,2.489015869776647,1.8344750508,3.55086729337,2.489015869776647,fcc,-4.45,188.0,3.52,-4.45692084090065,3.51810074104479,-0.006920840900649594,-0.001899258955210037
55,0.65017787364,6.91883183013,2.489015869776647,3.39491099113,4.31815884516,2.489015869776647,fcc,-4.45,188.0,3.52,-4.45581751223,3.51827529933873,-0.005817512230000155,-0.0017247006612701732
57,1.10409282415,3.10927030507,2.489015869776647,3.53952349437,2.25446032549,2.489015869776647,fcc,-4.45,188.0,3.52,-4.44998375874235,3.51937450254016,1.624125764987383e-05,-0.0006254974598398633
58,1.51650879845,5.03018632738,2.489015869776647,3.51855055773,5.02665737611,2.489015869776647,fcc,-4.45,188.0,3.52,-4.466674269205025,3.52072023031533,-0.016674269205024572,0.0007202303153301948
59,3.64886755154,3.34113875147,2.489015869776647,1.54343174994,2.75283661891,2.489015869776647,fcc,-4.45,188.0,3.52,-4.450816667190025,3.52081276434497,-0.0008166671900244893,0.0008127643449697963
60,0.504112666171,4.82550784224,2.489015869776647,1.60386620671,5.13987000985,2.489015869776647,fcc,-4.45,188.0,3.52,-5.09896261312395,5.54300322665401,-0.6489626131239499,2.02300322665401
61,2.73250401173,3.93423319341,2.489015869776647,3.58625054429,3.50674827624,2.489015869776647,fcc,-4.45,188.0,3.52,-4.454481059902825,3.52080107513773,-0.004481059902825102,0.0008010751377298675
62,3.68821662111,4.9242391881,2.489015869776647,3.12935919628,2.68759614259,2.489015869776647,fcc,-4.45,188.0,3.52,-4.45580717425,3.51945921848647,-0.005807174250000102,-0.0005407815135298755
63,3.64121925068,4.40231787622,2.489015869776647,2.37676458622,4.42709108849,2.489015869776647,fcc,-4.45,188.0,3.52,-4.831887748628125,5.74152190060497,-0.3818877486281247,2.22152190060497
65,2.17512164263,2.65433174375,2.489015869776647,1.8052308831,3.03495225483,2.489015869776647,fcc,-4.45,188.0,3.52,-1384.4205377965925,4.65833180500948,-1379.9705377965925,1.13833180500948
66,0.976690845128,5.78279076744,2.489015869776647,2.21622925739,4.88447155033,2.489015869776647,fcc,-4.45,188.0,3.52,-4.46122919475575,3.51970955051247,-0.011229194755749461,-0.0002904494875299868
67,0.481078460889,3.6023488225,2.489015869776647,2.57254145364,2.69135171358,2.489015869776647,fcc,-4.45,188.0,3.52,-4.4502074230848,3.51917232218951,-0.00020742308479970717,-0.0008276778104900906
68,2.27199078356,5.27824702206,2.489015869776647,3.02548276216,2.46920053117,2.489015869776647,fcc,-4.45,188.0,3.52,-4.454128406475625,3.518068766773,-0.004128406475624402,-0.00193123322699984
69,0.674990825026,6.17538183385,2.489015869776647,1.5142680901,2.9753512525,2.489015869776647,fcc,-4.45,188.0,3.52,-4.4519553430522,3.51815509300953,-0.0019553430521996873,-0.0018449069904700188
70,3.88629810526,6.23273682889,2.489015869776647,1.32113350592,5.24782943681,2.489015869776647,fcc,-4.45,188.0,3.52,-4.516405897291025,3.5186239420396,-0.06640589729102508,-0.0013760579604000789
71,1.09451478956,3.48086056803,2.489015869776647,3.9408582341,3.2503899847,2.489015869776647,fcc,-4.45,188.0,3.52,-4.450833409877975,3.51951505625623,-0.0008334098779751997,-0.00048494374376995
72,0.741818308233,2.43433289053,2.489015869776647,3.21021314273,5.47876037493,2.489015869776647,fcc,-4.45,188.0,3.52,-7536.762939518575,6.6519130532727,-7532.312939518575,3.1319130532727004
75,3.16225057097,4.75656054636,2.489015869776647,1.18175158947,4.47084569072,2.489015869776647,fcc,-4.45,188.0,3.52,-4.469624678005725,3.52122246595655,-0.01962467800572476,0.0012224659565500673
76,2.34698559563,2.94794874899,2.489015869776647,2.52848719579,6.80141929095,2.489015869776647,fcc,-4.45,188.0,3.52,-2386832.580429585,0.735403195846969,-2386828.130429585,-2.784596804153031
