sim_id,p_NiNi_phi0,p_NiNi_gamma,p_NiNi_r0,d_Ni_rho0,d_Ni_beta,d_Ni_r0,e_Ni_latticetype,e_Ni_ecoh,e_Ni_B,e_Ni_a0,Ni_fcc.E_coh,Ni_fcc.a0,Ni_fcc.E_coh.err,Ni_fcc.a0.err
sim_id,param,param,param,param,param,param,param,param,param,param,qoi,qoi,err,err
0,1.606179242,5.87119460664,2.489015869776647,2.09851932909,4.94300853494,2.489015869776647,fcc,-4.45,188.0,3.52,-4.469771203177675,3.51981345667979,-0.019771203177675112,-0.00018654332020995312
1,2.98923125631,5.06185320918,2.489015869776647,1.55182635914,5.79091996634,2.489015869776647,fcc,-4.45,188.0,3.52,-2720639.20640095,1.94765076479152,-2720634.75640095,-1.57234923520848
2,0.852812229026,2.65562333534,2.489015869776647,2.18089876454,3.901690431,2.489015869776647,fcc,-4.45,188.0,3.52,-1129.1829827280976,4.15579385821263,-1124.7329827280976,0.6357938582126299
3,1.57819427277,6.40899630386,2.489015869776647,2.39245119419,3.31047723322,2.489015869776647,fcc,-4.45,188.0,3.52,-4.455904146082575,3.51809127660443,-0.005904146082574613,-0.0019087233955699112
4,2.62661609737,6.77185421646,2.489015869776647,1.02072374229,4.1223328469,2.489015869776647,fcc,-4.45,188.0,3.52,-4.46953045933855,3.51678682424477,-0.01953045933854991,-0.0032131757552300577
6,2.62896178307,5.827633571,2.489015869776647,2.85609155111,3.40134026257,2.489015869776647,fcc,-4.45,188.0,3.52,-4.4589009850941,3.51812717786385,-0.0089009850941002,-0.0018728221361499209
7,2.73136591365,4.63524649157,2.489015869776647,3.5459742091,2.03957395342,2.489015869776647,fcc,-4.45,188.0,3.52,-4.454054734119225,3.51804361704273,-0.0040547341192249675,-0.0019563829572701863
8,0.371431873211,2.39349602388,2.489015869776647,2.45906914601,4.22159575268,2.489015869776647,fcc,-4.45,188.0,3.52,-6.492886590628625,10.8575042842149,-2.0428865906286244,7.3375042842149
9,0.651669814325,6.47425916359,2.489015869776647,1.24128768755,3.40547785102,2.489015869776647,fcc,-4.45,188.0,3.52,-4.45263842334755,3.51817238087119,-0.002638423347550045,-0.0018276191288100208
10,0.202768409585,3.70668259847,2.489015869776647,3.32518793366,2.96268669005,2.489015869776647,fcc,-4.45,188.0,3.52,-4.4501383984404,3.51900152754713,-0.0001383984403995342,-0.0009984724528702138
11,0.883480468794,3.8104538028,2.489015869776647,1.15209015825,3.88392143873,2.489015869776647,fcc,-4.45,188.0,3.52,-4.727642635774075,10.1557187069577,-0.27764263577407444,6.6357187069577
12,1.97889197099,4.07656169921,2.489015869776647,3.22806042463,5.25145066171,2.489015869776647,fcc,-4.45,188.0,3.52,-399819.3146978625,3.25907996315781,-399814.8646978625,-0.26092003684219023
13,1.8011062632,5.74312824403,2.489015869776647,3.05558531582,3.62593563204,2.489015869776647,fcc,-4.45,188.0,3.52,-4.457063932801425,3.51946219621912,-0.0070639328014250324,-0.0005378037808800862
16,0.549119778767,4.33332600502,2.489015869776647,2.88676761715,3.50387245802,2.489015869776647,fcc,-4.45,188.0,3.52,-4.451132957055625,3.51928875869745,-0.0011329570556251056,-0.0007112413025498476
17,3.03549492095,6.0687756629,2.489015869776647,2.60011171851,2.37842040592,2.489015869776647,fcc,-4.45,188.0,3.52,-4.45753545045445,3.51668043072179,-0.007535450454449588,-0.0033195692782101993
19,2.39960546707,4.99377351762,2.489015869776647,3.89812088853,2.31234721218,2.489015869776647,fcc,-4.45,188.0,3.52,-4.453862985368975,3.51806377522552,-0.0038629853689746696,-0.0019362247744800776
20,1.59601431873,6.21253704662,2.489015869776647,3.65344684889,3.1117414945,2.489015869776647,fcc,-4.45,188.0,3.52,-4.45501765103655,3.51809360856702,-0.0050176510365496085,-0.0019063914329802145
21,1.11225878899,2.41533523487,2.489015869776647,1.23498064257,2.1041141295,2.489015869776647,fcc,-4.45,188.0,3.52,-4.449329369524,3.51937998860705,0.0006706304759998005,-0.0006200113929502038
22,3.00527891734,4.66169357818,2.489015869776647,3.60662785233,3.13265478332,2.489015869776647,fcc,-4.45,188.0,3.52,-4.45527225017395,3.51954542370507,-0.005272250173949722,-0.00045457629492995366
23,0.331314857805,3.42609840815,2.489015869776647,1.76543954829,6.83786138323,2.489015869776647,fcc,-4.45,188.0,3.52,-66772.30953733224,3.01926435994859,-66767.85953733225,-0.5007356400514098
24,1.4290929081,4.45602282646,2.489015869776647,3.31240036404,6.05448785266,2.489015869776647,fcc,-4.45,188.0,3.52,-1594835.476330705,2.25744612058909,-1594831.026330705,-1.26255387941091
25,2.00903136021,6.28732555338,2.489015869776647,1.71788367657,5.96961253457,2.489015869776647,fcc,-4.45,188.0,3.52,-4.513583321523675,3.52070152878482,-0.06358332152367474,0.0007015287848197715
26,1.3815872069,3.97804328084,2.489015869776647,1.1483740903,4.283424376,2.489015869776647,fcc,-4.45,188.0,3.52,-17420.7465391999,4.085934257716,-17416.2965391999,0.5659342577159996
27,1.21928732815,4.47227690784,2.489015869776647,2.98015610142,2.9667306323,2.489015869776647,fcc,-4.45,188.0,3.52,-4.451690079171175,3.51942314516684,-0.0016900791711744745,-0.0005768548331599455
28,3.24546012627,4.79866711323,2.489015869776647,2.49152241457,5.11164873763,2.489015869776647,fcc,-4.45,188.0,3.52,-404635.3801619175,3.46327001573948,-404630.93016191747,-0.056729984260520006
29,3.61512783243,4.59350860404,2.489015869776647,3.75246740378,2.27107205855,2.489015869776647,fcc,-4.45,188.0,3.52,-4.454657415225425,3.51945603481845,-0.0046574152254246215,-0.0005439651815501989
30,2.31731247129,4.36281748199,2.489015869776647,2.13645054903,3.78935282282,2.489015869776647,fcc,-4.45,188.0,3.52,-4.45648243077015,3.52075534362433,-0.006482430770149428,0.0007553436243301626
31,3.46419540908,6.37499885278,2.489015869776647,1.32002143448,3.18170995868,2.489015869776647,fcc,-4.45,188.0,3.52,-4.46186669681355,3.51804415814457,-0.01186669681354946,-0.001955841855429963
32,3.81690684296,4.82429761246,2.489015869776647,3.47329231494,3.29220664174,2.489015869776647,fcc,-4.45,188.0,3.52,-4.45824649698625,3.51956973635107,-0.00824649698625013,-0.0004302636489299516
34,0.568125028101,2.3949989146,2.489015869776647,3.61606878828,3.63836608914,2.489015869776647,fcc,-4.45,188.0,3.52,-7.602298195843525,5.58367465350544,-3.1522981958435246,2.06367465350544
35,1.10185351471,2.51443890278,2.489015869776647,1.90399707522,3.74190311097,2.489015869776647,fcc,-4.45,188.0,3.52,-3487.657142337275,4.40255746333177,-3483.2071423372754,0.8825574633317701
36,3.20972321413,4.64594326271,2.489015869776647,1.63828257518,4.46973713825,2.489015869776647,fcc,-4.45,188.0,3.52,-4.4692572869963,3.52132316236489,-0.019257286996300138,0.0013231623648901625
37,1.71435132677,5.7585765103,2.489015869776647,1.61801021097,3.43400251393,2.489015869776647,fcc,-4.45,188.0,3.52,-4.4558230861055,3.51943949450064,-0.005823086105499975,-0.0005605054993598202
38,3.31669510642,4.1083157567,2.489015869776647,3.82883549866,3.31925902182,2.489015869776647,fcc,-4.45,188.0,3.52,-4.454961797238375,3.52083853766115,-0.004961797238374643,0.0008385376611501627
39,1.51782581624,6.70435086504,2.489015869776647,3.64183927373,4.22712423142,2.489015869776647,fcc,-4.45,188.0,3.52,-4.46211404855685,3.51820756279212,-0.01211404855684961,-0.0017924372078801376
40,1.99326536955,3.75602876524,2.489015869776647,3.67768623322,3.78634997754,2.489015869776647,fcc,-4.45,188.0,3.52,-4.71722918245775,10.3410839928418,-0.26722918245774974,6.8210839928418
41,0.260473597016,4.01312790579,2.489015869776647,1.46554707657,3.37323241578,2.489015869776647,fcc,-4.45,188.0,3.52,-4.450385702848475,3.51907895184768,-0.00038570284847505576,-0.0009210481523198588
42,1.96627413609,4.69907535831,2.489015869776647,3.35094539011,2.0852810474,2.489015869776647,fcc,-4.45,188.0,3.52,-4.45294596077845,3.51810618776844,-0.0029459607784501074,-0.0018938122315601547
43,0.826265425339,3.27451388139,2.489015869776647,1.41116277456,4.26805015286,2.489015869776647,fcc,-4.45,188.0,3.52,-11305.175761192975,3.91621980925386,-11300.725761192974,0.3962198092538598
44,3.27216455919,6.93477568729,2.489015869776647,2.52149376373,3.50633179867,2.489015869776647,fcc,-4.45,188.0,3.52,-4.465821227763875,3.51669594704899,-0.01582122776387518,-0.003304052951010217
45,0.956827860343,4.46687742992,2.489015869776647,1.98953339059,2.72608956669,2.489015869776647,fcc,-4.45,188.0,3.52,-4.4511510761422,3.51936540483813,-0.0011510761422002247,-0.0006345951618698109
46,0.578304127308,5.35895388815,2.489015869776647,2.197747045,3.85626506087,2.489015869776647,fcc,-4.45,188.0,3.52,-4.45245764092,3.51938318764446,-0.0024576409199994487,-0.0006168123555401195
47,0.255593430031,5.24816278525,2.489015869776647,1.45779079062,4.11437794234,2.489015869776647,fcc,-4.45,188.0,3.52,-4.451319798195825,3.519258031922,-0.0013197981958246174,-0.0007419680780000881
48,0.641061318934,4.63823103563,2.489015869776647,1.09672875066,4.42716220935,2.489015869776647,fcc,-4.45,188.0,3.52,-4.4536828594012,3.51955273341569,-0.003682859401199501,-0.0004472665843100465
49,1.95635287771,2.2780621601,2.489015869776647,2.21664351562,6.50525584345,2.489015869776647,fcc,-4.45,188.0,3.52,-549387.0805100525,1.77172741716296,-549382.6305100525,-1.74827258283704
50,3.70528534274,5.67982545619,2.489015869776647,3.67956745534,4.63790352206,2.489015869776647,fcc,-4.45,188.0,3.52,-4.48371273146175,3.51975690407571,-0.033712731461750245,-0.00024309592429005988
51,2.55205181047,5.75072089076,2.489015869776647,1.01470649046,2.8404628645,2.489015869776647,fcc,-4.45,188.0,3.52,-4.45607010899995,3.51806724334893,-0.006070108999949753,-0.0019327566510698446
52,1.21122016296,5.83474217413,2.489015869776647,2.23629981751,4.97639916113,2.489015869776647,fcc,-4.45,188.0,3.52,-4.465226963870175,3.51958469086077,-0.01522696387017497,-0.00041530913923004675
53,0.593570613075,2.34566927392,2.489015869776647,2.72838659932,6.82028110137,2.489015869776647,fcc,-4.45,188.0,3.52,-10.31000720392545,5.45480538706603,-5.860007203925449,1.9348053870660302
54,1.88437236711,3.99611137525,2.489015869776647,3.03537492365,3.41367570446,2.489015869776647,fcc,-4.45,188.0,3.52,-4.45289242565635,3.51970132594872,-0.0028924256563493955,-0.00029867405128003455
55,1.90126936153,3.16761684638,2.489015869776647,1.41428996796,3.93911774602,2.489015869776647,fcc,-4.45,188.0,3.52,-15811.2358433645,4.36539198487155,-15806.7858433645,0.8453919848715503
56,1.74591795383,4.46597458823,2.489015869776647,3.12211254512,2.59684041155,2.489015869776647,fcc,-4.45,188.0,3.52,-4.4520153943721,3.51943156353794,-0.0020153943720995215,-0.0005684364620601734
57,1.06703533101,4.88843744399,2.489015869776647,2.21082189309,6.49341281572,2.489015869776647,fcc,-4.45,188.0,3.52,-3496874.0209807,2.27245329030573,-3496869.5709806997,-1.2475467096942698
58,3.037630557,2.41679174922,2.489015869776647,3.43527469518,5.21303752903,2.489015869776647,fcc,-4.45,188.0,3.52,-158983.50045431024,2.27469889877264,-158979.05045431023,-1.2453011012273598
59,2.0331648476,3.83110103979,2.489015869776647,2.40180704421,2.11454010428,2.489015869776647,fcc,-4.45,188.0,3.52,-4.45143983279595,3.5194342828302,-0.0014398327959499468,-0.0005657171697999175
60,2.73035631152,3.42884594545,2.489015869776647,3.92633120896,2.23521330532,2.489015869776647,fcc,-4.45,188.0,3.52,-4.450776731154975,3.51951420753436,-0.0007767311549748968,-0.00048579246564006695
61,1.17634439041,3.97124006105,2.489015869776647,2.65848482011,3.06999727581,2.489015869776647,fcc,-4.45,188.0,3.52,-4.4512139740495,3.51945825956381,-0.0012139740494996332,-0.0005417404361898193
62,0.222256078848,2.93251562467,2.489015869776647,1.96480251075,2.46707804771,2.489015869776647,fcc,-4.45,188.0,3.52,-4.449952928821325,3.51894576457558,4.7071178674862324e-05,-0.001054235424419847
63,0.995828919256,4.19603822085,2.489015869776647,3.69627780317,2.26516358321,2.489015869776647,fcc,-4.45,188.0,3.52,-4.450945027836825,3.51934578984572,-0.0009450278368250409,-0.0006542101542801326
64,2.51144379602,3.44208033452,2.489015869776647,2.81256375138,4.51686586074,2.489015869776647,fcc,-4.45,188.0,3.52,-86591.9368342075,2.85857949405531,-86587.4868342075,-0.6614205059446898
65,3.74602685674,6.30176985949,2.489015869776647,1.60510594849,4.90016957369,2.489015869776647,fcc,-4.45,188.0,3.52,-4.4983865582841,3.51709039348678,-0.04838655828409966,-0.00290960651321992
66,1.37211602219,6.83673761958,2.489015869776647,3.24195431324,6.61999271125,2.489015869776647,fcc,-4.45,188.0,3.52,-4.531773020672925,3.52122055315398,-0.0817730206729248,0.001220553153979953
67,1.06877080783,3.59279519655,2.489015869776647,2.21693601134,4.5747348838,2.489015869776647,fcc,-4.45,188.0,3.52,-37885.33940896925,3.40289510713489,-37880.889408969255,-0.11710489286511017
70,1.02252551378,3.95561055541,2.489015869776647,3.25366087273,2.35720449133,2.489015869776647,fcc,-4.45,188.0,3.52,-4.4507293198828,3.51936819882999,-0.0007293198828000058,-0.00063180117001016
71,0.864648925385,4.24026317546,2.489015869776647,2.82007825943,4.00569117971,2.489015869776647,fcc,-4.45,188.0,3.52,-4.452858535389275,3.51956482788297,-0.002858535389274941,-0.000435172117029925
72,1.68567824587,2.46056357877,2.489015869776647,1.59641556904,2.15364094203,2.489015869776647,fcc,-4.45,188.0,3.52,-4.449020506024975,3.51952299801266,0.0009794939750253917,-0.000477001987340131
73,1.40207865861,4.43142551884,2.489015869776647,1.75426648508,3.25698609069,2.489015869776647,fcc,-4.45,188.0,3.52,-4.45240637786855,3.51948821699142,-0.0024063778685494697,-0.0005117830085801245
74,1.64843647829,3.04456647422,2.489015869776647,1.49428812495,4.04777955995,2.489015869776647,fcc,-4.45,188.0,3.52,-16463.377882645975,3.74404726085227,-16458.927882645974,0.2240472608522701
75,2.02609548468,6.81213684961,2.489015869776647,3.94870096797,4.08195144791,2.489015869776647,fcc,-4.45,188.0,3.52,-4.464699599921425,3.51681722576682,-0.014699599921424777,-0.00318277423318003
76,0.11603993321,2.55854232532,2.489015869776647,1.60050034758,4.40656034218,2.489015869776647,fcc,-4.45,188.0,3.52,-4.953210154308175,10.5837870293142,-0.5032101543081744,7.0637870293142
77,3.63397701455,6.22003570386,2.489015869776647,2.43549074641,3.88662856234,2.489015869776647,fcc,-4.45,188.0,3.52,-4.4698633034184,3.51812080789513,-0.019863303418399703,-0.0018791921048699756
