!!python/object/apply:collections.OrderedDict
- - - 0
    - !!python/object/apply:collections.OrderedDict
      - - - results_statistics
          - !!python/object/apply:collections.OrderedDict
            - - - qois
                - !!python/object/apply:collections.OrderedDict
                  - - - Si_dia.E_coh
                      - !!python/object/apply:collections.OrderedDict
                        - - - target
                            - -4.63
                          - - mean
                            - -4.087946999931116
                          - - std
                            - 0.700736409617113
                    - - Si_dia.a0
                      - !!python/object/apply:collections.OrderedDict
                        - - - target
                            - 5.43
                          - - mean
                            - 5.4309499026658195
                          - - std
                            - 2.152256900689154e-07
                    - - Si_dia.c11
                      - !!python/object/apply:collections.OrderedDict
                        - - - target
                            - 166.0
                          - - mean
                            - 147.68239017874566
                          - - std
                            - 12.1293193335394
                    - - Si_dia.c12
                      - !!python/object/apply:collections.OrderedDict
                        - - - target
                            - 64.0
                          - - mean
                            - 68.32723380892483
                          - - std
                            - 17.180978373861826
                    - - Si_dia.c44
                      - !!python/object/apply:collections.OrderedDict
                        - - - target
                            - 80.0
                          - - mean
                            - 57.4074772232752
                          - - std
                            - 1.0178803635747324
                    - - Si_dia.B
                      - !!python/object/apply:collections.OrderedDict
                        - - - target
                            - 99.0
                          - - mean
                            - 94.77895259886513
                          - - std
                            - 15.464009729605632
                    - - Si_dia.vac
                      - !!python/object/apply:collections.OrderedDict
                        - - - target
                            - 3.6
                          - - mean
                            - 4.087947101965786
                          - - std
                            - 0.7007364260801318
        - - filter_info
          - !!python/object/apply:collections.OrderedDict
            - - - filter_by_qoi_constraints
                - !!python/object/apply:collections.OrderedDict
                  - - - is_survive_idx
                      - !!set
                        0: null
                        1: null
                        2: null
                    - - filter_info
                      - !!python/object/apply:collections.OrderedDict
                        - - - n_potentials_start
                            - 3
                          - - n_potentials_final
                            - 3
                          - - pct_potentials_final
                            - 1.0
                          - - constraints
                            - !!python/object/apply:collections.OrderedDict
                              - - - Si_dia.c11
                                  - !!python/object/apply:collections.OrderedDict
                                    - - - short_description
                                        - Si_dia.c11 > 0.0
                                      - - n_survived
                                        - 3
                                      - - pct_survived
                                        - 1.0
                                - - Si_dia.c12
                                  - !!python/object/apply:collections.OrderedDict
                                    - - - short_description
                                        - Si_dia.c12 > 0.0
                                      - - n_survived
                                        - 3
                                      - - pct_survived
                                        - 1.0
                                - - Si_dia.c44
                                  - !!python/object/apply:collections.OrderedDict
                                    - - - short_description
                                        - Si_dia.c44 > 0.0
                                      - - n_survived
                                        - 3
                                      - - pct_survived
                                        - 1.0
              - - filter_by_pareto_membership
                - !!python/object/apply:collections.OrderedDict
                  - - - is_survive_idx
                      - !!set
                        0: null
                        1: null
                        2: null
                    - - filter_info
                      - !!python/object/apply:collections.OrderedDict
                        - - - n_potentials_start
                            - 3
                          - - n_potentials_final
                            - 3
                          - - pct_potentials_final
                            - 1.0
              - - filter_by_cost_function
                - !!python/object/apply:collections.OrderedDict
                  - - - is_survive_idx
                      - !!set
                        0: null
                        1: null
                        2: null
                    - - filter_info
                      - !!python/object/apply:collections.OrderedDict
                        - - - filter_type
                            - filter_by_cost_function
                          - - loss_function_type
                            - abs_error
                          - - cost_function_type
                            - weighted_sum
                          - - weights
                            - !!python/object/apply:collections.OrderedDict
                              - - - Si_dia.E_coh
                                  - 0.2990735192210509
                                - - Si_dia.a0
                                  - 0.25501112228240624
                                - - Si_dia.c11
                                  - 0.00834162887947871
                                - - Si_dia.c12
                                  - 0.021636099906147902
                                - - Si_dia.c44
                                  - 0.01730887992491832
                                - - Si_dia.B
                                  - 0.013986973676701675
                                - - Si_dia.vac
                                  - 0.38464177610929606
                          - - pct_to_keep
                            - 0.95
                          - - n_potentials_min
                            - 500
                          - - n_potentials_max
                            - 10000
                          - - n_potentials_start
                            - 3
                          - - n_potentials_final
                            - 3
              - - is_survive_idx
                - !!set
                  0: null
                  1: null
                  2: null
              - - n_potentials_start
                - 3
              - - n_potentials_final
                - 3
              - - pct_to_keep
                - 1.0
        - - kde_statistics
          - !!python/object/apply:collections.OrderedDict
            - - - qois
                - !!python/object/apply:collections.OrderedDict
                  - - - Si_dia.E_coh
                      - !!python/object/apply:collections.OrderedDict
                        - - - target
                            - -4.63
                          - - mean
                            - -4.087946999931116
                          - - std
                            - 0.700736409617113
                    - - Si_dia.a0
                      - !!python/object/apply:collections.OrderedDict
                        - - - target
                            - 5.43
                          - - mean
                            - 5.4309499026658195
                          - - std
                            - 2.152256900689154e-07
                    - - Si_dia.c11
                      - !!python/object/apply:collections.OrderedDict
                        - - - target
                            - 166.0
                          - - mean
                            - 147.68239017874566
                          - - std
                            - 12.1293193335394
                    - - Si_dia.c12
                      - !!python/object/apply:collections.OrderedDict
                        - - - target
                            - 64.0
                          - - mean
                            - 68.32723380892483
                          - - std
                            - 17.180978373861826
                    - - Si_dia.c44
                      - !!python/object/apply:collections.OrderedDict
                        - - - target
                            - 80.0
                          - - mean
                            - 57.4074772232752
                          - - std
                            - 1.0178803635747324
                    - - Si_dia.B
                      - !!python/object/apply:collections.OrderedDict
                        - - - target
                            - 99.0
                          - - mean
                            - 94.77895259886513
                          - - std
                            - 15.464009729605632
                    - - Si_dia.vac
                      - !!python/object/apply:collections.OrderedDict
                        - - - target
                            - 3.6
                          - - mean
                            - 4.087947101965786
                          - - std
                            - 0.7007364260801318
