sim_id,p_NiNi_phi0,p_NiNi_gamma,p_NiNi_r0,d_Ni_rho0,d_Ni_beta,d_Ni_r0,e_Ni_latticetype,e_Ni_ecoh,e_Ni_B,e_Ni_a0,Ni_fcc.E_coh,Ni_fcc.a0,Ni_fcc.E_coh.err,Ni_fcc.a0.err
sim_id,param,param,param,param,param,param,param,param,param,param,qoi,qoi,err,err
0,1.49723862075,2.45281220212,2.489015869776647,1.5925388003,6.4903566031,2.489015869776647,fcc,-4.45,188.0,3.52,-449473.817979215,1.9124748971177,-449469.367979215,-1.6075251028823
1,2.20364650267,5.82982872423,2.489015869776647,2.60317823323,6.62221381178,2.489015869776647,fcc,-4.45,188.0,3.52,-15531346.60149015,2.7480911644243,-15531342.15149015,-0.7719088355757
4,3.46665239239,5.04622722208,2.489015869776647,3.49956362871,3.37294864098,2.489015869776647,fcc,-4.45,188.0,3.52,-4.458790320950675,3.51954330243867,-0.008790320950675223,-0.00045669756132982187
5,2.90178772606,6.35707471632,2.489015869776647,2.90618413904,6.00898656659,2.489015869776647,fcc,-4.45,188.0,3.52,-4.546044361841075,3.52083980494247,-0.09604436184107445,0.000839804942470046
7,3.45888782924,6.09926066544,2.489015869776647,1.69601449886,2.04500300663,2.489015869776647,fcc,-4.45,188.0,3.52,-4.459552128823125,3.51664916868153,-0.009552128823124839,-0.0033508313184698046
8,2.22297430992,3.13029073093,2.489015869776647,3.40787186586,2.10861346914,2.489015869776647,fcc,-4.45,188.0,3.52,-4.4501534188151,3.51951181374921,-0.00015341881510000377,-0.000488186250790168
9,2.00727168432,2.80832570043,2.489015869776647,2.34611720587,2.92017148257,2.489015869776647,fcc,-4.45,188.0,3.52,-6.010191003548925,11.0415344251533,-1.5601910035489253,7.5215344251533
10,0.747394434919,3.48547873108,2.489015869776647,2.33421075361,3.4569725428,2.489015869776647,fcc,-4.45,188.0,3.52,-4.450791313910075,3.51936325447766,-0.0007913139100752531,-0.0006367455223399432
11,2.44886616946,3.84737601666,2.489015869776647,1.32292698216,2.98151410944,2.489015869776647,fcc,-4.45,188.0,3.52,-4.452038169006575,3.51962316015914,-0.0020381690065747193,-0.00037683984086012146
12,0.170095122818,2.85930174802,2.489015869776647,2.83078590892,3.47652085447,2.489015869776647,fcc,-4.45,188.0,3.52,-4.858671703190775,5.63961760559413,-0.40867170319077495,2.11961760559413
13,1.80342729414,6.9284166178,2.489015869776647,3.42746169084,5.70284690207,2.489015869776647,fcc,-4.45,188.0,3.52,-4.50072333879285,3.51732498611461,-0.050723338792849404,-0.002675013885390154
15,3.24931963026,5.48698357533,2.489015869776647,3.72726288677,5.88521440919,2.489015869776647,fcc,-4.45,188.0,3.52,-3186865.694338825,2.27083081492454,-3186861.244338825,-1.24916918507546
16,1.52859383649,5.04670037397,2.489015869776647,2.09358881435,2.3328914352,2.489015869776647,fcc,-4.45,188.0,3.52,-4.4525168955159,3.51810827247419,-0.00251689551589962,-0.0018917275258099053
17,0.579306048569,3.7108884831,2.489015869776647,2.35092966969,2.96976602276,2.489015869776647,fcc,-4.45,188.0,3.52,-4.450401754645325,3.51922927210375,-0.00040175464532499205,-0.0007707278962501007
18,0.447244963406,3.59426022179,2.489015869776647,3.262040234,3.78431771129,2.489015869776647,fcc,-4.45,188.0,3.52,-4.8160127098917,5.71662629371281,-0.36601270989169965,2.1966262937128103
19,2.86425959795,5.50587362595,2.489015869776647,1.34321101171,5.39135974596,2.489015869776647,fcc,-4.45,188.0,3.52,-4.49804514928425,3.52209562489726,-0.048045149284249966,0.0020956248972598956
20,3.9506350531,6.78466840213,2.489015869776647,1.52223812055,5.2393909215,2.489015869776647,fcc,-4.45,188.0,3.52,-4.523858917635175,3.51697959721195,-0.07385891763517449,-0.003020402788049825
21,2.34856435337,5.30797681807,2.489015869776647,3.01160943964,3.02375417509,2.489015869776647,fcc,-4.45,188.0,3.52,-4.45516030810715,3.51944983315023,-0.005160308107149625,-0.0005501668497700507
22,2.24797205277,4.53805177474,2.489015869776647,1.44014305659,4.69565860688,2.489015869776647,fcc,-4.45,188.0,3.52,-50899.144642628,3.5024801078543,-50894.694642628005,-0.017519892145700044
23,1.92061803965,6.96912803633,2.489015869776647,3.13173039165,4.03696277802,2.489015869776647,fcc,-4.45,188.0,3.52,-4.463867463289,3.51682882005469,-0.01386746328899946,-0.003171179945309799
24,2.97315639224,4.29118179222,2.489015869776647,1.70633533545,2.99578300374,2.489015869776647,fcc,-4.45,188.0,3.52,-4.453723619744425,3.51957243920237,-0.003723619744424589,-0.00042756079762984456
25,1.88482873511,3.36119323004,2.489015869776647,3.02747327526,2.55400824413,2.489015869776647,fcc,-4.45,188.0,3.52,-4.450348043501975,3.51952401829172,-0.0003480435019751482,-0.00047598170828022646
26,0.945036845281,3.64933012743,2.489015869776647,3.51262252292,2.84702750317,2.489015869776647,fcc,-4.45,188.0,3.52,-4.45051951608125,3.51937478068772,-0.0005195160812494493,-0.0006252193122802119
27,1.82159726533,2.94590444507,2.489015869776647,2.55379271988,2.2449532132,2.489015869776647,fcc,-4.45,188.0,3.52,-4.44970562113635,3.51952365751181,0.0002943788636500244,-0.00047634248819017344
28,0.518308756462,2.08155830748,2.489015869776647,1.5275483725,3.09942819932,2.489015869776647,fcc,-4.45,188.0,3.52,-6.784246121561975,11.2515068233738,-2.334246121561975,7.731506823373801
30,0.406208031807,5.2375563396,2.489015869776647,3.05345472997,3.84454361068,2.489015869776647,fcc,-4.45,188.0,3.52,-4.451646945622775,3.51928160920078,-0.001646945622774787,-0.0007183907992200922
31,0.915364971199,6.86065187522,2.489015869776647,3.33331631317,2.93919057506,2.489015869776647,fcc,-4.45,188.0,3.52,-4.453153120769175,3.51805959012854,-0.0031531207691744,-0.001940409871460158
32,1.31783669343,2.64597459508,2.489015869776647,2.29550851136,4.77149765892,2.489015869776647,fcc,-4.45,188.0,3.52,-32983.60191357875,2.77640140019799,-32979.15191357875,-0.7435985998020098
33,3.1949783092,3.64900069753,2.489015869776647,1.34487729336,3.8786669072,2.489015869776647,fcc,-4.45,188.0,3.52,-13766.43410768405,4.61300249120855,-13761.98410768405,1.09300249120855
34,1.17210851617,5.63691337159,2.489015869776647,2.34579998981,2.45859240464,2.489015869776647,fcc,-4.45,188.0,3.52,-4.452476987931225,3.51808739974866,-0.002476987931224528,-0.001912600251340102
35,0.901490982965,5.35842763164,2.489015869776647,2.41024472095,6.10982516057,2.489015869776647,fcc,-4.45,188.0,3.52,-1718575.48514269,3.5334999891251,-1718571.03514269,0.013499989125099976
36,3.38757726536,6.58724574934,2.489015869776647,3.83442226874,3.50988132341,2.489015869776647,fcc,-4.45,188.0,3.52,-4.465163749219575,3.51672833211574,-0.01516374921957464,-0.003271667884260143
38,2.61760257191,3.87529980825,2.489015869776647,1.29847689341,2.78910396693,2.489015869776647,fcc,-4.45,188.0,3.52,-4.45188706848285,3.51956359598954,-0.0018870684828495854,-0.00043640401045985655
39,2.36739497179,2.19573798958,2.489015869776647,3.2319135442,6.20512606298,2.489015869776647,fcc,-4.45,188.0,3.52,-417812.5470225375,1.48222402061163,-417808.0970225375,-2.0377759793883703
40,2.86934047548,4.24292103414,2.489015869776647,3.11227181338,4.66534290975,2.489015869776647,fcc,-4.45,188.0,3.52,-138024.58881997774,2.46337745300333,-138020.13881997773,-1.0566225469966701
41,0.226411835751,6.14659157443,2.489015869776647,1.78683933179,3.94723689047,2.489015869776647,fcc,-4.45,188.0,3.52,-4.451276390200325,3.51848093106796,-0.001276390200325217,-0.001519068932040124
42,3.01881499116,5.5272861772,2.489015869776647,2.22239542316,3.29464524199,2.489015869776647,fcc,-4.45,188.0,3.52,-4.458601490072075,3.51947467605232,-0.008601490072075002,-0.000525323947679901
44,2.67288584784,6.39072859384,2.489015869776647,3.96907117618,4.79967194972,2.489015869776647,fcc,-4.45,188.0,3.52,-4.4822677941604,3.51831048828677,-0.03226779416039971,-0.001689511713229841
46,2.07631060595,5.44141976591,2.489015869776647,3.71147161811,4.49017603902,2.489015869776647,fcc,-4.45,188.0,3.52,-4.46572027753025,3.51969016399667,-0.015720277530249405,-0.00030983600333023276
47,0.425731325637,4.39516092088,2.489015869776647,1.20495552917,2.22070788155,2.489015869776647,fcc,-4.45,188.0,3.52,-4.45048510105595,3.51919194926175,-0.0004851010559496771,-0.0008080507382501878
48,1.66182855452,2.96796516082,2.489015869776647,2.14851746169,3.70498812996,2.489015869776647,fcc,-4.45,188.0,3.52,-7244.842104075575,4.29785121680322,-7240.392104075575,0.7778512168032203
49,2.47556767796,2.83849075302,2.489015869776647,2.05185369089,2.39029271398,2.489015869776647,fcc,-4.45,188.0,3.52,-4.4492801973275,3.51969132446674,0.0007198026725001583,-0.0003086755332599722
50,0.89405625875,3.49735527833,2.489015869776647,2.75870548104,5.35153488048,2.489015869776647,fcc,-4.45,188.0,3.52,-121595.493237142,1.64086455313159,-121591.043237142,-1.87913544686841
51,0.522637403513,2.54086420029,2.489015869776647,1.03141957724,5.10677742273,2.489015869776647,fcc,-4.45,188.0,3.52,-8.730684241612474,10.6024046498568,-4.280684241612474,7.0824046498568
54,2.37525325375,6.88638437765,2.489015869776647,3.82949435317,4.28424043134,2.489015869776647,fcc,-4.45,188.0,3.52,-4.4705689427651,3.51680962799815,-0.020568942765099685,-0.003190372001850239
55,0.956051555379,6.26225963046,2.489015869776647,3.85399207163,6.10042472028,2.489015869776647,fcc,-4.45,188.0,3.52,-4.48362846048495,3.52072967464752,-0.03362846048494994,0.000729674647519829
56,3.77185161874,6.41930147975,2.489015869776647,2.10081199713,6.25961606368,2.489015869776647,fcc,-4.45,188.0,3.52,-4.60567812722705,3.52292252296309,-0.1556781272270502,0.002922522963090035
57,3.85447441784,6.98880850286,2.489015869776647,3.13905005499,6.40305220876,2.489015869776647,fcc,-4.45,188.0,3.52,-4.646077894245725,3.51652391943708,-0.19607789424572442,-0.0034760805629199254
59,3.47995138321,5.19895313197,2.489015869776647,1.8656150976,5.0705617583,2.489015869776647,fcc,-4.45,188.0,3.52,-4.49139532406965,3.5225688718589,-0.04139532406964985,0.0025688718588998682
61,2.13887862569,6.86319182435,2.489015869776647,1.96688479527,2.05876602805,2.489015869776647,fcc,-4.45,188.0,3.52,-4.457280156868675,3.51664780163228,-0.007280156868675114,-0.0033521983677200495
62,3.61732395005,2.39566940259,2.489015869776647,3.4772317352,2.02143226671,2.489015869776647,fcc,-4.45,188.0,3.52,-4.447909557253075,3.52062301933227,0.0020904427469252695,0.0006230193322700472
64,2.6454524066,4.41074067375,2.489015869776647,3.88021150629,2.23012631401,2.489015869776647,fcc,-4.45,188.0,3.52,-4.45304414037465,3.51944387402025,-0.0030441403746497286,-0.0005561259797501883
65,1.04209560732,5.97771462288,2.489015869776647,1.7562083706,4.64312139137,2.489015869776647,fcc,-4.45,188.0,3.52,-4.46015422953475,3.51846393113246,-0.010154229534749426,-0.0015360688675398748
66,0.775591850584,2.55057964461,2.489015869776647,1.73557731804,2.70155688901,2.489015869776647,fcc,-4.45,188.0,3.52,-5.146951977218225,5.56505257590709,-0.6969519772182249,2.0450525759070897
67,1.2376749599,6.21532561128,2.489015869776647,2.19840431385,4.49916260132,2.489015869776647,fcc,-4.45,188.0,3.52,-4.4612161511815,3.51835667064635,-0.011216151181499434,-0.0016433293536501914
69,1.22530545421,4.56634519261,2.489015869776647,3.6235168759,5.0475004191,2.489015869776647,fcc,-4.45,188.0,3.52,-148855.91830206875,2.79122781923912,-148851.46830206874,-0.7287721807608802
70,2.61487416336,6.31802094005,2.489015869776647,2.44051770226,5.8054995786,2.489015869776647,fcc,-4.45,188.0,3.52,-4.52247729581955,3.52030105742456,-0.07247729581954943,0.00030105742456010276
71,1.3581847609,5.30957506138,2.489015869776647,2.62189468723,6.88570947292,2.489015869776647,fcc,-4.45,188.0,3.52,-12253474.932301976,2.0284116698343,-12253470.482301977,-1.4915883301656998
74,3.1400070241,4.71194134867,2.489015869776647,2.75457506824,4.64885550895,2.489015869776647,fcc,-4.45,188.0,3.52,-4.472662585332925,3.52192648877367,-0.022662585332924756,0.0019264887736700764
75,0.356090825238,3.66710158023,2.489015869776647,3.66174324142,4.79199904253,2.489015869776647,fcc,-4.45,188.0,3.52,-6.154117077295975,5.63422344939819,-1.704117077295975,2.11422344939819
76,2.54117187618,2.01701060343,2.489015869776647,2.26211478635,2.53612194243,2.489015869776647,fcc,-4.45,188.0,3.52,-571.7819226726,4.65812006802574,-567.3319226726,1.13812006802574
77,2.96958477091,4.21218973252,2.489015869776647,1.56433521762,3.76743947858,2.489015869776647,fcc,-4.45,188.0,3.52,-4.4575859452393,3.52091256761263,-0.007585945239299896,0.000912567612629811
