attempted to create data directory, directory already exists.
attempted to create data directory, directory already exists.
attempted to create data directory, directory already exists.
attempted to create data directory, directory already exists.
attempted to create data directory, directory already exists.
attempted to create data directory, directory already exists.
data directory, directory already exists.
	data_directory:/home/sullberg/repos/pypospack/examples/Ni__eam__born_exp_fs/preconditioning_3.5NN/data
attempted to create data directory, directory already exists.
attempted to create data directory, directory already exists.
	data_directory:/home/sullberg/repos/pypospack/examples/Ni__eam__born_exp_fs/preconditioning_3.5NN/data
	data_directory:/home/sullberg/repos/pypospack/examples/Ni__eam__born_exp_fs/preconditioning_3.5NN/data
	data_directory:/home/sullberg/repos/pypospack/examples/Ni__eam__born_exp_fs/preconditioning_3.5NN/data
attempted to create data directory, directory already exists.
attempted to create data directory, directory already exists.
attempted to create data directory, directory already exists.
m__born_exp_fs/preconditioning_3.5NN/data
	data_directory:/home/sullberg/repos/pypospack/examples/Ni__eam__born_exp_fs/preconditioning_3.5NN/data
attempted to create data directory, directory already exists.
attempted to create data directory, directory already exists.
	data_directory:/home/sullberg/repos/pypospack/examples/Ni__eam__born_exp_fs/preconditioning_3.5NN/data
	data_directory:/home/sullberg/repos/pypospack/examples/Ni__eam__born_exp_fs/preconditioning_3.5NN/data
attempted to create data directory, directory already exists.
attempted to create data directory, directory already exists.
data directory, directory already exists.
	data_directory:/home/sullberg/repos/pypospack/examples/Ni__eam__born_exp_fs/preconditioning_3.5NN/data
pack/examples/Ni__eam__born_exp_fs/preconditioning_3.5NN/data
attempted to create data directory, directory already exists.
m__born_exp_fs/preconditioning_3.5NN/data
attempted to create data directory, directory already exists.
	data_directory:/home/sullberg/repos/pypospack/examples/Ni__eam__born_exp_fs/preconditioning_3.5NN/data
	data_directory:/home/sullberg/repos/pypospack/examples/Ni__eam__born_exp_fs/preconditioning_3.5NN/data
attempted to create data directory, directory already exists.
m__born_exp_fs/preconditioning_3.5NN/data
attempted to create data directory, directory already exists.
m__born_exp_fs/preconditioning_3.5NN/data
	data_directory:/home/sullberg/repos/pypospack/examples/Ni__eam__born_exp_fs/preconditioning_3.5NN/data
attempted to create data directory, directory already exists.
attempted to create data directory, directory already exists.
e/sullberg/repos/pypospack/examples/Ni__eam__born_exp_fs/preconditioning_3.5NN/data
	data_directory:/home/sullberg/repos/pypospack/examples/Ni__eam__born_exp_fs/preconditioning_3.5NN/data
	data_directory:/home/sullberg/repos/pypospack/examples/Ni__eaattempted to create data directory, directory already exists.
m__born_exp_fs/preconditioning_3.5NN/data
attempted to create data directory, directory already exists.
m__born_exp_fs/preconditioning_3.5NN/data
attempted to create data directory, directory already exists.
	data_directory:/home/sullberg/repos/pypospack/examples/Ni__eam__born_exp_fs/preconditioning_3.5NN/data
attempted to create data directory, directory already exists.
attempted to create data directory, directory already exists.
	data_directory:/home/sullberg/repos/pypospack/examples/Ni__eam__born_exp_fs/preconditioning_3.5NN/data
attempted to create data directory, directory already exists.
m__born_exp_fs/preconditioning_3.5NN/data
attempted to create data directory, directory already exists.
m__born_exp_fs/preconditioning_3.5NN/data
attempted to create data directory, directory already exists.
m__born_exp_fs/preconditioning_3.5NN/data
attempted to create data directory, directory already exists.
m__born_exp_fs/preconditioning_3.5NN/data
attempted to create data directory, directory already exists.
==================
                              Begin Iteration 1/10                              
================================================================================
attempted to create data directory, directory already exists.
m__born_exp_fs/preconditioning_3.5NN/data
attempted to create data directory, directory already exists.
m__born_exp_fs/preconditioning_3.5NN/data
	data_directory:/home/sullberg/repos/pypospack/examples/Ni__eam__born_exp_fs/preconditioning_3.5NN/data
attempted to create data directory, directory already exists.
attempted to create data directory, directory already exists.
	data_directory:/home/sullberg/repos/pypospack/examples/Ni__eam__born_exp_fs/preconditioning_3.5NN/data
attempted to create data directory, directory already exists.
m__born_exp_fs/preconditioning_3.5NN/data
attempted to create data directory, directory already exists.
m__born_exp_fs/preconditioning_3.5NN/data
attempted to create data directory, directory already exists.
m__born_exp_fs/preconditioning_3.5NN/data
attempted to create data directory, directory already exists.
attempted to create data directory, directory already exists.
m__born_exp_fs/preconditioning_3.5NN/data
	data_directory:/home/sullberg/repos/pypospack/examples/Ni__eam__born_exp_fs/preconditioning_3.5NN/data
	data_directory:/home/sullberg/repos/pypospack/examples/Ni__eam__born_exp_fs/preconditioning_3.5NN/data
attempted to create data directory, directory already exists.
m__born_exp_fs/preconditioning_3.5NN/data
	data_directory:/home/sullberg/repos/pypospack/examples/Ni__eam__born_exp_fs/preconditioning_3.5NN/data
	data_directory:/home/sullberg/repos/pypospack/examples/Ni__eam__born_exp_fs/preconditioning_3.5NN/data
	data_directory:/home/sullberg/repos/pypospack/examples/Ni__eam__born_exp_fs/preconditioning_3.5NN/data
attempted to create data directory, directory already exists.
m__born_exp_fs/preconditioning_3.5NN/data
	data_directory:/home/sullberg/repos/pypospack/examples/Ni__eam__born_exp_fs/preconditioning_3.5NN/data
attempted to create data directory, directory already exists.
m__born_exp_fs/preconditioning_3.5NN/data
	data_directory:/home/sullberg/repos/pypospack/examples/Ni__eam__born_exp_fs/preconditioning_3.5NN/data
	data_directory:/home/sullberg/repos/pypospack/examples/Ni__eam__born_exp_fs/preconditioning_3.5NN/data
attempted to create data directory, directory already exists.
m__born_exp_fs/preconditioning_3.5NN/data
attempted to create data directory, directory already exists.
	data_directory:/home/sullberg/repos/pypospack/examples/Ni__eam__born_exp_fs/preconditioning_3.5NN/data
	data_directory:/home/sullberg/repos/pypospack/examples/Ni__eam__born_exp_fs/preconditioning_3.5NN/data
	data_directory:/home/sullberg/repos/pypospack/examples/Ni__eam__born_exp_fs/preconditioning_3.5NN/data
	data_directory:/home/sullberg/repos/pypospack/examples/Ni__eam__born_exp_fs/preconditioning_3.5NN/data
attempted to create data directory, directory already exists.
	data_directory:/home/sullberg/repos/pypospack/examples/Ni__eam__born_exp_fs/preconditioning_3.5NN/data
	data_directory:/home/sullberg/repos/pypospack/examples/Ni__eam__born_exp_fs/preconditioning_3.5NN/data
attempted to create data directory, directory already exists.
m__born_exp_fs/preconditioning_3.5NN/data
attempted to create data directory, directory already exists.
m__born_exp_fs/preconditioning_3.5NN/data
attempted to create data directory, directory already exists.
m__born_exp_fs/preconditioning_3.5NN/data
	data_directory:/home/sullberg/repos/pypospack/examples/Ni__eam__born_exp_fs/preconditioning_3.5NN/data
	data_directory:/home/sullberg/repos/pypospack/examples/Ni__eam__born_exp_fs/preconditioning_3.5NN/data
	data_directory:/home/sullberg/repos/pypospack/examples/Ni__eam__born_exp_fs/preconditioning_3.5NN/data
	data_directory:/home/sullberg/repos/pypospack/examples/Ni__eam__born_exp_fs/preconditioning_3.5NN/data
attempted to create data directory, directory already exists.
m__born_exp_fs/preconditioning_3.5NN/data
	data_directory:/home/sullberg/repos/pypospack/examples/Ni__eam__born_exp_fs/preconditioning_3.5NN/data
attempted to create data directory, directory already exists.
m__born_exp_fs/preconditioning_3.5NN/data
	data_directory:/home/sullberg/repos/pypospack/examples/Ni__eam__born_exp_fs/preconditioning_3.5NN/data
	data_directory:/home/sullberg/repos/pypospack/examples/Ni__eam__born_exp_fs/preconditioning_3.5NN/data
	data_directory:/home/sullberg/repos/pypospack/examples/Ni__ea	data_directory:/home/sullberg/repos/pypospack/examples/Ni__eam__born_exp_fs/preconditioning_3.5NN/data
	data_directory:/home/sullberg/repos/pypospack/examples/Ni__eam__born_exp_fs/preconditioning_3.5NN/data
	data_directory:/home/sullberg/repos/pypospack/examples/Ni__eam__born_exp_fs/preconditioning_3.5NN/data
	data_directory:/home/sullberg/repos/pypospack/examples/Ni__eam__born_exp_fs/preconditioning_3.5NN/data
attempted to create data directory, directory already exists.
	data_directory:/home/sullberg/repos/pypospack/examples/Ni__eam__born_exp_fs/preconditioning_3.5NN/data
	data_directory:/home/sullberg/repos/pypospack/examples/Ni__eam__born_exp_fs/preconditioning_3.5NN/data
	data_directory:/home/sullberg/repos/pypospack/examples/Ni__eam__born_exp_fs/preconditioning_3.5NN/data
	data_directory:/home/sullberg/repos/pypospack/examples/Ni__eam__born_exp_fs/preconditioning_3.5NN/data
attempted to create data directory, directory already exists.
m__born_exp_fs/preconditioning_3.5NN/data
	data_directory:/home/sullberg/repos/pypospack/examples/Ni__eam__born_exp_fs/preconditioning_3.5NN/data
pack/examples/Ni__eam__born_exp_fs/preconditioning_3.5NN/data
--------------------------------------------------------------------------------
                             GENERATED RANDOM SEEDS                             
--------------------------------------------------------------------------------
global_seed:626814154
seeds_for_this_iteration:
  rank     seed  
-------- --------
   0      109001267
   43    1088700780
   57    1804313399
   54      18198840
  113     343806576
   26    1774201314
   97    1380933828
  127    1380150058
   75     219349104
   58     903547975
   81    1521376197
   45     282183040
   77    1457759098
   11    1489716671
   23     982472281
   1      940192426
   44     586813600
  111     815240240
  126    1274972853
   61     286061689
  123    1339726328
  104    1083539299
   50    2083799275
   92     113873674
  103    1905306380
   93     423443163
   94     491046965
  117     135412857
   19    2128310906
   80      14583474
   91     874668173
   70    2093349248
  105    1512343561
  109    1106058784
   76    1553280068
  114     158487135
  122    1350452876
   8     1030479723
   17    1802273182
   36     394380233
   51    1930112796
   56    1956345452
   33     736064780
   98     257050118
   40    2084891401
sampling_type=parametric
--------------------------------------------------------------------------------
                               STRUCTURE DATABASE                               
--------------------------------------------------------------------------------
structure_directory:/home/sullberg/repos/pypospack/examples/Ni__eam__born_exp_fs/preconditioning_3.5NN/structure_db

        name               filename      
-------------------- --------------------
Ni_fcc               Ni_fcc_100_unit.gga.relaxed.vasp
Ni_bcc               Ni_bcc_100_unit.gga.relaxed.vasp
Ni_sc                Ni_sc_100_unit.gga.relaxed.vasp
Ni_hcp               Ni_hcp_ortho.vasp   
Ni_dia               Ni_dia_100_unit.gga.relaxed.vasp
Ni_fcc_100_unit      Ni_fcc_100_unit.gga.relaxed.vasp
Ni_fcc_110_unit      Ni_fcc_110_unit.gga.relaxed.vasp
Ni_fcc_111_unit      Ni_fcc_111_unit.gga.relaxed.vasp
Ni_fcc_100_s         Ni_fcc_100_surf.vasp
Ni_fcc_110_s         Ni_fcc_110_surf.vasp
Ni_fcc_111_s         Ni_fcc_111_surf.vasp
Ni_fcc_isf           Ni_fcc_isf.vasp     
Ni_fcc_esf           Ni_fcc_esf.vasp     
Ni_fcc_vac           Ni_fcc_sc_333_vac.vasp
Ni_fcc_o_int         Ni_fcc_sc_333_o_int.vasp
Ni_fcc_i_int         Ni_fcc_sc_333_t_int.vasp
--------------------------------------------------------------------------------
R0: Starting iteration N=0
R0: Attemping n_samples=1000 with sampling_type=parametric
0 8 parametric
ALL SIMULATIONS COMPLETE FOR ALL RANKS
MERGING FILES
parametric
merging with candidates from previous simulations
	filename:/home/sullberg/repos/pypospack/examples/Ni__eam__born_exp_fs/preconditioning_3.5NN/data/pyposmat.kde.0.out
ANALYZE RESULTS
================================================================================
                              Begin Iteration 2/10                              
================================================================================
--------------------------------------------------------------------------------
                             GENERATED RANDOM SEEDS                             
--------------------------------------------------------------------------------
global_seed:626814154
seeds_for_this_iteration:
  rank     seed  
-------- --------
   0      457752857
   96     631606189
   28    2110913880
   60     704008605
   64    1972966094
   29    1452124654
  121     799521223
   38    1842458867
   77    1180956191
   76    2083711760
   27     946657642
  115    2071155714
   59    2065758045
   37     597249613
   4     1733306397
   90    1308110732
  119    1746338517
   71     620240420
   8     1777834412
   34    2035713731
   47    1976361354
   91     596117250
   73     177347081
   42    1450419586
   69    1167609127
   6      598903307
   36    1720016863
   84    2024520885
   74    1750439788
  106    1321655877
   25    1322875629
   35      19156197
  122     493350587
   30    1855312914
  101     383650862
   54     375776076
  107     526633684
   70     247757289
   44      47035127
   75     228006177
   33    1299738150
  109    1464557916
   9     2013768525
   49     339298855
sampling_type=kde
--------------------------------------------------------------------------------
                               STRUCTURE DATABASE                               
--------------------------------------------------------------------------------
structure_directory:/home/sullberg/repos/pypospack/examples/Ni__eam__born_exp_fs/preconditioning_3.5NN/structure_db

        name               filename      
-------------------- --------------------
Ni_fcc               Ni_fcc_100_unit.gga.relaxed.vasp
Ni_bcc               Ni_bcc_100_unit.gga.relaxed.vasp
Ni_sc                Ni_sc_100_unit.gga.relaxed.vasp
Ni_hcp               Ni_hcp_ortho.vasp   
Ni_dia               Ni_dia_100_unit.gga.relaxed.vasp
Ni_fcc_100_unit      Ni_fcc_100_unit.gga.relaxed.vasp
Ni_fcc_110_unit      Ni_fcc_110_unit.gga.relaxed.vasp
Ni_fcc_111_unit      Ni_fcc_111_unit.gga.relaxed.vasp
Ni_fcc_100_s         Ni_fcc_100_surf.vasp
Ni_fcc_110_s         Ni_fcc_110_surf.vasp
Ni_fcc_111_s         Ni_fcc_111_surf.vasp
Ni_fcc_isf           Ni_fcc_isf.vasp     
Ni_fcc_esf           Ni_fcc_esf.vasp     
Ni_fcc_vac           Ni_fcc_sc_333_vac.vasp
Ni_fcc_o_int         Ni_fcc_sc_333_o_int.vasp
Ni_fcc_i_int         Ni_fcc_sc_333_t_int.vasp
--------------------------------------------------------------------------------
R0: Starting iteration N=1
R0: Attemping n_samples=1000 with sampling_type=kde
R0: Using file:/home/sullberg/repos/pypospack/examples/Ni__eam__born_exp_fs/preconditioning_3.5NN/data/pyposmat.kde.1.out
determining kde bandwidth...
determining kde bandwidth...
determining kde bandwidth...
determining kde bandwidth...
determining kde bandwidth...
determining kde bandwidth...
determining kde bandwidth...
determining kde bandwidth...
determining kde bandwidth...
determining kde bandwidth...
determining kde bandwidth...
determining kde bandwidth...
determining kde bandwidth...
determining kde bandwidth...
determining kde bandwidth...
determining kde bandwidth...
determining kde bandwidth...
determining kde bandwidth...
determining kde bandwidth...
determining kde bandwidth...
determining kde bandwidth...
determining kde bandwidth...
determining kde bandwidth...
determining kde bandwidth...
determining kde bandwidth...
determining kde bandwidth...
determining kde bandwidth...
determining kde bandwidth...
determining kde bandwidth...
determining kde bandwidth...
determining kde bandwidth...
determining kde bandwidth...
determining kde bandwidth...
determining kde bandwidth...
determining kde bandwidth...
determining kde bandwidth...
determining kde bandwidth...
determining kde bandwidth...
determining kde bandwidth...
determining kde bandwidth...
determining kde bandwidth...
determining kde bandwidth...
determining kde bandwidth...
determining kde bandwidth...
determining kde bandwidth...
Chiu1999_h:0.22470703124999974
Chiu1999_h:0.22470703124999974
Chiu1999_h:0.22470703124999974
Chiu1999_h:0.22470703124999974
Chiu1999_h:0.22470703124999974
Chiu1999_h:0.22470703124999974
Chiu1999_h:0.22470703124999974
Chiu1999_h:0.22470703124999974
Chiu1999_h:0.22470703124999974
Chiu1999_h:0.22470703124999974
Chiu1999_h:0.22470703124999974
Chiu1999_h:0.22470703124999974
Chiu1999_h:0.22470703124999974
Chiu1999_h:0.22470703124999974
Chiu1999_h:0.22470703124999974
Chiu1999_h:0.22470703124999974
Chiu1999_h:0.22470703124999974
Chiu1999_h:0.22470703124999974
Chiu1999_h:0.22470703124999974
Chiu1999_h:0.22470703124999974
Chiu1999_h:0.22470703124999974
Chiu1999_h:0.22470703124999974
Chiu1999_h:0.22470703124999974
Chiu1999_h:0.22470703124999974
Chiu1999_h:0.22470703124999974
Chiu1999_h:0.22470703124999974
Chiu1999_h:0.22470703124999974
Chiu1999_h:0.22470703124999974
Chiu1999_h:0.22470703124999974
Chiu1999_h:0.22470703124999974
Chiu1999_h:0.22470703124999974
Chiu1999_h:0.22470703124999974
Chiu1999_h:0.22470703124999974
Chiu1999_h:0.22470703124999974
Chiu1999_h:0.22470703124999974
Chiu1999_h:0.22470703124999974
Chiu1999_h:0.22470703124999974
Chiu1999_h:0.22470703124999974
Chiu1999_h:0.22470703124999974
Chiu1999_h:0.22470703124999974
Chiu1999_h:0.22470703124999974
Chiu1999_h:0.22470703124999974
Chiu1999_h:0.22470703124999974
Chiu1999_h:0.22470703124999974
Chiu1999_h:0.22470703124999974
Chiu1999_h:0.22470703124999974
Chiu1999_h:0.22470703124999974
Chiu1999_h:0.22470703124999974
Chiu1999_h:0.22470703124999974
Chiu1999_h:0.22470703124999974
Chiu1999_h:0.22470703124999974
Chiu1999_h:0.22470703124999974
Chiu1999_h:0.22470703124999974
Chiu1999_h:0.22470703124999974
Chiu1999_h:0.22470703124999974
Chiu1999_h:0.22470703124999974
Chiu1999_h:0.22470703124999974
Chiu1999_h:0.22470703124999974
Chiu1999_h:0.22470703124999974
Chiu1999_h:0.22470703124999974
Chiu1999_h:0.22470703124999974
Chiu1999_h:0.22470703124999974
Chiu1999_h:0.22470703124999974
Chiu1999_h:0.22470703124999974
Chiu1999_h:0.22470703124999974
Chiu1999_h:0.22470703124999974
Chiu1999_h:0.22470703124999974
Chiu1999_h:0.22470703124999974
Chiu1999_h:0.22470703124999974
Chiu1999_h:0.22470703124999974
Chiu1999_h:0.22470703124999974
Chiu1999_h:0.22470703124999974
Chiu1999_h:0.22470703124999974
Chiu1999_h:0.22470703124999974
Chiu1999_h:0.22470703124999974
Chiu1999_h:0.22470703124999974
Chiu1999_h:0.22470703124999974
Chiu1999_h:0.22470703124999974
Chiu1999_h:0.22470703124999974
Chiu1999_h:0.22470703124999974
Chiu1999_h:0.22470703124999974
Chiu1999_h:0.22470703124999974
Chiu1999_h:0.22470703124999974
Chiu1999_h:0.22470703124999974
Chiu1999_h:0.22470703124999974
Chiu1999_h:0.22470703124999974
Chiu1999_h:0.22470703124999974
Chiu1999_h:0.22470703124999974
Chiu1999_h:0.22470703124999974
Chiu1999_h:0.22470703124999974
Chiu1999_h:0.22470703124999974
Chiu1999_h:0.22470703124999974
Chiu1999_h:0.22470703124999974
Chiu1999_h:0.22470703124999974
Chiu1999_h:0.22470703124999974
Chiu1999_h:0.22470703124999974
Chiu1999_h:0.22470703124999974
Chiu1999_h:0.22470703124999974
Chiu1999_h:0.22470703124999974
Chiu1999_h:0.22470703124999974
Chiu1999_h:0.22470703124999974
Chiu1999_h:0.22470703124999974
Chiu1999_h:0.22470703124999974
Chiu1999_h:0.22470703124999974
Chiu1999_h:0.22470703124999974
Chiu1999_h:0.22470703124999974
Chiu1999_h:0.22470703124999974
Chiu1999_h:0.22470703124999974
Chiu1999_h:0.22470703124999974
Chiu1999_h:0.22470703124999974
Chiu1999_h:0.22470703124999974
Chiu1999_h:0.22470703124999974
Chiu1999_h:0.22470703124999974
Chiu1999_h:0.22470703124999974
Chiu1999_h:0.22470703124999974
Chiu1999_h:0.22470703124999974
Chiu1999_h:0.22470703124999974
Chiu1999_h:0.22470703124999974
Chiu1999_h:0.22470703124999974
1 8 kde
ALL SIMULATIONS COMPLETE FOR ALL RANKS
MERGING FILES
kde
merging with candidates from previous simulations
	filename:/home/sullberg/repos/pypospack/examples/Ni__eam__born_exp_fs/preconditioning_3.5NN/data/pyposmat.kde.1.out
ANALYZE RESULTS
================================================================================
                              Begin Iteration 3/10                              
================================================================================
--------------------------------------------------------------------------------
                             GENERATED RANDOM SEEDS                             
--------------------------------------------------------------------------------
global_seed:626814154
seeds_for_this_iteration:
  rank     seed  
-------- --------
   0     1915902658
   48    1050802567
   10    1162089494
   1      834721250
   98     574235152
   8      237143078
   17    1522730075
  127     934479383
  118    1052710577
  124    1618963617
   26     903573453
   23    1603749713
   97    1899488440
   38    1629098962
   92     423956836
   56     472821078
   69     577731431
   44     684587739
   20    1495430280
   27    1445285040
  120     740863190
   58    1256565222
   63      53442402
   88     459097462
   34     218316835
   93     988741736
   89    1429641384
   7      624213810
   43    1180271091
   50      42746980
  111    1517340375
   55    1262397814
   45     946552670
   71     751795772
   49    1992575105
  110    2070100872
   39      53794046
  109    1366143586
   79    1564279366
   33     100830913
  103    1801391967
   11    1044800428
   31    1056116092
sampling_type=kde
--------------------------------------------------------------------------------
                               STRUCTURE DATABASE                               
--------------------------------------------------------------------------------
structure_directory:/home/sullberg/repos/pypospack/examples/Ni__eam__born_exp_fs/preconditioning_3.5NN/structure_db

        name               filename      
-------------------- --------------------
Ni_fcc               Ni_fcc_100_unit.gga.relaxed.vasp
Ni_bcc               Ni_bcc_100_unit.gga.relaxed.vasp
Ni_sc                Ni_sc_100_unit.gga.relaxed.vasp
Ni_hcp               Ni_hcp_ortho.vasp   
Ni_dia               Ni_dia_100_unit.gga.relaxed.vasp
Ni_fcc_100_unit      Ni_fcc_100_unit.gga.relaxed.vasp
Ni_fcc_110_unit      Ni_fcc_110_unit.gga.relaxed.vasp
Ni_fcc_111_unit      Ni_fcc_111_unit.gga.relaxed.vasp
Ni_fcc_100_s         Ni_fcc_100_surf.vasp
Ni_fcc_110_s         Ni_fcc_110_surf.vasp
Ni_fcc_111_s         Ni_fcc_111_surf.vasp
Ni_fcc_isf           Ni_fcc_isf.vasp     
Ni_fcc_esf           Ni_fcc_esf.vasp     
Ni_fcc_vac           Ni_fcc_sc_333_vac.vasp
Ni_fcc_o_int         Ni_fcc_sc_333_o_int.vasp
Ni_fcc_i_int         Ni_fcc_sc_333_t_int.vasp
--------------------------------------------------------------------------------
R0: Starting iteration N=2
R0: Attemping n_samples=1000 with sampling_type=kde
R0: Using file:/home/sullberg/repos/pypospack/examples/Ni__eam__born_exp_fs/preconditioning_3.5NN/data/pyposmat.kde.2.out
determining kde bandwidth...
determining kde bandwidth...
determining kde bandwidth...
determining kde bandwidth...
determining kde bandwidth...
determining kde bandwidth...
determining kde bandwidth...
determining kde bandwidth...
determining kde bandwidth...
determining kde bandwidth...
determining kde bandwidth...
determining kde bandwidth...
determining kde bandwidth...
determining kde bandwidth...
determining kde bandwidth...
determining kde bandwidth...
determining kde bandwidth...
determining kde bandwidth...
determining kde bandwidth...
determining kde bandwidth...
determining kde bandwidth...
determining kde bandwidth...
determining kde bandwidth...
determining kde bandwidth...
determining kde bandwidth...
determining kde bandwidth...
determining kde bandwidth...
determining kde bandwidth...
determining kde bandwidth...
determining kde bandwidth...
determining kde bandwidth...
determining kde bandwidth...
determining kde bandwidth...
determining kde bandwidth...
determining kde bandwidth...
determining kde bandwidth...
determining kde bandwidth...
Chiu1999_h:0.20556640624999975
Chiu1999_h:0.20556640624999975
Chiu1999_h:0.20556640624999975
Chiu1999_h:0.20556640624999975
Chiu1999_h:0.20556640624999975
Chiu1999_h:0.20556640624999975
Chiu1999_h:0.20556640624999975
Chiu1999_h:0.20556640624999975
Chiu1999_h:0.20556640624999975
Chiu1999_h:0.20556640624999975
Chiu1999_h:0.20556640624999975
Chiu1999_h:0.20556640624999975
Chiu1999_h:0.20556640624999975
Chiu1999_h:0.20556640624999975
Chiu1999_h:0.20556640624999975
Chiu1999_h:0.20556640624999975
Chiu1999_h:0.20556640624999975
Chiu1999_h:0.20556640624999975
Chiu1999_h:0.20556640624999975
Chiu1999_h:0.20556640624999975
Chiu1999_h:0.20556640624999975
Chiu1999_h:0.20556640624999975
Chiu1999_h:0.20556640624999975
Chiu1999_h:0.20556640624999975
Chiu1999_h:0.20556640624999975
Chiu1999_h:0.20556640624999975
Chiu1999_h:0.20556640624999975
Chiu1999_h:0.20556640624999975
Chiu1999_h:0.20556640624999975
Chiu1999_h:0.20556640624999975
Chiu1999_h:0.20556640624999975
Chiu1999_h:0.20556640624999975
Chiu1999_h:0.20556640624999975
Chiu1999_h:0.20556640624999975
Chiu1999_h:0.20556640624999975
Chiu1999_h:0.20556640624999975
Chiu1999_h:0.20556640624999975
Chiu1999_h:0.20556640624999975
Chiu1999_h:0.20556640624999975
Chiu1999_h:0.20556640624999975
Chiu1999_h:0.20556640624999975
Chiu1999_h:0.20556640624999975
Chiu1999_h:0.20556640624999975
Chiu1999_h:0.20556640624999975
Chiu1999_h:0.20556640624999975
Chiu1999_h:0.20556640624999975
Chiu1999_h:0.20556640624999975
Chiu1999_h:0.20556640624999975
Chiu1999_h:0.20556640624999975
Chiu1999_h:0.20556640624999975
Chiu1999_h:0.20556640624999975
Chiu1999_h:0.20556640624999975
Chiu1999_h:0.20556640624999975
Chiu1999_h:0.20556640624999975
Chiu1999_h:0.20556640624999975
Chiu1999_h:0.20556640624999975
Chiu1999_h:0.20556640624999975
Chiu1999_h:0.20556640624999975
Chiu1999_h:0.20556640624999975
Chiu1999_h:0.20556640624999975
Chiu1999_h:0.20556640624999975
Chiu1999_h:0.20556640624999975
Chiu1999_h:0.20556640624999975
Chiu1999_h:0.20556640624999975
Chiu1999_h:0.20556640624999975
Chiu1999_h:0.20556640624999975
Chiu1999_h:0.20556640624999975
Chiu1999_h:0.20556640624999975
Chiu1999_h:0.20556640624999975
Chiu1999_h:0.20556640624999975
Chiu1999_h:0.20556640624999975
Chiu1999_h:0.20556640624999975
Chiu1999_h:0.20556640624999975
Chiu1999_h:0.20556640624999975
Chiu1999_h:0.20556640624999975
Chiu1999_h:0.20556640624999975
Chiu1999_h:0.20556640624999975
Chiu1999_h:0.20556640624999975
Chiu1999_h:0.20556640624999975
Chiu1999_h:0.20556640624999975
Chiu1999_h:0.20556640624999975
Chiu1999_h:0.20556640624999975
Chiu1999_h:0.20556640624999975
Chiu1999_h:0.20556640624999975
Chiu1999_h:0.20556640624999975
Chiu1999_h:0.20556640624999975
Chiu1999_h:0.20556640624999975
Chiu1999_h:0.20556640624999975
Chiu1999_h:0.20556640624999975
Chiu1999_h:0.20556640624999975
Chiu1999_h:0.20556640624999975
Chiu1999_h:0.20556640624999975
Chiu1999_h:0.20556640624999975
Chiu1999_h:0.20556640624999975
Chiu1999_h:0.20556640624999975
Chiu1999_h:0.20556640624999975
Chiu1999_h:0.20556640624999975
Chiu1999_h:0.20556640624999975
Chiu1999_h:0.20556640624999975
Chiu1999_h:0.20556640624999975
Chiu1999_h:0.20556640624999975
Chiu1999_h:0.20556640624999975
Chiu1999_h:0.20556640624999975
Chiu1999_h:0.20556640624999975
Chiu1999_h:0.20556640624999975
Chiu1999_h:0.20556640624999975
Chiu1999_h:0.20556640624999975
Chiu1999_h:0.20556640624999975
Chiu1999_h:0.20556640624999975
Chiu1999_h:0.20556640624999975
Chiu1999_h:0.20556640624999975
Chiu1999_h:0.20556640624999975
Chiu1999_h:0.20556640624999975
Chiu1999_h:0.20556640624999975
Chiu1999_h:0.20556640624999975
Chiu1999_h:0.20556640624999975
Chiu1999_h:0.20556640624999975
Chiu1999_h:0.20556640624999975
Chiu1999_h:0.20556640624999975
Chiu1999_h:0.20556640624999975
2 8 kde
Chiu1999_h:0.20556640624999975
Chiu1999_h:0.20556640624999975
Chiu1999_h:0.20556640624999975
Chiu1999_h:0.20556640624999975
ALL SIMULATIONS COMPLETE FOR ALL RANKS
MERGING FILES
kde
merging with candidates from previous simulations
	filename:/home/sullberg/repos/pypospack/examples/Ni__eam__born_exp_fs/preconditioning_3.5NN/data/pyposmat.kde.2.out
ANALYZE RESULTS
================================================================================
                              Begin Iteration 4/10                              
================================================================================
--------------------------------------------------------------------------------
                             GENERATED RANDOM SEEDS                             
--------------------------------------------------------------------------------
global_seed:626814154
seeds_for_this_iteration:
  rank     seed  
-------- --------
   16     807498218
   0     1773068717
   57    1571123923
   24    1553066253
   45    2004035475
   9     1567682824
   68     965261155
   12     320019797
   78    1676187692
   22    1240201372
  115    1405664439
   59     787779831
   86    1417801669
  120     512300058
  114    1112267624
   43     116961003
   54    1377833080
  105    2136516933
   53    1055652553
   20     491905983
   6     1458195332
  104     120151609
  101    1999110729
   42    1772548244
   77     487066377
   58    1841341570
  126     401267027
   73    1372916223
   92    1665263505
   1      349478950
  113    1947881273
   99    2016737177
  117    1566625840
  112    1324145142
   30    1193017600
   65     916421619
  111     631695255
   96     137998575
   14    1904566619
   93    1034809006
   48    1473923254
   18     926589575
   64    1040447859
   32    1642188214
sampling_type=kde
--------------------------------------------------------------------------------
                               STRUCTURE DATABASE                               
--------------------------------------------------------------------------------
structure_directory:/home/sullberg/repos/pypospack/examples/Ni__eam__born_exp_fs/preconditioning_3.5NN/structure_db

        name               filename      
-------------------- --------------------
Ni_fcc               Ni_fcc_100_unit.gga.relaxed.vasp
Ni_bcc               Ni_bcc_100_unit.gga.relaxed.vasp
Ni_sc                Ni_sc_100_unit.gga.relaxed.vasp
Ni_hcp               Ni_hcp_ortho.vasp   
Ni_dia               Ni_dia_100_unit.gga.relaxed.vasp
Ni_fcc_100_unit      Ni_fcc_100_unit.gga.relaxed.vasp
Ni_fcc_110_unit      Ni_fcc_110_unit.gga.relaxed.vasp
Ni_fcc_111_unit      Ni_fcc_111_unit.gga.relaxed.vasp
Ni_fcc_100_s         Ni_fcc_100_surf.vasp
Ni_fcc_110_s         Ni_fcc_110_surf.vasp
Ni_fcc_111_s         Ni_fcc_111_surf.vasp
Ni_fcc_isf           Ni_fcc_isf.vasp     
Ni_fcc_esf           Ni_fcc_esf.vasp     
Ni_fcc_vac           Ni_fcc_sc_333_vac.vasp
Ni_fcc_o_int         Ni_fcc_sc_333_o_int.vasp
Ni_fcc_i_int         Ni_fcc_sc_333_t_int.vasp
--------------------------------------------------------------------------------
R0: Starting iteration N=3
R0: Attemping n_samples=1000 with sampling_type=kde
R0: Using file:/home/sullberg/repos/pypospack/examples/Ni__eam__born_exp_fs/preconditioning_3.5NN/data/pyposmat.kde.3.out
determining kde bandwidth...
determining kde bandwidth...
determining kde bandwidth...
determining kde bandwidth...
determining kde bandwidth...
determining kde bandwidth...
determining kde bandwidth...
determining kde bandwidth...
determining kde bandwidth...
determining kde bandwidth...
determining kde bandwidth...
determining kde bandwidth...
determining kde bandwidth...
determining kde bandwidth...
determining kde bandwidth...
determining kde bandwidth...
determining kde bandwidth...
determining kde bandwidth...
determining kde bandwidth...
determining kde bandwidth...
determining kde bandwidth...
determining kde bandwidth...
determining kde bandwidth...
determining kde bandwidth...
determining kde bandwidth...
determining kde bandwidth...
determining kde bandwidth...
determining kde bandwidth...
determining kde bandwidth...
determining kde bandwidth...
determining kde bandwidth...
determining kde bandwidth...
determining kde bandwidth...
determining kde bandwidth...
determining kde bandwidth...
determining kde bandwidth...
determining kde bandwidth...
determining kde bandwidth...
determining kde bandwidth...
determining kde bandwidth...
determining kde bandwidth...
determining kde bandwidth...
determining kde bandwidth...
determining kde bandwidth...
determining kde bandwidth...
Chiu1999_h:0.19521484374999973
Chiu1999_h:0.19521484374999973
Chiu1999_h:0.19521484374999973
Chiu1999_h:0.19521484374999973
Chiu1999_h:0.19521484374999973
Chiu1999_h:0.19521484374999973
Chiu1999_h:0.19521484374999973
Chiu1999_h:0.19521484374999973
Chiu1999_h:0.19521484374999973
Chiu1999_h:0.19521484374999973
Chiu1999_h:0.19521484374999973
Chiu1999_h:0.19521484374999973
Chiu1999_h:0.19521484374999973
Chiu1999_h:0.19521484374999973
Chiu1999_h:0.19521484374999973
Chiu1999_h:0.19521484374999973
Chiu1999_h:0.19521484374999973
Chiu1999_h:0.19521484374999973
Chiu1999_h:0.19521484374999973
Chiu1999_h:0.19521484374999973
Chiu1999_h:0.19521484374999973
Chiu1999_h:0.19521484374999973
Chiu1999_h:0.19521484374999973
Chiu1999_h:0.19521484374999973
Chiu1999_h:0.19521484374999973
Chiu1999_h:0.19521484374999973
Chiu1999_h:0.19521484374999973
Chiu1999_h:0.19521484374999973
Chiu1999_h:0.19521484374999973
Chiu1999_h:0.19521484374999973
Chiu1999_h:0.19521484374999973
Chiu1999_h:0.19521484374999973
Chiu1999_h:0.19521484374999973
Chiu1999_h:0.19521484374999973
Chiu1999_h:0.19521484374999973
Chiu1999_h:0.19521484374999973
Chiu1999_h:0.19521484374999973
Chiu1999_h:0.19521484374999973
Chiu1999_h:0.19521484374999973
Chiu1999_h:0.19521484374999973
Chiu1999_h:0.19521484374999973
Chiu1999_h:0.19521484374999973
Chiu1999_h:0.19521484374999973
Chiu1999_h:0.19521484374999973
Chiu1999_h:0.19521484374999973
Chiu1999_h:0.19521484374999973
Chiu1999_h:0.19521484374999973
Chiu1999_h:0.19521484374999973
Chiu1999_h:0.19521484374999973
Chiu1999_h:0.19521484374999973
Chiu1999_h:0.19521484374999973
Chiu1999_h:0.19521484374999973
Chiu1999_h:0.19521484374999973
Chiu1999_h:0.19521484374999973
Chiu1999_h:0.19521484374999973
Chiu1999_h:0.19521484374999973
Chiu1999_h:0.19521484374999973
Chiu1999_h:0.19521484374999973
Chiu1999_h:0.19521484374999973
Chiu1999_h:0.19521484374999973
Chiu1999_h:0.19521484374999973
Chiu1999_h:0.19521484374999973
Chiu1999_h:0.19521484374999973
Chiu1999_h:0.19521484374999973
Chiu1999_h:0.19521484374999973
Chiu1999_h:0.19521484374999973
Chiu1999_h:0.19521484374999973
Chiu1999_h:0.19521484374999973
Chiu1999_h:0.19521484374999973
Chiu1999_h:0.19521484374999973
Chiu1999_h:0.19521484374999973
Chiu1999_h:0.19521484374999973
Chiu1999_h:0.19521484374999973
Chiu1999_h:0.19521484374999973
Chiu1999_h:0.19521484374999973
Chiu1999_h:0.19521484374999973
Chiu1999_h:0.19521484374999973
Chiu1999_h:0.19521484374999973
Chiu1999_h:0.19521484374999973
Chiu1999_h:0.19521484374999973
Chiu1999_h:0.19521484374999973
Chiu1999_h:0.19521484374999973
Chiu1999_h:0.19521484374999973
Chiu1999_h:0.19521484374999973
Chiu1999_h:0.19521484374999973
Chiu1999_h:0.19521484374999973
Chiu1999_h:0.19521484374999973
Chiu1999_h:0.19521484374999973
Chiu1999_h:0.19521484374999973
Chiu1999_h:0.19521484374999973
Chiu1999_h:0.19521484374999973
Chiu1999_h:0.19521484374999973
Chiu1999_h:0.19521484374999973
Chiu1999_h:0.19521484374999973
Chiu1999_h:0.19521484374999973
Chiu1999_h:0.19521484374999973
Chiu1999_h:0.19521484374999973
Chiu1999_h:0.19521484374999973
Chiu1999_h:0.19521484374999973
Chiu1999_h:0.19521484374999973
Chiu1999_h:0.19521484374999973
Chiu1999_h:0.19521484374999973
Chiu1999_h:0.19521484374999973
Chiu1999_h:0.19521484374999973
Chiu1999_h:0.19521484374999973
Chiu1999_h:0.19521484374999973
3 8 kde
Chiu1999_h:0.19521484374999973
Chiu1999_h:0.19521484374999973
Chiu1999_h:0.19521484374999973
Chiu1999_h:0.19521484374999973
Chiu1999_h:0.19521484374999973
Chiu1999_h:0.19521484374999973
Chiu1999_h:0.19521484374999973
Chiu1999_h:0.19521484374999973
Chiu1999_h:0.19521484374999973
Chiu1999_h:0.19521484374999973
Chiu1999_h:0.19521484374999973
Chiu1999_h:0.19521484374999973
Chiu1999_h:0.19521484374999973
Chiu1999_h:0.19521484374999973
Chiu1999_h:0.19521484374999973
Chiu1999_h:0.19521484374999973
Chiu1999_h:0.19521484374999973
ALL SIMULATIONS COMPLETE FOR ALL RANKS
MERGING FILES
kde
merging with candidates from previous simulations
	filename:/home/sullberg/repos/pypospack/examples/Ni__eam__born_exp_fs/preconditioning_3.5NN/data/pyposmat.kde.3.out
ANALYZE RESULTS
================================================================================
                              Begin Iteration 5/10                              
================================================================================
--------------------------------------------------------------------------------
                             GENERATED RANDOM SEEDS                             
--------------------------------------------------------------------------------
global_seed:626814154
seeds_for_this_iteration:
  rank     seed  
-------- --------
   0      825217774
   64     517382321
   22    1358792724
   23    1406361944
  105    1851498338
   87    2112040711
   56    1130304727
   17    1874362676
   2      921557205
   60    2034513532
   75     315463563
   62    1951017985
   59    1734260414
   28    1560192283
   58    1236915295
   36     857132217
   49     306146684
   33    1701853033
   38    1269670133
   99    2001998693
   52     130565379
   63     888077594
   88    1296797575
   78    1692785204
   93     735072228
   67     173405529
   29     322395390
   50     394825886
   6      609894358
  127     124041128
   10    1331440927
  108    1755791231
   46      15184144
   12    1502436242
   9      660466494
  118     433505286
   69    2135138622
   71    1846352515
  100    1416497181
   79    1434547059
   85     179141121
   55     153158489
   45     754310176
   13    1368214734
sampling_type=kde
--------------------------------------------------------------------------------
                               STRUCTURE DATABASE                               
--------------------------------------------------------------------------------
structure_directory:/home/sullberg/repos/pypospack/examples/Ni__eam__born_exp_fs/preconditioning_3.5NN/structure_db

        name               filename      
-------------------- --------------------
Ni_fcc               Ni_fcc_100_unit.gga.relaxed.vasp
Ni_bcc               Ni_bcc_100_unit.gga.relaxed.vasp
Ni_sc                Ni_sc_100_unit.gga.relaxed.vasp
Ni_hcp               Ni_hcp_ortho.vasp   
Ni_dia               Ni_dia_100_unit.gga.relaxed.vasp
Ni_fcc_100_unit      Ni_fcc_100_unit.gga.relaxed.vasp
Ni_fcc_110_unit      Ni_fcc_110_unit.gga.relaxed.vasp
Ni_fcc_111_unit      Ni_fcc_111_unit.gga.relaxed.vasp
Ni_fcc_100_s         Ni_fcc_100_surf.vasp
Ni_fcc_110_s         Ni_fcc_110_surf.vasp
Ni_fcc_111_s         Ni_fcc_111_surf.vasp
Ni_fcc_isf           Ni_fcc_isf.vasp     
Ni_fcc_esf           Ni_fcc_esf.vasp     
Ni_fcc_vac           Ni_fcc_sc_333_vac.vasp
Ni_fcc_o_int         Ni_fcc_sc_333_o_int.vasp
Ni_fcc_i_int         Ni_fcc_sc_333_t_int.vasp
--------------------------------------------------------------------------------
R0: Starting iteration N=4
R0: Attemping n_samples=1000 with sampling_type=kde
R0: Using file:/home/sullberg/repos/pypospack/examples/Ni__eam__born_exp_fs/preconditioning_3.5NN/data/pyposmat.kde.4.out
determining kde bandwidth...
determining kde bandwidth...
determining kde bandwidth...
determining kde bandwidth...
determining kde bandwidth...
determining kde bandwidth...
determining kde bandwidth...
determining kde bandwidth...
determining kde bandwidth...
determining kde bandwidth...
determining kde bandwidth...
determining kde bandwidth...
determining kde bandwidth...
determining kde bandwidth...
determining kde bandwidth...
determining kde bandwidth...
determining kde bandwidth...
determining kde bandwidth...
determining kde bandwidth...
determining kde bandwidth...
determining kde bandwidth...
determining kde bandwidth...
determining kde bandwidth...
determining kde bandwidth...
determining kde bandwidth...
determining kde bandwidth...
determining kde bandwidth...
determining kde bandwidth...
determining kde bandwidth...
determining kde bandwidth...
determining kde bandwidth...
determining kde bandwidth...
determining kde bandwidth...
determining kde bandwidth...
determining kde bandwidth...
determining kde bandwidth...
determining kde bandwidth...
determining kde bandwidth...
determining kde bandwidth...
determining kde bandwidth...
determining kde bandwidth...
determining kde bandwidth...
determining kde bandwidth...
determining kde bandwidth...
determining kde bandwidth...
determining kde bandwidth...
determining kde bandwidth...
determining kde bandwidth...
determining kde bandwidth...
determining kde bandwidth...
determining kde bandwidth...
determining kde bandwidth...
determining kde bandwidth...
determining kde bandwidth...
determining kde bandwidth...
determining kde bandwidth...
determining kde bandwidth...
determining kde bandwidth...
Chiu1999_h:0.1887695312499997
Chiu1999_h:0.1887695312499997
Chiu1999_h:0.1887695312499997
Chiu1999_h:0.1887695312499997
Chiu1999_h:0.1887695312499997
Chiu1999_h:0.1887695312499997
Chiu1999_h:0.1887695312499997
Chiu1999_h:0.1887695312499997
Chiu1999_h:0.1887695312499997
Chiu1999_h:0.1887695312499997
Chiu1999_h:0.1887695312499997
Chiu1999_h:0.1887695312499997
Chiu1999_h:0.1887695312499997
Chiu1999_h:0.1887695312499997
Chiu1999_h:0.1887695312499997
Chiu1999_h:0.1887695312499997
Chiu1999_h:0.1887695312499997
Chiu1999_h:0.1887695312499997
Chiu1999_h:0.1887695312499997
Chiu1999_h:0.1887695312499997
Chiu1999_h:0.1887695312499997
Chiu1999_h:0.1887695312499997
Chiu1999_h:0.1887695312499997
Chiu1999_h:0.1887695312499997
Chiu1999_h:0.1887695312499997
Chiu1999_h:0.1887695312499997
Chiu1999_h:0.1887695312499997
Chiu1999_h:0.1887695312499997
Chiu1999_h:0.1887695312499997
Chiu1999_h:0.1887695312499997
Chiu1999_h:0.1887695312499997
Chiu1999_h:0.1887695312499997
Chiu1999_h:0.1887695312499997
Chiu1999_h:0.1887695312499997
Chiu1999_h:0.1887695312499997
Chiu1999_h:0.1887695312499997
Chiu1999_h:0.1887695312499997
Chiu1999_h:0.1887695312499997
Chiu1999_h:0.1887695312499997
Chiu1999_h:0.1887695312499997
Chiu1999_h:0.1887695312499997
Chiu1999_h:0.1887695312499997
Chiu1999_h:0.1887695312499997
Chiu1999_h:0.1887695312499997
Chiu1999_h:0.1887695312499997
Chiu1999_h:0.1887695312499997
Chiu1999_h:0.1887695312499997
Chiu1999_h:0.1887695312499997
Chiu1999_h:0.1887695312499997
Chiu1999_h:0.1887695312499997
Chiu1999_h:0.1887695312499997
Chiu1999_h:0.1887695312499997
Chiu1999_h:0.1887695312499997
Chiu1999_h:0.1887695312499997
Chiu1999_h:0.1887695312499997
Chiu1999_h:0.1887695312499997
Chiu1999_h:0.1887695312499997
Chiu1999_h:0.1887695312499997
Chiu1999_h:0.1887695312499997
Chiu1999_h:0.1887695312499997
Chiu1999_h:0.1887695312499997
Chiu1999_h:0.1887695312499997
Chiu1999_h:0.1887695312499997
Chiu1999_h:0.1887695312499997
Chiu1999_h:0.1887695312499997
Chiu1999_h:0.1887695312499997
Chiu1999_h:0.1887695312499997
Chiu1999_h:0.1887695312499997
Chiu1999_h:0.1887695312499997
Chiu1999_h:0.1887695312499997
Chiu1999_h:0.1887695312499997
Chiu1999_h:0.1887695312499997
Chiu1999_h:0.1887695312499997
Chiu1999_h:0.1887695312499997
Chiu1999_h:0.1887695312499997
Chiu1999_h:0.1887695312499997
Chiu1999_h:0.1887695312499997
Chiu1999_h:0.1887695312499997
Chiu1999_h:0.1887695312499997
Chiu1999_h:0.1887695312499997
Chiu1999_h:0.1887695312499997
Chiu1999_h:0.1887695312499997
Chiu1999_h:0.1887695312499997
Chiu1999_h:0.1887695312499997
Chiu1999_h:0.1887695312499997
Chiu1999_h:0.1887695312499997
Chiu1999_h:0.1887695312499997
Chiu1999_h:0.1887695312499997
Chiu1999_h:0.1887695312499997
Chiu1999_h:0.1887695312499997
Chiu1999_h:0.1887695312499997
Chiu1999_h:0.1887695312499997
Chiu1999_h:0.1887695312499997
Chiu1999_h:0.1887695312499997
Chiu1999_h:0.1887695312499997
Chiu1999_h:0.1887695312499997
Chiu1999_h:0.1887695312499997
Chiu1999_h:0.1887695312499997
Chiu1999_h:0.1887695312499997
Chiu1999_h:0.1887695312499997
Chiu1999_h:0.1887695312499997
Chiu1999_h:0.1887695312499997
Chiu1999_h:0.1887695312499997
4 8 kde
Chiu1999_h:0.1887695312499997
Chiu1999_h:0.1887695312499997
Chiu1999_h:0.1887695312499997
Chiu1999_h:0.1887695312499997
Chiu1999_h:0.1887695312499997
Chiu1999_h:0.1887695312499997
Chiu1999_h:0.1887695312499997
Chiu1999_h:0.1887695312499997
Chiu1999_h:0.1887695312499997
Chiu1999_h:0.1887695312499997
Chiu1999_h:0.1887695312499997
Chiu1999_h:0.1887695312499997
Chiu1999_h:0.1887695312499997
Chiu1999_h:0.1887695312499997
Chiu1999_h:0.1887695312499997
Chiu1999_h:0.1887695312499997
Chiu1999_h:0.1887695312499997
Chiu1999_h:0.1887695312499997
Chiu1999_h:0.1887695312499997
Chiu1999_h:0.1887695312499997
Chiu1999_h:0.1887695312499997
Chiu1999_h:0.1887695312499997
Chiu1999_h:0.1887695312499997
Chiu1999_h:0.1887695312499997
ALL SIMULATIONS COMPLETE FOR ALL RANKS
MERGING FILES
kde
merging with candidates from previous simulations
	filename:/home/sullberg/repos/pypospack/examples/Ni__eam__born_exp_fs/preconditioning_3.5NN/data/pyposmat.kde.4.out
ANALYZE RESULTS
================================================================================
                              Begin Iteration 6/10                              
================================================================================
--------------------------------------------------------------------------------
                             GENERATED RANDOM SEEDS                             
--------------------------------------------------------------------------------
global_seed:626814154
seeds_for_this_iteration:
  rank     seed  
-------- --------
   0     1561344841
   64     309047774
   25     197818020
   80    2009512783
  102    1830542735
   53     903359598
   47    1495470953
  120     647971314
   14    1974922495
   30    1041696287
  125    1965862476
   84    1161839397
   59     279707294
   1     1529460812
   92     591082980
   28     882460159
   10     263022861
   56     110157640
   27    1654141868
   95     361474092
  106     508792509
   45    1887277425
   78     382169074
   6      702564125
  100    1406211722
   24     700951439
  110    2095541140
   90    1514259059
   7     1599221015
  114    1268591187
   99    1601224217
   77    1989987952
   86    1226573314
   36     835427248
   57    1185179644
  111      71649047
   87     383489390
   88    1055726700
   18     923246643
   85    1880088683
   98    1477656785
   91    1453287426
   22     131846000
   38    1858470431
   54     594726286
   69    1610048422
  117    2023373257
sampling_type=kde
--------------------------------------------------------------------------------
                               STRUCTURE DATABASE                               
--------------------------------------------------------------------------------
structure_directory:/home/sullberg/repos/pypospack/examples/Ni__eam__born_exp_fs/preconditioning_3.5NN/structure_db

        name               filename      
-------------------- --------------------
Ni_fcc               Ni_fcc_100_unit.gga.relaxed.vasp
Ni_bcc               Ni_bcc_100_unit.gga.relaxed.vasp
Ni_sc                Ni_sc_100_unit.gga.relaxed.vasp
Ni_hcp               Ni_hcp_ortho.vasp   
Ni_dia               Ni_dia_100_unit.gga.relaxed.vasp
Ni_fcc_100_unit      Ni_fcc_100_unit.gga.relaxed.vasp
Ni_fcc_110_unit      Ni_fcc_110_unit.gga.relaxed.vasp
Ni_fcc_111_unit      Ni_fcc_111_unit.gga.relaxed.vasp
Ni_fcc_100_s         Ni_fcc_100_surf.vasp
Ni_fcc_110_s         Ni_fcc_110_surf.vasp
Ni_fcc_111_s         Ni_fcc_111_surf.vasp
Ni_fcc_isf           Ni_fcc_isf.vasp     
Ni_fcc_esf           Ni_fcc_esf.vasp     
Ni_fcc_vac           Ni_fcc_sc_333_vac.vasp
Ni_fcc_o_int         Ni_fcc_sc_333_o_int.vasp
Ni_fcc_i_int         Ni_fcc_sc_333_t_int.vasp
--------------------------------------------------------------------------------
R0: Starting iteration N=5
R0: Attemping n_samples=1000 with sampling_type=kde
R0: Using file:/home/sullberg/repos/pypospack/examples/Ni__eam__born_exp_fs/preconditioning_3.5NN/data/pyposmat.kde.5.out
determining kde bandwidth...
determining kde bandwidth...
determining kde bandwidth...
determining kde bandwidth...
determining kde bandwidth...
determining kde bandwidth...
determining kde bandwidth...
determining kde bandwidth...
determining kde bandwidth...
determining kde bandwidth...
determining kde bandwidth...
determining kde bandwidth...
determining kde bandwidth...
determining kde bandwidth...
determining kde bandwidth...
determining kde bandwidth...
determining kde bandwidth...
determining kde bandwidth...
determining kde bandwidth...
determining kde bandwidth...
determining kde bandwidth...
determining kde bandwidth...
determining kde bandwidth...
determining kde bandwidth...
determining kde bandwidth...
determining kde bandwidth...
determining kde bandwidth...
determining kde bandwidth...
determining kde bandwidth...
determining kde bandwidth...
determining kde bandwidth...
determining kde bandwidth...
determining kde bandwidth...
determining kde bandwidth...
determining kde bandwidth...
determining kde bandwidth...
determining kde bandwidth...
determining kde bandwidth...
determining kde bandwidth...
determining kde bandwidth...
determining kde bandwidth...
determining kde bandwidth...
determining kde bandwidth...
determining kde bandwidth...
Chiu1999_h:0.1837890624999997
Chiu1999_h:0.1837890624999997
Chiu1999_h:0.1837890624999997
Chiu1999_h:0.1837890624999997
Chiu1999_h:0.1837890624999997
Chiu1999_h:0.1837890624999997
Chiu1999_h:0.1837890624999997
Chiu1999_h:0.1837890624999997
Chiu1999_h:0.1837890624999997
Chiu1999_h:0.1837890624999997
Chiu1999_h:0.1837890624999997
Chiu1999_h:0.1837890624999997
Chiu1999_h:0.1837890624999997
Chiu1999_h:0.1837890624999997
Chiu1999_h:0.1837890624999997
Chiu1999_h:0.1837890624999997
Chiu1999_h:0.1837890624999997
Chiu1999_h:0.1837890624999997
Chiu1999_h:0.1837890624999997
Chiu1999_h:0.1837890624999997
Chiu1999_h:0.1837890624999997
Chiu1999_h:0.1837890624999997
Chiu1999_h:0.1837890624999997
Chiu1999_h:0.1837890624999997
Chiu1999_h:0.1837890624999997
Chiu1999_h:0.1837890624999997
Chiu1999_h:0.1837890624999997
Chiu1999_h:0.1837890624999997
Chiu1999_h:0.1837890624999997
Chiu1999_h:0.1837890624999997
Chiu1999_h:0.1837890624999997
Chiu1999_h:0.1837890624999997
Chiu1999_h:0.1837890624999997
Chiu1999_h:0.1837890624999997
Chiu1999_h:0.1837890624999997
Chiu1999_h:0.1837890624999997
Chiu1999_h:0.1837890624999997
Chiu1999_h:0.1837890624999997
Chiu1999_h:0.1837890624999997
Chiu1999_h:0.1837890624999997
Chiu1999_h:0.1837890624999997
Chiu1999_h:0.1837890624999997
Chiu1999_h:0.1837890624999997
Chiu1999_h:0.1837890624999997
Chiu1999_h:0.1837890624999997
Chiu1999_h:0.1837890624999997
Chiu1999_h:0.1837890624999997
Chiu1999_h:0.1837890624999997
Chiu1999_h:0.1837890624999997
Chiu1999_h:0.1837890624999997
Chiu1999_h:0.1837890624999997
Chiu1999_h:0.1837890624999997
Chiu1999_h:0.1837890624999997
Chiu1999_h:0.1837890624999997
Chiu1999_h:0.1837890624999997
Chiu1999_h:0.1837890624999997
Chiu1999_h:0.1837890624999997
Chiu1999_h:0.1837890624999997
Chiu1999_h:0.1837890624999997
Chiu1999_h:0.1837890624999997
Chiu1999_h:0.1837890624999997
Chiu1999_h:0.1837890624999997
Chiu1999_h:0.1837890624999997
Chiu1999_h:0.1837890624999997
Chiu1999_h:0.1837890624999997
Chiu1999_h:0.1837890624999997
Chiu1999_h:0.1837890624999997
Chiu1999_h:0.1837890624999997
Chiu1999_h:0.1837890624999997
Chiu1999_h:0.1837890624999997
Chiu1999_h:0.1837890624999997
Chiu1999_h:0.1837890624999997
Chiu1999_h:0.1837890624999997
Chiu1999_h:0.1837890624999997
5 8 kde
Chiu1999_h:0.1837890624999997
Chiu1999_h:0.1837890624999997
Chiu1999_h:0.1837890624999997
Chiu1999_h:0.1837890624999997
Chiu1999_h:0.1837890624999997
Chiu1999_h:0.1837890624999997
Chiu1999_h:0.1837890624999997
Chiu1999_h:0.1837890624999997
Chiu1999_h:0.1837890624999997
Chiu1999_h:0.1837890624999997
Chiu1999_h:0.1837890624999997
Chiu1999_h:0.1837890624999997
Chiu1999_h:0.1837890624999997
Chiu1999_h:0.1837890624999997
Chiu1999_h:0.1837890624999997
Chiu1999_h:0.1837890624999997
Chiu1999_h:0.1837890624999997
Chiu1999_h:0.1837890624999997
Chiu1999_h:0.1837890624999997
Chiu1999_h:0.1837890624999997
Chiu1999_h:0.1837890624999997
Chiu1999_h:0.1837890624999997
Chiu1999_h:0.1837890624999997
Chiu1999_h:0.1837890624999997
Chiu1999_h:0.1837890624999997
Chiu1999_h:0.1837890624999997
Chiu1999_h:0.1837890624999997
Chiu1999_h:0.1837890624999997
Chiu1999_h:0.1837890624999997
Chiu1999_h:0.1837890624999997
Chiu1999_h:0.1837890624999997
Chiu1999_h:0.1837890624999997
Chiu1999_h:0.1837890624999997
Chiu1999_h:0.1837890624999997
Chiu1999_h:0.1837890624999997
Chiu1999_h:0.1837890624999997
Chiu1999_h:0.1837890624999997
Chiu1999_h:0.1837890624999997
Chiu1999_h:0.1837890624999997
Chiu1999_h:0.1837890624999997
Chiu1999_h:0.1837890624999997
Chiu1999_h:0.1837890624999997
Chiu1999_h:0.1837890624999997
Chiu1999_h:0.1837890624999997
Chiu1999_h:0.1837890624999997
Chiu1999_h:0.1837890624999997
Chiu1999_h:0.1837890624999997
Chiu1999_h:0.1837890624999997
Chiu1999_h:0.1837890624999997
Chiu1999_h:0.1837890624999997
Chiu1999_h:0.1837890624999997
Chiu1999_h:0.1837890624999997
ALL SIMULATIONS COMPLETE FOR ALL RANKS
MERGING FILES
kde
merging with candidates from previous simulations
	filename:/home/sullberg/repos/pypospack/examples/Ni__eam__born_exp_fs/preconditioning_3.5NN/data/pyposmat.kde.5.out
ANALYZE RESULTS
================================================================================
                              Begin Iteration 7/10                              
================================================================================
--------------------------------------------------------------------------------
                             GENERATED RANDOM SEEDS                             
--------------------------------------------------------------------------------
global_seed:626814154
seeds_for_this_iteration:
  rank     seed  
-------- --------
   0      818632374
   49    1484877860
   53     817918974
   42     235293852
   21     316559302
   60     107157245
   54    1051956726
  122    1421623166
   99    1974449417
   96     280439362
   33     261875256
   11    1118419385
   20    1678508464
   15     686806649
   17    1819628713
   23      87825327
  107    1267536763
  115    1026954139
   7     1878391609
   84    1400391147
   27      88001056
   41     551480597
  104    2056665217
   34      24194092
   31    1152926577
  123    1531985975
  100     706131837
   80    1319868951
   89    1745362002
   88    1186285592
   63     865071237
   56     577549842
   57     663967203
  112    1408733789
   28     329313609
  113     928350959
   3      539331841
  116    1225047160
   9      475724034
sampling_type=kde
--------------------------------------------------------------------------------
                               STRUCTURE DATABASE                               
--------------------------------------------------------------------------------
structure_directory:/home/sullberg/repos/pypospack/examples/Ni__eam__born_exp_fs/preconditioning_3.5NN/structure_db

        name               filename      
-------------------- --------------------
Ni_fcc               Ni_fcc_100_unit.gga.relaxed.vasp
Ni_bcc               Ni_bcc_100_unit.gga.relaxed.vasp
Ni_sc                Ni_sc_100_unit.gga.relaxed.vasp
Ni_hcp               Ni_hcp_ortho.vasp   
Ni_dia               Ni_dia_100_unit.gga.relaxed.vasp
Ni_fcc_100_unit      Ni_fcc_100_unit.gga.relaxed.vasp
Ni_fcc_110_unit      Ni_fcc_110_unit.gga.relaxed.vasp
Ni_fcc_111_unit      Ni_fcc_111_unit.gga.relaxed.vasp
Ni_fcc_100_s         Ni_fcc_100_surf.vasp
Ni_fcc_110_s         Ni_fcc_110_surf.vasp
Ni_fcc_111_s         Ni_fcc_111_surf.vasp
Ni_fcc_isf           Ni_fcc_isf.vasp     
Ni_fcc_esf           Ni_fcc_esf.vasp     
Ni_fcc_vac           Ni_fcc_sc_333_vac.vasp
Ni_fcc_o_int         Ni_fcc_sc_333_o_int.vasp
Ni_fcc_i_int         Ni_fcc_sc_333_t_int.vasp
--------------------------------------------------------------------------------
R0: Starting iteration N=6
R0: Attemping n_samples=1000 with sampling_type=kde
R0: Using file:/home/sullberg/repos/pypospack/examples/Ni__eam__born_exp_fs/preconditioning_3.5NN/data/pyposmat.kde.6.out
determining kde bandwidth...
determining kde bandwidth...
determining kde bandwidth...
determining kde bandwidth...
determining kde bandwidth...
determining kde bandwidth...
determining kde bandwidth...
determining kde bandwidth...
determining kde bandwidth...
determining kde bandwidth...
determining kde bandwidth...
determining kde bandwidth...
determining kde bandwidth...
determining kde bandwidth...
determining kde bandwidth...
determining kde bandwidth...
determining kde bandwidth...
determining kde bandwidth...
determining kde bandwidth...
determining kde bandwidth...
determining kde bandwidth...
determining kde bandwidth...
determining kde bandwidth...
determining kde bandwidth...
determining kde bandwidth...
determining kde bandwidth...
determining kde bandwidth...
determining kde bandwidth...
determining kde bandwidth...
determining kde bandwidth...
determining kde bandwidth...
determining kde bandwidth...
determining kde bandwidth...
determining kde bandwidth...
determining kde bandwidth...
determining kde bandwidth...
determining kde bandwidth...
determining kde bandwidth...
determining kde bandwidth...
determining kde bandwidth...
determining kde bandwidth...
determining kde bandwidth...
determining kde bandwidth...
determining kde bandwidth...
determining kde bandwidth...
determining kde bandwidth...
determining kde bandwidth...
determining kde bandwidth...
determining kde bandwidth...
determining kde bandwidth...
determining kde bandwidth...
determining kde bandwidth...
Chiu1999_h:0.1798828124999997
Chiu1999_h:0.1798828124999997
Chiu1999_h:0.1798828124999997
Chiu1999_h:0.1798828124999997
Chiu1999_h:0.1798828124999997
Chiu1999_h:0.1798828124999997
Chiu1999_h:0.1798828124999997
Chiu1999_h:0.1798828124999997
Chiu1999_h:0.1798828124999997
Chiu1999_h:0.1798828124999997
Chiu1999_h:0.1798828124999997
Chiu1999_h:0.1798828124999997
Chiu1999_h:0.1798828124999997
Chiu1999_h:0.1798828124999997
Chiu1999_h:0.1798828124999997
Chiu1999_h:0.1798828124999997
Chiu1999_h:0.1798828124999997
Chiu1999_h:0.1798828124999997
Chiu1999_h:0.1798828124999997
Chiu1999_h:0.1798828124999997
Chiu1999_h:0.1798828124999997
Chiu1999_h:0.1798828124999997
Chiu1999_h:0.1798828124999997
Chiu1999_h:0.1798828124999997
Chiu1999_h:0.1798828124999997
Chiu1999_h:0.1798828124999997
Chiu1999_h:0.1798828124999997
Chiu1999_h:0.1798828124999997
Chiu1999_h:0.1798828124999997
Chiu1999_h:0.1798828124999997
Chiu1999_h:0.1798828124999997
Chiu1999_h:0.1798828124999997
Chiu1999_h:0.1798828124999997
Chiu1999_h:0.1798828124999997
Chiu1999_h:0.1798828124999997
Chiu1999_h:0.1798828124999997
Chiu1999_h:0.1798828124999997
Chiu1999_h:0.1798828124999997
Chiu1999_h:0.1798828124999997
Chiu1999_h:0.1798828124999997
Chiu1999_h:0.1798828124999997
Chiu1999_h:0.1798828124999997
Chiu1999_h:0.1798828124999997
Chiu1999_h:0.1798828124999997
Chiu1999_h:0.1798828124999997
Chiu1999_h:0.1798828124999997
Chiu1999_h:0.1798828124999997
Chiu1999_h:0.1798828124999997
Chiu1999_h:0.1798828124999997
Chiu1999_h:0.1798828124999997
Chiu1999_h:0.1798828124999997
Chiu1999_h:0.1798828124999997
Chiu1999_h:0.1798828124999997
Chiu1999_h:0.1798828124999997
Chiu1999_h:0.1798828124999997
Chiu1999_h:0.1798828124999997
Chiu1999_h:0.1798828124999997
Chiu1999_h:0.1798828124999997
Chiu1999_h:0.1798828124999997
Chiu1999_h:0.1798828124999997
Chiu1999_h:0.1798828124999997
Chiu1999_h:0.1798828124999997
Chiu1999_h:0.1798828124999997
Chiu1999_h:0.1798828124999997
Chiu1999_h:0.1798828124999997
Chiu1999_h:0.1798828124999997
Chiu1999_h:0.1798828124999997
Chiu1999_h:0.1798828124999997
Chiu1999_h:0.1798828124999997
Chiu1999_h:0.1798828124999997
Chiu1999_h:0.1798828124999997
Chiu1999_h:0.1798828124999997
Chiu1999_h:0.1798828124999997
Chiu1999_h:0.1798828124999997
Chiu1999_h:0.1798828124999997
Chiu1999_h:0.1798828124999997
Chiu1999_h:0.1798828124999997
Chiu1999_h:0.1798828124999997
Chiu1999_h:0.1798828124999997
Chiu1999_h:0.1798828124999997
Chiu1999_h:0.1798828124999997
Chiu1999_h:0.1798828124999997
Chiu1999_h:0.1798828124999997
Chiu1999_h:0.1798828124999997
Chiu1999_h:0.1798828124999997
Chiu1999_h:0.1798828124999997
Chiu1999_h:0.1798828124999997
Chiu1999_h:0.1798828124999997
6 8 kde
Chiu1999_h:0.1798828124999997
Chiu1999_h:0.1798828124999997
Chiu1999_h:0.1798828124999997
Chiu1999_h:0.1798828124999997
Chiu1999_h:0.1798828124999997
Chiu1999_h:0.1798828124999997
Chiu1999_h:0.1798828124999997
Chiu1999_h:0.1798828124999997
Chiu1999_h:0.1798828124999997
Chiu1999_h:0.1798828124999997
Chiu1999_h:0.1798828124999997
Chiu1999_h:0.1798828124999997
Chiu1999_h:0.1798828124999997
Chiu1999_h:0.1798828124999997
Chiu1999_h:0.1798828124999997
Chiu1999_h:0.1798828124999997
Chiu1999_h:0.1798828124999997
Chiu1999_h:0.1798828124999997
Chiu1999_h:0.1798828124999997
Chiu1999_h:0.1798828124999997
Chiu1999_h:0.1798828124999997
Chiu1999_h:0.1798828124999997
Chiu1999_h:0.1798828124999997
Chiu1999_h:0.1798828124999997
Chiu1999_h:0.1798828124999997
Chiu1999_h:0.1798828124999997
Chiu1999_h:0.1798828124999997
Chiu1999_h:0.1798828124999997
Chiu1999_h:0.1798828124999997
Chiu1999_h:0.1798828124999997
Chiu1999_h:0.1798828124999997
Chiu1999_h:0.1798828124999997
Chiu1999_h:0.1798828124999997
Chiu1999_h:0.1798828124999997
Chiu1999_h:0.1798828124999997
Chiu1999_h:0.1798828124999997
Chiu1999_h:0.1798828124999997
Chiu1999_h:0.1798828124999997
Chiu1999_h:0.1798828124999997
Chiu1999_h:0.1798828124999997
ALL SIMULATIONS COMPLETE FOR ALL RANKS
MERGING FILES
kde
merging with candidates from previous simulations
	filename:/home/sullberg/repos/pypospack/examples/Ni__eam__born_exp_fs/preconditioning_3.5NN/data/pyposmat.kde.6.out
ANALYZE RESULTS
================================================================================
                              Begin Iteration 8/10                              
================================================================================
--------------------------------------------------------------------------------
                             GENERATED RANDOM SEEDS                             
--------------------------------------------------------------------------------
global_seed:626814154
seeds_for_this_iteration:
  rank     seed  
-------- --------
   0      884358014
   2      223969637
   58    1494036715
   98    1180867347
   63     152628039
   79     458940809
   88     314442105
   34    1077909997
   85        294300
   52    1170194139
  102    1648287751
   97     234010007
   86     367359940
   5     1918550100
   12      28334843
   33      54033359
   13     270017625
  122    1890557500
   57    2083108311
   15     727374201
   40    1811295857
  106    1304553641
   44     616748566
   75    1084498843
  112     371866998
   35      57606095
  127     291527685
   65    2119078515
   38     906162931
   84     280003094
  124     544270012
   24    1901404771
  109     697221451
   55     752531393
  117    2133515835
   83     141934813
   21      85286889
  101     801879168
   93    1203282960
   47    1822218124
   29     659069438
   45    2064143389
  125     638267660
sampling_type=kde
--------------------------------------------------------------------------------
                               STRUCTURE DATABASE                               
--------------------------------------------------------------------------------
structure_directory:/home/sullberg/repos/pypospack/examples/Ni__eam__born_exp_fs/preconditioning_3.5NN/structure_db

        name               filename      
-------------------- --------------------
Ni_fcc               Ni_fcc_100_unit.gga.relaxed.vasp
Ni_bcc               Ni_bcc_100_unit.gga.relaxed.vasp
Ni_sc                Ni_sc_100_unit.gga.relaxed.vasp
Ni_hcp               Ni_hcp_ortho.vasp   
Ni_dia               Ni_dia_100_unit.gga.relaxed.vasp
Ni_fcc_100_unit      Ni_fcc_100_unit.gga.relaxed.vasp
Ni_fcc_110_unit      Ni_fcc_110_unit.gga.relaxed.vasp
Ni_fcc_111_unit      Ni_fcc_111_unit.gga.relaxed.vasp
Ni_fcc_100_s         Ni_fcc_100_surf.vasp
Ni_fcc_110_s         Ni_fcc_110_surf.vasp
Ni_fcc_111_s         Ni_fcc_111_surf.vasp
Ni_fcc_isf           Ni_fcc_isf.vasp     
Ni_fcc_esf           Ni_fcc_esf.vasp     
Ni_fcc_vac           Ni_fcc_sc_333_vac.vasp
Ni_fcc_o_int         Ni_fcc_sc_333_o_int.vasp
Ni_fcc_i_int         Ni_fcc_sc_333_t_int.vasp
--------------------------------------------------------------------------------
R0: Starting iteration N=7
R0: Attemping n_samples=1000 with sampling_type=kde
R0: Using file:/home/sullberg/repos/pypospack/examples/Ni__eam__born_exp_fs/preconditioning_3.5NN/data/pyposmat.kde.7.out
determining kde bandwidth...
determining kde bandwidth...
determining kde bandwidth...
determining kde bandwidth...
determining kde bandwidth...
determining kde bandwidth...
determining kde bandwidth...
determining kde bandwidth...
determining kde bandwidth...
determining kde bandwidth...
determining kde bandwidth...
determining kde bandwidth...
determining kde bandwidth...
determining kde bandwidth...
determining kde bandwidth...
determining kde bandwidth...
determining kde bandwidth...
determining kde bandwidth...
determining kde bandwidth...
determining kde bandwidth...
determining kde bandwidth...
determining kde bandwidth...
determining kde bandwidth...
determining kde bandwidth...
determining kde bandwidth...
determining kde bandwidth...
determining kde bandwidth...
determining kde bandwidth...
determining kde bandwidth...
determining kde bandwidth...
determining kde bandwidth...
determining kde bandwidth...
determining kde bandwidth...
determining kde bandwidth...
determining kde bandwidth...
determining kde bandwidth...
determining kde bandwidth...
determining kde bandwidth...
determining kde bandwidth...
determining kde bandwidth...
determining kde bandwidth...
determining kde bandwidth...
determining kde bandwidth...
determining kde bandwidth...
determining kde bandwidth...
determining kde bandwidth...
determining kde bandwidth...
determining kde bandwidth...
determining kde bandwidth...
determining kde bandwidth...
determining kde bandwidth...
determining kde bandwidth...
determining kde bandwidth...
Chiu1999_h:0.1766601562499997
Chiu1999_h:0.1766601562499997
Chiu1999_h:0.1766601562499997
Chiu1999_h:0.1766601562499997
Chiu1999_h:0.1766601562499997
Chiu1999_h:0.1766601562499997
Chiu1999_h:0.1766601562499997
Chiu1999_h:0.1766601562499997
Chiu1999_h:0.1766601562499997
Chiu1999_h:0.1766601562499997
Chiu1999_h:0.1766601562499997
Chiu1999_h:0.1766601562499997
Chiu1999_h:0.1766601562499997
Chiu1999_h:0.1766601562499997
Chiu1999_h:0.1766601562499997
Chiu1999_h:0.1766601562499997
Chiu1999_h:0.1766601562499997
Chiu1999_h:0.1766601562499997
Chiu1999_h:0.1766601562499997
Chiu1999_h:0.1766601562499997
Chiu1999_h:0.1766601562499997
Chiu1999_h:0.1766601562499997
Chiu1999_h:0.1766601562499997
Chiu1999_h:0.1766601562499997
Chiu1999_h:0.1766601562499997
Chiu1999_h:0.1766601562499997
Chiu1999_h:0.1766601562499997
Chiu1999_h:0.1766601562499997
Chiu1999_h:0.1766601562499997
Chiu1999_h:0.1766601562499997
Chiu1999_h:0.1766601562499997
Chiu1999_h:0.1766601562499997
Chiu1999_h:0.1766601562499997
Chiu1999_h:0.1766601562499997
Chiu1999_h:0.1766601562499997
Chiu1999_h:0.1766601562499997
Chiu1999_h:0.1766601562499997
Chiu1999_h:0.1766601562499997
Chiu1999_h:0.1766601562499997
Chiu1999_h:0.1766601562499997
Chiu1999_h:0.1766601562499997
Chiu1999_h:0.1766601562499997
Chiu1999_h:0.1766601562499997
Chiu1999_h:0.1766601562499997
Chiu1999_h:0.1766601562499997
Chiu1999_h:0.1766601562499997
Chiu1999_h:0.1766601562499997
Chiu1999_h:0.1766601562499997
Chiu1999_h:0.1766601562499997
Chiu1999_h:0.1766601562499997
Chiu1999_h:0.1766601562499997
Chiu1999_h:0.1766601562499997
Chiu1999_h:0.1766601562499997
Chiu1999_h:0.1766601562499997
Chiu1999_h:0.1766601562499997
Chiu1999_h:0.1766601562499997
Chiu1999_h:0.1766601562499997
Chiu1999_h:0.1766601562499997
Chiu1999_h:0.1766601562499997
Chiu1999_h:0.1766601562499997
Chiu1999_h:0.1766601562499997
Chiu1999_h:0.1766601562499997
Chiu1999_h:0.1766601562499997
Chiu1999_h:0.1766601562499997
Chiu1999_h:0.1766601562499997
Chiu1999_h:0.1766601562499997
Chiu1999_h:0.1766601562499997
Chiu1999_h:0.1766601562499997
Chiu1999_h:0.1766601562499997
Chiu1999_h:0.1766601562499997
Chiu1999_h:0.1766601562499997
Chiu1999_h:0.1766601562499997
Chiu1999_h:0.1766601562499997
Chiu1999_h:0.1766601562499997
Chiu1999_h:0.1766601562499997
Chiu1999_h:0.1766601562499997
Chiu1999_h:0.1766601562499997
Chiu1999_h:0.1766601562499997
Chiu1999_h:0.1766601562499997
Chiu1999_h:0.1766601562499997
7 8 kde
Chiu1999_h:0.1766601562499997
Chiu1999_h:0.1766601562499997
Chiu1999_h:0.1766601562499997
Chiu1999_h:0.1766601562499997
Chiu1999_h:0.1766601562499997
Chiu1999_h:0.1766601562499997
Chiu1999_h:0.1766601562499997
Chiu1999_h:0.1766601562499997
Chiu1999_h:0.1766601562499997
Chiu1999_h:0.1766601562499997
Chiu1999_h:0.1766601562499997
Chiu1999_h:0.1766601562499997
Chiu1999_h:0.1766601562499997
Chiu1999_h:0.1766601562499997
Chiu1999_h:0.1766601562499997
Chiu1999_h:0.1766601562499997
Chiu1999_h:0.1766601562499997
Chiu1999_h:0.1766601562499997
Chiu1999_h:0.1766601562499997
Chiu1999_h:0.1766601562499997
Chiu1999_h:0.1766601562499997
Chiu1999_h:0.1766601562499997
Chiu1999_h:0.1766601562499997
Chiu1999_h:0.1766601562499997
Chiu1999_h:0.1766601562499997
Chiu1999_h:0.1766601562499997
Chiu1999_h:0.1766601562499997
Chiu1999_h:0.1766601562499997
Chiu1999_h:0.1766601562499997
Chiu1999_h:0.1766601562499997
Chiu1999_h:0.1766601562499997
Chiu1999_h:0.1766601562499997
Chiu1999_h:0.1766601562499997
Chiu1999_h:0.1766601562499997
Chiu1999_h:0.1766601562499997
Chiu1999_h:0.1766601562499997
Chiu1999_h:0.1766601562499997
Chiu1999_h:0.1766601562499997
Chiu1999_h:0.1766601562499997
Chiu1999_h:0.1766601562499997
Chiu1999_h:0.1766601562499997
Chiu1999_h:0.1766601562499997
Chiu1999_h:0.1766601562499997
Chiu1999_h:0.1766601562499997
Chiu1999_h:0.1766601562499997
Chiu1999_h:0.1766601562499997
Chiu1999_h:0.1766601562499997
Chiu1999_h:0.1766601562499997
ALL SIMULATIONS COMPLETE FOR ALL RANKS
MERGING FILES
kde
merging with candidates from previous simulations
	filename:/home/sullberg/repos/pypospack/examples/Ni__eam__born_exp_fs/preconditioning_3.5NN/data/pyposmat.kde.7.out
ANALYZE RESULTS
================================================================================
                              Begin Iteration 9/10                              
================================================================================
--------------------------------------------------------------------------------
                             GENERATED RANDOM SEEDS                             
--------------------------------------------------------------------------------
global_seed:626814154
seeds_for_this_iteration:
  rank     seed  
-------- --------
   0      259006498
   51    1552193049
   96     769512404
  105     437905660
   89    1017234256
   71    1506459164
   13    1232073127
   86    2039750527
   99    2076957179
  107     535607733
   83      88124752
   16     597042653
   65     936757300
  100    1504574755
   42    1430953996
   41     753101766
   56    2069783679
   69     780738980
   92     236934803
   4      830461884
   48    1916328407
   31    1385265208
   93    2117409526
   3      193231869
  111     332063017
   32     225304658
   25    1272425744
  127    1584255655
   85    1658655439
   36    1583944746
   59    1619440041
   81     320924187
   21    1764763995
   68     861199847
  126     354150968
   9      388580955
   64     311670390
   37     362826358
   49    1564551579
   34     104936035
  125    1519188343
   97    1451970403
sampling_type=kde
--------------------------------------------------------------------------------
                               STRUCTURE DATABASE                               
--------------------------------------------------------------------------------
structure_directory:/home/sullberg/repos/pypospack/examples/Ni__eam__born_exp_fs/preconditioning_3.5NN/structure_db

        name               filename      
-------------------- --------------------
Ni_fcc               Ni_fcc_100_unit.gga.relaxed.vasp
Ni_bcc               Ni_bcc_100_unit.gga.relaxed.vasp
Ni_sc                Ni_sc_100_unit.gga.relaxed.vasp
Ni_hcp               Ni_hcp_ortho.vasp   
Ni_dia               Ni_dia_100_unit.gga.relaxed.vasp
Ni_fcc_100_unit      Ni_fcc_100_unit.gga.relaxed.vasp
Ni_fcc_110_unit      Ni_fcc_110_unit.gga.relaxed.vasp
Ni_fcc_111_unit      Ni_fcc_111_unit.gga.relaxed.vasp
Ni_fcc_100_s         Ni_fcc_100_surf.vasp
Ni_fcc_110_s         Ni_fcc_110_surf.vasp
Ni_fcc_111_s         Ni_fcc_111_surf.vasp
Ni_fcc_isf           Ni_fcc_isf.vasp     
Ni_fcc_esf           Ni_fcc_esf.vasp     
Ni_fcc_vac           Ni_fcc_sc_333_vac.vasp
Ni_fcc_o_int         Ni_fcc_sc_333_o_int.vasp
Ni_fcc_i_int         Ni_fcc_sc_333_t_int.vasp
--------------------------------------------------------------------------------
R0: Starting iteration N=8
R0: Attemping n_samples=1000 with sampling_type=kde
R0: Using file:/home/sullberg/repos/pypospack/examples/Ni__eam__born_exp_fs/preconditioning_3.5NN/data/pyposmat.kde.8.out
determining kde bandwidth...
determining kde bandwidth...
determining kde bandwidth...
determining kde bandwidth...
determining kde bandwidth...
determining kde bandwidth...
determining kde bandwidth...
determining kde bandwidth...
determining kde bandwidth...
determining kde bandwidth...
determining kde bandwidth...
determining kde bandwidth...
determining kde bandwidth...
determining kde bandwidth...
determining kde bandwidth...
determining kde bandwidth...
determining kde bandwidth...
determining kde bandwidth...
determining kde bandwidth...
determining kde bandwidth...
determining kde bandwidth...
determining kde bandwidth...
determining kde bandwidth...
determining kde bandwidth...
determining kde bandwidth...
determining kde bandwidth...
determining kde bandwidth...
determining kde bandwidth...
determining kde bandwidth...
determining kde bandwidth...
determining kde bandwidth...
determining kde bandwidth...
determining kde bandwidth...
determining kde bandwidth...
determining kde bandwidth...
determining kde bandwidth...
determining kde bandwidth...
determining kde bandwidth...
determining kde bandwidth...
determining kde bandwidth...
determining kde bandwidth...
determining kde bandwidth...
determining kde bandwidth...
determining kde bandwidth...
determining kde bandwidth...
determining kde bandwidth...
determining kde bandwidth...
determining kde bandwidth...
determining kde bandwidth...
determining kde bandwidth...
determining kde bandwidth...
Chiu1999_h:0.17392578124999972
Chiu1999_h:0.17392578124999972
Chiu1999_h:0.17392578124999972
Chiu1999_h:0.17392578124999972
Chiu1999_h:0.17392578124999972
Chiu1999_h:0.17392578124999972
Chiu1999_h:0.17392578124999972
Chiu1999_h:0.17392578124999972
Chiu1999_h:0.17392578124999972
Chiu1999_h:0.17392578124999972
Chiu1999_h:0.17392578124999972
Chiu1999_h:0.17392578124999972
Chiu1999_h:0.17392578124999972
Chiu1999_h:0.17392578124999972
Chiu1999_h:0.17392578124999972
Chiu1999_h:0.17392578124999972
Chiu1999_h:0.17392578124999972
Chiu1999_h:0.17392578124999972
Chiu1999_h:0.17392578124999972
Chiu1999_h:0.17392578124999972
Chiu1999_h:0.17392578124999972
Chiu1999_h:0.17392578124999972
Chiu1999_h:0.17392578124999972
Chiu1999_h:0.17392578124999972
Chiu1999_h:0.17392578124999972
Chiu1999_h:0.17392578124999972
Chiu1999_h:0.17392578124999972
Chiu1999_h:0.17392578124999972
Chiu1999_h:0.17392578124999972
Chiu1999_h:0.17392578124999972
Chiu1999_h:0.17392578124999972
Chiu1999_h:0.17392578124999972
Chiu1999_h:0.17392578124999972
Chiu1999_h:0.17392578124999972
Chiu1999_h:0.17392578124999972
Chiu1999_h:0.17392578124999972
Chiu1999_h:0.17392578124999972
Chiu1999_h:0.17392578124999972
Chiu1999_h:0.17392578124999972
Chiu1999_h:0.17392578124999972
Chiu1999_h:0.17392578124999972
Chiu1999_h:0.17392578124999972
Chiu1999_h:0.17392578124999972
Chiu1999_h:0.17392578124999972
Chiu1999_h:0.17392578124999972
Chiu1999_h:0.17392578124999972
Chiu1999_h:0.17392578124999972
Chiu1999_h:0.17392578124999972
Chiu1999_h:0.17392578124999972
Chiu1999_h:0.17392578124999972
Chiu1999_h:0.17392578124999972
Chiu1999_h:0.17392578124999972
Chiu1999_h:0.17392578124999972
Chiu1999_h:0.17392578124999972
Chiu1999_h:0.17392578124999972
Chiu1999_h:0.17392578124999972
Chiu1999_h:0.17392578124999972
Chiu1999_h:0.17392578124999972
Chiu1999_h:0.17392578124999972
Chiu1999_h:0.17392578124999972
Chiu1999_h:0.17392578124999972
Chiu1999_h:0.17392578124999972
Chiu1999_h:0.17392578124999972
Chiu1999_h:0.17392578124999972
Chiu1999_h:0.17392578124999972
Chiu1999_h:0.17392578124999972
Chiu1999_h:0.17392578124999972
Chiu1999_h:0.17392578124999972
Chiu1999_h:0.17392578124999972
Chiu1999_h:0.17392578124999972
Chiu1999_h:0.17392578124999972
8 8 kde
Chiu1999_h:0.17392578124999972
Chiu1999_h:0.17392578124999972
Chiu1999_h:0.17392578124999972
Chiu1999_h:0.17392578124999972
Chiu1999_h:0.17392578124999972
Chiu1999_h:0.17392578124999972
Chiu1999_h:0.17392578124999972
Chiu1999_h:0.17392578124999972
Chiu1999_h:0.17392578124999972
Chiu1999_h:0.17392578124999972
Chiu1999_h:0.17392578124999972
Chiu1999_h:0.17392578124999972
Chiu1999_h:0.17392578124999972
Chiu1999_h:0.17392578124999972
Chiu1999_h:0.17392578124999972
Chiu1999_h:0.17392578124999972
Chiu1999_h:0.17392578124999972
Chiu1999_h:0.17392578124999972
Chiu1999_h:0.17392578124999972
Chiu1999_h:0.17392578124999972
Chiu1999_h:0.17392578124999972
Chiu1999_h:0.17392578124999972
Chiu1999_h:0.17392578124999972
Chiu1999_h:0.17392578124999972
Chiu1999_h:0.17392578124999972
Chiu1999_h:0.17392578124999972
Chiu1999_h:0.17392578124999972
Chiu1999_h:0.17392578124999972
Chiu1999_h:0.17392578124999972
Chiu1999_h:0.17392578124999972
Chiu1999_h:0.17392578124999972
Chiu1999_h:0.17392578124999972
Chiu1999_h:0.17392578124999972
Chiu1999_h:0.17392578124999972
Chiu1999_h:0.17392578124999972
Chiu1999_h:0.17392578124999972
Chiu1999_h:0.17392578124999972
Chiu1999_h:0.17392578124999972
Chiu1999_h:0.17392578124999972
Chiu1999_h:0.17392578124999972
Chiu1999_h:0.17392578124999972
Chiu1999_h:0.17392578124999972
Chiu1999_h:0.17392578124999972
Chiu1999_h:0.17392578124999972
Chiu1999_h:0.17392578124999972
Chiu1999_h:0.17392578124999972
Chiu1999_h:0.17392578124999972
Chiu1999_h:0.17392578124999972
Chiu1999_h:0.17392578124999972
Chiu1999_h:0.17392578124999972
Chiu1999_h:0.17392578124999972
Chiu1999_h:0.17392578124999972
Chiu1999_h:0.17392578124999972
Chiu1999_h:0.17392578124999972
Chiu1999_h:0.17392578124999972
Chiu1999_h:0.17392578124999972
Chiu1999_h:0.17392578124999972
ALL SIMULATIONS COMPLETE FOR ALL RANKS
MERGING FILES
kde
merging with candidates from previous simulations
	filename:/home/sullberg/repos/pypospack/examples/Ni__eam__born_exp_fs/preconditioning_3.5NN/data/pyposmat.kde.8.out
ANALYZE RESULTS
================================================================================
                             Begin Iteration 10/10                              
================================================================================
--------------------------------------------------------------------------------
                             GENERATED RANDOM SEEDS                             
--------------------------------------------------------------------------------
global_seed:626814154
seeds_for_this_iteration:
  rank     seed  
-------- --------
   0     2088410137
   64    1898992501
   82     798063067
   40     447786378
   21    1820987882
   96     115398278
  107    1644102489
   11    1540916659
   29     364965448
   33    1290965293
  116    1889897058
   18    1421484797
   30    1595315087
  114     550875598
   3      271261445
   20     435562619
   5     1904135461
   62    1927548561
   16    1793344609
   81     141511627
  118     934709237
  119    1352295484
   24     988127290
   41     314390449
   1      382503420
   85    1924228510
  106    1237699773
   60     404841911
   87     774627570
   43    1233739039
   93    1569361414
   78     866790838
   88     283823000
   35     304134550
   94     155911213
   67    1894334288
   58     878067132
   89    1598694208
   98    1320041473
   55     777914019
   59    1866569891
   8     2038292192
  109    1537710918
   86     886385632
sampling_type=kde
--------------------------------------------------------------------------------
                               STRUCTURE DATABASE                               
--------------------------------------------------------------------------------
structure_directory:/home/sullberg/repos/pypospack/examples/Ni__eam__born_exp_fs/preconditioning_3.5NN/structure_db

        name               filename      
-------------------- --------------------
Ni_fcc               Ni_fcc_100_unit.gga.relaxed.vasp
Ni_bcc               Ni_bcc_100_unit.gga.relaxed.vasp
Ni_sc                Ni_sc_100_unit.gga.relaxed.vasp
Ni_hcp               Ni_hcp_ortho.vasp   
Ni_dia               Ni_dia_100_unit.gga.relaxed.vasp
Ni_fcc_100_unit      Ni_fcc_100_unit.gga.relaxed.vasp
Ni_fcc_110_unit      Ni_fcc_110_unit.gga.relaxed.vasp
Ni_fcc_111_unit      Ni_fcc_111_unit.gga.relaxed.vasp
Ni_fcc_100_s         Ni_fcc_100_surf.vasp
Ni_fcc_110_s         Ni_fcc_110_surf.vasp
Ni_fcc_111_s         Ni_fcc_111_surf.vasp
Ni_fcc_isf           Ni_fcc_isf.vasp     
Ni_fcc_esf           Ni_fcc_esf.vasp     
Ni_fcc_vac           Ni_fcc_sc_333_vac.vasp
Ni_fcc_o_int         Ni_fcc_sc_333_o_int.vasp
Ni_fcc_i_int         Ni_fcc_sc_333_t_int.vasp
--------------------------------------------------------------------------------
R0: Starting iteration N=9
R0: Attemping n_samples=1000 with sampling_type=kde
R0: Using file:/home/sullberg/repos/pypospack/examples/Ni__eam__born_exp_fs/preconditioning_3.5NN/data/pyposmat.kde.9.out
determining kde bandwidth...
determining kde bandwidth...
determining kde bandwidth...
determining kde bandwidth...
determining kde bandwidth...
determining kde bandwidth...
determining kde bandwidth...
determining kde bandwidth...
determining kde bandwidth...
determining kde bandwidth...
determining kde bandwidth...
determining kde bandwidth...
determining kde bandwidth...
determining kde bandwidth...
determining kde bandwidth...
determining kde bandwidth...
determining kde bandwidth...
determining kde bandwidth...
determining kde bandwidth...
determining kde bandwidth...
determining kde bandwidth...
determining kde bandwidth...
determining kde bandwidth...
determining kde bandwidth...
determining kde bandwidth...
determining kde bandwidth...
determining kde bandwidth...
determining kde bandwidth...
determining kde bandwidth...
determining kde bandwidth...
determining kde bandwidth...
determining kde bandwidth...
determining kde bandwidth...
determining kde bandwidth...
determining kde bandwidth...
determining kde bandwidth...
determining kde bandwidth...
determining kde bandwidth...
determining kde bandwidth...
determining kde bandwidth...
determining kde bandwidth...
determining kde bandwidth...
determining kde bandwidth...
determining kde bandwidth...
determining kde bandwidth...
determining kde bandwidth...
determining kde bandwidth...
determining kde bandwidth...
determining kde bandwidth...
determining kde bandwidth...
determining kde bandwidth...
determining kde bandwidth...
determining kde bandwidth...
determining kde bandwidth...
determining kde bandwidth...
determining kde bandwidth...
determining kde bandwidth...
determining kde bandwidth...
determining kde bandwidth...
determining kde bandwidth...
Chiu1999_h:0.1715820312499997
Chiu1999_h:0.1715820312499997
Chiu1999_h:0.1715820312499997
Chiu1999_h:0.1715820312499997
Chiu1999_h:0.1715820312499997
Chiu1999_h:0.1715820312499997
Chiu1999_h:0.1715820312499997
Chiu1999_h:0.1715820312499997
Chiu1999_h:0.1715820312499997
Chiu1999_h:0.1715820312499997
Chiu1999_h:0.1715820312499997
Chiu1999_h:0.1715820312499997
Chiu1999_h:0.1715820312499997
Chiu1999_h:0.1715820312499997
Chiu1999_h:0.1715820312499997
Chiu1999_h:0.1715820312499997
Chiu1999_h:0.1715820312499997
Chiu1999_h:0.1715820312499997
Chiu1999_h:0.1715820312499997
Chiu1999_h:0.1715820312499997
Chiu1999_h:0.1715820312499997
Chiu1999_h:0.1715820312499997
Chiu1999_h:0.1715820312499997
Chiu1999_h:0.1715820312499997
Chiu1999_h:0.1715820312499997
Chiu1999_h:0.1715820312499997
Chiu1999_h:0.1715820312499997
Chiu1999_h:0.1715820312499997
Chiu1999_h:0.1715820312499997
Chiu1999_h:0.1715820312499997
Chiu1999_h:0.1715820312499997
Chiu1999_h:0.1715820312499997
Chiu1999_h:0.1715820312499997
Chiu1999_h:0.1715820312499997
Chiu1999_h:0.1715820312499997
Chiu1999_h:0.1715820312499997
Chiu1999_h:0.1715820312499997
Chiu1999_h:0.1715820312499997
Chiu1999_h:0.1715820312499997
Chiu1999_h:0.1715820312499997
Chiu1999_h:0.1715820312499997
Chiu1999_h:0.1715820312499997
Chiu1999_h:0.1715820312499997
Chiu1999_h:0.1715820312499997
Chiu1999_h:0.1715820312499997
Chiu1999_h:0.1715820312499997
Chiu1999_h:0.1715820312499997
Chiu1999_h:0.1715820312499997
Chiu1999_h:0.1715820312499997
Chiu1999_h:0.1715820312499997
Chiu1999_h:0.1715820312499997
Chiu1999_h:0.1715820312499997
Chiu1999_h:0.1715820312499997
Chiu1999_h:0.1715820312499997
Chiu1999_h:0.1715820312499997
Chiu1999_h:0.1715820312499997
Chiu1999_h:0.1715820312499997
Chiu1999_h:0.1715820312499997
Chiu1999_h:0.1715820312499997
Chiu1999_h:0.1715820312499997
Chiu1999_h:0.1715820312499997
Chiu1999_h:0.1715820312499997
Chiu1999_h:0.1715820312499997
Chiu1999_h:0.1715820312499997
Chiu1999_h:0.1715820312499997
Chiu1999_h:0.1715820312499997
Chiu1999_h:0.1715820312499997
Chiu1999_h:0.1715820312499997
Chiu1999_h:0.1715820312499997
Chiu1999_h:0.1715820312499997
Chiu1999_h:0.1715820312499997
Chiu1999_h:0.1715820312499997
9 8 kde
Chiu1999_h:0.1715820312499997
Chiu1999_h:0.1715820312499997
Chiu1999_h:0.1715820312499997
Chiu1999_h:0.1715820312499997
Chiu1999_h:0.1715820312499997
Chiu1999_h:0.1715820312499997
Chiu1999_h:0.1715820312499997
Chiu1999_h:0.1715820312499997
Chiu1999_h:0.1715820312499997
Chiu1999_h:0.1715820312499997
Chiu1999_h:0.1715820312499997
Chiu1999_h:0.1715820312499997
Chiu1999_h:0.1715820312499997
Chiu1999_h:0.1715820312499997
Chiu1999_h:0.1715820312499997
Chiu1999_h:0.1715820312499997
Chiu1999_h:0.1715820312499997
Chiu1999_h:0.1715820312499997
Chiu1999_h:0.1715820312499997
Chiu1999_h:0.1715820312499997
Chiu1999_h:0.1715820312499997
Chiu1999_h:0.1715820312499997
Chiu1999_h:0.1715820312499997
Chiu1999_h:0.1715820312499997
Chiu1999_h:0.1715820312499997
Chiu1999_h:0.1715820312499997
Chiu1999_h:0.1715820312499997
Chiu1999_h:0.1715820312499997
Chiu1999_h:0.1715820312499997
Chiu1999_h:0.1715820312499997
Chiu1999_h:0.1715820312499997
Chiu1999_h:0.1715820312499997
Chiu1999_h:0.1715820312499997
Chiu1999_h:0.1715820312499997
Chiu1999_h:0.1715820312499997
Chiu1999_h:0.1715820312499997
Chiu1999_h:0.1715820312499997
Chiu1999_h:0.1715820312499997
Chiu1999_h:0.1715820312499997
Chiu1999_h:0.1715820312499997
Chiu1999_h:0.1715820312499997
Chiu1999_h:0.1715820312499997
Chiu1999_h:0.1715820312499997
Chiu1999_h:0.1715820312499997
Chiu1999_h:0.1715820312499997
Chiu1999_h:0.1715820312499997
Chiu1999_h:0.1715820312499997
Chiu1999_h:0.1715820312499997
Chiu1999_h:0.1715820312499997
Chiu1999_h:0.1715820312499997
Chiu1999_h:0.1715820312499997
Chiu1999_h:0.1715820312499997
Chiu1999_h:0.1715820312499997
Chiu1999_h:0.1715820312499997
Chiu1999_h:0.1715820312499997
ALL SIMULATIONS COMPLETE FOR ALL RANKS
MERGING FILES
kde
merging with candidates from previous simulations
	filename:/home/sullberg/repos/pypospack/examples/Ni__eam__born_exp_fs/preconditioning_3.5NN/data/pyposmat.kde.9.out
ANALYZE RESULTS
--------------------------------------------------------------------------------
--------------------------------------------------------------------------------
--------------------------------------------------------------------------------
--------------------------------------------------------------------------------
--------------------------------------------------------------------------------
--------------------------------------------------------------------------------
--------------------------------------------------------------------------------
--------------------------------------------------------------------------------
--------------------------------------------------------------------------------
--------------------------------------------------------------------------------
--------------------------------------------------------------------------------
--------------------------------------------------------------------------------
--------------------------------------------------------------------------------
JOBCOMPLETE
JOBCOMPLETE
JOBCOMPLETE
JOBCOMPLETE
--------------------------------------------------------------------
--------------------------------------------------------------------------------
JOBCOMPLETE
--------------------------------------------------------------------------------
--------------------------------------------------------------------------------------------
--------------------------------------------------------------------------------
--------------------------------------------------------------------------------------------
------------JOBCOMPLETE
--------------------------------------------------------
-----------
--------------------------------------------------------------------------------
JOBCOMPLETE
--------------------------------------------------------------------
--------------------------------------------------------------------------------
--------------------------------------------------------------------------------
--------------------------------------------------------------------------------------------
-----------------------
-----------
JOBCOMPLETE
--------------------------------------------------------------------------------------------
--------------------------------------------------------------------------------
--------------------------------------------------------------------------------
JOBCOMPLETE
JOBCOMPLETE
--------------------------------------------------------------------
JOBCOMPLETE
------------JOBCOMPLETE
--------------------------------------------------------------------------------
--------------------------------------------------------------------------------
--------------------------------------------------------------------------------
-----------
------------JOBCOMPLETE
-----------------------------------------------------------------------------------------------------------------------------------------
-----------------------
JOBCOMPLETE
--------------------------------------------------------------------------------
------------JOBCOMPLETE
--------------------------------------------------------------------------------------------
--------------------------------------------------------------------------------
--------------------------------------------------------------------
JOBCOMPLETE
JOBCOMPLETE
JOBCOMPLETE
--------------------------------------------------------------------------------
-----------
------------JOBCOMPLETE
--------------------------------------------------------
JOBCOMPLETE
--------------------------------------------------------------------
------------JOBCOMPLETE
--------------------------------------------------------------------------------------------
------------JOBCOMPLETE
--------------------------------------------
-----------
------------JOBCOMPLETE
--------------------------------------------------------------------
--------------------------------------------------------------------------------
------------JOBCOMPLETE
--------------------------------------------------------
------------JOBCOMPLETE
JOBCOMPLETE
--------------------------------------------------------------------------------
JOBCOMPLETE
--------------------------------------------------------------------------------
--------------------------------------------------------------------------------
JOBCOMPLETE
--------------------------------------------------------------------------------
JOBCOMPLETE
JOBCOMPLETE
--------------------------------------------------------------------------------
JOBCOMPLETE
--------------------------------------------------------------------------------
JOBCOMPLETE
--------------------------------------------------------
JOBCOMPLETE
--------------------------------------------------------------------------------
JOBCOMPLETE
JOBCOMPLETE
JOBCOMPLETE
JOBCOMPLETE
JOBCOMPLETE
--------------------------------------------------------------------------------
JOBCOMPLETE
--------------------------------------------------------------------------------
JOBCOMPLETE
JOBCOMPLETE
